Sender: LSF System <lsfadmin@polus-c4-ib.bmc.hpc.cs.msu.ru>
Subject: Job 878036: <#BSUB -n 1;#BSUB -W 00:15;#BSUB -o "./out_files/13000/1.out";#BSUB -e "./err_files/13000/1.err";#BSUB -R "span[hosts=1]";OMP_NUM_THREADS=1 ./prog 13000> in cluster <MSUCluster> Exited

Job <#BSUB -n 1;#BSUB -W 00:15;#BSUB -o "./out_files/13000/1.out";#BSUB -e "./err_files/13000/1.err";#BSUB -R "span[hosts=1]";OMP_NUM_THREADS=1 ./prog 13000> was submitted from host <polus-ib.bmc.hpc.cs.msu.ru> by user <edu-cmc-sqi21-01> in cluster <MSUCluster> at Thu Apr 28 02:05:29 2022
Job was executed on host(s) <polus-c4-ib.bmc.hpc.cs.msu.ru>, in queue <short>, as user <edu-cmc-sqi21-01> in cluster <MSUCluster> at Thu Apr 28 02:13:22 2022
</home_edu/edu-cmc-sqi21/edu-cmc-sqi21-01> was used as the home directory.
</home_edu/edu-cmc-sqi21/edu-cmc-sqi21-01/Prac/6_sem_prac/task1> was used as the working directory.
Started at Thu Apr 28 02:13:22 2022
Terminated at Thu Apr 28 02:28:24 2022
Results reported at Thu Apr 28 02:28:24 2022

Your job looked like:

------------------------------------------------------------
# LSBATCH: User input
#BSUB -n 1
#BSUB -W 00:15
#BSUB -o "./out_files/13000/1.out"
#BSUB -e "./err_files/13000/1.err"
#BSUB -R "span[hosts=1]"
OMP_NUM_THREADS=1 ./prog 13000

------------------------------------------------------------

TERM_RUNLIMIT: job killed after reaching LSF run time limit.
Exited with exit code 140.

Resource usage summary:

    CPU time :                                   901.00 sec.
    Max Memory :                                 1417 MB
    Average Memory :                             1266.17 MB
    Total Requested Memory :                     -
    Delta Memory :                               -
    Max Swap :                                   -
    Max Processes :                              4
    Max Threads :                                5
    Run time :                                   903 sec.
    Turnaround time :                            1375 sec.

The output (if any) follows:



PS:

Read file <./err_files/13000/1.err> for stderr output of this job.

Sender: LSF System <lsfadmin@polus-c1-ib.bmc.hpc.cs.msu.ru>
Subject: Job 879569: <#BSUB -n 1;#BSUB -W 00:15;#BSUB -o "./out_files/13000/1.out";#BSUB -e "./err_files/13000/1.err";#BSUB -R "span[hosts=1]";OMP_NUM_THREADS=1 ./prog 13000> in cluster <MSUCluster> Exited

Job <#BSUB -n 1;#BSUB -W 00:15;#BSUB -o "./out_files/13000/1.out";#BSUB -e "./err_files/13000/1.err";#BSUB -R "span[hosts=1]";OMP_NUM_THREADS=1 ./prog 13000> was submitted from host <polus-ib.bmc.hpc.cs.msu.ru> by user <edu-cmc-sqi21-01> in cluster <MSUCluster> at Wed May  4 21:25:21 2022
Job was executed on host(s) <polus-c1-ib.bmc.hpc.cs.msu.ru>, in queue <short>, as user <edu-cmc-sqi21-01> in cluster <MSUCluster> at Wed May  4 21:32:17 2022
</home_edu/edu-cmc-sqi21/edu-cmc-sqi21-01> was used as the home directory.
</home_edu/edu-cmc-sqi21/edu-cmc-sqi21-01/Prac/6_sem_prac/task1> was used as the working directory.
Started at Wed May  4 21:32:17 2022
Terminated at Wed May  4 21:47:14 2022
Results reported at Wed May  4 21:47:14 2022

Your job looked like:

------------------------------------------------------------
# LSBATCH: User input
#BSUB -n 1
#BSUB -W 00:15
#BSUB -o "./out_files/13000/1.out"
#BSUB -e "./err_files/13000/1.err"
#BSUB -R "span[hosts=1]"
OMP_NUM_THREADS=1 ./prog 13000

------------------------------------------------------------

TERM_RUNLIMIT: job killed after reaching LSF run time limit.
Exited with exit code 140.

Resource usage summary:

    CPU time :                                   896.00 sec.
    Max Memory :                                 1419 MB
    Average Memory :                             1260.27 MB
    Total Requested Memory :                     -
    Delta Memory :                               -
    Max Swap :                                   -
    Max Processes :                              4
    Max Threads :                                5
    Run time :                                   902 sec.
    Turnaround time :                            1313 sec.

The output (if any) follows:



PS:

Read file <./err_files/13000/1.err> for stderr output of this job.

