Sender: LSF System <lsfadmin@polus-c3-ib.bmc.hpc.cs.msu.ru>
Subject: Job 878040: <#BSUB -W 00:15;#BSUB -o "./out_files/13000/16.out";#BSUB -e "./err_files/13000/16.err";#BSUB -R "affinity[core(3)]";OMP_NUM_THREADS=16;/polusfs/lsf/openmp/launchOpenMP.py ./prog 13000> in cluster <MSUCluster> Done

Job <#BSUB -W 00:15;#BSUB -o "./out_files/13000/16.out";#BSUB -e "./err_files/13000/16.err";#BSUB -R "affinity[core(3)]";OMP_NUM_THREADS=16;/polusfs/lsf/openmp/launchOpenMP.py ./prog 13000> was submitted from host <polus-ib.bmc.hpc.cs.msu.ru> by user <edu-cmc-sqi21-01> in cluster <MSUCluster> at Thu Apr 28 02:05:33 2022
Job was executed on host(s) <polus-c3-ib.bmc.hpc.cs.msu.ru>, in queue <short>, as user <edu-cmc-sqi21-01> in cluster <MSUCluster> at Thu Apr 28 02:34:11 2022
</home_edu/edu-cmc-sqi21/edu-cmc-sqi21-01> was used as the home directory.
</home_edu/edu-cmc-sqi21/edu-cmc-sqi21-01/Prac/6_sem_prac/task1> was used as the working directory.
Started at Thu Apr 28 02:34:11 2022
Terminated at Thu Apr 28 02:39:30 2022
Results reported at Thu Apr 28 02:39:30 2022

Your job looked like:

------------------------------------------------------------
# LSBATCH: User input
#BSUB -W 00:15
#BSUB -o "./out_files/13000/16.out"
#BSUB -e "./err_files/13000/16.err"
#BSUB -R "affinity[core(3)]"
OMP_NUM_THREADS=16
/polusfs/lsf/openmp/launchOpenMP.py ./prog 13000

------------------------------------------------------------

Successfully completed.

Resource usage summary:

    CPU time :                                   5013.77 sec.
    Max Memory :                                 1644 MB
    Average Memory :                             1291.57 MB
    Total Requested Memory :                     -
    Delta Memory :                               -
    Max Swap :                                   -
    Max Processes :                              4
    Max Threads :                                20
    Run time :                                   320 sec.
    Turnaround time :                            2037 sec.

The output (if any) follows:

To R Matrix time: 308.362
Gauss time: 2.27125
Full time: 310.633
Residual: 2.98987e-10


PS:

Read file <./err_files/13000/16.err> for stderr output of this job.

Sender: LSF System <lsfadmin@polus-c4-ib.bmc.hpc.cs.msu.ru>
Subject: Job 879573: <#BSUB -W 00:15;#BSUB -o "./out_files/13000/16.out";#BSUB -e "./err_files/13000/16.err";#BSUB -R "affinity[core(3)]";OMP_NUM_THREADS=16;/polusfs/lsf/openmp/launchOpenMP.py ./prog 13000> in cluster <MSUCluster> Done

Job <#BSUB -W 00:15;#BSUB -o "./out_files/13000/16.out";#BSUB -e "./err_files/13000/16.err";#BSUB -R "affinity[core(3)]";OMP_NUM_THREADS=16;/polusfs/lsf/openmp/launchOpenMP.py ./prog 13000> was submitted from host <polus-ib.bmc.hpc.cs.msu.ru> by user <edu-cmc-sqi21-01> in cluster <MSUCluster> at Wed May  4 21:25:25 2022
Job was executed on host(s) <polus-c4-ib.bmc.hpc.cs.msu.ru>, in queue <short>, as user <edu-cmc-sqi21-01> in cluster <MSUCluster> at Wed May  4 21:41:17 2022
</home_edu/edu-cmc-sqi21/edu-cmc-sqi21-01> was used as the home directory.
</home_edu/edu-cmc-sqi21/edu-cmc-sqi21-01/Prac/6_sem_prac/task1> was used as the working directory.
Started at Wed May  4 21:41:17 2022
Terminated at Wed May  4 21:47:44 2022
Results reported at Wed May  4 21:47:44 2022

Your job looked like:

------------------------------------------------------------
# LSBATCH: User input
#BSUB -W 00:15
#BSUB -o "./out_files/13000/16.out"
#BSUB -e "./err_files/13000/16.err"
#BSUB -R "affinity[core(3)]"
OMP_NUM_THREADS=16
/polusfs/lsf/openmp/launchOpenMP.py ./prog 13000

------------------------------------------------------------

Successfully completed.

Resource usage summary:

    CPU time :                                   6073.64 sec.
    Max Memory :                                 1485 MB
    Average Memory :                             1283.93 MB
    Total Requested Memory :                     -
    Delta Memory :                               -
    Max Swap :                                   -
    Max Processes :                              4
    Max Threads :                                20
    Run time :                                   387 sec.
    Turnaround time :                            1339 sec.

The output (if any) follows:

To R Matrix time: 375.392
Gauss time: 2.37768
Full time: 377.77
Residual: 2.98987e-10


PS:

Read file <./err_files/13000/16.err> for stderr output of this job.

