Sender: LSF System <lsfadmin@polus-c4-ib.bmc.hpc.cs.msu.ru>
Subject: Job 878037: <#BSUB -n 1;#BSUB -W 00:15;#BSUB -o "./out_files/13000/2.out";#BSUB -e "./err_files/13000/2.err";#BSUB -R "span[hosts=1]";OMP_NUM_THREADS=2 ./prog 13000> in cluster <MSUCluster> Done

Job <#BSUB -n 1;#BSUB -W 00:15;#BSUB -o "./out_files/13000/2.out";#BSUB -e "./err_files/13000/2.err";#BSUB -R "span[hosts=1]";OMP_NUM_THREADS=2 ./prog 13000> was submitted from host <polus-ib.bmc.hpc.cs.msu.ru> by user <edu-cmc-sqi21-01> in cluster <MSUCluster> at Thu Apr 28 02:05:30 2022
Job was executed on host(s) <polus-c4-ib.bmc.hpc.cs.msu.ru>, in queue <short>, as user <edu-cmc-sqi21-01> in cluster <MSUCluster> at Thu Apr 28 02:14:40 2022
</home_edu/edu-cmc-sqi21/edu-cmc-sqi21-01> was used as the home directory.
</home_edu/edu-cmc-sqi21/edu-cmc-sqi21-01/Prac/6_sem_prac/task1> was used as the working directory.
Started at Thu Apr 28 02:14:40 2022
Terminated at Thu Apr 28 02:29:35 2022
Results reported at Thu Apr 28 02:29:35 2022

Your job looked like:

------------------------------------------------------------
# LSBATCH: User input
#BSUB -n 1
#BSUB -W 00:15
#BSUB -o "./out_files/13000/2.out"
#BSUB -e "./err_files/13000/2.err"
#BSUB -R "span[hosts=1]"
OMP_NUM_THREADS=2 ./prog 13000

------------------------------------------------------------

Successfully completed.

Resource usage summary:

    CPU time :                                   1779.93 sec.
    Max Memory :                                 1419 MB
    Average Memory :                             1284.81 MB
    Total Requested Memory :                     -
    Delta Memory :                               -
    Max Swap :                                   -
    Max Processes :                              4
    Max Threads :                                6
    Run time :                                   895 sec.
    Turnaround time :                            1445 sec.

The output (if any) follows:

To R Matrix time: 884.646
Gauss time: 1.39126
Full time: 886.037
Residual: 2.98987e-10


PS:

Read file <./err_files/13000/2.err> for stderr output of this job.

Sender: LSF System <lsfadmin@polus-c4-ib.bmc.hpc.cs.msu.ru>
Subject: Job 879570: <#BSUB -n 1;#BSUB -W 00:15;#BSUB -o "./out_files/13000/2.out";#BSUB -e "./err_files/13000/2.err";#BSUB -R "span[hosts=1]";OMP_NUM_THREADS=2 ./prog 13000> in cluster <MSUCluster> Exited

Job <#BSUB -n 1;#BSUB -W 00:15;#BSUB -o "./out_files/13000/2.out";#BSUB -e "./err_files/13000/2.err";#BSUB -R "span[hosts=1]";OMP_NUM_THREADS=2 ./prog 13000> was submitted from host <polus-ib.bmc.hpc.cs.msu.ru> by user <edu-cmc-sqi21-01> in cluster <MSUCluster> at Wed May  4 21:25:22 2022
Job was executed on host(s) <polus-c4-ib.bmc.hpc.cs.msu.ru>, in queue <short>, as user <edu-cmc-sqi21-01> in cluster <MSUCluster> at Wed May  4 21:37:18 2022
</home_edu/edu-cmc-sqi21/edu-cmc-sqi21-01> was used as the home directory.
</home_edu/edu-cmc-sqi21/edu-cmc-sqi21-01/Prac/6_sem_prac/task1> was used as the working directory.
Started at Wed May  4 21:37:18 2022
Terminated at Wed May  4 21:52:22 2022
Results reported at Wed May  4 21:52:22 2022

Your job looked like:

------------------------------------------------------------
# LSBATCH: User input
#BSUB -n 1
#BSUB -W 00:15
#BSUB -o "./out_files/13000/2.out"
#BSUB -e "./err_files/13000/2.err"
#BSUB -R "span[hosts=1]"
OMP_NUM_THREADS=2 ./prog 13000

------------------------------------------------------------

TERM_RUNLIMIT: job killed after reaching LSF run time limit.
Exited with exit code 140.

Resource usage summary:

    CPU time :                                   1801.00 sec.
    Max Memory :                                 1558 MB
    Average Memory :                             1279.46 MB
    Total Requested Memory :                     -
    Delta Memory :                               -
    Max Swap :                                   -
    Max Processes :                              4
    Max Threads :                                6
    Run time :                                   905 sec.
    Turnaround time :                            1620 sec.

The output (if any) follows:



PS:

Read file <./err_files/13000/2.err> for stderr output of this job.

