Sender: LSF System <lsfadmin@polus-c4-ib.bmc.hpc.cs.msu.ru>
Subject: Job 878039: <#BSUB -W 00:15;#BSUB -o "./out_files/13000/8.out";#BSUB -e "./err_files/13000/8.err";#BSUB -R "affinity[core(2)]";OMP_NUM_THREADS=8;/polusfs/lsf/openmp/launchOpenMP.py ./prog 13000> in cluster <MSUCluster> Done

Job <#BSUB -W 00:15;#BSUB -o "./out_files/13000/8.out";#BSUB -e "./err_files/13000/8.err";#BSUB -R "affinity[core(2)]";OMP_NUM_THREADS=8;/polusfs/lsf/openmp/launchOpenMP.py ./prog 13000> was submitted from host <polus-ib.bmc.hpc.cs.msu.ru> by user <edu-cmc-sqi21-01> in cluster <MSUCluster> at Thu Apr 28 02:05:32 2022
Job was executed on host(s) <polus-c4-ib.bmc.hpc.cs.msu.ru>, in queue <short>, as user <edu-cmc-sqi21-01> in cluster <MSUCluster> at Thu Apr 28 02:09:51 2022
</home_edu/edu-cmc-sqi21/edu-cmc-sqi21-01> was used as the home directory.
</home_edu/edu-cmc-sqi21/edu-cmc-sqi21-01/Prac/6_sem_prac/task1> was used as the working directory.
Started at Thu Apr 28 02:09:51 2022
Terminated at Thu Apr 28 02:17:18 2022
Results reported at Thu Apr 28 02:17:18 2022

Your job looked like:

------------------------------------------------------------
# LSBATCH: User input
#BSUB -W 00:15
#BSUB -o "./out_files/13000/8.out"
#BSUB -e "./err_files/13000/8.err"
#BSUB -R "affinity[core(2)]"
OMP_NUM_THREADS=8
/polusfs/lsf/openmp/launchOpenMP.py ./prog 13000

------------------------------------------------------------

Successfully completed.

Resource usage summary:

    CPU time :                                   3522.40 sec.
    Max Memory :                                 2454 MB
    Average Memory :                             1324.17 MB
    Total Requested Memory :                     -
    Delta Memory :                               -
    Max Swap :                                   -
    Max Processes :                              4
    Max Threads :                                12
    Run time :                                   447 sec.
    Turnaround time :                            706 sec.

The output (if any) follows:

To R Matrix time: 435.399
Gauss time: 2.38741
Full time: 437.787
Residual: 2.98987e-10


PS:

Read file <./err_files/13000/8.err> for stderr output of this job.

Sender: LSF System <lsfadmin@polus-c4-ib.bmc.hpc.cs.msu.ru>
Subject: Job 879572: <#BSUB -W 00:15;#BSUB -o "./out_files/13000/8.out";#BSUB -e "./err_files/13000/8.err";#BSUB -R "affinity[core(2)]";OMP_NUM_THREADS=8;/polusfs/lsf/openmp/launchOpenMP.py ./prog 13000> in cluster <MSUCluster> Done

Job <#BSUB -W 00:15;#BSUB -o "./out_files/13000/8.out";#BSUB -e "./err_files/13000/8.err";#BSUB -R "affinity[core(2)]";OMP_NUM_THREADS=8;/polusfs/lsf/openmp/launchOpenMP.py ./prog 13000> was submitted from host <polus-ib.bmc.hpc.cs.msu.ru> by user <edu-cmc-sqi21-01> in cluster <MSUCluster> at Wed May  4 21:25:24 2022
Job was executed on host(s) <polus-c4-ib.bmc.hpc.cs.msu.ru>, in queue <short>, as user <edu-cmc-sqi21-01> in cluster <MSUCluster> at Wed May  4 21:31:58 2022
</home_edu/edu-cmc-sqi21/edu-cmc-sqi21-01> was used as the home directory.
</home_edu/edu-cmc-sqi21/edu-cmc-sqi21-01/Prac/6_sem_prac/task1> was used as the working directory.
Started at Wed May  4 21:31:58 2022
Terminated at Wed May  4 21:39:07 2022
Results reported at Wed May  4 21:39:07 2022

Your job looked like:

------------------------------------------------------------
# LSBATCH: User input
#BSUB -W 00:15
#BSUB -o "./out_files/13000/8.out"
#BSUB -e "./err_files/13000/8.err"
#BSUB -R "affinity[core(2)]"
OMP_NUM_THREADS=8
/polusfs/lsf/openmp/launchOpenMP.py ./prog 13000

------------------------------------------------------------

Successfully completed.

Resource usage summary:

    CPU time :                                   3376.13 sec.
    Max Memory :                                 1925 MB
    Average Memory :                             1305.55 MB
    Total Requested Memory :                     -
    Delta Memory :                               -
    Max Swap :                                   -
    Max Processes :                              4
    Max Threads :                                12
    Run time :                                   429 sec.
    Turnaround time :                            823 sec.

The output (if any) follows:

To R Matrix time: 417.054
Gauss time: 2.38616
Full time: 419.44
Residual: 2.98987e-10


PS:

Read file <./err_files/13000/8.err> for stderr output of this job.

