Sender: LSF System <lsfadmin@polus-c1-ib.bmc.hpc.cs.msu.ru>
Subject: Job 881970: <#BSUB -n 1;#BSUB -W 00:15;#BSUB -o "./out_files/6000/1.out";#BSUB -e "./err_files/6000/1.err";#BSUB -R "span[hosts=1]";OMP_NUM_THREADS=1 ./prog 6000> in cluster <MSUCluster> Done

Job <#BSUB -n 1;#BSUB -W 00:15;#BSUB -o "./out_files/6000/1.out";#BSUB -e "./err_files/6000/1.err";#BSUB -R "span[hosts=1]";OMP_NUM_THREADS=1 ./prog 6000> was submitted from host <polus-ib.bmc.hpc.cs.msu.ru> by user <edu-cmc-sqi21-01> in cluster <MSUCluster> at Fri May 20 20:26:00 2022
Job was executed on host(s) <polus-c1-ib.bmc.hpc.cs.msu.ru>, in queue <short>, as user <edu-cmc-sqi21-01> in cluster <MSUCluster> at Fri May 20 20:26:31 2022
</home_edu/edu-cmc-sqi21/edu-cmc-sqi21-01> was used as the home directory.
</home_edu/edu-cmc-sqi21/edu-cmc-sqi21-01/Prac/prac/task1> was used as the working directory.
Started at Fri May 20 20:26:31 2022
Terminated at Fri May 20 20:29:20 2022
Results reported at Fri May 20 20:29:20 2022

Your job looked like:

------------------------------------------------------------
# LSBATCH: User input
#BSUB -n 1
#BSUB -W 00:15
#BSUB -o "./out_files/6000/1.out"
#BSUB -e "./err_files/6000/1.err"
#BSUB -R "span[hosts=1]"
OMP_NUM_THREADS=1 ./prog 6000

------------------------------------------------------------

Successfully completed.

Resource usage summary:

    CPU time :                                   168.08 sec.
    Max Memory :                                 281 MB
    Average Memory :                             269.46 MB
    Total Requested Memory :                     -
    Delta Memory :                               -
    Max Swap :                                   -
    Max Processes :                              4
    Max Threads :                                5
    Run time :                                   169 sec.
    Turnaround time :                            200 sec.

The output (if any) follows:

To R Matrix time: 166.753
Gauss time: 0.17278
Full time: 166.926
Residual: 2.96849e-09


PS:

Read file <./err_files/6000/1.err> for stderr output of this job.

Sender: LSF System <lsfadmin@polus-c1-ib.bmc.hpc.cs.msu.ru>
Subject: Job 881988: <#BSUB -n 1;#BSUB -W 00:15;#BSUB -o "./out_files/6000/1.out";#BSUB -e "./err_files/6000/1.err";#BSUB -R "span[hosts=1]";OMP_NUM_THREADS=1 ./prog 6000> in cluster <MSUCluster> Done

Job <#BSUB -n 1;#BSUB -W 00:15;#BSUB -o "./out_files/6000/1.out";#BSUB -e "./err_files/6000/1.err";#BSUB -R "span[hosts=1]";OMP_NUM_THREADS=1 ./prog 6000> was submitted from host <polus-ib.bmc.hpc.cs.msu.ru> by user <edu-cmc-sqi21-01> in cluster <MSUCluster> at Fri May 20 20:26:00 2022
Job was executed on host(s) <polus-c1-ib.bmc.hpc.cs.msu.ru>, in queue <short>, as user <edu-cmc-sqi21-01> in cluster <MSUCluster> at Fri May 20 20:29:28 2022
</home_edu/edu-cmc-sqi21/edu-cmc-sqi21-01> was used as the home directory.
</home_edu/edu-cmc-sqi21/edu-cmc-sqi21-01/Prac/prac/task1> was used as the working directory.
Started at Fri May 20 20:29:28 2022
Terminated at Fri May 20 20:32:14 2022
Results reported at Fri May 20 20:32:14 2022

Your job looked like:

------------------------------------------------------------
# LSBATCH: User input
#BSUB -n 1
#BSUB -W 00:15
#BSUB -o "./out_files/6000/1.out"
#BSUB -e "./err_files/6000/1.err"
#BSUB -R "span[hosts=1]"
OMP_NUM_THREADS=1 ./prog 6000

------------------------------------------------------------

Successfully completed.

Resource usage summary:

    CPU time :                                   165.59 sec.
    Max Memory :                                 281 MB
    Average Memory :                             269.33 MB
    Total Requested Memory :                     -
    Delta Memory :                               -
    Max Swap :                                   -
    Max Processes :                              4
    Max Threads :                                5
    Run time :                                   172 sec.
    Turnaround time :                            374 sec.

The output (if any) follows:

To R Matrix time: 164.242
Gauss time: 0.170816
Full time: 164.413
Residual: 2.96849e-09


PS:

Read file <./err_files/6000/1.err> for stderr output of this job.

Sender: LSF System <lsfadmin@polus-c1-ib.bmc.hpc.cs.msu.ru>
Subject: Job 882006: <#BSUB -n 1;#BSUB -W 00:15;#BSUB -o "./out_files/6000/1.out";#BSUB -e "./err_files/6000/1.err";#BSUB -R "span[hosts=1]";OMP_NUM_THREADS=1 ./prog 6000> in cluster <MSUCluster> Done

Job <#BSUB -n 1;#BSUB -W 00:15;#BSUB -o "./out_files/6000/1.out";#BSUB -e "./err_files/6000/1.err";#BSUB -R "span[hosts=1]";OMP_NUM_THREADS=1 ./prog 6000> was submitted from host <polus-ib.bmc.hpc.cs.msu.ru> by user <edu-cmc-sqi21-01> in cluster <MSUCluster> at Fri May 20 20:26:01 2022
Job was executed on host(s) <polus-c1-ib.bmc.hpc.cs.msu.ru>, in queue <short>, as user <edu-cmc-sqi21-01> in cluster <MSUCluster> at Fri May 20 20:30:15 2022
</home_edu/edu-cmc-sqi21/edu-cmc-sqi21-01> was used as the home directory.
</home_edu/edu-cmc-sqi21/edu-cmc-sqi21-01/Prac/prac/task1> was used as the working directory.
Started at Fri May 20 20:30:15 2022
Terminated at Fri May 20 20:33:00 2022
Results reported at Fri May 20 20:33:00 2022

Your job looked like:

------------------------------------------------------------
# LSBATCH: User input
#BSUB -n 1
#BSUB -W 00:15
#BSUB -o "./out_files/6000/1.out"
#BSUB -e "./err_files/6000/1.err"
#BSUB -R "span[hosts=1]"
OMP_NUM_THREADS=1 ./prog 6000

------------------------------------------------------------

Successfully completed.

Resource usage summary:

    CPU time :                                   164.48 sec.
    Max Memory :                                 281 MB
    Average Memory :                             269.33 MB
    Total Requested Memory :                     -
    Delta Memory :                               -
    Max Swap :                                   -
    Max Processes :                              4
    Max Threads :                                5
    Run time :                                   165 sec.
    Turnaround time :                            419 sec.

The output (if any) follows:

To R Matrix time: 163.118
Gauss time: 0.171346
Full time: 163.29
Residual: 2.96849e-09


PS:

Read file <./err_files/6000/1.err> for stderr output of this job.

Sender: LSF System <lsfadmin@polus-c1-ib.bmc.hpc.cs.msu.ru>
Subject: Job 882024: <#BSUB -n 1;#BSUB -W 00:15;#BSUB -o "./out_files/6000/1.out";#BSUB -e "./err_files/6000/1.err";#BSUB -R "span[hosts=1]";OMP_NUM_THREADS=1 ./prog 6000> in cluster <MSUCluster> Done

Job <#BSUB -n 1;#BSUB -W 00:15;#BSUB -o "./out_files/6000/1.out";#BSUB -e "./err_files/6000/1.err";#BSUB -R "span[hosts=1]";OMP_NUM_THREADS=1 ./prog 6000> was submitted from host <polus-ib.bmc.hpc.cs.msu.ru> by user <edu-cmc-sqi21-01> in cluster <MSUCluster> at Fri May 20 20:26:01 2022
Job was executed on host(s) <polus-c1-ib.bmc.hpc.cs.msu.ru>, in queue <short>, as user <edu-cmc-sqi21-01> in cluster <MSUCluster> at Fri May 20 20:33:00 2022
</home_edu/edu-cmc-sqi21/edu-cmc-sqi21-01> was used as the home directory.
</home_edu/edu-cmc-sqi21/edu-cmc-sqi21-01/Prac/prac/task1> was used as the working directory.
Started at Fri May 20 20:33:00 2022
Terminated at Fri May 20 20:35:45 2022
Results reported at Fri May 20 20:35:45 2022

Your job looked like:

------------------------------------------------------------
# LSBATCH: User input
#BSUB -n 1
#BSUB -W 00:15
#BSUB -o "./out_files/6000/1.out"
#BSUB -e "./err_files/6000/1.err"
#BSUB -R "span[hosts=1]"
OMP_NUM_THREADS=1 ./prog 6000

------------------------------------------------------------

Successfully completed.

Resource usage summary:

    CPU time :                                   164.24 sec.
    Max Memory :                                 281 MB
    Average Memory :                             269.92 MB
    Total Requested Memory :                     -
    Delta Memory :                               -
    Max Swap :                                   -
    Max Processes :                              4
    Max Threads :                                5
    Run time :                                   165 sec.
    Turnaround time :                            584 sec.

The output (if any) follows:

To R Matrix time: 162.93
Gauss time: 0.170453
Full time: 163.101
Residual: 2.96849e-09


PS:

Read file <./err_files/6000/1.err> for stderr output of this job.

