Sender: LSF System <lsfadmin@polus-c4-ib.bmc.hpc.cs.msu.ru>
Subject: Job 1033628: <#BSUB -n 1;#BSUB -W 00:15;#BSUB -o "./out_files/1000/1.out";#BSUB -e "./err_files/1000/1.err";#BSUB -R "span[hosts=1]";OMP_NUM_THREADS=1 ./prog 1000> in cluster <MSUCluster> Done

Job <#BSUB -n 1;#BSUB -W 00:15;#BSUB -o "./out_files/1000/1.out";#BSUB -e "./err_files/1000/1.err";#BSUB -R "span[hosts=1]";OMP_NUM_THREADS=1 ./prog 1000> was submitted from host <polus-ib.bmc.hpc.cs.msu.ru> by user <edu-cmc-sqi21-01> in cluster <MSUCluster> at Tue Mar  7 21:15:11 2023
Job was executed on host(s) <polus-c4-ib.bmc.hpc.cs.msu.ru>, in queue <short>, as user <edu-cmc-sqi21-01> in cluster <MSUCluster> at Tue Mar  7 21:15:12 2023
</home_edu/edu-cmc-sqi21/edu-cmc-sqi21-01> was used as the home directory.
</home_edu/edu-cmc-sqi21/edu-cmc-sqi21-01/Prac/prac/sem8/omp> was used as the working directory.
Started at Tue Mar  7 21:15:12 2023
Terminated at Tue Mar  7 21:15:16 2023
Results reported at Tue Mar  7 21:15:16 2023

Your job looked like:

------------------------------------------------------------
# LSBATCH: User input
#BSUB -n 1
#BSUB -W 00:15
#BSUB -o "./out_files/1000/1.out"
#BSUB -e "./err_files/1000/1.err"
#BSUB -R "span[hosts=1]"
OMP_NUM_THREADS=1 ./prog 1000

------------------------------------------------------------

Successfully completed.

Resource usage summary:

    CPU time :                                   1.68 sec.
    Max Memory :                                 29 MB
    Average Memory :                             19.67 MB
    Total Requested Memory :                     -
    Delta Memory :                               -
    Max Swap :                                   -
    Max Processes :                              4
    Max Threads :                                5
    Run time :                                   4 sec.
    Turnaround time :                            5 sec.

The output (if any) follows:



PS:

Read file <./err_files/1000/1.err> for stderr output of this job.

Sender: LSF System <lsfadmin@polus-c4-ib.bmc.hpc.cs.msu.ru>
Subject: Job 1033646: <#BSUB -n 1;#BSUB -W 00:15;#BSUB -o "./out_files/1000/1.out";#BSUB -e "./err_files/1000/1.err";#BSUB -R "span[hosts=1]";OMP_NUM_THREADS=1 ./prog 1000> in cluster <MSUCluster> Done

Job <#BSUB -n 1;#BSUB -W 00:15;#BSUB -o "./out_files/1000/1.out";#BSUB -e "./err_files/1000/1.err";#BSUB -R "span[hosts=1]";OMP_NUM_THREADS=1 ./prog 1000> was submitted from host <polus-ib.bmc.hpc.cs.msu.ru> by user <edu-cmc-sqi21-01> in cluster <MSUCluster> at Tue Mar  7 21:15:11 2023
Job was executed on host(s) <polus-c4-ib.bmc.hpc.cs.msu.ru>, in queue <short>, as user <edu-cmc-sqi21-01> in cluster <MSUCluster> at Tue Mar  7 21:20:01 2023
</home_edu/edu-cmc-sqi21/edu-cmc-sqi21-01> was used as the home directory.
</home_edu/edu-cmc-sqi21/edu-cmc-sqi21-01/Prac/prac/sem8/omp> was used as the working directory.
Started at Tue Mar  7 21:20:01 2023
Terminated at Tue Mar  7 21:20:05 2023
Results reported at Tue Mar  7 21:20:05 2023

Your job looked like:

------------------------------------------------------------
# LSBATCH: User input
#BSUB -n 1
#BSUB -W 00:15
#BSUB -o "./out_files/1000/1.out"
#BSUB -e "./err_files/1000/1.err"
#BSUB -R "span[hosts=1]"
OMP_NUM_THREADS=1 ./prog 1000

------------------------------------------------------------

Successfully completed.

Resource usage summary:

    CPU time :                                   1.86 sec.
    Max Memory :                                 29 MB
    Average Memory :                             20.67 MB
    Total Requested Memory :                     -
    Delta Memory :                               -
    Max Swap :                                   -
    Max Processes :                              4
    Max Threads :                                5
    Run time :                                   3 sec.
    Turnaround time :                            294 sec.

The output (if any) follows:



PS:

Read file <./err_files/1000/1.err> for stderr output of this job.

Sender: LSF System <lsfadmin@polus-c4-ib.bmc.hpc.cs.msu.ru>
Subject: Job 1033664: <#BSUB -n 1;#BSUB -W 00:15;#BSUB -o "./out_files/1000/1.out";#BSUB -e "./err_files/1000/1.err";#BSUB -R "span[hosts=1]";OMP_NUM_THREADS=1 ./prog 1000> in cluster <MSUCluster> Done

Job <#BSUB -n 1;#BSUB -W 00:15;#BSUB -o "./out_files/1000/1.out";#BSUB -e "./err_files/1000/1.err";#BSUB -R "span[hosts=1]";OMP_NUM_THREADS=1 ./prog 1000> was submitted from host <polus-ib.bmc.hpc.cs.msu.ru> by user <edu-cmc-sqi21-01> in cluster <MSUCluster> at Tue Mar  7 21:15:11 2023
Job was executed on host(s) <polus-c4-ib.bmc.hpc.cs.msu.ru>, in queue <short>, as user <edu-cmc-sqi21-01> in cluster <MSUCluster> at Tue Mar  7 21:25:12 2023
</home_edu/edu-cmc-sqi21/edu-cmc-sqi21-01> was used as the home directory.
</home_edu/edu-cmc-sqi21/edu-cmc-sqi21-01/Prac/prac/sem8/omp> was used as the working directory.
Started at Tue Mar  7 21:25:12 2023
Terminated at Tue Mar  7 21:25:15 2023
Results reported at Tue Mar  7 21:25:15 2023

Your job looked like:

------------------------------------------------------------
# LSBATCH: User input
#BSUB -n 1
#BSUB -W 00:15
#BSUB -o "./out_files/1000/1.out"
#BSUB -e "./err_files/1000/1.err"
#BSUB -R "span[hosts=1]"
OMP_NUM_THREADS=1 ./prog 1000

------------------------------------------------------------

Successfully completed.

Resource usage summary:

    CPU time :                                   1.67 sec.
    Max Memory :                                 29 MB
    Average Memory :                             19.67 MB
    Total Requested Memory :                     -
    Delta Memory :                               -
    Max Swap :                                   -
    Max Processes :                              4
    Max Threads :                                5
    Run time :                                   3 sec.
    Turnaround time :                            604 sec.

The output (if any) follows:



PS:

Read file <./err_files/1000/1.err> for stderr output of this job.

Sender: LSF System <lsfadmin@polus-c4-ib.bmc.hpc.cs.msu.ru>
Subject: Job 1033682: <#BSUB -n 1;#BSUB -W 00:15;#BSUB -o "./out_files/1000/1.out";#BSUB -e "./err_files/1000/1.err";#BSUB -R "span[hosts=1]";OMP_NUM_THREADS=1 ./prog 1000> in cluster <MSUCluster> Done

Job <#BSUB -n 1;#BSUB -W 00:15;#BSUB -o "./out_files/1000/1.out";#BSUB -e "./err_files/1000/1.err";#BSUB -R "span[hosts=1]";OMP_NUM_THREADS=1 ./prog 1000> was submitted from host <polus-ib.bmc.hpc.cs.msu.ru> by user <edu-cmc-sqi21-01> in cluster <MSUCluster> at Tue Mar  7 21:15:11 2023
Job was executed on host(s) <polus-c4-ib.bmc.hpc.cs.msu.ru>, in queue <short>, as user <edu-cmc-sqi21-01> in cluster <MSUCluster> at Tue Mar  7 21:30:05 2023
</home_edu/edu-cmc-sqi21/edu-cmc-sqi21-01> was used as the home directory.
</home_edu/edu-cmc-sqi21/edu-cmc-sqi21-01/Prac/prac/sem8/omp> was used as the working directory.
Started at Tue Mar  7 21:30:05 2023
Terminated at Tue Mar  7 21:30:08 2023
Results reported at Tue Mar  7 21:30:08 2023

Your job looked like:

------------------------------------------------------------
# LSBATCH: User input
#BSUB -n 1
#BSUB -W 00:15
#BSUB -o "./out_files/1000/1.out"
#BSUB -e "./err_files/1000/1.err"
#BSUB -R "span[hosts=1]"
OMP_NUM_THREADS=1 ./prog 1000

------------------------------------------------------------

Successfully completed.

Resource usage summary:

    CPU time :                                   1.82 sec.
    Max Memory :                                 29 MB
    Average Memory :                             19.67 MB
    Total Requested Memory :                     -
    Delta Memory :                               -
    Max Swap :                                   -
    Max Processes :                              4
    Max Threads :                                5
    Run time :                                   2 sec.
    Turnaround time :                            897 sec.

The output (if any) follows:



PS:

Read file <./err_files/1000/1.err> for stderr output of this job.

