Sender: LSF System <lsfadmin@polus-c4-ib.bmc.hpc.cs.msu.ru>
Subject: Job 1035234: <#BSUB -W 00:15;#BSUB -o "./out_files/1000/32.out";#BSUB -e "./err_files/1000/32.err";#BSUB -R "affinity[core(16)]";OMP_NUM_THREADS=32;/polusfs/lsf/openmp/launchOpenMP.py ./prog 1000> in cluster <MSUCluster> Done

Job <#BSUB -W 00:15;#BSUB -o "./out_files/1000/32.out";#BSUB -e "./err_files/1000/32.err";#BSUB -R "affinity[core(16)]";OMP_NUM_THREADS=32;/polusfs/lsf/openmp/launchOpenMP.py ./prog 1000> was submitted from host <polus-ib.bmc.hpc.cs.msu.ru> by user <edu-cmc-sqi21-01> in cluster <MSUCluster> at Wed Mar 22 12:08:07 2023
Job was executed on host(s) <polus-c4-ib.bmc.hpc.cs.msu.ru>, in queue <short>, as user <edu-cmc-sqi21-01> in cluster <MSUCluster> at Wed Mar 22 12:08:39 2023
</home_edu/edu-cmc-sqi21/edu-cmc-sqi21-01> was used as the home directory.
</home_edu/edu-cmc-sqi21/edu-cmc-sqi21-01/Prac/prac/sem8/omp> was used as the working directory.
Started at Wed Mar 22 12:08:39 2023
Terminated at Wed Mar 22 12:08:42 2023
Results reported at Wed Mar 22 12:08:42 2023

Your job looked like:

------------------------------------------------------------
# LSBATCH: User input
#BSUB -W 00:15
#BSUB -o "./out_files/1000/32.out"
#BSUB -e "./err_files/1000/32.err"
#BSUB -R "affinity[core(16)]"
OMP_NUM_THREADS=32
/polusfs/lsf/openmp/launchOpenMP.py ./prog 1000

------------------------------------------------------------

Successfully completed.

Resource usage summary:

    CPU time :                                   66.05 sec.
    Max Memory :                                 33 MB
    Average Memory :                             23.33 MB
    Total Requested Memory :                     -
    Delta Memory :                               -
    Max Swap :                                   -
    Max Processes :                              4
    Max Threads :                                36
    Run time :                                   2 sec.
    Turnaround time :                            35 sec.

The output (if any) follows:



PS:

Read file <./err_files/1000/32.err> for stderr output of this job.

Sender: LSF System <lsfadmin@polus-c4-ib.bmc.hpc.cs.msu.ru>
Subject: Job 1035246: <#BSUB -W 00:15;#BSUB -o "./out_files/1000/32.out";#BSUB -e "./err_files/1000/32.err";#BSUB -R "affinity[core(16)]";OMP_NUM_THREADS=32;/polusfs/lsf/openmp/launchOpenMP.py ./prog 1000> in cluster <MSUCluster> Done

Job <#BSUB -W 00:15;#BSUB -o "./out_files/1000/32.out";#BSUB -e "./err_files/1000/32.err";#BSUB -R "affinity[core(16)]";OMP_NUM_THREADS=32;/polusfs/lsf/openmp/launchOpenMP.py ./prog 1000> was submitted from host <polus-ib.bmc.hpc.cs.msu.ru> by user <edu-cmc-sqi21-01> in cluster <MSUCluster> at Wed Mar 22 12:08:07 2023
Job was executed on host(s) <polus-c4-ib.bmc.hpc.cs.msu.ru>, in queue <short>, as user <edu-cmc-sqi21-01> in cluster <MSUCluster> at Wed Mar 22 12:10:26 2023
</home_edu/edu-cmc-sqi21/edu-cmc-sqi21-01> was used as the home directory.
</home_edu/edu-cmc-sqi21/edu-cmc-sqi21-01/Prac/prac/sem8/omp> was used as the working directory.
Started at Wed Mar 22 12:10:26 2023
Terminated at Wed Mar 22 12:10:28 2023
Results reported at Wed Mar 22 12:10:28 2023

Your job looked like:

------------------------------------------------------------
# LSBATCH: User input
#BSUB -W 00:15
#BSUB -o "./out_files/1000/32.out"
#BSUB -e "./err_files/1000/32.err"
#BSUB -R "affinity[core(16)]"
OMP_NUM_THREADS=32
/polusfs/lsf/openmp/launchOpenMP.py ./prog 1000

------------------------------------------------------------

Successfully completed.

Resource usage summary:

    CPU time :                                   64.86 sec.
    Max Memory :                                 33 MB
    Average Memory :                             23.33 MB
    Total Requested Memory :                     -
    Delta Memory :                               -
    Max Swap :                                   -
    Max Processes :                              4
    Max Threads :                                36
    Run time :                                   3 sec.
    Turnaround time :                            141 sec.

The output (if any) follows:



PS:

Read file <./err_files/1000/32.err> for stderr output of this job.

Sender: LSF System <lsfadmin@polus-c4-ib.bmc.hpc.cs.msu.ru>
Subject: Job 1035258: <#BSUB -W 00:15;#BSUB -o "./out_files/1000/32.out";#BSUB -e "./err_files/1000/32.err";#BSUB -R "affinity[core(16)]";OMP_NUM_THREADS=32;/polusfs/lsf/openmp/launchOpenMP.py ./prog 1000> in cluster <MSUCluster> Done

Job <#BSUB -W 00:15;#BSUB -o "./out_files/1000/32.out";#BSUB -e "./err_files/1000/32.err";#BSUB -R "affinity[core(16)]";OMP_NUM_THREADS=32;/polusfs/lsf/openmp/launchOpenMP.py ./prog 1000> was submitted from host <polus-ib.bmc.hpc.cs.msu.ru> by user <edu-cmc-sqi21-01> in cluster <MSUCluster> at Wed Mar 22 12:08:07 2023
Job was executed on host(s) <polus-c4-ib.bmc.hpc.cs.msu.ru>, in queue <short>, as user <edu-cmc-sqi21-01> in cluster <MSUCluster> at Wed Mar 22 12:12:14 2023
</home_edu/edu-cmc-sqi21/edu-cmc-sqi21-01> was used as the home directory.
</home_edu/edu-cmc-sqi21/edu-cmc-sqi21-01/Prac/prac/sem8/omp> was used as the working directory.
Started at Wed Mar 22 12:12:14 2023
Terminated at Wed Mar 22 12:12:16 2023
Results reported at Wed Mar 22 12:12:16 2023

Your job looked like:

------------------------------------------------------------
# LSBATCH: User input
#BSUB -W 00:15
#BSUB -o "./out_files/1000/32.out"
#BSUB -e "./err_files/1000/32.err"
#BSUB -R "affinity[core(16)]"
OMP_NUM_THREADS=32
/polusfs/lsf/openmp/launchOpenMP.py ./prog 1000

------------------------------------------------------------

Successfully completed.

Resource usage summary:

    CPU time :                                   64.86 sec.
    Max Memory :                                 33 MB
    Average Memory :                             22.33 MB
    Total Requested Memory :                     -
    Delta Memory :                               -
    Max Swap :                                   -
    Max Processes :                              4
    Max Threads :                                36
    Run time :                                   3 sec.
    Turnaround time :                            249 sec.

The output (if any) follows:



PS:

Read file <./err_files/1000/32.err> for stderr output of this job.

Sender: LSF System <lsfadmin@polus-c4-ib.bmc.hpc.cs.msu.ru>
Subject: Job 1035270: <#BSUB -W 00:15;#BSUB -o "./out_files/1000/32.out";#BSUB -e "./err_files/1000/32.err";#BSUB -R "affinity[core(16)]";OMP_NUM_THREADS=32;/polusfs/lsf/openmp/launchOpenMP.py ./prog 1000> in cluster <MSUCluster> Done

Job <#BSUB -W 00:15;#BSUB -o "./out_files/1000/32.out";#BSUB -e "./err_files/1000/32.err";#BSUB -R "affinity[core(16)]";OMP_NUM_THREADS=32;/polusfs/lsf/openmp/launchOpenMP.py ./prog 1000> was submitted from host <polus-ib.bmc.hpc.cs.msu.ru> by user <edu-cmc-sqi21-01> in cluster <MSUCluster> at Wed Mar 22 12:08:07 2023
Job was executed on host(s) <polus-c4-ib.bmc.hpc.cs.msu.ru>, in queue <short>, as user <edu-cmc-sqi21-01> in cluster <MSUCluster> at Wed Mar 22 12:13:58 2023
</home_edu/edu-cmc-sqi21/edu-cmc-sqi21-01> was used as the home directory.
</home_edu/edu-cmc-sqi21/edu-cmc-sqi21-01/Prac/prac/sem8/omp> was used as the working directory.
Started at Wed Mar 22 12:13:58 2023
Terminated at Wed Mar 22 12:14:01 2023
Results reported at Wed Mar 22 12:14:01 2023

Your job looked like:

------------------------------------------------------------
# LSBATCH: User input
#BSUB -W 00:15
#BSUB -o "./out_files/1000/32.out"
#BSUB -e "./err_files/1000/32.err"
#BSUB -R "affinity[core(16)]"
OMP_NUM_THREADS=32
/polusfs/lsf/openmp/launchOpenMP.py ./prog 1000

------------------------------------------------------------

Successfully completed.

Resource usage summary:

    CPU time :                                   63.40 sec.
    Max Memory :                                 33 MB
    Average Memory :                             22.33 MB
    Total Requested Memory :                     -
    Delta Memory :                               -
    Max Swap :                                   -
    Max Processes :                              4
    Max Threads :                                36
    Run time :                                   2 sec.
    Turnaround time :                            354 sec.

The output (if any) follows:



PS:

Read file <./err_files/1000/32.err> for stderr output of this job.

