Sender: LSF System <lsfadmin@polus-c2-ib.bmc.hpc.cs.msu.ru>
Subject: Job 1035232: <#BSUB -W 00:15;#BSUB -o "./out_files/1000/8.out";#BSUB -e "./err_files/1000/8.err";#BSUB -R "affinity[core(4)]";OMP_NUM_THREADS=8;/polusfs/lsf/openmp/launchOpenMP.py ./prog 1000> in cluster <MSUCluster> Done

Job <#BSUB -W 00:15;#BSUB -o "./out_files/1000/8.out";#BSUB -e "./err_files/1000/8.err";#BSUB -R "affinity[core(4)]";OMP_NUM_THREADS=8;/polusfs/lsf/openmp/launchOpenMP.py ./prog 1000> was submitted from host <polus-ib.bmc.hpc.cs.msu.ru> by user <edu-cmc-sqi21-01> in cluster <MSUCluster> at Wed Mar 22 12:08:07 2023
Job was executed on host(s) <polus-c2-ib.bmc.hpc.cs.msu.ru>, in queue <short>, as user <edu-cmc-sqi21-01> in cluster <MSUCluster> at Wed Mar 22 12:12:17 2023
</home_edu/edu-cmc-sqi21/edu-cmc-sqi21-01> was used as the home directory.
</home_edu/edu-cmc-sqi21/edu-cmc-sqi21-01/Prac/prac/sem8/omp> was used as the working directory.
Started at Wed Mar 22 12:12:17 2023
Terminated at Wed Mar 22 12:12:21 2023
Results reported at Wed Mar 22 12:12:21 2023

Your job looked like:

------------------------------------------------------------
# LSBATCH: User input
#BSUB -W 00:15
#BSUB -o "./out_files/1000/8.out"
#BSUB -e "./err_files/1000/8.err"
#BSUB -R "affinity[core(4)]"
OMP_NUM_THREADS=8
/polusfs/lsf/openmp/launchOpenMP.py ./prog 1000

------------------------------------------------------------

Successfully completed.

Resource usage summary:

    CPU time :                                   22.27 sec.
    Max Memory :                                 29 MB
    Average Memory :                             19.67 MB
    Total Requested Memory :                     -
    Delta Memory :                               -
    Max Swap :                                   -
    Max Processes :                              4
    Max Threads :                                12
    Run time :                                   4 sec.
    Turnaround time :                            254 sec.

The output (if any) follows:



PS:

Read file <./err_files/1000/8.err> for stderr output of this job.

Sender: LSF System <lsfadmin@polus-c2-ib.bmc.hpc.cs.msu.ru>
Subject: Job 1035244: <#BSUB -W 00:15;#BSUB -o "./out_files/1000/8.out";#BSUB -e "./err_files/1000/8.err";#BSUB -R "affinity[core(4)]";OMP_NUM_THREADS=8;/polusfs/lsf/openmp/launchOpenMP.py ./prog 1000> in cluster <MSUCluster> Done

Job <#BSUB -W 00:15;#BSUB -o "./out_files/1000/8.out";#BSUB -e "./err_files/1000/8.err";#BSUB -R "affinity[core(4)]";OMP_NUM_THREADS=8;/polusfs/lsf/openmp/launchOpenMP.py ./prog 1000> was submitted from host <polus-ib.bmc.hpc.cs.msu.ru> by user <edu-cmc-sqi21-01> in cluster <MSUCluster> at Wed Mar 22 12:08:07 2023
Job was executed on host(s) <polus-c2-ib.bmc.hpc.cs.msu.ru>, in queue <short>, as user <edu-cmc-sqi21-01> in cluster <MSUCluster> at Wed Mar 22 12:17:44 2023
</home_edu/edu-cmc-sqi21/edu-cmc-sqi21-01> was used as the home directory.
</home_edu/edu-cmc-sqi21/edu-cmc-sqi21-01/Prac/prac/sem8/omp> was used as the working directory.
Started at Wed Mar 22 12:17:44 2023
Terminated at Wed Mar 22 12:17:47 2023
Results reported at Wed Mar 22 12:17:47 2023

Your job looked like:

------------------------------------------------------------
# LSBATCH: User input
#BSUB -W 00:15
#BSUB -o "./out_files/1000/8.out"
#BSUB -e "./err_files/1000/8.err"
#BSUB -R "affinity[core(4)]"
OMP_NUM_THREADS=8
/polusfs/lsf/openmp/launchOpenMP.py ./prog 1000

------------------------------------------------------------

Successfully completed.

Resource usage summary:

    CPU time :                                   21.53 sec.
    Max Memory :                                 30 MB
    Average Memory :                             20.33 MB
    Total Requested Memory :                     -
    Delta Memory :                               -
    Max Swap :                                   -
    Max Processes :                              4
    Max Threads :                                12
    Run time :                                   4 sec.
    Turnaround time :                            580 sec.

The output (if any) follows:



PS:

Read file <./err_files/1000/8.err> for stderr output of this job.

Sender: LSF System <lsfadmin@polus-c4-ib.bmc.hpc.cs.msu.ru>
Subject: Job 1035256: <#BSUB -W 00:15;#BSUB -o "./out_files/1000/8.out";#BSUB -e "./err_files/1000/8.err";#BSUB -R "affinity[core(4)]";OMP_NUM_THREADS=8;/polusfs/lsf/openmp/launchOpenMP.py ./prog 1000> in cluster <MSUCluster> Done

Job <#BSUB -W 00:15;#BSUB -o "./out_files/1000/8.out";#BSUB -e "./err_files/1000/8.err";#BSUB -R "affinity[core(4)]";OMP_NUM_THREADS=8;/polusfs/lsf/openmp/launchOpenMP.py ./prog 1000> was submitted from host <polus-ib.bmc.hpc.cs.msu.ru> by user <edu-cmc-sqi21-01> in cluster <MSUCluster> at Wed Mar 22 12:08:07 2023
Job was executed on host(s) <polus-c4-ib.bmc.hpc.cs.msu.ru>, in queue <short>, as user <edu-cmc-sqi21-01> in cluster <MSUCluster> at Wed Mar 22 12:27:59 2023
</home_edu/edu-cmc-sqi21/edu-cmc-sqi21-01> was used as the home directory.
</home_edu/edu-cmc-sqi21/edu-cmc-sqi21-01/Prac/prac/sem8/omp> was used as the working directory.
Started at Wed Mar 22 12:27:59 2023
Terminated at Wed Mar 22 12:28:00 2023
Results reported at Wed Mar 22 12:28:00 2023

Your job looked like:

------------------------------------------------------------
# LSBATCH: User input
#BSUB -W 00:15
#BSUB -o "./out_files/1000/8.out"
#BSUB -e "./err_files/1000/8.err"
#BSUB -R "affinity[core(4)]"
OMP_NUM_THREADS=8
/polusfs/lsf/openmp/launchOpenMP.py ./prog 1000

------------------------------------------------------------

Successfully completed.

Resource usage summary:

    CPU time :                                   9.28 sec.
    Max Memory :                                 29 MB
    Average Memory :                             19.67 MB
    Total Requested Memory :                     -
    Delta Memory :                               -
    Max Swap :                                   -
    Max Processes :                              4
    Max Threads :                                12
    Run time :                                   1 sec.
    Turnaround time :                            1193 sec.

The output (if any) follows:



PS:

Read file <./err_files/1000/8.err> for stderr output of this job.

Sender: LSF System <lsfadmin@polus-c4-ib.bmc.hpc.cs.msu.ru>
Subject: Job 1035268: <#BSUB -W 00:15;#BSUB -o "./out_files/1000/8.out";#BSUB -e "./err_files/1000/8.err";#BSUB -R "affinity[core(4)]";OMP_NUM_THREADS=8;/polusfs/lsf/openmp/launchOpenMP.py ./prog 1000> in cluster <MSUCluster> Done

Job <#BSUB -W 00:15;#BSUB -o "./out_files/1000/8.out";#BSUB -e "./err_files/1000/8.err";#BSUB -R "affinity[core(4)]";OMP_NUM_THREADS=8;/polusfs/lsf/openmp/launchOpenMP.py ./prog 1000> was submitted from host <polus-ib.bmc.hpc.cs.msu.ru> by user <edu-cmc-sqi21-01> in cluster <MSUCluster> at Wed Mar 22 12:08:07 2023
Job was executed on host(s) <polus-c4-ib.bmc.hpc.cs.msu.ru>, in queue <short>, as user <edu-cmc-sqi21-01> in cluster <MSUCluster> at Wed Mar 22 12:29:28 2023
</home_edu/edu-cmc-sqi21/edu-cmc-sqi21-01> was used as the home directory.
</home_edu/edu-cmc-sqi21/edu-cmc-sqi21-01/Prac/prac/sem8/omp> was used as the working directory.
Started at Wed Mar 22 12:29:28 2023
Terminated at Wed Mar 22 12:29:30 2023
Results reported at Wed Mar 22 12:29:30 2023

Your job looked like:

------------------------------------------------------------
# LSBATCH: User input
#BSUB -W 00:15
#BSUB -o "./out_files/1000/8.out"
#BSUB -e "./err_files/1000/8.err"
#BSUB -R "affinity[core(4)]"
OMP_NUM_THREADS=8
/polusfs/lsf/openmp/launchOpenMP.py ./prog 1000

------------------------------------------------------------

Successfully completed.

Resource usage summary:

    CPU time :                                   9.03 sec.
    Max Memory :                                 30 MB
    Average Memory :                             20.33 MB
    Total Requested Memory :                     -
    Delta Memory :                               -
    Max Swap :                                   -
    Max Processes :                              4
    Max Threads :                                12
    Run time :                                   3 sec.
    Turnaround time :                            1283 sec.

The output (if any) follows:



PS:

Read file <./err_files/1000/8.err> for stderr output of this job.

