Sender: LSF System <lsfadmin@polus-c4-ib.bmc.hpc.cs.msu.ru>
Subject: Job 878022: <#BSUB -n 1;#BSUB -W 00:15;#BSUB -o "./out_files/7000/4.out";#BSUB -e "./err_files/7000/4.err";#BSUB -R "span[hosts=1]";OMP_NUM_THREADS=4 ./prog 7000> in cluster <MSUCluster> Done

Job <#BSUB -n 1;#BSUB -W 00:15;#BSUB -o "./out_files/7000/4.out";#BSUB -e "./err_files/7000/4.err";#BSUB -R "span[hosts=1]";OMP_NUM_THREADS=4 ./prog 7000> was submitted from host <polus-ib.bmc.hpc.cs.msu.ru> by user <edu-cmc-sqi21-01> in cluster <MSUCluster> at Thu Apr 28 02:05:15 2022
Job was executed on host(s) <polus-c4-ib.bmc.hpc.cs.msu.ru>, in queue <short>, as user <edu-cmc-sqi21-01> in cluster <MSUCluster> at Thu Apr 28 02:05:58 2022
</home_edu/edu-cmc-sqi21/edu-cmc-sqi21-01> was used as the home directory.
</home_edu/edu-cmc-sqi21/edu-cmc-sqi21-01/Prac/6_sem_prac/task1> was used as the working directory.
Started at Thu Apr 28 02:05:58 2022
Terminated at Thu Apr 28 02:07:12 2022
Results reported at Thu Apr 28 02:07:12 2022

Your job looked like:

------------------------------------------------------------
# LSBATCH: User input
#BSUB -n 1
#BSUB -W 00:15
#BSUB -o "./out_files/7000/4.out"
#BSUB -e "./err_files/7000/4.err"
#BSUB -R "span[hosts=1]"
OMP_NUM_THREADS=4 ./prog 7000

------------------------------------------------------------

Successfully completed.

Resource usage summary:

    CPU time :                                   287.23 sec.
    Max Memory :                                 700 MB
    Average Memory :                             350.85 MB
    Total Requested Memory :                     -
    Delta Memory :                               -
    Max Swap :                                   -
    Max Processes :                              4
    Max Threads :                                8
    Run time :                                   73 sec.
    Turnaround time :                            117 sec.

The output (if any) follows:

To R Matrix time: 70.9553
Gauss time: 0.30839
Full time: 71.2637
Residual: 1.32035e-11


PS:

Read file <./err_files/7000/4.err> for stderr output of this job.

Sender: LSF System <lsfadmin@polus-c4-ib.bmc.hpc.cs.msu.ru>
Subject: Job 879559: <#BSUB -W 00:15;#BSUB -o "./out_files/7000/4.out";#BSUB -e "./err_files/7000/4.err";#BSUB -R "affinity[core(2)]";OMP_NUM_THREADS=4;/polusfs/lsf/openmp/launchOpenMP.py ./prog 7000> in cluster <MSUCluster> Done

Job <#BSUB -W 00:15;#BSUB -o "./out_files/7000/4.out";#BSUB -e "./err_files/7000/4.err";#BSUB -R "affinity[core(2)]";OMP_NUM_THREADS=4;/polusfs/lsf/openmp/launchOpenMP.py ./prog 7000> was submitted from host <polus-ib.bmc.hpc.cs.msu.ru> by user <edu-cmc-sqi21-01> in cluster <MSUCluster> at Wed May  4 21:25:07 2022
Job was executed on host(s) <polus-c4-ib.bmc.hpc.cs.msu.ru>, in queue <short>, as user <edu-cmc-sqi21-01> in cluster <MSUCluster> at Wed May  4 21:25:19 2022
</home_edu/edu-cmc-sqi21/edu-cmc-sqi21-01> was used as the home directory.
</home_edu/edu-cmc-sqi21/edu-cmc-sqi21-01/Prac/6_sem_prac/task1> was used as the working directory.
Started at Wed May  4 21:25:19 2022
Terminated at Wed May  4 21:27:00 2022
Results reported at Wed May  4 21:27:00 2022

Your job looked like:

------------------------------------------------------------
# LSBATCH: User input
#BSUB -W 00:15
#BSUB -o "./out_files/7000/4.out"
#BSUB -e "./err_files/7000/4.err"
#BSUB -R "affinity[core(2)]"
OMP_NUM_THREADS=4
/polusfs/lsf/openmp/launchOpenMP.py ./prog 7000

------------------------------------------------------------

Successfully completed.

Resource usage summary:

    CPU time :                                   396.13 sec.
    Max Memory :                                 700 MB
    Average Memory :                             393.44 MB
    Total Requested Memory :                     -
    Delta Memory :                               -
    Max Swap :                                   -
    Max Processes :                              4
    Max Threads :                                8
    Run time :                                   102 sec.
    Turnaround time :                            113 sec.

The output (if any) follows:

To R Matrix time: 97.873
Gauss time: 0.556792
Full time: 98.4298
Residual: 1.32035e-11


PS:

Read file <./err_files/7000/4.err> for stderr output of this job.

