Sender: LSF System <lsfadmin@polus-c3-ib.bmc.hpc.cs.msu.ru>
Subject: Job 1042744: <# this file was automaticly created by mpisubmit.pl script for edu-cmc-sqi21-01 #;source /polusfs/setenv/setup.SMPI;#BSUB -n 16;#BSUB -W 00:30;#BSUB -o ./out_files/5000/16.out;#BSUB -e ./err_files/5000/16.err;OMP_NUM_THREADS=1 mpiexec ./prog polus 5000> in cluster <MSUCluster> Done

Job <# this file was automaticly created by mpisubmit.pl script for edu-cmc-sqi21-01 #;source /polusfs/setenv/setup.SMPI;#BSUB -n 16;#BSUB -W 00:30;#BSUB -o ./out_files/5000/16.out;#BSUB -e ./err_files/5000/16.err;OMP_NUM_THREADS=1 mpiexec ./prog polus 5000> was submitted from host <polus-ib.bmc.hpc.cs.msu.ru> by user <edu-cmc-sqi21-01> in cluster <MSUCluster> at Wed Apr 12 02:36:52 2023
Job was executed on host(s) <16*polus-c3-ib.bmc.hpc.cs.msu.ru>, in queue <short>, as user <edu-cmc-sqi21-01> in cluster <MSUCluster> at Wed Apr 12 02:37:05 2023
</home_edu/edu-cmc-sqi21/edu-cmc-sqi21-01> was used as the home directory.
</home_edu/edu-cmc-sqi21/edu-cmc-sqi21-01/Prac/prac/sem8/mpi> was used as the working directory.
Started at Wed Apr 12 02:37:05 2023
Terminated at Wed Apr 12 02:37:07 2023
Results reported at Wed Apr 12 02:37:07 2023

Your job looked like:

------------------------------------------------------------
# LSBATCH: User input
# this file was automaticly created by mpisubmit.pl script for edu-cmc-sqi21-01 #
source /polusfs/setenv/setup.SMPI
#BSUB -n 16
#BSUB -W 00:30
#BSUB -o ./out_files/5000/16.out
#BSUB -e ./err_files/5000/16.err
OMP_NUM_THREADS=1 mpiexec ./prog polus 5000

------------------------------------------------------------

Successfully completed.

Resource usage summary:

    CPU time :                                   1.73 sec.
    Max Memory :                                 851 MB
    Average Memory :                             568.33 MB
    Total Requested Memory :                     -
    Delta Memory :                               -
    Max Swap :                                   -
    Max Processes :                              20
    Max Threads :                                57
    Run time :                                   2 sec.
    Turnaround time :                            15 sec.

The output (if any) follows:



PS:

Read file <./err_files/5000/16.err> for stderr output of this job.

Sender: LSF System <lsfadmin@polus-c3-ib.bmc.hpc.cs.msu.ru>
Subject: Job 1042762: <# this file was automaticly created by mpisubmit.pl script for edu-cmc-sqi21-01 #;source /polusfs/setenv/setup.SMPI;#BSUB -n 16;#BSUB -W 00:30;#BSUB -o ./out_files/5000/16.out;#BSUB -e ./err_files/5000/16.err;OMP_NUM_THREADS=1 mpiexec ./prog polus 5000> in cluster <MSUCluster> Done

Job <# this file was automaticly created by mpisubmit.pl script for edu-cmc-sqi21-01 #;source /polusfs/setenv/setup.SMPI;#BSUB -n 16;#BSUB -W 00:30;#BSUB -o ./out_files/5000/16.out;#BSUB -e ./err_files/5000/16.err;OMP_NUM_THREADS=1 mpiexec ./prog polus 5000> was submitted from host <polus-ib.bmc.hpc.cs.msu.ru> by user <edu-cmc-sqi21-01> in cluster <MSUCluster> at Wed Apr 12 02:36:53 2023
Job was executed on host(s) <16*polus-c3-ib.bmc.hpc.cs.msu.ru>, in queue <short>, as user <edu-cmc-sqi21-01> in cluster <MSUCluster> at Wed Apr 12 02:37:16 2023
</home_edu/edu-cmc-sqi21/edu-cmc-sqi21-01> was used as the home directory.
</home_edu/edu-cmc-sqi21/edu-cmc-sqi21-01/Prac/prac/sem8/mpi> was used as the working directory.
Started at Wed Apr 12 02:37:16 2023
Terminated at Wed Apr 12 02:37:19 2023
Results reported at Wed Apr 12 02:37:19 2023

Your job looked like:

------------------------------------------------------------
# LSBATCH: User input
# this file was automaticly created by mpisubmit.pl script for edu-cmc-sqi21-01 #
source /polusfs/setenv/setup.SMPI
#BSUB -n 16
#BSUB -W 00:30
#BSUB -o ./out_files/5000/16.out
#BSUB -e ./err_files/5000/16.err
OMP_NUM_THREADS=1 mpiexec ./prog polus 5000

------------------------------------------------------------

Successfully completed.

Resource usage summary:

    CPU time :                                   1.80 sec.
    Max Memory :                                 210 MB
    Average Memory :                             141.00 MB
    Total Requested Memory :                     -
    Delta Memory :                               -
    Max Swap :                                   -
    Max Processes :                              11
    Max Threads :                                16
    Run time :                                   3 sec.
    Turnaround time :                            26 sec.

The output (if any) follows:



PS:

Read file <./err_files/5000/16.err> for stderr output of this job.

Sender: LSF System <lsfadmin@polus-c3-ib.bmc.hpc.cs.msu.ru>
Subject: Job 1042780: <# this file was automaticly created by mpisubmit.pl script for edu-cmc-sqi21-01 #;source /polusfs/setenv/setup.SMPI;#BSUB -n 16;#BSUB -W 00:30;#BSUB -o ./out_files/5000/16.out;#BSUB -e ./err_files/5000/16.err;OMP_NUM_THREADS=1 mpiexec ./prog polus 5000> in cluster <MSUCluster> Done

Job <# this file was automaticly created by mpisubmit.pl script for edu-cmc-sqi21-01 #;source /polusfs/setenv/setup.SMPI;#BSUB -n 16;#BSUB -W 00:30;#BSUB -o ./out_files/5000/16.out;#BSUB -e ./err_files/5000/16.err;OMP_NUM_THREADS=1 mpiexec ./prog polus 5000> was submitted from host <polus-ib.bmc.hpc.cs.msu.ru> by user <edu-cmc-sqi21-01> in cluster <MSUCluster> at Wed Apr 12 02:36:54 2023
Job was executed on host(s) <16*polus-c3-ib.bmc.hpc.cs.msu.ru>, in queue <short>, as user <edu-cmc-sqi21-01> in cluster <MSUCluster> at Wed Apr 12 02:37:27 2023
</home_edu/edu-cmc-sqi21/edu-cmc-sqi21-01> was used as the home directory.
</home_edu/edu-cmc-sqi21/edu-cmc-sqi21-01/Prac/prac/sem8/mpi> was used as the working directory.
Started at Wed Apr 12 02:37:27 2023
Terminated at Wed Apr 12 02:37:28 2023
Results reported at Wed Apr 12 02:37:28 2023

Your job looked like:

------------------------------------------------------------
# LSBATCH: User input
# this file was automaticly created by mpisubmit.pl script for edu-cmc-sqi21-01 #
source /polusfs/setenv/setup.SMPI
#BSUB -n 16
#BSUB -W 00:30
#BSUB -o ./out_files/5000/16.out
#BSUB -e ./err_files/5000/16.err
OMP_NUM_THREADS=1 mpiexec ./prog polus 5000

------------------------------------------------------------

Successfully completed.

Resource usage summary:

    CPU time :                                   1.65 sec.
    Max Memory :                                 1 MB
    Average Memory :                             1.00 MB
    Total Requested Memory :                     -
    Delta Memory :                               -
    Max Swap :                                   -
    Max Processes :                              1
    Max Threads :                                1
    Run time :                                   2 sec.
    Turnaround time :                            34 sec.

The output (if any) follows:



PS:

Read file <./err_files/5000/16.err> for stderr output of this job.

Sender: LSF System <lsfadmin@polus-c3-ib.bmc.hpc.cs.msu.ru>
Subject: Job 1042798: <# this file was automaticly created by mpisubmit.pl script for edu-cmc-sqi21-01 #;source /polusfs/setenv/setup.SMPI;#BSUB -n 16;#BSUB -W 00:30;#BSUB -o ./out_files/5000/16.out;#BSUB -e ./err_files/5000/16.err;OMP_NUM_THREADS=1 mpiexec ./prog polus 5000> in cluster <MSUCluster> Done

Job <# this file was automaticly created by mpisubmit.pl script for edu-cmc-sqi21-01 #;source /polusfs/setenv/setup.SMPI;#BSUB -n 16;#BSUB -W 00:30;#BSUB -o ./out_files/5000/16.out;#BSUB -e ./err_files/5000/16.err;OMP_NUM_THREADS=1 mpiexec ./prog polus 5000> was submitted from host <polus-ib.bmc.hpc.cs.msu.ru> by user <edu-cmc-sqi21-01> in cluster <MSUCluster> at Wed Apr 12 02:36:54 2023
Job was executed on host(s) <16*polus-c3-ib.bmc.hpc.cs.msu.ru>, in queue <short>, as user <edu-cmc-sqi21-01> in cluster <MSUCluster> at Wed Apr 12 02:37:33 2023
</home_edu/edu-cmc-sqi21/edu-cmc-sqi21-01> was used as the home directory.
</home_edu/edu-cmc-sqi21/edu-cmc-sqi21-01/Prac/prac/sem8/mpi> was used as the working directory.
Started at Wed Apr 12 02:37:33 2023
Terminated at Wed Apr 12 02:37:34 2023
Results reported at Wed Apr 12 02:37:34 2023

Your job looked like:

------------------------------------------------------------
# LSBATCH: User input
# this file was automaticly created by mpisubmit.pl script for edu-cmc-sqi21-01 #
source /polusfs/setenv/setup.SMPI
#BSUB -n 16
#BSUB -W 00:30
#BSUB -o ./out_files/5000/16.out
#BSUB -e ./err_files/5000/16.err
OMP_NUM_THREADS=1 mpiexec ./prog polus 5000

------------------------------------------------------------

Successfully completed.

Resource usage summary:

    CPU time :                                   1.75 sec.
    Max Memory :                                 1 MB
    Average Memory :                             0.67 MB
    Total Requested Memory :                     -
    Delta Memory :                               -
    Max Swap :                                   -
    Max Processes :                              1
    Max Threads :                                1
    Run time :                                   0 sec.
    Turnaround time :                            40 sec.

The output (if any) follows:



PS:

Read file <./err_files/5000/16.err> for stderr output of this job.

