Sender: LSF System <lsfadmin@polus-c3-ib.bmc.hpc.cs.msu.ru>
Subject: Job 1042741: <# this file was automaticly created by mpisubmit.pl script for edu-cmc-sqi21-01 #;source /polusfs/setenv/setup.SMPI;#BSUB -n 2;#BSUB -W 00:30;#BSUB -o ./out_files/5000/2.out;#BSUB -e ./err_files/5000/2.err;OMP_NUM_THREADS=1 mpiexec ./prog polus 5000> in cluster <MSUCluster> Done

Job <# this file was automaticly created by mpisubmit.pl script for edu-cmc-sqi21-01 #;source /polusfs/setenv/setup.SMPI;#BSUB -n 2;#BSUB -W 00:30;#BSUB -o ./out_files/5000/2.out;#BSUB -e ./err_files/5000/2.err;OMP_NUM_THREADS=1 mpiexec ./prog polus 5000> was submitted from host <polus-ib.bmc.hpc.cs.msu.ru> by user <edu-cmc-sqi21-01> in cluster <MSUCluster> at Wed Apr 12 02:36:52 2023
Job was executed on host(s) <2*polus-c3-ib.bmc.hpc.cs.msu.ru>, in queue <short>, as user <edu-cmc-sqi21-01> in cluster <MSUCluster> at Wed Apr 12 02:36:56 2023
</home_edu/edu-cmc-sqi21/edu-cmc-sqi21-01> was used as the home directory.
</home_edu/edu-cmc-sqi21/edu-cmc-sqi21-01/Prac/prac/sem8/mpi> was used as the working directory.
Started at Wed Apr 12 02:36:56 2023
Terminated at Wed Apr 12 02:36:58 2023
Results reported at Wed Apr 12 02:36:58 2023

Your job looked like:

------------------------------------------------------------
# LSBATCH: User input
# this file was automaticly created by mpisubmit.pl script for edu-cmc-sqi21-01 #
source /polusfs/setenv/setup.SMPI
#BSUB -n 2
#BSUB -W 00:30
#BSUB -o ./out_files/5000/2.out
#BSUB -e ./err_files/5000/2.err
OMP_NUM_THREADS=1 mpiexec ./prog polus 5000

------------------------------------------------------------

Successfully completed.

Resource usage summary:

    CPU time :                                   0.36 sec.
    Max Memory :                                 3 MB
    Average Memory :                             1.67 MB
    Total Requested Memory :                     -
    Delta Memory :                               -
    Max Swap :                                   -
    Max Processes :                              1
    Max Threads :                                1
    Run time :                                   3 sec.
    Turnaround time :                            6 sec.

The output (if any) follows:



PS:

Read file <./err_files/5000/2.err> for stderr output of this job.

Sender: LSF System <lsfadmin@polus-c3-ib.bmc.hpc.cs.msu.ru>
Subject: Job 1042759: <# this file was automaticly created by mpisubmit.pl script for edu-cmc-sqi21-01 #;source /polusfs/setenv/setup.SMPI;#BSUB -n 2;#BSUB -W 00:30;#BSUB -o ./out_files/5000/2.out;#BSUB -e ./err_files/5000/2.err;OMP_NUM_THREADS=1 mpiexec ./prog polus 5000> in cluster <MSUCluster> Done

Job <# this file was automaticly created by mpisubmit.pl script for edu-cmc-sqi21-01 #;source /polusfs/setenv/setup.SMPI;#BSUB -n 2;#BSUB -W 00:30;#BSUB -o ./out_files/5000/2.out;#BSUB -e ./err_files/5000/2.err;OMP_NUM_THREADS=1 mpiexec ./prog polus 5000> was submitted from host <polus-ib.bmc.hpc.cs.msu.ru> by user <edu-cmc-sqi21-01> in cluster <MSUCluster> at Wed Apr 12 02:36:53 2023
Job was executed on host(s) <2*polus-c3-ib.bmc.hpc.cs.msu.ru>, in queue <short>, as user <edu-cmc-sqi21-01> in cluster <MSUCluster> at Wed Apr 12 02:37:11 2023
</home_edu/edu-cmc-sqi21/edu-cmc-sqi21-01> was used as the home directory.
</home_edu/edu-cmc-sqi21/edu-cmc-sqi21-01/Prac/prac/sem8/mpi> was used as the working directory.
Started at Wed Apr 12 02:37:11 2023
Terminated at Wed Apr 12 02:37:13 2023
Results reported at Wed Apr 12 02:37:13 2023

Your job looked like:

------------------------------------------------------------
# LSBATCH: User input
# this file was automaticly created by mpisubmit.pl script for edu-cmc-sqi21-01 #
source /polusfs/setenv/setup.SMPI
#BSUB -n 2
#BSUB -W 00:30
#BSUB -o ./out_files/5000/2.out
#BSUB -e ./err_files/5000/2.err
OMP_NUM_THREADS=1 mpiexec ./prog polus 5000

------------------------------------------------------------

Successfully completed.

Resource usage summary:

    CPU time :                                   0.30 sec.
    Max Memory :                                 2 MB
    Average Memory :                             1.67 MB
    Total Requested Memory :                     -
    Delta Memory :                               -
    Max Swap :                                   -
    Max Processes :                              1
    Max Threads :                                1
    Run time :                                   2 sec.
    Turnaround time :                            20 sec.

The output (if any) follows:



PS:

Read file <./err_files/5000/2.err> for stderr output of this job.

Sender: LSF System <lsfadmin@polus-c3-ib.bmc.hpc.cs.msu.ru>
Subject: Job 1042777: <# this file was automaticly created by mpisubmit.pl script for edu-cmc-sqi21-01 #;source /polusfs/setenv/setup.SMPI;#BSUB -n 2;#BSUB -W 00:30;#BSUB -o ./out_files/5000/2.out;#BSUB -e ./err_files/5000/2.err;OMP_NUM_THREADS=1 mpiexec ./prog polus 5000> in cluster <MSUCluster> Done

Job <# this file was automaticly created by mpisubmit.pl script for edu-cmc-sqi21-01 #;source /polusfs/setenv/setup.SMPI;#BSUB -n 2;#BSUB -W 00:30;#BSUB -o ./out_files/5000/2.out;#BSUB -e ./err_files/5000/2.err;OMP_NUM_THREADS=1 mpiexec ./prog polus 5000> was submitted from host <polus-ib.bmc.hpc.cs.msu.ru> by user <edu-cmc-sqi21-01> in cluster <MSUCluster> at Wed Apr 12 02:36:53 2023
Job was executed on host(s) <2*polus-c3-ib.bmc.hpc.cs.msu.ru>, in queue <short>, as user <edu-cmc-sqi21-01> in cluster <MSUCluster> at Wed Apr 12 02:37:16 2023
</home_edu/edu-cmc-sqi21/edu-cmc-sqi21-01> was used as the home directory.
</home_edu/edu-cmc-sqi21/edu-cmc-sqi21-01/Prac/prac/sem8/mpi> was used as the working directory.
Started at Wed Apr 12 02:37:16 2023
Terminated at Wed Apr 12 02:37:18 2023
Results reported at Wed Apr 12 02:37:18 2023

Your job looked like:

------------------------------------------------------------
# LSBATCH: User input
# this file was automaticly created by mpisubmit.pl script for edu-cmc-sqi21-01 #
source /polusfs/setenv/setup.SMPI
#BSUB -n 2
#BSUB -W 00:30
#BSUB -o ./out_files/5000/2.out
#BSUB -e ./err_files/5000/2.err
OMP_NUM_THREADS=1 mpiexec ./prog polus 5000

------------------------------------------------------------

Successfully completed.

Resource usage summary:

    CPU time :                                   0.36 sec.
    Max Memory :                                 7 MB
    Average Memory :                             5.67 MB
    Total Requested Memory :                     -
    Delta Memory :                               -
    Max Swap :                                   -
    Max Processes :                              4
    Max Threads :                                5
    Run time :                                   3 sec.
    Turnaround time :                            25 sec.

The output (if any) follows:



PS:

Read file <./err_files/5000/2.err> for stderr output of this job.

Sender: LSF System <lsfadmin@polus-c3-ib.bmc.hpc.cs.msu.ru>
Subject: Job 1042795: <# this file was automaticly created by mpisubmit.pl script for edu-cmc-sqi21-01 #;source /polusfs/setenv/setup.SMPI;#BSUB -n 2;#BSUB -W 00:30;#BSUB -o ./out_files/5000/2.out;#BSUB -e ./err_files/5000/2.err;OMP_NUM_THREADS=1 mpiexec ./prog polus 5000> in cluster <MSUCluster> Done

Job <# this file was automaticly created by mpisubmit.pl script for edu-cmc-sqi21-01 #;source /polusfs/setenv/setup.SMPI;#BSUB -n 2;#BSUB -W 00:30;#BSUB -o ./out_files/5000/2.out;#BSUB -e ./err_files/5000/2.err;OMP_NUM_THREADS=1 mpiexec ./prog polus 5000> was submitted from host <polus-ib.bmc.hpc.cs.msu.ru> by user <edu-cmc-sqi21-01> in cluster <MSUCluster> at Wed Apr 12 02:36:54 2023
Job was executed on host(s) <2*polus-c3-ib.bmc.hpc.cs.msu.ru>, in queue <short>, as user <edu-cmc-sqi21-01> in cluster <MSUCluster> at Wed Apr 12 02:37:22 2023
</home_edu/edu-cmc-sqi21/edu-cmc-sqi21-01> was used as the home directory.
</home_edu/edu-cmc-sqi21/edu-cmc-sqi21-01/Prac/prac/sem8/mpi> was used as the working directory.
Started at Wed Apr 12 02:37:22 2023
Terminated at Wed Apr 12 02:37:23 2023
Results reported at Wed Apr 12 02:37:23 2023

Your job looked like:

------------------------------------------------------------
# LSBATCH: User input
# this file was automaticly created by mpisubmit.pl script for edu-cmc-sqi21-01 #
source /polusfs/setenv/setup.SMPI
#BSUB -n 2
#BSUB -W 00:30
#BSUB -o ./out_files/5000/2.out
#BSUB -e ./err_files/5000/2.err
OMP_NUM_THREADS=1 mpiexec ./prog polus 5000

------------------------------------------------------------

Successfully completed.

Resource usage summary:

    CPU time :                                   0.44 sec.
    Max Memory :                                 3 MB
    Average Memory :                             3.00 MB
    Total Requested Memory :                     -
    Delta Memory :                               -
    Max Swap :                                   -
    Max Processes :                              1
    Max Threads :                                1
    Run time :                                   3 sec.
    Turnaround time :                            29 sec.

The output (if any) follows:



PS:

Read file <./err_files/5000/2.err> for stderr output of this job.

