Sender: LSF System <lsfadmin@polus-c3-ib.bmc.hpc.cs.msu.ru>
Subject: Job 884314: <#BSUB -W 00:15;#BSUB -o "./out_files/200/32.out";#BSUB -e "./err_files/200/32.err";#BSUB -R "affinity[core(16)]";OMP_NUM_THREADS=32;/polusfs/lsf/openmp/launchOpenMP.py ./prog 200> in cluster <MSUCluster> Done

Job <#BSUB -W 00:15;#BSUB -o "./out_files/200/32.out";#BSUB -e "./err_files/200/32.err";#BSUB -R "affinity[core(16)]";OMP_NUM_THREADS=32;/polusfs/lsf/openmp/launchOpenMP.py ./prog 200> was submitted from host <polus-ib.bmc.hpc.cs.msu.ru> by user <edu-cmc-sqi21-01> in cluster <MSUCluster> at Wed May 25 02:50:37 2022
Job was executed on host(s) <polus-c3-ib.bmc.hpc.cs.msu.ru>, in queue <short>, as user <edu-cmc-sqi21-01> in cluster <MSUCluster> at Wed May 25 03:26:19 2022
</home_edu/edu-cmc-sqi21/edu-cmc-sqi21-01> was used as the home directory.
</home_edu/edu-cmc-sqi21/edu-cmc-sqi21-01/Prac/prac/task3> was used as the working directory.
Started at Wed May 25 03:26:19 2022
Terminated at Wed May 25 03:28:32 2022
Results reported at Wed May 25 03:28:32 2022

Your job looked like:

------------------------------------------------------------
# LSBATCH: User input
#BSUB -W 00:15
#BSUB -o "./out_files/200/32.out"
#BSUB -e "./err_files/200/32.err"
#BSUB -R "affinity[core(16)]"
OMP_NUM_THREADS=32
/polusfs/lsf/openmp/launchOpenMP.py ./prog 200

------------------------------------------------------------

Successfully completed.

Resource usage summary:

    CPU time :                                   3044.35 sec.
    Max Memory :                                 1017 MB
    Average Memory :                             968.62 MB
    Total Requested Memory :                     -
    Delta Memory :                               -
    Max Swap :                                   -
    Max Processes :                              4
    Max Threads :                                36
    Run time :                                   133 sec.
    Turnaround time :                            2275 sec.

The output (if any) follows:

Generation started
Generation time: 3.30243
Iter Num: 100
Full time: 127.858
Avg time: 2.55716
Residual: 3.58364e-09
||Ax-b|| = 3.58365e-09
Error: 5.12588e-09


PS:

Read file <./err_files/200/32.err> for stderr output of this job.

Sender: LSF System <lsfadmin@polus-c3-ib.bmc.hpc.cs.msu.ru>
Subject: Job 884332: <#BSUB -W 00:15;#BSUB -o "./out_files/200/32.out";#BSUB -e "./err_files/200/32.err";#BSUB -R "affinity[core(16)]";OMP_NUM_THREADS=32;/polusfs/lsf/openmp/launchOpenMP.py ./prog 200> in cluster <MSUCluster> Done

Job <#BSUB -W 00:15;#BSUB -o "./out_files/200/32.out";#BSUB -e "./err_files/200/32.err";#BSUB -R "affinity[core(16)]";OMP_NUM_THREADS=32;/polusfs/lsf/openmp/launchOpenMP.py ./prog 200> was submitted from host <polus-ib.bmc.hpc.cs.msu.ru> by user <edu-cmc-sqi21-01> in cluster <MSUCluster> at Wed May 25 02:50:37 2022
Job was executed on host(s) <polus-c3-ib.bmc.hpc.cs.msu.ru>, in queue <short>, as user <edu-cmc-sqi21-01> in cluster <MSUCluster> at Wed May 25 03:36:32 2022
</home_edu/edu-cmc-sqi21/edu-cmc-sqi21-01> was used as the home directory.
</home_edu/edu-cmc-sqi21/edu-cmc-sqi21-01/Prac/prac/task3> was used as the working directory.
Started at Wed May 25 03:36:32 2022
Terminated at Wed May 25 03:38:44 2022
Results reported at Wed May 25 03:38:44 2022

Your job looked like:

------------------------------------------------------------
# LSBATCH: User input
#BSUB -W 00:15
#BSUB -o "./out_files/200/32.out"
#BSUB -e "./err_files/200/32.err"
#BSUB -R "affinity[core(16)]"
OMP_NUM_THREADS=32
/polusfs/lsf/openmp/launchOpenMP.py ./prog 200

------------------------------------------------------------

Successfully completed.

Resource usage summary:

    CPU time :                                   3030.14 sec.
    Max Memory :                                 1017 MB
    Average Memory :                             968.71 MB
    Total Requested Memory :                     -
    Delta Memory :                               -
    Max Swap :                                   -
    Max Processes :                              4
    Max Threads :                                36
    Run time :                                   132 sec.
    Turnaround time :                            2887 sec.

The output (if any) follows:

Generation started
Generation time: 3.30352
Iter Num: 100
Full time: 127.516
Avg time: 2.55032
Residual: 3.58364e-09
||Ax-b|| = 3.58365e-09
Error: 5.12588e-09


PS:

Read file <./err_files/200/32.err> for stderr output of this job.

Sender: LSF System <lsfadmin@polus-c3-ib.bmc.hpc.cs.msu.ru>
Subject: Job 884350: <#BSUB -W 00:15;#BSUB -o "./out_files/200/32.out";#BSUB -e "./err_files/200/32.err";#BSUB -R "affinity[core(16)]";OMP_NUM_THREADS=32;/polusfs/lsf/openmp/launchOpenMP.py ./prog 200> in cluster <MSUCluster> Done

Job <#BSUB -W 00:15;#BSUB -o "./out_files/200/32.out";#BSUB -e "./err_files/200/32.err";#BSUB -R "affinity[core(16)]";OMP_NUM_THREADS=32;/polusfs/lsf/openmp/launchOpenMP.py ./prog 200> was submitted from host <polus-ib.bmc.hpc.cs.msu.ru> by user <edu-cmc-sqi21-01> in cluster <MSUCluster> at Wed May 25 02:50:37 2022
Job was executed on host(s) <polus-c3-ib.bmc.hpc.cs.msu.ru>, in queue <short>, as user <edu-cmc-sqi21-01> in cluster <MSUCluster> at Wed May 25 03:46:43 2022
</home_edu/edu-cmc-sqi21/edu-cmc-sqi21-01> was used as the home directory.
</home_edu/edu-cmc-sqi21/edu-cmc-sqi21-01/Prac/prac/task3> was used as the working directory.
Started at Wed May 25 03:46:43 2022
Terminated at Wed May 25 03:48:55 2022
Results reported at Wed May 25 03:48:55 2022

Your job looked like:

------------------------------------------------------------
# LSBATCH: User input
#BSUB -W 00:15
#BSUB -o "./out_files/200/32.out"
#BSUB -e "./err_files/200/32.err"
#BSUB -R "affinity[core(16)]"
OMP_NUM_THREADS=32
/polusfs/lsf/openmp/launchOpenMP.py ./prog 200

------------------------------------------------------------

Successfully completed.

Resource usage summary:

    CPU time :                                   3047.77 sec.
    Max Memory :                                 1017 MB
    Average Memory :                             968.62 MB
    Total Requested Memory :                     -
    Delta Memory :                               -
    Max Swap :                                   -
    Max Processes :                              4
    Max Threads :                                36
    Run time :                                   132 sec.
    Turnaround time :                            3498 sec.

The output (if any) follows:

Generation started
Generation time: 3.30227
Iter Num: 100
Full time: 128.087
Avg time: 2.56175
Residual: 3.58364e-09
||Ax-b|| = 3.58365e-09
Error: 5.12588e-09


PS:

Read file <./err_files/200/32.err> for stderr output of this job.

Sender: LSF System <lsfadmin@polus-c3-ib.bmc.hpc.cs.msu.ru>
Subject: Job 884368: <#BSUB -W 00:15;#BSUB -o "./out_files/200/32.out";#BSUB -e "./err_files/200/32.err";#BSUB -R "affinity[core(16)]";OMP_NUM_THREADS=32;/polusfs/lsf/openmp/launchOpenMP.py ./prog 200> in cluster <MSUCluster> Done

Job <#BSUB -W 00:15;#BSUB -o "./out_files/200/32.out";#BSUB -e "./err_files/200/32.err";#BSUB -R "affinity[core(16)]";OMP_NUM_THREADS=32;/polusfs/lsf/openmp/launchOpenMP.py ./prog 200> was submitted from host <polus-ib.bmc.hpc.cs.msu.ru> by user <edu-cmc-sqi21-01> in cluster <MSUCluster> at Wed May 25 02:50:37 2022
Job was executed on host(s) <polus-c3-ib.bmc.hpc.cs.msu.ru>, in queue <short>, as user <edu-cmc-sqi21-01> in cluster <MSUCluster> at Wed May 25 04:41:16 2022
</home_edu/edu-cmc-sqi21/edu-cmc-sqi21-01> was used as the home directory.
</home_edu/edu-cmc-sqi21/edu-cmc-sqi21-01/Prac/prac/task3> was used as the working directory.
Started at Wed May 25 04:41:16 2022
Terminated at Wed May 25 04:43:26 2022
Results reported at Wed May 25 04:43:26 2022

Your job looked like:

------------------------------------------------------------
# LSBATCH: User input
#BSUB -W 00:15
#BSUB -o "./out_files/200/32.out"
#BSUB -e "./err_files/200/32.err"
#BSUB -R "affinity[core(16)]"
OMP_NUM_THREADS=32
/polusfs/lsf/openmp/launchOpenMP.py ./prog 200

------------------------------------------------------------

Successfully completed.

Resource usage summary:

    CPU time :                                   2976.26 sec.
    Max Memory :                                 1017 MB
    Average Memory :                             968.62 MB
    Total Requested Memory :                     -
    Delta Memory :                               -
    Max Swap :                                   -
    Max Processes :                              4
    Max Threads :                                36
    Run time :                                   131 sec.
    Turnaround time :                            6769 sec.

The output (if any) follows:

Generation started
Generation time: 3.30516
Iter Num: 100
Full time: 125.892
Avg time: 2.51784
Residual: 3.58364e-09
||Ax-b|| = 3.58365e-09
Error: 5.12588e-09


PS:

Read file <./err_files/200/32.err> for stderr output of this job.

