Sender: LSF System <lsfadmin@polus-c1-ib.bmc.hpc.cs.msu.ru>
Subject: Job 884311: <#BSUB -W 00:15;#BSUB -o "./out_files/200/4.out";#BSUB -e "./err_files/200/4.err";#BSUB -R "affinity[core(2)]";OMP_NUM_THREADS=4;/polusfs/lsf/openmp/launchOpenMP.py ./prog 200> in cluster <MSUCluster> Done

Job <#BSUB -W 00:15;#BSUB -o "./out_files/200/4.out";#BSUB -e "./err_files/200/4.err";#BSUB -R "affinity[core(2)]";OMP_NUM_THREADS=4;/polusfs/lsf/openmp/launchOpenMP.py ./prog 200> was submitted from host <polus-ib.bmc.hpc.cs.msu.ru> by user <edu-cmc-sqi21-01> in cluster <MSUCluster> at Wed May 25 02:50:37 2022
Job was executed on host(s) <polus-c1-ib.bmc.hpc.cs.msu.ru>, in queue <short>, as user <edu-cmc-sqi21-01> in cluster <MSUCluster> at Wed May 25 02:51:20 2022
</home_edu/edu-cmc-sqi21/edu-cmc-sqi21-01> was used as the home directory.
</home_edu/edu-cmc-sqi21/edu-cmc-sqi21-01/Prac/prac/task3> was used as the working directory.
Started at Wed May 25 02:51:20 2022
Terminated at Wed May 25 02:57:28 2022
Results reported at Wed May 25 02:57:28 2022

Your job looked like:

------------------------------------------------------------
# LSBATCH: User input
#BSUB -W 00:15
#BSUB -o "./out_files/200/4.out"
#BSUB -e "./err_files/200/4.err"
#BSUB -R "affinity[core(2)]"
OMP_NUM_THREADS=4
/polusfs/lsf/openmp/launchOpenMP.py ./prog 200

------------------------------------------------------------

Successfully completed.

Resource usage summary:

    CPU time :                                   1358.81 sec.
    Max Memory :                                 1014 MB
    Average Memory :                             994.89 MB
    Total Requested Memory :                     -
    Delta Memory :                               -
    Max Swap :                                   -
    Max Processes :                              4
    Max Threads :                                8
    Run time :                                   368 sec.
    Turnaround time :                            411 sec.

The output (if any) follows:

Generation started
Generation time: 3.45249
Iter Num: 100
Full time: 363.66
Avg time: 7.27319
Residual: 3.58364e-09
||Ax-b|| = 3.58365e-09
Error: 5.12588e-09


PS:

Read file <./err_files/200/4.err> for stderr output of this job.

Sender: LSF System <lsfadmin@polus-c1-ib.bmc.hpc.cs.msu.ru>
Subject: Job 884329: <#BSUB -W 00:15;#BSUB -o "./out_files/200/4.out";#BSUB -e "./err_files/200/4.err";#BSUB -R "affinity[core(2)]";OMP_NUM_THREADS=4;/polusfs/lsf/openmp/launchOpenMP.py ./prog 200> in cluster <MSUCluster> Done

Job <#BSUB -W 00:15;#BSUB -o "./out_files/200/4.out";#BSUB -e "./err_files/200/4.err";#BSUB -R "affinity[core(2)]";OMP_NUM_THREADS=4;/polusfs/lsf/openmp/launchOpenMP.py ./prog 200> was submitted from host <polus-ib.bmc.hpc.cs.msu.ru> by user <edu-cmc-sqi21-01> in cluster <MSUCluster> at Wed May 25 02:50:37 2022
Job was executed on host(s) <polus-c1-ib.bmc.hpc.cs.msu.ru>, in queue <short>, as user <edu-cmc-sqi21-01> in cluster <MSUCluster> at Wed May 25 03:13:14 2022
</home_edu/edu-cmc-sqi21/edu-cmc-sqi21-01> was used as the home directory.
</home_edu/edu-cmc-sqi21/edu-cmc-sqi21-01/Prac/prac/task3> was used as the working directory.
Started at Wed May 25 03:13:14 2022
Terminated at Wed May 25 03:19:30 2022
Results reported at Wed May 25 03:19:30 2022

Your job looked like:

------------------------------------------------------------
# LSBATCH: User input
#BSUB -W 00:15
#BSUB -o "./out_files/200/4.out"
#BSUB -e "./err_files/200/4.err"
#BSUB -R "affinity[core(2)]"
OMP_NUM_THREADS=4
/polusfs/lsf/openmp/launchOpenMP.py ./prog 200

------------------------------------------------------------

Successfully completed.

Resource usage summary:

    CPU time :                                   1389.69 sec.
    Max Memory :                                 1013 MB
    Average Memory :                             994.60 MB
    Total Requested Memory :                     -
    Delta Memory :                               -
    Max Swap :                                   -
    Max Processes :                              4
    Max Threads :                                8
    Run time :                                   376 sec.
    Turnaround time :                            1733 sec.

The output (if any) follows:

Generation started
Generation time: 3.42073
Iter Num: 100
Full time: 371.721
Avg time: 7.43442
Residual: 3.58364e-09
||Ax-b|| = 3.58365e-09
Error: 5.12588e-09


PS:

Read file <./err_files/200/4.err> for stderr output of this job.

Sender: LSF System <lsfadmin@polus-c3-ib.bmc.hpc.cs.msu.ru>
Subject: Job 884347: <#BSUB -W 00:15;#BSUB -o "./out_files/200/4.out";#BSUB -e "./err_files/200/4.err";#BSUB -R "affinity[core(2)]";OMP_NUM_THREADS=4;/polusfs/lsf/openmp/launchOpenMP.py ./prog 200> in cluster <MSUCluster> Done

Job <#BSUB -W 00:15;#BSUB -o "./out_files/200/4.out";#BSUB -e "./err_files/200/4.err";#BSUB -R "affinity[core(2)]";OMP_NUM_THREADS=4;/polusfs/lsf/openmp/launchOpenMP.py ./prog 200> was submitted from host <polus-ib.bmc.hpc.cs.msu.ru> by user <edu-cmc-sqi21-01> in cluster <MSUCluster> at Wed May 25 02:50:37 2022
Job was executed on host(s) <polus-c3-ib.bmc.hpc.cs.msu.ru>, in queue <short>, as user <edu-cmc-sqi21-01> in cluster <MSUCluster> at Wed May 25 04:02:01 2022
</home_edu/edu-cmc-sqi21/edu-cmc-sqi21-01> was used as the home directory.
</home_edu/edu-cmc-sqi21/edu-cmc-sqi21-01/Prac/prac/task3> was used as the working directory.
Started at Wed May 25 04:02:01 2022
Terminated at Wed May 25 04:07:37 2022
Results reported at Wed May 25 04:07:37 2022

Your job looked like:

------------------------------------------------------------
# LSBATCH: User input
#BSUB -W 00:15
#BSUB -o "./out_files/200/4.out"
#BSUB -e "./err_files/200/4.err"
#BSUB -R "affinity[core(2)]"
OMP_NUM_THREADS=4
/polusfs/lsf/openmp/launchOpenMP.py ./prog 200

------------------------------------------------------------

Successfully completed.

Resource usage summary:

    CPU time :                                   1235.15 sec.
    Max Memory :                                 1014 MB
    Average Memory :                             993.33 MB
    Total Requested Memory :                     -
    Delta Memory :                               -
    Max Swap :                                   -
    Max Processes :                              4
    Max Threads :                                8
    Run time :                                   336 sec.
    Turnaround time :                            4620 sec.

The output (if any) follows:

Generation started
Generation time: 3.3025
Iter Num: 100
Full time: 331.9
Avg time: 6.638
Residual: 3.58364e-09
||Ax-b|| = 3.58365e-09
Error: 5.12588e-09


PS:

Read file <./err_files/200/4.err> for stderr output of this job.

Sender: LSF System <lsfadmin@polus-c3-ib.bmc.hpc.cs.msu.ru>
Subject: Job 884365: <#BSUB -W 00:15;#BSUB -o "./out_files/200/4.out";#BSUB -e "./err_files/200/4.err";#BSUB -R "affinity[core(2)]";OMP_NUM_THREADS=4;/polusfs/lsf/openmp/launchOpenMP.py ./prog 200> in cluster <MSUCluster> Done

Job <#BSUB -W 00:15;#BSUB -o "./out_files/200/4.out";#BSUB -e "./err_files/200/4.err";#BSUB -R "affinity[core(2)]";OMP_NUM_THREADS=4;/polusfs/lsf/openmp/launchOpenMP.py ./prog 200> was submitted from host <polus-ib.bmc.hpc.cs.msu.ru> by user <edu-cmc-sqi21-01> in cluster <MSUCluster> at Wed May 25 02:50:37 2022
Job was executed on host(s) <polus-c3-ib.bmc.hpc.cs.msu.ru>, in queue <short>, as user <edu-cmc-sqi21-01> in cluster <MSUCluster> at Wed May 25 04:23:21 2022
</home_edu/edu-cmc-sqi21/edu-cmc-sqi21-01> was used as the home directory.
</home_edu/edu-cmc-sqi21/edu-cmc-sqi21-01/Prac/prac/task3> was used as the working directory.
Started at Wed May 25 04:23:21 2022
Terminated at Wed May 25 04:28:56 2022
Results reported at Wed May 25 04:28:56 2022

Your job looked like:

------------------------------------------------------------
# LSBATCH: User input
#BSUB -W 00:15
#BSUB -o "./out_files/200/4.out"
#BSUB -e "./err_files/200/4.err"
#BSUB -R "affinity[core(2)]"
OMP_NUM_THREADS=4
/polusfs/lsf/openmp/launchOpenMP.py ./prog 200

------------------------------------------------------------

Successfully completed.

Resource usage summary:

    CPU time :                                   1233.49 sec.
    Max Memory :                                 1074 MB
    Average Memory :                             996.48 MB
    Total Requested Memory :                     -
    Delta Memory :                               -
    Max Swap :                                   -
    Max Processes :                              4
    Max Threads :                                8
    Run time :                                   335 sec.
    Turnaround time :                            5899 sec.

The output (if any) follows:

Generation started
Generation time: 3.31528
Iter Num: 100
Full time: 331.568
Avg time: 6.63137
Residual: 3.58364e-09
||Ax-b|| = 3.58365e-09
Error: 5.12588e-09


PS:

Read file <./err_files/200/4.err> for stderr output of this job.

