Sender: LSF System <lsfadmin@polus-c3-ib.bmc.hpc.cs.msu.ru>
Subject: Job 878035: <#BSUB -W 00:15;#BSUB -o "./out_files/10000/128.out";#BSUB -e "./err_files/10000/128.err";#BSUB -R "affinity[core(17)]";OMP_NUM_THREADS=128;/polusfs/lsf/openmp/launchOpenMP.py ./prog 10000> in cluster <MSUCluster> Done

Job <#BSUB -W 00:15;#BSUB -o "./out_files/10000/128.out";#BSUB -e "./err_files/10000/128.err";#BSUB -R "affinity[core(17)]";OMP_NUM_THREADS=128;/polusfs/lsf/openmp/launchOpenMP.py ./prog 10000> was submitted from host <polus-ib.bmc.hpc.cs.msu.ru> by user <edu-cmc-sqi21-01> in cluster <MSUCluster> at Thu Apr 28 02:05:28 2022
Job was executed on host(s) <polus-c3-ib.bmc.hpc.cs.msu.ru>, in queue <short>, as user <edu-cmc-sqi21-01> in cluster <MSUCluster> at Thu Apr 28 02:43:51 2022
</home_edu/edu-cmc-sqi21/edu-cmc-sqi21-01> was used as the home directory.
</home_edu/edu-cmc-sqi21/edu-cmc-sqi21-01/Prac/6_sem_prac/task1> was used as the working directory.
Started at Thu Apr 28 02:43:51 2022
Terminated at Thu Apr 28 02:44:50 2022
Results reported at Thu Apr 28 02:44:50 2022

Your job looked like:

------------------------------------------------------------
# LSBATCH: User input
#BSUB -W 00:15
#BSUB -o "./out_files/10000/128.out"
#BSUB -e "./err_files/10000/128.err"
#BSUB -R "affinity[core(17)]"
OMP_NUM_THREADS=128
/polusfs/lsf/openmp/launchOpenMP.py ./prog 10000

------------------------------------------------------------

Successfully completed.

Resource usage summary:

    CPU time :                                   7010.25 sec.
    Max Memory :                                 1522 MB
    Average Memory :                             914.73 MB
    Total Requested Memory :                     -
    Delta Memory :                               -
    Max Swap :                                   -
    Max Processes :                              4
    Max Threads :                                132
    Run time :                                   59 sec.
    Turnaround time :                            2362 sec.

The output (if any) follows:

To R Matrix time: 50.8102
Gauss time: 1.62514
Full time: 52.4353
Residual: 4.14347e-11


PS:

Read file <./err_files/10000/128.err> for stderr output of this job.

