Sender: LSF System <lsfadmin@polus-c3-ib.bmc.hpc.cs.msu.ru>
Subject: Job 881597: <# this file was automaticly created by mpisubmit.pl script for edu-cmc-sqi21-01 #;source /polusfs/setenv/setup.SMPI;#BSUB -n 4;#BSUB -W 00:15;#BSUB -o ./out_files/10000/4.out;#BSUB -e ./err_files/10000/4.err;OMP_NUM_THREADS=1 mpiexec ./prog 10000> in cluster <MSUCluster> Exited

Job <# this file was automaticly created by mpisubmit.pl script for edu-cmc-sqi21-01 #;source /polusfs/setenv/setup.SMPI;#BSUB -n 4;#BSUB -W 00:15;#BSUB -o ./out_files/10000/4.out;#BSUB -e ./err_files/10000/4.err;OMP_NUM_THREADS=1 mpiexec ./prog 10000> was submitted from host <polus-ib.bmc.hpc.cs.msu.ru> by user <edu-cmc-sqi21-01> in cluster <MSUCluster> at Thu May 19 09:16:23 2022
Job was executed on host(s) <4*polus-c3-ib.bmc.hpc.cs.msu.ru>, in queue <short>, as user <edu-cmc-sqi21-01> in cluster <MSUCluster> at Thu May 19 09:34:18 2022
</home_edu/edu-cmc-sqi21/edu-cmc-sqi21-01> was used as the home directory.
</home_edu/edu-cmc-sqi21/edu-cmc-sqi21-01/Prac/prac/task2> was used as the working directory.
Started at Thu May 19 09:34:18 2022
Terminated at Thu May 19 09:49:17 2022
Results reported at Thu May 19 09:49:17 2022

Your job looked like:

------------------------------------------------------------
# LSBATCH: User input
# this file was automaticly created by mpisubmit.pl script for edu-cmc-sqi21-01 #
source /polusfs/setenv/setup.SMPI
#BSUB -n 4
#BSUB -W 00:15
#BSUB -o ./out_files/10000/4.out
#BSUB -e ./err_files/10000/4.err
OMP_NUM_THREADS=1 mpiexec ./prog 10000

------------------------------------------------------------

TERM_RUNLIMIT: job killed after reaching LSF run time limit.
Exited with exit code 140.

Resource usage summary:

    CPU time :                                   3591.00 sec.
    Max Memory :                                 1563 MB
    Average Memory :                             1514.87 MB
    Total Requested Memory :                     -
    Delta Memory :                               -
    Max Swap :                                   -
    Max Processes :                              8
    Max Threads :                                21
    Run time :                                   905 sec.
    Turnaround time :                            1974 sec.

The output (if any) follows:

Number of proccessors: 4
--------------------------------------------------------------------------
mpiexec noticed that process rank 1 with PID 0 on node polus-c3-ib exited on signal 12 (User defined signal 2).
--------------------------------------------------------------------------


PS:

Read file <./err_files/10000/4.err> for stderr output of this job.

Sender: LSF System <lsfadmin@polus-c4-ib.bmc.hpc.cs.msu.ru>
Subject: Job 881621: <# this file was automaticly created by mpisubmit.pl script for edu-cmc-sqi21-01 #;source /polusfs/setenv/setup.SMPI;#BSUB -n 4;#BSUB -W 00:15;#BSUB -o ./out_files/10000/4.out;#BSUB -e ./err_files/10000/4.err;OMP_NUM_THREADS=1 mpiexec ./prog 10000> in cluster <MSUCluster> Exited

Job <# this file was automaticly created by mpisubmit.pl script for edu-cmc-sqi21-01 #;source /polusfs/setenv/setup.SMPI;#BSUB -n 4;#BSUB -W 00:15;#BSUB -o ./out_files/10000/4.out;#BSUB -e ./err_files/10000/4.err;OMP_NUM_THREADS=1 mpiexec ./prog 10000> was submitted from host <polus-ib.bmc.hpc.cs.msu.ru> by user <edu-cmc-sqi21-01> in cluster <MSUCluster> at Thu May 19 09:16:24 2022
Job was executed on host(s) <3*polus-c4-ib.bmc.hpc.cs.msu.ru>, in queue <short>, as user <edu-cmc-sqi21-01> in cluster <MSUCluster> at Thu May 19 10:01:16 2022
                            <1*polus-c1-ib.bmc.hpc.cs.msu.ru>
</home_edu/edu-cmc-sqi21/edu-cmc-sqi21-01> was used as the home directory.
</home_edu/edu-cmc-sqi21/edu-cmc-sqi21-01/Prac/prac/task2> was used as the working directory.
Started at Thu May 19 10:01:16 2022
Terminated at Thu May 19 10:16:18 2022
Results reported at Thu May 19 10:16:18 2022

Your job looked like:

------------------------------------------------------------
# LSBATCH: User input
# this file was automaticly created by mpisubmit.pl script for edu-cmc-sqi21-01 #
source /polusfs/setenv/setup.SMPI
#BSUB -n 4
#BSUB -W 00:15
#BSUB -o ./out_files/10000/4.out
#BSUB -e ./err_files/10000/4.err
OMP_NUM_THREADS=1 mpiexec ./prog 10000

------------------------------------------------------------

TERM_RUNLIMIT: job killed after reaching LSF run time limit.
Exited with exit code 140.

Resource usage summary:

    CPU time :                                   3600.00 sec.
    Max Memory :                                 1577 MB
    Average Memory :                             1546.99 MB
    Total Requested Memory :                     -
    Delta Memory :                               -
    Max Swap :                                   -
    Max Processes :                              9
    Max Threads :                                25
    Run time :                                   903 sec.
    Turnaround time :                            3594 sec.

The output (if any) follows:

Number of proccessors: 4
--------------------------------------------------------------------------
mpiexec noticed that process rank 1 with PID 0 on node polus-c4-ib exited on signal 12 (User defined signal 2).
--------------------------------------------------------------------------


PS:

Read file <./err_files/10000/4.err> for stderr output of this job.

Sender: LSF System <lsfadmin@polus-c1-ib.bmc.hpc.cs.msu.ru>
Subject: Job 881645: <# this file was automaticly created by mpisubmit.pl script for edu-cmc-sqi21-01 #;source /polusfs/setenv/setup.SMPI;#BSUB -n 4;#BSUB -W 00:15;#BSUB -o ./out_files/10000/4.out;#BSUB -e ./err_files/10000/4.err;OMP_NUM_THREADS=1 mpiexec ./prog 10000> in cluster <MSUCluster> Exited

Job <# this file was automaticly created by mpisubmit.pl script for edu-cmc-sqi21-01 #;source /polusfs/setenv/setup.SMPI;#BSUB -n 4;#BSUB -W 00:15;#BSUB -o ./out_files/10000/4.out;#BSUB -e ./err_files/10000/4.err;OMP_NUM_THREADS=1 mpiexec ./prog 10000> was submitted from host <polus-ib.bmc.hpc.cs.msu.ru> by user <edu-cmc-sqi21-01> in cluster <MSUCluster> at Thu May 19 09:16:24 2022
Job was executed on host(s) <4*polus-c1-ib.bmc.hpc.cs.msu.ru>, in queue <short>, as user <edu-cmc-sqi21-01> in cluster <MSUCluster> at Thu May 19 10:32:27 2022
</home_edu/edu-cmc-sqi21/edu-cmc-sqi21-01> was used as the home directory.
</home_edu/edu-cmc-sqi21/edu-cmc-sqi21-01/Prac/prac/task2> was used as the working directory.
Started at Thu May 19 10:32:27 2022
Terminated at Thu May 19 10:47:25 2022
Results reported at Thu May 19 10:47:25 2022

Your job looked like:

------------------------------------------------------------
# LSBATCH: User input
# this file was automaticly created by mpisubmit.pl script for edu-cmc-sqi21-01 #
source /polusfs/setenv/setup.SMPI
#BSUB -n 4
#BSUB -W 00:15
#BSUB -o ./out_files/10000/4.out
#BSUB -e ./err_files/10000/4.err
OMP_NUM_THREADS=1 mpiexec ./prog 10000

------------------------------------------------------------

TERM_RUNLIMIT: job killed after reaching LSF run time limit.
Exited with exit code 140.

Resource usage summary:

    CPU time :                                   3588.00 sec.
    Max Memory :                                 1563 MB
    Average Memory :                             1520.61 MB
    Total Requested Memory :                     -
    Delta Memory :                               -
    Max Swap :                                   -
    Max Processes :                              8
    Max Threads :                                21
    Run time :                                   902 sec.
    Turnaround time :                            5461 sec.

The output (if any) follows:

Number of proccessors: 4
--------------------------------------------------------------------------
mpiexec noticed that process rank 2 with PID 0 on node polus-c1-ib exited on signal 12 (User defined signal 2).
--------------------------------------------------------------------------


PS:

Read file <./err_files/10000/4.err> for stderr output of this job.

Sender: LSF System <lsfadmin@polus-c1-ib.bmc.hpc.cs.msu.ru>
Subject: Job 881669: <# this file was automaticly created by mpisubmit.pl script for edu-cmc-sqi21-01 #;source /polusfs/setenv/setup.SMPI;#BSUB -n 4;#BSUB -W 00:15;#BSUB -o ./out_files/10000/4.out;#BSUB -e ./err_files/10000/4.err;OMP_NUM_THREADS=1 mpiexec ./prog 10000> in cluster <MSUCluster> Exited

Job <# this file was automaticly created by mpisubmit.pl script for edu-cmc-sqi21-01 #;source /polusfs/setenv/setup.SMPI;#BSUB -n 4;#BSUB -W 00:15;#BSUB -o ./out_files/10000/4.out;#BSUB -e ./err_files/10000/4.err;OMP_NUM_THREADS=1 mpiexec ./prog 10000> was submitted from host <polus-ib.bmc.hpc.cs.msu.ru> by user <edu-cmc-sqi21-01> in cluster <MSUCluster> at Thu May 19 09:16:25 2022
Job was executed on host(s) <4*polus-c1-ib.bmc.hpc.cs.msu.ru>, in queue <short>, as user <edu-cmc-sqi21-01> in cluster <MSUCluster> at Thu May 19 11:06:43 2022
</home_edu/edu-cmc-sqi21/edu-cmc-sqi21-01> was used as the home directory.
</home_edu/edu-cmc-sqi21/edu-cmc-sqi21-01/Prac/prac/task2> was used as the working directory.
Started at Thu May 19 11:06:43 2022
Terminated at Thu May 19 11:21:43 2022
Results reported at Thu May 19 11:21:43 2022

Your job looked like:

------------------------------------------------------------
# LSBATCH: User input
# this file was automaticly created by mpisubmit.pl script for edu-cmc-sqi21-01 #
source /polusfs/setenv/setup.SMPI
#BSUB -n 4
#BSUB -W 00:15
#BSUB -o ./out_files/10000/4.out
#BSUB -e ./err_files/10000/4.err
OMP_NUM_THREADS=1 mpiexec ./prog 10000

------------------------------------------------------------

TERM_RUNLIMIT: job killed after reaching LSF run time limit.
Exited with exit code 140.

Resource usage summary:

    CPU time :                                   3594.00 sec.
    Max Memory :                                 1563 MB
    Average Memory :                             1514.11 MB
    Total Requested Memory :                     -
    Delta Memory :                               -
    Max Swap :                                   -
    Max Processes :                              8
    Max Threads :                                21
    Run time :                                   905 sec.
    Turnaround time :                            7518 sec.

The output (if any) follows:

Number of proccessors: 4
--------------------------------------------------------------------------
mpiexec noticed that process rank 2 with PID 0 on node polus-c1-ib exited on signal 12 (User defined signal 2).
--------------------------------------------------------------------------


PS:

Read file <./err_files/10000/4.err> for stderr output of this job.

