Sender: LSF System <lsfadmin@polus-c3-ib.bmc.hpc.cs.msu.ru>
Subject: Job 1042738: <# this file was automaticly created by mpisubmit.pl script for edu-cmc-sqi21-01 #;source /polusfs/setenv/setup.SMPI;#BSUB -n 16;#BSUB -W 00:30;#BSUB -o ./out_files/1000/16.out;#BSUB -e ./err_files/1000/16.err;OMP_NUM_THREADS=1 mpiexec ./prog polus 1000> in cluster <MSUCluster> Done

Job <# this file was automaticly created by mpisubmit.pl script for edu-cmc-sqi21-01 #;source /polusfs/setenv/setup.SMPI;#BSUB -n 16;#BSUB -W 00:30;#BSUB -o ./out_files/1000/16.out;#BSUB -e ./err_files/1000/16.err;OMP_NUM_THREADS=1 mpiexec ./prog polus 1000> was submitted from host <polus-ib.bmc.hpc.cs.msu.ru> by user <edu-cmc-sqi21-01> in cluster <MSUCluster> at Wed Apr 12 02:36:52 2023
Job was executed on host(s) <15*polus-c3-ib.bmc.hpc.cs.msu.ru>, in queue <short>, as user <edu-cmc-sqi21-01> in cluster <MSUCluster> at Wed Apr 12 02:36:58 2023
                            <1*polus-c4-ib.bmc.hpc.cs.msu.ru>
</home_edu/edu-cmc-sqi21/edu-cmc-sqi21-01> was used as the home directory.
</home_edu/edu-cmc-sqi21/edu-cmc-sqi21-01/Prac/prac/sem8/mpi> was used as the working directory.
Started at Wed Apr 12 02:36:58 2023
Terminated at Wed Apr 12 02:37:00 2023
Results reported at Wed Apr 12 02:37:00 2023

Your job looked like:

------------------------------------------------------------
# LSBATCH: User input
# this file was automaticly created by mpisubmit.pl script for edu-cmc-sqi21-01 #
source /polusfs/setenv/setup.SMPI
#BSUB -n 16
#BSUB -W 00:30
#BSUB -o ./out_files/1000/16.out
#BSUB -e ./err_files/1000/16.err
OMP_NUM_THREADS=1 mpiexec ./prog polus 1000

------------------------------------------------------------

Successfully completed.

Resource usage summary:

    CPU time :                                   1.75 sec.
    Max Memory :                                 800 MB
    Average Memory :                             327.33 MB
    Total Requested Memory :                     -
    Delta Memory :                               -
    Max Swap :                                   -
    Max Processes :                              19
    Max Threads :                                54
    Run time :                                   3 sec.
    Turnaround time :                            8 sec.

The output (if any) follows:



PS:

Read file <./err_files/1000/16.err> for stderr output of this job.

Sender: LSF System <lsfadmin@polus-c3-ib.bmc.hpc.cs.msu.ru>
Subject: Job 1042756: <# this file was automaticly created by mpisubmit.pl script for edu-cmc-sqi21-01 #;source /polusfs/setenv/setup.SMPI;#BSUB -n 16;#BSUB -W 00:30;#BSUB -o ./out_files/1000/16.out;#BSUB -e ./err_files/1000/16.err;OMP_NUM_THREADS=1 mpiexec ./prog polus 1000> in cluster <MSUCluster> Done

Job <# this file was automaticly created by mpisubmit.pl script for edu-cmc-sqi21-01 #;source /polusfs/setenv/setup.SMPI;#BSUB -n 16;#BSUB -W 00:30;#BSUB -o ./out_files/1000/16.out;#BSUB -e ./err_files/1000/16.err;OMP_NUM_THREADS=1 mpiexec ./prog polus 1000> was submitted from host <polus-ib.bmc.hpc.cs.msu.ru> by user <edu-cmc-sqi21-01> in cluster <MSUCluster> at Wed Apr 12 02:36:53 2023
Job was executed on host(s) <16*polus-c3-ib.bmc.hpc.cs.msu.ru>, in queue <short>, as user <edu-cmc-sqi21-01> in cluster <MSUCluster> at Wed Apr 12 02:37:10 2023
</home_edu/edu-cmc-sqi21/edu-cmc-sqi21-01> was used as the home directory.
</home_edu/edu-cmc-sqi21/edu-cmc-sqi21-01/Prac/prac/sem8/mpi> was used as the working directory.
Started at Wed Apr 12 02:37:10 2023
Terminated at Wed Apr 12 02:37:12 2023
Results reported at Wed Apr 12 02:37:12 2023

Your job looked like:

------------------------------------------------------------
# LSBATCH: User input
# this file was automaticly created by mpisubmit.pl script for edu-cmc-sqi21-01 #
source /polusfs/setenv/setup.SMPI
#BSUB -n 16
#BSUB -W 00:30
#BSUB -o ./out_files/1000/16.out
#BSUB -e ./err_files/1000/16.err
OMP_NUM_THREADS=1 mpiexec ./prog polus 1000

------------------------------------------------------------

Successfully completed.

Resource usage summary:

    CPU time :                                   1.47 sec.
    Max Memory :                                 240 MB
    Average Memory :                             161.00 MB
    Total Requested Memory :                     -
    Delta Memory :                               -
    Max Swap :                                   -
    Max Processes :                              20
    Max Threads :                                57
    Run time :                                   1 sec.
    Turnaround time :                            19 sec.

The output (if any) follows:



PS:

Read file <./err_files/1000/16.err> for stderr output of this job.

Sender: LSF System <lsfadmin@polus-c3-ib.bmc.hpc.cs.msu.ru>
Subject: Job 1042774: <# this file was automaticly created by mpisubmit.pl script for edu-cmc-sqi21-01 #;source /polusfs/setenv/setup.SMPI;#BSUB -n 16;#BSUB -W 00:30;#BSUB -o ./out_files/1000/16.out;#BSUB -e ./err_files/1000/16.err;OMP_NUM_THREADS=1 mpiexec ./prog polus 1000> in cluster <MSUCluster> Done

Job <# this file was automaticly created by mpisubmit.pl script for edu-cmc-sqi21-01 #;source /polusfs/setenv/setup.SMPI;#BSUB -n 16;#BSUB -W 00:30;#BSUB -o ./out_files/1000/16.out;#BSUB -e ./err_files/1000/16.err;OMP_NUM_THREADS=1 mpiexec ./prog polus 1000> was submitted from host <polus-ib.bmc.hpc.cs.msu.ru> by user <edu-cmc-sqi21-01> in cluster <MSUCluster> at Wed Apr 12 02:36:53 2023
Job was executed on host(s) <16*polus-c3-ib.bmc.hpc.cs.msu.ru>, in queue <short>, as user <edu-cmc-sqi21-01> in cluster <MSUCluster> at Wed Apr 12 02:37:24 2023
</home_edu/edu-cmc-sqi21/edu-cmc-sqi21-01> was used as the home directory.
</home_edu/edu-cmc-sqi21/edu-cmc-sqi21-01/Prac/prac/sem8/mpi> was used as the working directory.
Started at Wed Apr 12 02:37:24 2023
Terminated at Wed Apr 12 02:37:26 2023
Results reported at Wed Apr 12 02:37:26 2023

Your job looked like:

------------------------------------------------------------
# LSBATCH: User input
# this file was automaticly created by mpisubmit.pl script for edu-cmc-sqi21-01 #
source /polusfs/setenv/setup.SMPI
#BSUB -n 16
#BSUB -W 00:30
#BSUB -o ./out_files/1000/16.out
#BSUB -e ./err_files/1000/16.err
OMP_NUM_THREADS=1 mpiexec ./prog polus 1000

------------------------------------------------------------

Successfully completed.

Resource usage summary:

    CPU time :                                   1.79 sec.
    Max Memory :                                 861 MB
    Average Memory :                             574.33 MB
    Total Requested Memory :                     -
    Delta Memory :                               -
    Max Swap :                                   -
    Max Processes :                              20
    Max Threads :                                57
    Run time :                                   2 sec.
    Turnaround time :                            33 sec.

The output (if any) follows:



PS:

Read file <./err_files/1000/16.err> for stderr output of this job.

Sender: LSF System <lsfadmin@polus-c3-ib.bmc.hpc.cs.msu.ru>
Subject: Job 1042792: <# this file was automaticly created by mpisubmit.pl script for edu-cmc-sqi21-01 #;source /polusfs/setenv/setup.SMPI;#BSUB -n 16;#BSUB -W 00:30;#BSUB -o ./out_files/1000/16.out;#BSUB -e ./err_files/1000/16.err;OMP_NUM_THREADS=1 mpiexec ./prog polus 1000> in cluster <MSUCluster> Done

Job <# this file was automaticly created by mpisubmit.pl script for edu-cmc-sqi21-01 #;source /polusfs/setenv/setup.SMPI;#BSUB -n 16;#BSUB -W 00:30;#BSUB -o ./out_files/1000/16.out;#BSUB -e ./err_files/1000/16.err;OMP_NUM_THREADS=1 mpiexec ./prog polus 1000> was submitted from host <polus-ib.bmc.hpc.cs.msu.ru> by user <edu-cmc-sqi21-01> in cluster <MSUCluster> at Wed Apr 12 02:36:54 2023
Job was executed on host(s) <16*polus-c3-ib.bmc.hpc.cs.msu.ru>, in queue <short>, as user <edu-cmc-sqi21-01> in cluster <MSUCluster> at Wed Apr 12 02:37:31 2023
</home_edu/edu-cmc-sqi21/edu-cmc-sqi21-01> was used as the home directory.
</home_edu/edu-cmc-sqi21/edu-cmc-sqi21-01/Prac/prac/sem8/mpi> was used as the working directory.
Started at Wed Apr 12 02:37:31 2023
Terminated at Wed Apr 12 02:37:33 2023
Results reported at Wed Apr 12 02:37:33 2023

Your job looked like:

------------------------------------------------------------
# LSBATCH: User input
# this file was automaticly created by mpisubmit.pl script for edu-cmc-sqi21-01 #
source /polusfs/setenv/setup.SMPI
#BSUB -n 16
#BSUB -W 00:30
#BSUB -o ./out_files/1000/16.out
#BSUB -e ./err_files/1000/16.err
OMP_NUM_THREADS=1 mpiexec ./prog polus 1000

------------------------------------------------------------

Successfully completed.

Resource usage summary:

    CPU time :                                   1.56 sec.
    Max Memory :                                 3 MB
    Average Memory :                             1.67 MB
    Total Requested Memory :                     -
    Delta Memory :                               -
    Max Swap :                                   -
    Max Processes :                              1
    Max Threads :                                1
    Run time :                                   2 sec.
    Turnaround time :                            39 sec.

The output (if any) follows:



PS:

Read file <./err_files/1000/16.err> for stderr output of this job.

