Sender: LSF System <lsfadmin@polus-c3-ib.bmc.hpc.cs.msu.ru>
Subject: Job 1042736: <# this file was automaticly created by mpisubmit.pl script for edu-cmc-sqi21-01 #;source /polusfs/setenv/setup.SMPI;#BSUB -n 4;#BSUB -W 00:30;#BSUB -o ./out_files/1000/4.out;#BSUB -e ./err_files/1000/4.err;OMP_NUM_THREADS=1 mpiexec ./prog polus 1000> in cluster <MSUCluster> Done

Job <# this file was automaticly created by mpisubmit.pl script for edu-cmc-sqi21-01 #;source /polusfs/setenv/setup.SMPI;#BSUB -n 4;#BSUB -W 00:30;#BSUB -o ./out_files/1000/4.out;#BSUB -e ./err_files/1000/4.err;OMP_NUM_THREADS=1 mpiexec ./prog polus 1000> was submitted from host <polus-ib.bmc.hpc.cs.msu.ru> by user <edu-cmc-sqi21-01> in cluster <MSUCluster> at Wed Apr 12 02:36:52 2023
Job was executed on host(s) <4*polus-c3-ib.bmc.hpc.cs.msu.ru>, in queue <short>, as user <edu-cmc-sqi21-01> in cluster <MSUCluster> at Wed Apr 12 02:36:53 2023
</home_edu/edu-cmc-sqi21/edu-cmc-sqi21-01> was used as the home directory.
</home_edu/edu-cmc-sqi21/edu-cmc-sqi21-01/Prac/prac/sem8/mpi> was used as the working directory.
Started at Wed Apr 12 02:36:53 2023
Terminated at Wed Apr 12 02:36:56 2023
Results reported at Wed Apr 12 02:36:56 2023

Your job looked like:

------------------------------------------------------------
# LSBATCH: User input
# this file was automaticly created by mpisubmit.pl script for edu-cmc-sqi21-01 #
source /polusfs/setenv/setup.SMPI
#BSUB -n 4
#BSUB -W 00:30
#BSUB -o ./out_files/1000/4.out
#BSUB -e ./err_files/1000/4.err
OMP_NUM_THREADS=1 mpiexec ./prog polus 1000

------------------------------------------------------------

Successfully completed.

Resource usage summary:

    CPU time :                                   0.64 sec.
    Max Memory :                                 68 MB
    Average Memory :                             0.33 MB
    Total Requested Memory :                     -
    Delta Memory :                               -
    Max Swap :                                   -
    Max Processes :                              8
    Max Threads :                                21
    Run time :                                   2 sec.
    Turnaround time :                            4 sec.

The output (if any) follows:



PS:

Read file <./err_files/1000/4.err> for stderr output of this job.

Sender: LSF System <lsfadmin@polus-c3-ib.bmc.hpc.cs.msu.ru>
Subject: Job 1042754: <# this file was automaticly created by mpisubmit.pl script for edu-cmc-sqi21-01 #;source /polusfs/setenv/setup.SMPI;#BSUB -n 4;#BSUB -W 00:30;#BSUB -o ./out_files/1000/4.out;#BSUB -e ./err_files/1000/4.err;OMP_NUM_THREADS=1 mpiexec ./prog polus 1000> in cluster <MSUCluster> Done

Job <# this file was automaticly created by mpisubmit.pl script for edu-cmc-sqi21-01 #;source /polusfs/setenv/setup.SMPI;#BSUB -n 4;#BSUB -W 00:30;#BSUB -o ./out_files/1000/4.out;#BSUB -e ./err_files/1000/4.err;OMP_NUM_THREADS=1 mpiexec ./prog polus 1000> was submitted from host <polus-ib.bmc.hpc.cs.msu.ru> by user <edu-cmc-sqi21-01> in cluster <MSUCluster> at Wed Apr 12 02:36:53 2023
Job was executed on host(s) <3*polus-c3-ib.bmc.hpc.cs.msu.ru>, in queue <short>, as user <edu-cmc-sqi21-01> in cluster <MSUCluster> at Wed Apr 12 02:37:05 2023
                            <1*polus-c4-ib.bmc.hpc.cs.msu.ru>
</home_edu/edu-cmc-sqi21/edu-cmc-sqi21-01> was used as the home directory.
</home_edu/edu-cmc-sqi21/edu-cmc-sqi21-01/Prac/prac/sem8/mpi> was used as the working directory.
Started at Wed Apr 12 02:37:05 2023
Terminated at Wed Apr 12 02:37:08 2023
Results reported at Wed Apr 12 02:37:08 2023

Your job looked like:

------------------------------------------------------------
# LSBATCH: User input
# this file was automaticly created by mpisubmit.pl script for edu-cmc-sqi21-01 #
source /polusfs/setenv/setup.SMPI
#BSUB -n 4
#BSUB -W 00:30
#BSUB -o ./out_files/1000/4.out
#BSUB -e ./err_files/1000/4.err
OMP_NUM_THREADS=1 mpiexec ./prog polus 1000

------------------------------------------------------------

Successfully completed.

Resource usage summary:

    CPU time :                                   0.75 sec.
    Max Memory :                                 18 MB
    Average Memory :                             13.00 MB
    Total Requested Memory :                     -
    Delta Memory :                               -
    Max Swap :                                   -
    Max Processes :                              4
    Max Threads :                                9
    Run time :                                   3 sec.
    Turnaround time :                            15 sec.

The output (if any) follows:



PS:

Read file <./err_files/1000/4.err> for stderr output of this job.

Sender: LSF System <lsfadmin@polus-c3-ib.bmc.hpc.cs.msu.ru>
Subject: Job 1042772: <# this file was automaticly created by mpisubmit.pl script for edu-cmc-sqi21-01 #;source /polusfs/setenv/setup.SMPI;#BSUB -n 4;#BSUB -W 00:30;#BSUB -o ./out_files/1000/4.out;#BSUB -e ./err_files/1000/4.err;OMP_NUM_THREADS=1 mpiexec ./prog polus 1000> in cluster <MSUCluster> Done

Job <# this file was automaticly created by mpisubmit.pl script for edu-cmc-sqi21-01 #;source /polusfs/setenv/setup.SMPI;#BSUB -n 4;#BSUB -W 00:30;#BSUB -o ./out_files/1000/4.out;#BSUB -e ./err_files/1000/4.err;OMP_NUM_THREADS=1 mpiexec ./prog polus 1000> was submitted from host <polus-ib.bmc.hpc.cs.msu.ru> by user <edu-cmc-sqi21-01> in cluster <MSUCluster> at Wed Apr 12 02:36:53 2023
Job was executed on host(s) <2*polus-c3-ib.bmc.hpc.cs.msu.ru>, in queue <short>, as user <edu-cmc-sqi21-01> in cluster <MSUCluster> at Wed Apr 12 02:37:14 2023
                            <2*polus-c4-ib.bmc.hpc.cs.msu.ru>
</home_edu/edu-cmc-sqi21/edu-cmc-sqi21-01> was used as the home directory.
</home_edu/edu-cmc-sqi21/edu-cmc-sqi21-01/Prac/prac/sem8/mpi> was used as the working directory.
Started at Wed Apr 12 02:37:14 2023
Terminated at Wed Apr 12 02:37:17 2023
Results reported at Wed Apr 12 02:37:17 2023

Your job looked like:

------------------------------------------------------------
# LSBATCH: User input
# this file was automaticly created by mpisubmit.pl script for edu-cmc-sqi21-01 #
source /polusfs/setenv/setup.SMPI
#BSUB -n 4
#BSUB -W 00:30
#BSUB -o ./out_files/1000/4.out
#BSUB -e ./err_files/1000/4.err
OMP_NUM_THREADS=1 mpiexec ./prog polus 1000

------------------------------------------------------------

Successfully completed.

Resource usage summary:

    CPU time :                                   0.73 sec.
    Max Memory :                                 18 MB
    Average Memory :                             12.33 MB
    Total Requested Memory :                     -
    Delta Memory :                               -
    Max Swap :                                   -
    Max Processes :                              4
    Max Threads :                                9
    Run time :                                   3 sec.
    Turnaround time :                            24 sec.

The output (if any) follows:



PS:

Read file <./err_files/1000/4.err> for stderr output of this job.

Sender: LSF System <lsfadmin@polus-c3-ib.bmc.hpc.cs.msu.ru>
Subject: Job 1042790: <# this file was automaticly created by mpisubmit.pl script for edu-cmc-sqi21-01 #;source /polusfs/setenv/setup.SMPI;#BSUB -n 4;#BSUB -W 00:30;#BSUB -o ./out_files/1000/4.out;#BSUB -e ./err_files/1000/4.err;OMP_NUM_THREADS=1 mpiexec ./prog polus 1000> in cluster <MSUCluster> Done

Job <# this file was automaticly created by mpisubmit.pl script for edu-cmc-sqi21-01 #;source /polusfs/setenv/setup.SMPI;#BSUB -n 4;#BSUB -W 00:30;#BSUB -o ./out_files/1000/4.out;#BSUB -e ./err_files/1000/4.err;OMP_NUM_THREADS=1 mpiexec ./prog polus 1000> was submitted from host <polus-ib.bmc.hpc.cs.msu.ru> by user <edu-cmc-sqi21-01> in cluster <MSUCluster> at Wed Apr 12 02:36:54 2023
Job was executed on host(s) <2*polus-c3-ib.bmc.hpc.cs.msu.ru>, in queue <short>, as user <edu-cmc-sqi21-01> in cluster <MSUCluster> at Wed Apr 12 02:37:20 2023
                            <2*polus-c4-ib.bmc.hpc.cs.msu.ru>
</home_edu/edu-cmc-sqi21/edu-cmc-sqi21-01> was used as the home directory.
</home_edu/edu-cmc-sqi21/edu-cmc-sqi21-01/Prac/prac/sem8/mpi> was used as the working directory.
Started at Wed Apr 12 02:37:20 2023
Terminated at Wed Apr 12 02:37:24 2023
Results reported at Wed Apr 12 02:37:24 2023

Your job looked like:

------------------------------------------------------------
# LSBATCH: User input
# this file was automaticly created by mpisubmit.pl script for edu-cmc-sqi21-01 #
source /polusfs/setenv/setup.SMPI
#BSUB -n 4
#BSUB -W 00:30
#BSUB -o ./out_files/1000/4.out
#BSUB -e ./err_files/1000/4.err
OMP_NUM_THREADS=1 mpiexec ./prog polus 1000

------------------------------------------------------------

Successfully completed.

Resource usage summary:

    CPU time :                                   0.82 sec.
    Max Memory :                                 18 MB
    Average Memory :                             1.00 MB
    Total Requested Memory :                     -
    Delta Memory :                               -
    Max Swap :                                   -
    Max Processes :                              4
    Max Threads :                                9
    Run time :                                   3 sec.
    Turnaround time :                            30 sec.

The output (if any) follows:



PS:

Read file <./err_files/1000/4.err> for stderr output of this job.

