[polus-c3-ib:122454] *** Process received signal ***
[polus-c3-ib:122454] Signal: Segmentation fault (11)
[polus-c3-ib:122454] Signal code: Address not mapped (1)
[polus-c3-ib:122454] Failing at address: 0x100013360000
[polus-c3-ib:122454] [ 0] [0x100000050478]
[polus-c3-ib:122454] [ 1] /opt/ibm/spectrum_mpi/lib/libcollectives.so(_ZN7LibColl18NativeInterfaceP2PILb1ELb0EE13sendMcastDoneEPvS2_13pami_result_t+0x6c)[0x1000029dcf2c]
[polus-c3-ib:122454] [ 2] /opt/ibm/spectrum_mpi/lib/pami_port/libpami.so(_ZN4PAMI6Device9Interface11PacketModelINS0_5Shmem11PacketModelINS0_11ShmemDeviceINS_4Fifo10LinearFifoINS6_10FifoPacketILj64ELj4096EEENS_7Counter8IndirectINSA_6NativeEEELj128EEESD_NS3_9CMAShaddrELj256ELj512EEEEEE15postMultiPacketILj512EEEbRAT__hPFvPvSM_13pami_result_tESM_mmSM_mSM_m+0x1c4)[0x1000027843e4]
[polus-c3-ib:122454] [ 3] /opt/ibm/spectrum_mpi/lib/pami_port/libpami.so(_ZN4PAMI8Protocol4Send11EagerSimpleINS_6Device5Shmem11PacketModelINS3_11ShmemDeviceINS_4Fifo10LinearFifoINS7_10FifoPacketILj64ELj4096EEENS_7Counter8IndirectINSB_6NativeEEELj128EEESE_NS4_9CMAShaddrELj256ELj512EEEEELNS1_15configuration_tE1EE11simple_implEP11pami_send_t+0x434)[0x100002784a94]
[polus-c3-ib:122454] [ 4] /opt/ibm/spectrum_mpi/lib/pami_port/libpami.so(_ZN4PAMI8Protocol4Send9EagerRgetINS_6Device5Shmem11PacketModelINS3_11ShmemDeviceINS_4Fifo10LinearFifoINS7_10FifoPacketILj64ELj4096EEENS_7Counter8IndirectINSB_6NativeEEELj128EEESE_NS4_9CMAShaddrELj256ELj512EEEEENS4_8DmaModelISH_Lb0EEEE6simpleEP11pami_send_t+0x6c)[0x100002784ffc]
[polus-c3-ib:122454] [ 5] /opt/ibm/spectrum_mpi/lib/pami_port/libpami.so(_ZN4PAMI8Protocol4Send9CompositeINS1_4SendES3_E6simpleEP11pami_send_t+0x40)[0x1000026f5380]
[polus-c3-ib:122454] [ 6] /opt/ibm/spectrum_mpi/lib/pami_port/libpami.so(PAMI_Send+0x58)[0x1000026e7b78]
[polus-c3-ib:122454] [ 7] /opt/ibm/spectrum_mpi/lib/libcollectives.so(_ZN7LibColl18NativeInterfaceP2PILb1ELb0EE19multicast_over_sendEPNS1_20p2p_multicast_send_tEm+0x128)[0x100002a7d3a8]
[polus-c3-ib:122454] [ 8] /opt/ibm/spectrum_mpi/lib/libcollectives.so(_ZN7LibColl18NativeInterfaceP2PILb1ELb0EE9multicastEPNS_14ni_multicast_tE+0x2bc)[0x100002a7d7cc]
[polus-c3-ib:122454] [ 9] /opt/ibm/spectrum_mpi/lib/libcollectives.so(_ZN4CCMI8Executor7ScatterINS_17ConnectionManager14CommSeqConnMgrE17libcoll_scatter_t22_extended_cheader_dataE8sendNextEv+0x20c)[0x100002a4421c]
[polus-c3-ib:122454] [10] /opt/ibm/spectrum_mpi/lib/libcollectives.so(_ZN4CCMI8Executor7ScatterINS_17ConnectionManager14CommSeqConnMgrE17libcoll_scatter_t22_extended_cheader_dataE14notifySendDoneEPvS7_16libcoll_result_t+0x34)[0x100002a44564]
[polus-c3-ib:122454] [11] /opt/ibm/spectrum_mpi/lib/libcollectives.so(_ZN7LibColl18NativeInterfaceP2PILb1ELb0EE13sendMcastDoneEPvS2_13pami_result_t+0x6c)[0x1000029dcf2c]
[polus-c3-ib:122454] [12] /opt/ibm/spectrum_mpi/lib/pami_port/libpami.so(_ZN4PAMI8Protocol4Send11EagerSimpleINS_6Device5Shmem11PacketModelINS3_11ShmemDeviceINS_4Fifo10LinearFifoINS7_10FifoPacketILj64ELj4096EEENS_7Counter8IndirectINSB_6NativeEEELj128EEESE_NS4_9CMAShaddrELj256ELj512EEEEELNS1_15configuration_tE1EE13send_completeEPvSL_13pami_result_t+0x4c)[0x1000027841bc]
[polus-c3-ib:122454] [13] /opt/ibm/spectrum_mpi/lib/pami_port/libpami.so(_ZN4PAMI6Device9Interface11PacketModelINS0_5Shmem11PacketModelINS0_11ShmemDeviceINS_4Fifo10LinearFifoINS6_10FifoPacketILj64ELj4096EEENS_7Counter8IndirectINSA_6NativeEEELj128EEESD_NS3_9CMAShaddrELj256ELj512EEEEEE15postMultiPacketILj512EEEbRAT__hPFvPvSM_13pami_result_tESM_mmSM_mSM_m+0x388)[0x1000027845a8]
[polus-c3-ib:122454] [14] /opt/ibm/spectrum_mpi/lib/pami_port/libpami.so(_ZN4PAMI8Protocol4Send11EagerSimpleINS_6Device5Shmem11PacketModelINS3_11ShmemDeviceINS_4Fifo10LinearFifoINS7_10FifoPacketILj64ELj4096EEENS_7Counter8IndirectINSB_6NativeEEELj128EEESE_NS4_9CMAShaddrELj256ELj512EEEEELNS1_15configuration_tE1EE11simple_implEP11pami_send_t+0x434)[0x100002784a94]
[polus-c3-ib:122454] [15] /opt/ibm/spectrum_mpi/lib/pami_port/libpami.so(_ZN4PAMI8Protocol4Send9EagerRgetINS_6Device5Shmem11PacketModelINS3_11ShmemDeviceINS_4Fifo10LinearFifoINS7_10FifoPacketILj64ELj4096EEENS_7Counter8IndirectINSB_6NativeEEELj128EEESE_NS4_9CMAShaddrELj256ELj512EEEEENS4_8DmaModelISH_Lb0EEEE6simpleEP11pami_send_t+0x6c)[0x100002784ffc]
[polus-c3-ib:122454] [16] /opt/ibm/spectrum_mpi/lib/pami_port/libpami.so(_ZN4PAMI8Protocol4Send9CompositeINS1_4SendES3_E6simpleEP11pami_send_t+0x40)[0x1000026f5380]
[polus-c3-ib:122454] [17] /opt/ibm/spectrum_mpi/lib/pami_port/libpami.so(PAMI_Send+0x58)[0x1000026e7b78]
[polus-c3-ib:122454] [18] /opt/ibm/spectrum_mpi/lib/libcollectives.so(_ZN7LibColl18NativeInterfaceP2PILb1ELb0EE19multicast_over_sendEPNS1_20p2p_multicast_send_tEm+0x128)[0x100002a7d3a8]
[polus-c3-ib:122454] [19] /opt/ibm/spectrum_mpi/lib/libcollectives.so(_ZN7LibColl18NativeInterfaceP2PILb1ELb0EE9multicastEPNS_14ni_multicast_tE+0x2bc)[0x100002a7d7cc]
[polus-c3-ib:122454] [20] /opt/ibm/spectrum_mpi/lib/libcollectives.so(_ZN4CCMI8Executor7ScatterINS_17ConnectionManager14CommSeqConnMgrE17libcoll_scatter_t22_extended_cheader_dataE8sendNextEv+0x20c)[0x100002a4421c]
[polus-c3-ib:122454] [21] /opt/ibm/spectrum_mpi/lib/libcollectives.so(_ZN4CCMI8Executor7ScatterINS_17ConnectionManager14CommSeqConnMgrE17libcoll_scatter_t22_extended_cheader_dataE14notifySendDoneEPvS7_16libcoll_result_t+0x34)[0x100002a44564]
[polus-c3-ib:122454] [22] /opt/ibm/spectrum_mpi/lib/libcollectives.so(_ZN7LibColl18NativeInterfaceP2PILb1ELb0EE13sendMcastDoneEPvS2_13pami_result_t+0x6c)[0x1000029dcf2c]
[polus-c3-ib:122454] [23] /opt/ibm/spectrum_mpi/lib/pami_port/libpami.so(_ZN4PAMI8Protocol4Send11EagerSimpleINS_6Device5Shmem11PacketModelINS3_11ShmemDeviceINS_4Fifo10LinearFifoINS7_10FifoPacketILj64ELj4096EEENS_7Counter8IndirectINSB_6NativeEEELj128EEESE_NS4_9CMAShaddrELj256ELj512EEEEELNS1_15configuration_tE1EE13send_completeEPvSL_13pami_result_t+0x4c)[0x1000027841bc]
[polus-c3-ib:122454] [24] /opt/ibm/spectrum_mpi/lib/pami_port/libpami.so(_ZN4PAMI6Device9Interface11PacketModelINS0_5Shmem11PacketModelINS0_11ShmemDeviceINS_4Fifo10LinearFifoINS6_10FifoPacketILj64ELj4096EEENS_7Counter8IndirectINSA_6NativeEEELj128EEESD_NS3_9CMAShaddrELj256ELj512EEEEEE15postMultiPacketILj512EEEbRAT__hPFvPvSM_13pami_result_tESM_mmSM_mSM_m+0x388)[0x1000027845a8]
[polus-c3-ib:122454] [25] /opt/ibm/spectrum_mpi/lib/pami_port/libpami.so(_ZN4PAMI8Protocol4Send11EagerSimpleINS_6Device5Shmem11PacketModelINS3_11ShmemDeviceINS_4Fifo10LinearFifoINS7_10FifoPacketILj64ELj4096EEENS_7Counter8IndirectINSB_6NativeEEELj128EEESE_NS4_9CMAShaddrELj256ELj512EEEEELNS1_15configuration_tE1EE11simple_implEP11pami_send_t+0x434)[0x100002784a94]
[polus-c3-ib:122454] [26] /opt/ibm/spectrum_mpi/lib/pami_port/libpami.so(_ZN4PAMI8Protocol4Send9EagerRgetINS_6Device5Shmem11PacketModelINS3_11ShmemDeviceINS_4Fifo10LinearFifoINS7_10FifoPacketILj64ELj4096EEENS_7Counter8IndirectINSB_6NativeEEELj128EEESE_NS4_9CMAShaddrELj256ELj512EEEEENS4_8DmaModelISH_Lb0EEEE6simpleEP11pami_send_t+0x6c)[0x100002784ffc]
[polus-c3-ib:122454] [27] /opt/ibm/spectrum_mpi/lib/pami_port/libpami.so(_ZN4PAMI8Protocol4Send9CompositeINS1_4SendES3_E6simpleEP11pami_send_t+0x40)[0x1000026f5380]
[polus-c3-ib:122454] [28] /opt/ibm/spectrum_mpi/lib/pami_port/libpami.so(PAMI_Send+0x58)[0x1000026e7b78]
[polus-c3-ib:122454] [29] /opt/ibm/spectrum_mpi/lib/libcollectives.so(_ZN7LibColl18NativeInterfaceP2PILb1ELb0EE19multicast_over_sendEPNS1_20p2p_multicast_send_tEm+0x128)[0x100002a7d3a8]
[polus-c3-ib:122454] *** End of error message ***
