Sender: LSF System <lsfadmin@polus-c1-ib.bmc.hpc.cs.msu.ru>
Subject: Job 878041: <#BSUB -W 00:15;#BSUB -o "./out_files/13000/32.out";#BSUB -e "./err_files/13000/32.err";#BSUB -R "affinity[core(5)]";OMP_NUM_THREADS=32;/polusfs/lsf/openmp/launchOpenMP.py ./prog 13000> in cluster <MSUCluster> Done

Job <#BSUB -W 00:15;#BSUB -o "./out_files/13000/32.out";#BSUB -e "./err_files/13000/32.err";#BSUB -R "affinity[core(5)]";OMP_NUM_THREADS=32;/polusfs/lsf/openmp/launchOpenMP.py ./prog 13000> was submitted from host <polus-ib.bmc.hpc.cs.msu.ru> by user <edu-cmc-sqi21-01> in cluster <MSUCluster> at Thu Apr 28 02:05:34 2022
Job was executed on host(s) <polus-c1-ib.bmc.hpc.cs.msu.ru>, in queue <short>, as user <edu-cmc-sqi21-01> in cluster <MSUCluster> at Thu Apr 28 02:45:20 2022
</home_edu/edu-cmc-sqi21/edu-cmc-sqi21-01> was used as the home directory.
</home_edu/edu-cmc-sqi21/edu-cmc-sqi21-01/Prac/6_sem_prac/task1> was used as the working directory.
Started at Thu Apr 28 02:45:20 2022
Terminated at Thu Apr 28 02:48:57 2022
Results reported at Thu Apr 28 02:48:57 2022

Your job looked like:

------------------------------------------------------------
# LSBATCH: User input
#BSUB -W 00:15
#BSUB -o "./out_files/13000/32.out"
#BSUB -e "./err_files/13000/32.err"
#BSUB -R "affinity[core(5)]"
OMP_NUM_THREADS=32
/polusfs/lsf/openmp/launchOpenMP.py ./prog 13000

------------------------------------------------------------

Successfully completed.

Resource usage summary:

    CPU time :                                   6729.91 sec.
    Max Memory :                                 1414 MB
    Average Memory :                             1258.44 MB
    Total Requested Memory :                     -
    Delta Memory :                               -
    Max Swap :                                   -
    Max Processes :                              4
    Max Threads :                                36
    Run time :                                   217 sec.
    Turnaround time :                            2603 sec.

The output (if any) follows:

To R Matrix time: 204.754
Gauss time: 2.42614
Full time: 207.18
Residual: 2.98987e-10


PS:

Read file <./err_files/13000/32.err> for stderr output of this job.

Sender: LSF System <lsfadmin@polus-c3-ib.bmc.hpc.cs.msu.ru>
Subject: Job 879574: <#BSUB -W 00:15;#BSUB -o "./out_files/13000/32.out";#BSUB -e "./err_files/13000/32.err";#BSUB -R "affinity[core(5)]";OMP_NUM_THREADS=32;/polusfs/lsf/openmp/launchOpenMP.py ./prog 13000> in cluster <MSUCluster> Done

Job <#BSUB -W 00:15;#BSUB -o "./out_files/13000/32.out";#BSUB -e "./err_files/13000/32.err";#BSUB -R "affinity[core(5)]";OMP_NUM_THREADS=32;/polusfs/lsf/openmp/launchOpenMP.py ./prog 13000> was submitted from host <polus-ib.bmc.hpc.cs.msu.ru> by user <edu-cmc-sqi21-01> in cluster <MSUCluster> at Wed May  4 21:25:26 2022
Job was executed on host(s) <polus-c3-ib.bmc.hpc.cs.msu.ru>, in queue <short>, as user <edu-cmc-sqi21-01> in cluster <MSUCluster> at Wed May  4 21:47:14 2022
</home_edu/edu-cmc-sqi21/edu-cmc-sqi21-01> was used as the home directory.
</home_edu/edu-cmc-sqi21/edu-cmc-sqi21-01/Prac/6_sem_prac/task1> was used as the working directory.
Started at Wed May  4 21:47:14 2022
Terminated at Wed May  4 21:50:50 2022
Results reported at Wed May  4 21:50:50 2022

Your job looked like:

------------------------------------------------------------
# LSBATCH: User input
#BSUB -W 00:15
#BSUB -o "./out_files/13000/32.out"
#BSUB -e "./err_files/13000/32.err"
#BSUB -R "affinity[core(5)]"
OMP_NUM_THREADS=32
/polusfs/lsf/openmp/launchOpenMP.py ./prog 13000

------------------------------------------------------------

Successfully completed.

Resource usage summary:

    CPU time :                                   6725.81 sec.
    Max Memory :                                 1415 MB
    Average Memory :                             1259.67 MB
    Total Requested Memory :                     -
    Delta Memory :                               -
    Max Swap :                                   -
    Max Processes :                              4
    Max Threads :                                36
    Run time :                                   217 sec.
    Turnaround time :                            1524 sec.

The output (if any) follows:

To R Matrix time: 204.822
Gauss time: 2.39893
Full time: 207.221
Residual: 2.98987e-10


PS:

Read file <./err_files/13000/32.err> for stderr output of this job.

