Sender: LSF System <lsfadmin@polus-c1-ib.bmc.hpc.cs.msu.ru>
Subject: Job 882139: <# this file was automaticly created by mpisubmit.pl script for edu-cmc-sqi21-01 #;source /polusfs/setenv/setup.SMPI;#BSUB -n 1;#BSUB -W 00:15;#BSUB -o ./out_files/6000/1.out;#BSUB -e ./err_files/6000/1.err;OMP_NUM_THREADS=1 mpiexec ./prog 6000> in cluster <MSUCluster> Exited

Job <# this file was automaticly created by mpisubmit.pl script for edu-cmc-sqi21-01 #;source /polusfs/setenv/setup.SMPI;#BSUB -n 1;#BSUB -W 00:15;#BSUB -o ./out_files/6000/1.out;#BSUB -e ./err_files/6000/1.err;OMP_NUM_THREADS=1 mpiexec ./prog 6000> was submitted from host <polus-ib.bmc.hpc.cs.msu.ru> by user <edu-cmc-sqi21-01> in cluster <MSUCluster> at Sat May 21 15:32:16 2022
Job was executed on host(s) <polus-c1-ib.bmc.hpc.cs.msu.ru>, in queue <short>, as user <edu-cmc-sqi21-01> in cluster <MSUCluster> at Sat May 21 15:32:23 2022
</home_edu/edu-cmc-sqi21/edu-cmc-sqi21-01> was used as the home directory.
</home_edu/edu-cmc-sqi21/edu-cmc-sqi21-01/Prac/prac/task2> was used as the working directory.
Started at Sat May 21 15:32:23 2022
Terminated at Sat May 21 15:47:29 2022
Results reported at Sat May 21 15:47:29 2022

Your job looked like:

------------------------------------------------------------
# LSBATCH: User input
# this file was automaticly created by mpisubmit.pl script for edu-cmc-sqi21-01 #
source /polusfs/setenv/setup.SMPI
#BSUB -n 1
#BSUB -W 00:15
#BSUB -o ./out_files/6000/1.out
#BSUB -e ./err_files/6000/1.err
OMP_NUM_THREADS=1 mpiexec ./prog 6000

------------------------------------------------------------

TERM_RUNLIMIT: job killed after reaching LSF run time limit.
Exited with exit code 140.

Resource usage summary:

    CPU time :                                   903.00 sec.
    Max Memory :                                 345 MB
    Average Memory :                             334.39 MB
    Total Requested Memory :                     -
    Delta Memory :                               -
    Max Swap :                                   -
    Max Processes :                              5
    Max Threads :                                12
    Run time :                                   905 sec.
    Turnaround time :                            913 sec.

The output (if any) follows:

Number of proccessors: 1
--------------------------------------------------------------------------
mpiexec noticed that process rank 0 with PID 0 on node polus-c1-ib exited on signal 12 (User defined signal 2).
--------------------------------------------------------------------------


PS:

Read file <./err_files/6000/1.err> for stderr output of this job.

Sender: LSF System <lsfadmin@polus-c3-ib.bmc.hpc.cs.msu.ru>
Subject: Job 882157: <# this file was automaticly created by mpisubmit.pl script for edu-cmc-sqi21-01 #;source /polusfs/setenv/setup.SMPI;#BSUB -n 1;#BSUB -W 00:15;#BSUB -o ./out_files/6000/1.out;#BSUB -e ./err_files/6000/1.err;OMP_NUM_THREADS=1 mpiexec ./prog 6000> in cluster <MSUCluster> Exited

Job <# this file was automaticly created by mpisubmit.pl script for edu-cmc-sqi21-01 #;source /polusfs/setenv/setup.SMPI;#BSUB -n 1;#BSUB -W 00:15;#BSUB -o ./out_files/6000/1.out;#BSUB -e ./err_files/6000/1.err;OMP_NUM_THREADS=1 mpiexec ./prog 6000> was submitted from host <polus-ib.bmc.hpc.cs.msu.ru> by user <edu-cmc-sqi21-01> in cluster <MSUCluster> at Sat May 21 15:32:17 2022
Job was executed on host(s) <polus-c3-ib.bmc.hpc.cs.msu.ru>, in queue <short>, as user <edu-cmc-sqi21-01> in cluster <MSUCluster> at Sat May 21 15:46:14 2022
</home_edu/edu-cmc-sqi21/edu-cmc-sqi21-01> was used as the home directory.
</home_edu/edu-cmc-sqi21/edu-cmc-sqi21-01/Prac/prac/task2> was used as the working directory.
Started at Sat May 21 15:46:14 2022
Terminated at Sat May 21 16:01:16 2022
Results reported at Sat May 21 16:01:16 2022

Your job looked like:

------------------------------------------------------------
# LSBATCH: User input
# this file was automaticly created by mpisubmit.pl script for edu-cmc-sqi21-01 #
source /polusfs/setenv/setup.SMPI
#BSUB -n 1
#BSUB -W 00:15
#BSUB -o ./out_files/6000/1.out
#BSUB -e ./err_files/6000/1.err
OMP_NUM_THREADS=1 mpiexec ./prog 6000

------------------------------------------------------------

TERM_RUNLIMIT: job killed after reaching LSF run time limit.
Exited with exit code 140.

Resource usage summary:

    CPU time :                                   901.00 sec.
    Max Memory :                                 345 MB
    Average Memory :                             334.23 MB
    Total Requested Memory :                     -
    Delta Memory :                               -
    Max Swap :                                   -
    Max Processes :                              5
    Max Threads :                                12
    Run time :                                   905 sec.
    Turnaround time :                            1739 sec.

The output (if any) follows:

Number of proccessors: 1
--------------------------------------------------------------------------
mpiexec noticed that process rank 0 with PID 0 on node polus-c3-ib exited on signal 12 (User defined signal 2).
--------------------------------------------------------------------------


PS:

Read file <./err_files/6000/1.err> for stderr output of this job.

Sender: LSF System <lsfadmin@polus-c1-ib.bmc.hpc.cs.msu.ru>
Subject: Job 882175: <# this file was automaticly created by mpisubmit.pl script for edu-cmc-sqi21-01 #;source /polusfs/setenv/setup.SMPI;#BSUB -n 1;#BSUB -W 00:15;#BSUB -o ./out_files/6000/1.out;#BSUB -e ./err_files/6000/1.err;OMP_NUM_THREADS=1 mpiexec ./prog 6000> in cluster <MSUCluster> Exited

Job <# this file was automaticly created by mpisubmit.pl script for edu-cmc-sqi21-01 #;source /polusfs/setenv/setup.SMPI;#BSUB -n 1;#BSUB -W 00:15;#BSUB -o ./out_files/6000/1.out;#BSUB -e ./err_files/6000/1.err;OMP_NUM_THREADS=1 mpiexec ./prog 6000> was submitted from host <polus-ib.bmc.hpc.cs.msu.ru> by user <edu-cmc-sqi21-01> in cluster <MSUCluster> at Sat May 21 15:32:17 2022
Job was executed on host(s) <polus-c1-ib.bmc.hpc.cs.msu.ru>, in queue <short>, as user <edu-cmc-sqi21-01> in cluster <MSUCluster> at Sat May 21 15:57:14 2022
</home_edu/edu-cmc-sqi21/edu-cmc-sqi21-01> was used as the home directory.
</home_edu/edu-cmc-sqi21/edu-cmc-sqi21-01/Prac/prac/task2> was used as the working directory.
Started at Sat May 21 15:57:14 2022
Terminated at Sat May 21 16:12:21 2022
Results reported at Sat May 21 16:12:21 2022

Your job looked like:

------------------------------------------------------------
# LSBATCH: User input
# this file was automaticly created by mpisubmit.pl script for edu-cmc-sqi21-01 #
source /polusfs/setenv/setup.SMPI
#BSUB -n 1
#BSUB -W 00:15
#BSUB -o ./out_files/6000/1.out
#BSUB -e ./err_files/6000/1.err
OMP_NUM_THREADS=1 mpiexec ./prog 6000

------------------------------------------------------------

TERM_RUNLIMIT: job killed after reaching LSF run time limit.
Exited with exit code 140.

Resource usage summary:

    CPU time :                                   906.00 sec.
    Max Memory :                                 345 MB
    Average Memory :                             334.55 MB
    Total Requested Memory :                     -
    Delta Memory :                               -
    Max Swap :                                   -
    Max Processes :                              5
    Max Threads :                                12
    Run time :                                   907 sec.
    Turnaround time :                            2404 sec.

The output (if any) follows:

Number of proccessors: 1
--------------------------------------------------------------------------
mpiexec noticed that process rank 0 with PID 0 on node polus-c1-ib exited on signal 12 (User defined signal 2).
--------------------------------------------------------------------------


PS:

Read file <./err_files/6000/1.err> for stderr output of this job.

Sender: LSF System <lsfadmin@polus-c4-ib.bmc.hpc.cs.msu.ru>
Subject: Job 882193: <# this file was automaticly created by mpisubmit.pl script for edu-cmc-sqi21-01 #;source /polusfs/setenv/setup.SMPI;#BSUB -n 1;#BSUB -W 00:15;#BSUB -o ./out_files/6000/1.out;#BSUB -e ./err_files/6000/1.err;OMP_NUM_THREADS=1 mpiexec ./prog 6000> in cluster <MSUCluster> Exited

Job <# this file was automaticly created by mpisubmit.pl script for edu-cmc-sqi21-01 #;source /polusfs/setenv/setup.SMPI;#BSUB -n 1;#BSUB -W 00:15;#BSUB -o ./out_files/6000/1.out;#BSUB -e ./err_files/6000/1.err;OMP_NUM_THREADS=1 mpiexec ./prog 6000> was submitted from host <polus-ib.bmc.hpc.cs.msu.ru> by user <edu-cmc-sqi21-01> in cluster <MSUCluster> at Sat May 21 15:32:18 2022
Job was executed on host(s) <polus-c4-ib.bmc.hpc.cs.msu.ru>, in queue <short>, as user <edu-cmc-sqi21-01> in cluster <MSUCluster> at Sat May 21 16:08:45 2022
</home_edu/edu-cmc-sqi21/edu-cmc-sqi21-01> was used as the home directory.
</home_edu/edu-cmc-sqi21/edu-cmc-sqi21-01/Prac/prac/task2> was used as the working directory.
Started at Sat May 21 16:08:45 2022
Terminated at Sat May 21 16:23:48 2022
Results reported at Sat May 21 16:23:48 2022

Your job looked like:

------------------------------------------------------------
# LSBATCH: User input
# this file was automaticly created by mpisubmit.pl script for edu-cmc-sqi21-01 #
source /polusfs/setenv/setup.SMPI
#BSUB -n 1
#BSUB -W 00:15
#BSUB -o ./out_files/6000/1.out
#BSUB -e ./err_files/6000/1.err
OMP_NUM_THREADS=1 mpiexec ./prog 6000

------------------------------------------------------------

TERM_RUNLIMIT: job killed after reaching LSF run time limit.
Exited with exit code 140.

Resource usage summary:

    CPU time :                                   901.00 sec.
    Max Memory :                                 539 MB
    Average Memory :                             334.55 MB
    Total Requested Memory :                     -
    Delta Memory :                               -
    Max Swap :                                   -
    Max Processes :                              5
    Max Threads :                                12
    Run time :                                   905 sec.
    Turnaround time :                            3090 sec.

The output (if any) follows:

Number of proccessors: 1
--------------------------------------------------------------------------
mpiexec noticed that process rank 0 with PID 0 on node polus-c4-ib exited on signal 12 (User defined signal 2).
--------------------------------------------------------------------------


PS:

Read file <./err_files/6000/1.err> for stderr output of this job.

