Sender: LSF System <lsfadmin@polus-c1-ib.bmc.hpc.cs.msu.ru>
Subject: Job 882143: <# this file was automaticly created by mpisubmit.pl script for edu-cmc-sqi21-01 #;source /polusfs/setenv/setup.SMPI;#BSUB -n 16;#BSUB -W 00:15;#BSUB -o ./out_files/6000/16.out;#BSUB -e ./err_files/6000/16.err;OMP_NUM_THREADS=1 mpiexec ./prog 6000> in cluster <MSUCluster> Done

Job <# this file was automaticly created by mpisubmit.pl script for edu-cmc-sqi21-01 #;source /polusfs/setenv/setup.SMPI;#BSUB -n 16;#BSUB -W 00:15;#BSUB -o ./out_files/6000/16.out;#BSUB -e ./err_files/6000/16.err;OMP_NUM_THREADS=1 mpiexec ./prog 6000> was submitted from host <polus-ib.bmc.hpc.cs.msu.ru> by user <edu-cmc-sqi21-01> in cluster <MSUCluster> at Sat May 21 15:32:16 2022
Job was executed on host(s) <16*polus-c1-ib.bmc.hpc.cs.msu.ru>, in queue <short>, as user <edu-cmc-sqi21-01> in cluster <MSUCluster> at Sat May 21 15:42:36 2022
</home_edu/edu-cmc-sqi21/edu-cmc-sqi21-01> was used as the home directory.
</home_edu/edu-cmc-sqi21/edu-cmc-sqi21-01/Prac/prac/task2> was used as the working directory.
Started at Sat May 21 15:42:36 2022
Terminated at Sat May 21 15:43:56 2022
Results reported at Sat May 21 15:43:56 2022

Your job looked like:

------------------------------------------------------------
# LSBATCH: User input
# this file was automaticly created by mpisubmit.pl script for edu-cmc-sqi21-01 #
source /polusfs/setenv/setup.SMPI
#BSUB -n 16
#BSUB -W 00:15
#BSUB -o ./out_files/6000/16.out
#BSUB -e ./err_files/6000/16.err
OMP_NUM_THREADS=1 mpiexec ./prog 6000

------------------------------------------------------------

Successfully completed.

Resource usage summary:

    CPU time :                                   1244.20 sec.
    Max Memory :                                 1811 MB
    Average Memory :                             1382.07 MB
    Total Requested Memory :                     -
    Delta Memory :                               -
    Max Swap :                                   -
    Max Processes :                              20
    Max Threads :                                57
    Run time :                                   84 sec.
    Turnaround time :                            700 sec.

The output (if any) follows:

Number of proccessors: 16
To R Matrix time: 75.8568
Gauss time: 0.208049
Full time: 76.0649
Residual: 2.88351e-10
Error: 8.27091e-06


PS:

Read file <./err_files/6000/16.err> for stderr output of this job.

Sender: LSF System <lsfadmin@polus-c3-ib.bmc.hpc.cs.msu.ru>
Subject: Job 882161: <# this file was automaticly created by mpisubmit.pl script for edu-cmc-sqi21-01 #;source /polusfs/setenv/setup.SMPI;#BSUB -n 16;#BSUB -W 00:15;#BSUB -o ./out_files/6000/16.out;#BSUB -e ./err_files/6000/16.err;OMP_NUM_THREADS=1 mpiexec ./prog 6000> in cluster <MSUCluster> Done

Job <# this file was automaticly created by mpisubmit.pl script for edu-cmc-sqi21-01 #;source /polusfs/setenv/setup.SMPI;#BSUB -n 16;#BSUB -W 00:15;#BSUB -o ./out_files/6000/16.out;#BSUB -e ./err_files/6000/16.err;OMP_NUM_THREADS=1 mpiexec ./prog 6000> was submitted from host <polus-ib.bmc.hpc.cs.msu.ru> by user <edu-cmc-sqi21-01> in cluster <MSUCluster> at Sat May 21 15:32:17 2022
Job was executed on host(s) <16*polus-c3-ib.bmc.hpc.cs.msu.ru>, in queue <short>, as user <edu-cmc-sqi21-01> in cluster <MSUCluster> at Sat May 21 15:49:55 2022
</home_edu/edu-cmc-sqi21/edu-cmc-sqi21-01> was used as the home directory.
</home_edu/edu-cmc-sqi21/edu-cmc-sqi21-01/Prac/prac/task2> was used as the working directory.
Started at Sat May 21 15:49:55 2022
Terminated at Sat May 21 15:51:27 2022
Results reported at Sat May 21 15:51:27 2022

Your job looked like:

------------------------------------------------------------
# LSBATCH: User input
# this file was automaticly created by mpisubmit.pl script for edu-cmc-sqi21-01 #
source /polusfs/setenv/setup.SMPI
#BSUB -n 16
#BSUB -W 00:15
#BSUB -o ./out_files/6000/16.out
#BSUB -e ./err_files/6000/16.err
OMP_NUM_THREADS=1 mpiexec ./prog 6000

------------------------------------------------------------

Successfully completed.

Resource usage summary:

    CPU time :                                   1435.63 sec.
    Max Memory :                                 1395 MB
    Average Memory :                             1300.47 MB
    Total Requested Memory :                     -
    Delta Memory :                               -
    Max Swap :                                   -
    Max Processes :                              20
    Max Threads :                                57
    Run time :                                   93 sec.
    Turnaround time :                            1150 sec.

The output (if any) follows:

Number of proccessors: 16
To R Matrix time: 87.5179
Gauss time: 0.220218
Full time: 87.7381
Residual: 2.88351e-10
Error: 8.27091e-06


PS:

Read file <./err_files/6000/16.err> for stderr output of this job.

Sender: LSF System <lsfadmin@polus-c1-ib.bmc.hpc.cs.msu.ru>
Subject: Job 882179: <# this file was automaticly created by mpisubmit.pl script for edu-cmc-sqi21-01 #;source /polusfs/setenv/setup.SMPI;#BSUB -n 16;#BSUB -W 00:15;#BSUB -o ./out_files/6000/16.out;#BSUB -e ./err_files/6000/16.err;OMP_NUM_THREADS=1 mpiexec ./prog 6000> in cluster <MSUCluster> Done

Job <# this file was automaticly created by mpisubmit.pl script for edu-cmc-sqi21-01 #;source /polusfs/setenv/setup.SMPI;#BSUB -n 16;#BSUB -W 00:15;#BSUB -o ./out_files/6000/16.out;#BSUB -e ./err_files/6000/16.err;OMP_NUM_THREADS=1 mpiexec ./prog 6000> was submitted from host <polus-ib.bmc.hpc.cs.msu.ru> by user <edu-cmc-sqi21-01> in cluster <MSUCluster> at Sat May 21 15:32:17 2022
Job was executed on host(s) <16*polus-c1-ib.bmc.hpc.cs.msu.ru>, in queue <short>, as user <edu-cmc-sqi21-01> in cluster <MSUCluster> at Sat May 21 16:02:36 2022
</home_edu/edu-cmc-sqi21/edu-cmc-sqi21-01> was used as the home directory.
</home_edu/edu-cmc-sqi21/edu-cmc-sqi21-01/Prac/prac/task2> was used as the working directory.
Started at Sat May 21 16:02:36 2022
Terminated at Sat May 21 16:04:04 2022
Results reported at Sat May 21 16:04:04 2022

Your job looked like:

------------------------------------------------------------
# LSBATCH: User input
# this file was automaticly created by mpisubmit.pl script for edu-cmc-sqi21-01 #
source /polusfs/setenv/setup.SMPI
#BSUB -n 16
#BSUB -W 00:15
#BSUB -o ./out_files/6000/16.out
#BSUB -e ./err_files/6000/16.err
OMP_NUM_THREADS=1 mpiexec ./prog 6000

------------------------------------------------------------

Successfully completed.

Resource usage summary:

    CPU time :                                   1372.87 sec.
    Max Memory :                                 1396 MB
    Average Memory :                             1300.40 MB
    Total Requested Memory :                     -
    Delta Memory :                               -
    Max Swap :                                   -
    Max Processes :                              20
    Max Threads :                                57
    Run time :                                   89 sec.
    Turnaround time :                            1907 sec.

The output (if any) follows:

Number of proccessors: 16
To R Matrix time: 83.7864
Gauss time: 0.211618
Full time: 83.998
Residual: 2.88351e-10
Error: 8.27091e-06


PS:

Read file <./err_files/6000/16.err> for stderr output of this job.

Sender: LSF System <lsfadmin@polus-c4-ib.bmc.hpc.cs.msu.ru>
Subject: Job 882197: <# this file was automaticly created by mpisubmit.pl script for edu-cmc-sqi21-01 #;source /polusfs/setenv/setup.SMPI;#BSUB -n 16;#BSUB -W 00:15;#BSUB -o ./out_files/6000/16.out;#BSUB -e ./err_files/6000/16.err;OMP_NUM_THREADS=1 mpiexec ./prog 6000> in cluster <MSUCluster> Done

Job <# this file was automaticly created by mpisubmit.pl script for edu-cmc-sqi21-01 #;source /polusfs/setenv/setup.SMPI;#BSUB -n 16;#BSUB -W 00:15;#BSUB -o ./out_files/6000/16.out;#BSUB -e ./err_files/6000/16.err;OMP_NUM_THREADS=1 mpiexec ./prog 6000> was submitted from host <polus-ib.bmc.hpc.cs.msu.ru> by user <edu-cmc-sqi21-01> in cluster <MSUCluster> at Sat May 21 15:32:18 2022
Job was executed on host(s) <16*polus-c4-ib.bmc.hpc.cs.msu.ru>, in queue <short>, as user <edu-cmc-sqi21-01> in cluster <MSUCluster> at Sat May 21 16:14:38 2022
</home_edu/edu-cmc-sqi21/edu-cmc-sqi21-01> was used as the home directory.
</home_edu/edu-cmc-sqi21/edu-cmc-sqi21-01/Prac/prac/task2> was used as the working directory.
Started at Sat May 21 16:14:38 2022
Terminated at Sat May 21 16:16:10 2022
Results reported at Sat May 21 16:16:10 2022

Your job looked like:

------------------------------------------------------------
# LSBATCH: User input
# this file was automaticly created by mpisubmit.pl script for edu-cmc-sqi21-01 #
source /polusfs/setenv/setup.SMPI
#BSUB -n 16
#BSUB -W 00:15
#BSUB -o ./out_files/6000/16.out
#BSUB -e ./err_files/6000/16.err
OMP_NUM_THREADS=1 mpiexec ./prog 6000

------------------------------------------------------------

Successfully completed.

Resource usage summary:

    CPU time :                                   1433.98 sec.
    Max Memory :                                 1396 MB
    Average Memory :                             1294.07 MB
    Total Requested Memory :                     -
    Delta Memory :                               -
    Max Swap :                                   -
    Max Processes :                              20
    Max Threads :                                57
    Run time :                                   98 sec.
    Turnaround time :                            2632 sec.

The output (if any) follows:

Number of proccessors: 16
To R Matrix time: 87.4092
Gauss time: 0.215157
Full time: 87.6244
Residual: 2.88351e-10
Error: 8.27091e-06


PS:

Read file <./err_files/6000/16.err> for stderr output of this job.

