Sender: LSF System <lsfadmin@polus-c4-ib.bmc.hpc.cs.msu.ru>
Subject: Job 882801: <# this file was automaticly created by mpisubmit.pl script for edu-cmc-sqi21-01 #;source /polusfs/setenv/setup.SMPI;#BSUB -n 2;#BSUB -W 00:30;#BSUB -o ./out_files/6000/2.out;#BSUB -e ./err_files/6000/2.err;OMP_NUM_THREADS=1 mpiexec ./prog 6000> in cluster <MSUCluster> Done

Job <# this file was automaticly created by mpisubmit.pl script for edu-cmc-sqi21-01 #;source /polusfs/setenv/setup.SMPI;#BSUB -n 2;#BSUB -W 00:30;#BSUB -o ./out_files/6000/2.out;#BSUB -e ./err_files/6000/2.err;OMP_NUM_THREADS=1 mpiexec ./prog 6000> was submitted from host <polus-ib.bmc.hpc.cs.msu.ru> by user <edu-cmc-sqi21-01> in cluster <MSUCluster> at Mon May 23 11:43:38 2022
Job was executed on host(s) <2*polus-c4-ib.bmc.hpc.cs.msu.ru>, in queue <short>, as user <edu-cmc-sqi21-01> in cluster <MSUCluster> at Mon May 23 11:46:44 2022
</home_edu/edu-cmc-sqi21/edu-cmc-sqi21-01> was used as the home directory.
</home_edu/edu-cmc-sqi21/edu-cmc-sqi21-01/Prac/prac/task2> was used as the working directory.
Started at Mon May 23 11:46:44 2022
Terminated at Mon May 23 11:56:35 2022
Results reported at Mon May 23 11:56:35 2022

Your job looked like:

------------------------------------------------------------
# LSBATCH: User input
# this file was automaticly created by mpisubmit.pl script for edu-cmc-sqi21-01 #
source /polusfs/setenv/setup.SMPI
#BSUB -n 2
#BSUB -W 00:30
#BSUB -o ./out_files/6000/2.out
#BSUB -e ./err_files/6000/2.err
OMP_NUM_THREADS=1 mpiexec ./prog 6000

------------------------------------------------------------

Successfully completed.

Resource usage summary:

    CPU time :                                   1178.92 sec.
    Max Memory :                                 535 MB
    Average Memory :                             528.57 MB
    Total Requested Memory :                     -
    Delta Memory :                               -
    Max Swap :                                   -
    Max Processes :                              6
    Max Threads :                                15
    Run time :                                   591 sec.
    Turnaround time :                            777 sec.

The output (if any) follows:

Number of proccessors: 2
To R Matrix time: 587.076
Gauss time: 0.248747
Full time: 587.324
Residual: 2.23166e+08
Error: 5416.6


PS:

Read file <./err_files/6000/2.err> for stderr output of this job.

Sender: LSF System <lsfadmin@polus-c4-ib.bmc.hpc.cs.msu.ru>
Subject: Job 882819: <# this file was automaticly created by mpisubmit.pl script for edu-cmc-sqi21-01 #;source /polusfs/setenv/setup.SMPI;#BSUB -n 2;#BSUB -W 00:30;#BSUB -o ./out_files/6000/2.out;#BSUB -e ./err_files/6000/2.err;OMP_NUM_THREADS=1 mpiexec ./prog 6000> in cluster <MSUCluster> Done

Job <# this file was automaticly created by mpisubmit.pl script for edu-cmc-sqi21-01 #;source /polusfs/setenv/setup.SMPI;#BSUB -n 2;#BSUB -W 00:30;#BSUB -o ./out_files/6000/2.out;#BSUB -e ./err_files/6000/2.err;OMP_NUM_THREADS=1 mpiexec ./prog 6000> was submitted from host <polus-ib.bmc.hpc.cs.msu.ru> by user <edu-cmc-sqi21-01> in cluster <MSUCluster> at Mon May 23 11:43:39 2022
Job was executed on host(s) <2*polus-c4-ib.bmc.hpc.cs.msu.ru>, in queue <short>, as user <edu-cmc-sqi21-01> in cluster <MSUCluster> at Mon May 23 11:59:40 2022
</home_edu/edu-cmc-sqi21/edu-cmc-sqi21-01> was used as the home directory.
</home_edu/edu-cmc-sqi21/edu-cmc-sqi21-01/Prac/prac/task2> was used as the working directory.
Started at Mon May 23 11:59:40 2022
Terminated at Mon May 23 12:09:39 2022
Results reported at Mon May 23 12:09:39 2022

Your job looked like:

------------------------------------------------------------
# LSBATCH: User input
# this file was automaticly created by mpisubmit.pl script for edu-cmc-sqi21-01 #
source /polusfs/setenv/setup.SMPI
#BSUB -n 2
#BSUB -W 00:30
#BSUB -o ./out_files/6000/2.out
#BSUB -e ./err_files/6000/2.err
OMP_NUM_THREADS=1 mpiexec ./prog 6000

------------------------------------------------------------

Successfully completed.

Resource usage summary:

    CPU time :                                   1194.86 sec.
    Max Memory :                                 535 MB
    Average Memory :                             528.79 MB
    Total Requested Memory :                     -
    Delta Memory :                               -
    Max Swap :                                   -
    Max Processes :                              6
    Max Threads :                                15
    Run time :                                   599 sec.
    Turnaround time :                            1560 sec.

The output (if any) follows:

Number of proccessors: 2
To R Matrix time: 595.08
Gauss time: 0.235466
Full time: 595.315
Residual: 2.2352e+08
Error: 5419.17


PS:

Read file <./err_files/6000/2.err> for stderr output of this job.

Sender: LSF System <lsfadmin@polus-c4-ib.bmc.hpc.cs.msu.ru>
Subject: Job 882837: <# this file was automaticly created by mpisubmit.pl script for edu-cmc-sqi21-01 #;source /polusfs/setenv/setup.SMPI;#BSUB -n 2;#BSUB -W 00:30;#BSUB -o ./out_files/6000/2.out;#BSUB -e ./err_files/6000/2.err;OMP_NUM_THREADS=1 mpiexec ./prog 6000> in cluster <MSUCluster> Exited

Job <# this file was automaticly created by mpisubmit.pl script for edu-cmc-sqi21-01 #;source /polusfs/setenv/setup.SMPI;#BSUB -n 2;#BSUB -W 00:30;#BSUB -o ./out_files/6000/2.out;#BSUB -e ./err_files/6000/2.err;OMP_NUM_THREADS=1 mpiexec ./prog 6000> was submitted from host <polus-ib.bmc.hpc.cs.msu.ru> by user <edu-cmc-sqi21-01> in cluster <MSUCluster> at Mon May 23 11:43:39 2022
Job was executed on host(s) <2*polus-c4-ib.bmc.hpc.cs.msu.ru>, in queue <short>, as user <edu-cmc-sqi21-01> in cluster <MSUCluster> at Mon May 23 12:12:41 2022
</home_edu/edu-cmc-sqi21/edu-cmc-sqi21-01> was used as the home directory.
</home_edu/edu-cmc-sqi21/edu-cmc-sqi21-01/Prac/prac/task2> was used as the working directory.
Started at Mon May 23 12:12:41 2022
Terminated at Mon May 23 12:20:34 2022
Results reported at Mon May 23 12:20:34 2022

Your job looked like:

------------------------------------------------------------
# LSBATCH: User input
# this file was automaticly created by mpisubmit.pl script for edu-cmc-sqi21-01 #
source /polusfs/setenv/setup.SMPI
#BSUB -n 2
#BSUB -W 00:30
#BSUB -o ./out_files/6000/2.out
#BSUB -e ./err_files/6000/2.err
OMP_NUM_THREADS=1 mpiexec ./prog 6000

------------------------------------------------------------

TERM_OWNER: job killed by owner.
Exited with exit code 1.

Resource usage summary:

    CPU time :                                   941.00 sec.
    Max Memory :                                 535 MB
    Average Memory :                             514.52 MB
    Total Requested Memory :                     -
    Delta Memory :                               -
    Max Swap :                                   -
    Max Processes :                              6
    Max Threads :                                15
    Run time :                                   472 sec.
    Turnaround time :                            2215 sec.

The output (if any) follows:

Number of proccessors: 2


PS:

Read file <./err_files/6000/2.err> for stderr output of this job.

