Sender: LSF System <lsfadmin@polus-c3-ib.bmc.hpc.cs.msu.ru>
Subject: Job 882141: <# this file was automaticly created by mpisubmit.pl script for edu-cmc-sqi21-01 #;source /polusfs/setenv/setup.SMPI;#BSUB -n 4;#BSUB -W 00:15;#BSUB -o ./out_files/6000/4.out;#BSUB -e ./err_files/6000/4.err;OMP_NUM_THREADS=1 mpiexec ./prog 6000> in cluster <MSUCluster> Done

Job <# this file was automaticly created by mpisubmit.pl script for edu-cmc-sqi21-01 #;source /polusfs/setenv/setup.SMPI;#BSUB -n 4;#BSUB -W 00:15;#BSUB -o ./out_files/6000/4.out;#BSUB -e ./err_files/6000/4.err;OMP_NUM_THREADS=1 mpiexec ./prog 6000> was submitted from host <polus-ib.bmc.hpc.cs.msu.ru> by user <edu-cmc-sqi21-01> in cluster <MSUCluster> at Sat May 21 15:32:16 2022
Job was executed on host(s) <4*polus-c3-ib.bmc.hpc.cs.msu.ru>, in queue <short>, as user <edu-cmc-sqi21-01> in cluster <MSUCluster> at Sat May 21 15:35:17 2022
</home_edu/edu-cmc-sqi21/edu-cmc-sqi21-01> was used as the home directory.
</home_edu/edu-cmc-sqi21/edu-cmc-sqi21-01/Prac/prac/task2> was used as the working directory.
Started at Sat May 21 15:35:17 2022
Terminated at Sat May 21 15:40:09 2022
Results reported at Sat May 21 15:40:09 2022

Your job looked like:

------------------------------------------------------------
# LSBATCH: User input
# this file was automaticly created by mpisubmit.pl script for edu-cmc-sqi21-01 #
source /polusfs/setenv/setup.SMPI
#BSUB -n 4
#BSUB -W 00:15
#BSUB -o ./out_files/6000/4.out
#BSUB -e ./err_files/6000/4.err
OMP_NUM_THREADS=1 mpiexec ./prog 6000

------------------------------------------------------------

Successfully completed.

Resource usage summary:

    CPU time :                                   1164.01 sec.
    Max Memory :                                 858 MB
    Average Memory :                             691.93 MB
    Total Requested Memory :                     -
    Delta Memory :                               -
    Max Swap :                                   -
    Max Processes :                              8
    Max Threads :                                21
    Run time :                                   292 sec.
    Turnaround time :                            473 sec.

The output (if any) follows:

Number of proccessors: 4
To R Matrix time: 288.956
Gauss time: 0.196882
Full time: 289.153
Residual: 2.88351e-10
Error: 8.27091e-06


PS:

Read file <./err_files/6000/4.err> for stderr output of this job.

Sender: LSF System <lsfadmin@polus-c1-ib.bmc.hpc.cs.msu.ru>
Subject: Job 882159: <# this file was automaticly created by mpisubmit.pl script for edu-cmc-sqi21-01 #;source /polusfs/setenv/setup.SMPI;#BSUB -n 4;#BSUB -W 00:15;#BSUB -o ./out_files/6000/4.out;#BSUB -e ./err_files/6000/4.err;OMP_NUM_THREADS=1 mpiexec ./prog 6000> in cluster <MSUCluster> Done

Job <# this file was automaticly created by mpisubmit.pl script for edu-cmc-sqi21-01 #;source /polusfs/setenv/setup.SMPI;#BSUB -n 4;#BSUB -W 00:15;#BSUB -o ./out_files/6000/4.out;#BSUB -e ./err_files/6000/4.err;OMP_NUM_THREADS=1 mpiexec ./prog 6000> was submitted from host <polus-ib.bmc.hpc.cs.msu.ru> by user <edu-cmc-sqi21-01> in cluster <MSUCluster> at Sat May 21 15:32:17 2022
Job was executed on host(s) <4*polus-c1-ib.bmc.hpc.cs.msu.ru>, in queue <short>, as user <edu-cmc-sqi21-01> in cluster <MSUCluster> at Sat May 21 15:47:05 2022
</home_edu/edu-cmc-sqi21/edu-cmc-sqi21-01> was used as the home directory.
</home_edu/edu-cmc-sqi21/edu-cmc-sqi21-01/Prac/prac/task2> was used as the working directory.
Started at Sat May 21 15:47:05 2022
Terminated at Sat May 21 15:51:57 2022
Results reported at Sat May 21 15:51:57 2022

Your job looked like:

------------------------------------------------------------
# LSBATCH: User input
# this file was automaticly created by mpisubmit.pl script for edu-cmc-sqi21-01 #
source /polusfs/setenv/setup.SMPI
#BSUB -n 4
#BSUB -W 00:15
#BSUB -o ./out_files/6000/4.out
#BSUB -e ./err_files/6000/4.err
OMP_NUM_THREADS=1 mpiexec ./prog 6000

------------------------------------------------------------

Successfully completed.

Resource usage summary:

    CPU time :                                   1157.18 sec.
    Max Memory :                                 708 MB
    Average Memory :                             691.17 MB
    Total Requested Memory :                     -
    Delta Memory :                               -
    Max Swap :                                   -
    Max Processes :                              8
    Max Threads :                                21
    Run time :                                   297 sec.
    Turnaround time :                            1180 sec.

The output (if any) follows:

Number of proccessors: 4
To R Matrix time: 287.083
Gauss time: 0.203222
Full time: 287.286
Residual: 2.88351e-10
Error: 8.27091e-06


PS:

Read file <./err_files/6000/4.err> for stderr output of this job.

Sender: LSF System <lsfadmin@polus-c4-ib.bmc.hpc.cs.msu.ru>
Subject: Job 882177: <# this file was automaticly created by mpisubmit.pl script for edu-cmc-sqi21-01 #;source /polusfs/setenv/setup.SMPI;#BSUB -n 4;#BSUB -W 00:15;#BSUB -o ./out_files/6000/4.out;#BSUB -e ./err_files/6000/4.err;OMP_NUM_THREADS=1 mpiexec ./prog 6000> in cluster <MSUCluster> Done

Job <# this file was automaticly created by mpisubmit.pl script for edu-cmc-sqi21-01 #;source /polusfs/setenv/setup.SMPI;#BSUB -n 4;#BSUB -W 00:15;#BSUB -o ./out_files/6000/4.out;#BSUB -e ./err_files/6000/4.err;OMP_NUM_THREADS=1 mpiexec ./prog 6000> was submitted from host <polus-ib.bmc.hpc.cs.msu.ru> by user <edu-cmc-sqi21-01> in cluster <MSUCluster> at Sat May 21 15:32:17 2022
Job was executed on host(s) <4*polus-c4-ib.bmc.hpc.cs.msu.ru>, in queue <short>, as user <edu-cmc-sqi21-01> in cluster <MSUCluster> at Sat May 21 15:57:48 2022
</home_edu/edu-cmc-sqi21/edu-cmc-sqi21-01> was used as the home directory.
</home_edu/edu-cmc-sqi21/edu-cmc-sqi21-01/Prac/prac/task2> was used as the working directory.
Started at Sat May 21 15:57:48 2022
Terminated at Sat May 21 16:02:36 2022
Results reported at Sat May 21 16:02:36 2022

Your job looked like:

------------------------------------------------------------
# LSBATCH: User input
# this file was automaticly created by mpisubmit.pl script for edu-cmc-sqi21-01 #
source /polusfs/setenv/setup.SMPI
#BSUB -n 4
#BSUB -W 00:15
#BSUB -o ./out_files/6000/4.out
#BSUB -e ./err_files/6000/4.err
OMP_NUM_THREADS=1 mpiexec ./prog 6000

------------------------------------------------------------

Successfully completed.

Resource usage summary:

    CPU time :                                   1142.80 sec.
    Max Memory :                                 710 MB
    Average Memory :                             691.65 MB
    Total Requested Memory :                     -
    Delta Memory :                               -
    Max Swap :                                   -
    Max Processes :                              8
    Max Threads :                                21
    Run time :                                   292 sec.
    Turnaround time :                            1819 sec.

The output (if any) follows:

Number of proccessors: 4
To R Matrix time: 283.714
Gauss time: 0.228573
Full time: 283.943
Residual: 2.88351e-10
Error: 8.27091e-06


PS:

Read file <./err_files/6000/4.err> for stderr output of this job.

Sender: LSF System <lsfadmin@polus-c3-ib.bmc.hpc.cs.msu.ru>
Subject: Job 882195: <# this file was automaticly created by mpisubmit.pl script for edu-cmc-sqi21-01 #;source /polusfs/setenv/setup.SMPI;#BSUB -n 4;#BSUB -W 00:15;#BSUB -o ./out_files/6000/4.out;#BSUB -e ./err_files/6000/4.err;OMP_NUM_THREADS=1 mpiexec ./prog 6000> in cluster <MSUCluster> Done

Job <# this file was automaticly created by mpisubmit.pl script for edu-cmc-sqi21-01 #;source /polusfs/setenv/setup.SMPI;#BSUB -n 4;#BSUB -W 00:15;#BSUB -o ./out_files/6000/4.out;#BSUB -e ./err_files/6000/4.err;OMP_NUM_THREADS=1 mpiexec ./prog 6000> was submitted from host <polus-ib.bmc.hpc.cs.msu.ru> by user <edu-cmc-sqi21-01> in cluster <MSUCluster> at Sat May 21 15:32:18 2022
Job was executed on host(s) <4*polus-c3-ib.bmc.hpc.cs.msu.ru>, in queue <short>, as user <edu-cmc-sqi21-01> in cluster <MSUCluster> at Sat May 21 16:09:51 2022
</home_edu/edu-cmc-sqi21/edu-cmc-sqi21-01> was used as the home directory.
</home_edu/edu-cmc-sqi21/edu-cmc-sqi21-01/Prac/prac/task2> was used as the working directory.
Started at Sat May 21 16:09:51 2022
Terminated at Sat May 21 16:14:38 2022
Results reported at Sat May 21 16:14:38 2022

Your job looked like:

------------------------------------------------------------
# LSBATCH: User input
# this file was automaticly created by mpisubmit.pl script for edu-cmc-sqi21-01 #
source /polusfs/setenv/setup.SMPI
#BSUB -n 4
#BSUB -W 00:15
#BSUB -o ./out_files/6000/4.out
#BSUB -e ./err_files/6000/4.err
OMP_NUM_THREADS=1 mpiexec ./prog 6000

------------------------------------------------------------

Successfully completed.

Resource usage summary:

    CPU time :                                   1142.82 sec.
    Max Memory :                                 708 MB
    Average Memory :                             691.56 MB
    Total Requested Memory :                     -
    Delta Memory :                               -
    Max Swap :                                   -
    Max Processes :                              8
    Max Threads :                                21
    Run time :                                   288 sec.
    Turnaround time :                            2540 sec.

The output (if any) follows:

Number of proccessors: 4
To R Matrix time: 283.757
Gauss time: 0.195552
Full time: 283.953
Residual: 2.88351e-10
Error: 8.27091e-06


PS:

Read file <./err_files/6000/4.err> for stderr output of this job.

