Sender: LSF System <lsfadmin@polus-c1-ib.bmc.hpc.cs.msu.ru>
Subject: Job 881964: <#BSUB -n 1;#BSUB -W 00:15;#BSUB -o "./out_files/4000/1.out";#BSUB -e "./err_files/4000/1.err";#BSUB -R "span[hosts=1]";OMP_NUM_THREADS=1 ./prog 4000> in cluster <MSUCluster> Done

Job <#BSUB -n 1;#BSUB -W 00:15;#BSUB -o "./out_files/4000/1.out";#BSUB -e "./err_files/4000/1.err";#BSUB -R "span[hosts=1]";OMP_NUM_THREADS=1 ./prog 4000> was submitted from host <polus-ib.bmc.hpc.cs.msu.ru> by user <edu-cmc-sqi21-01> in cluster <MSUCluster> at Fri May 20 20:26:00 2022
Job was executed on host(s) <polus-c1-ib.bmc.hpc.cs.msu.ru>, in queue <short>, as user <edu-cmc-sqi21-01> in cluster <MSUCluster> at Fri May 20 20:26:03 2022
</home_edu/edu-cmc-sqi21/edu-cmc-sqi21-01> was used as the home directory.
</home_edu/edu-cmc-sqi21/edu-cmc-sqi21-01/Prac/prac/task1> was used as the working directory.
Started at Fri May 20 20:26:03 2022
Terminated at Fri May 20 20:26:56 2022
Results reported at Fri May 20 20:26:56 2022

Your job looked like:

------------------------------------------------------------
# LSBATCH: User input
#BSUB -n 1
#BSUB -W 00:15
#BSUB -o "./out_files/4000/1.out"
#BSUB -e "./err_files/4000/1.err"
#BSUB -R "span[hosts=1]"
OMP_NUM_THREADS=1 ./prog 4000

------------------------------------------------------------

Successfully completed.

Resource usage summary:

    CPU time :                                   51.57 sec.
    Max Memory :                                 128 MB
    Average Memory :                             72.89 MB
    Total Requested Memory :                     -
    Delta Memory :                               -
    Max Swap :                                   -
    Max Processes :                              4
    Max Threads :                                5
    Run time :                                   54 sec.
    Turnaround time :                            56 sec.

The output (if any) follows:

To R Matrix time: 51.3176
Gauss time: 0.0354649
Full time: 51.3531
Residual: 2.69312e-11


PS:

Read file <./err_files/4000/1.err> for stderr output of this job.

Sender: LSF System <lsfadmin@polus-c1-ib.bmc.hpc.cs.msu.ru>
Subject: Job 881982: <#BSUB -n 1;#BSUB -W 00:15;#BSUB -o "./out_files/4000/1.out";#BSUB -e "./err_files/4000/1.err";#BSUB -R "span[hosts=1]";OMP_NUM_THREADS=1 ./prog 4000> in cluster <MSUCluster> Done

Job <#BSUB -n 1;#BSUB -W 00:15;#BSUB -o "./out_files/4000/1.out";#BSUB -e "./err_files/4000/1.err";#BSUB -R "span[hosts=1]";OMP_NUM_THREADS=1 ./prog 4000> was submitted from host <polus-ib.bmc.hpc.cs.msu.ru> by user <edu-cmc-sqi21-01> in cluster <MSUCluster> at Fri May 20 20:26:00 2022
Job was executed on host(s) <polus-c1-ib.bmc.hpc.cs.msu.ru>, in queue <short>, as user <edu-cmc-sqi21-01> in cluster <MSUCluster> at Fri May 20 20:28:59 2022
</home_edu/edu-cmc-sqi21/edu-cmc-sqi21-01> was used as the home directory.
</home_edu/edu-cmc-sqi21/edu-cmc-sqi21-01/Prac/prac/task1> was used as the working directory.
Started at Fri May 20 20:28:59 2022
Terminated at Fri May 20 20:29:48 2022
Results reported at Fri May 20 20:29:48 2022

Your job looked like:

------------------------------------------------------------
# LSBATCH: User input
#BSUB -n 1
#BSUB -W 00:15
#BSUB -o "./out_files/4000/1.out"
#BSUB -e "./err_files/4000/1.err"
#BSUB -R "span[hosts=1]"
OMP_NUM_THREADS=1 ./prog 4000

------------------------------------------------------------

Successfully completed.

Resource usage summary:

    CPU time :                                   48.33 sec.
    Max Memory :                                 128 MB
    Average Memory :                             114.11 MB
    Total Requested Memory :                     -
    Delta Memory :                               -
    Max Swap :                                   -
    Max Processes :                              4
    Max Threads :                                5
    Run time :                                   49 sec.
    Turnaround time :                            228 sec.

The output (if any) follows:

To R Matrix time: 48.0541
Gauss time: 0.027343
Full time: 48.0814
Residual: 2.69312e-11


PS:

Read file <./err_files/4000/1.err> for stderr output of this job.

Sender: LSF System <lsfadmin@polus-c1-ib.bmc.hpc.cs.msu.ru>
Subject: Job 882000: <#BSUB -n 1;#BSUB -W 00:15;#BSUB -o "./out_files/4000/1.out";#BSUB -e "./err_files/4000/1.err";#BSUB -R "span[hosts=1]";OMP_NUM_THREADS=1 ./prog 4000> in cluster <MSUCluster> Done

Job <#BSUB -n 1;#BSUB -W 00:15;#BSUB -o "./out_files/4000/1.out";#BSUB -e "./err_files/4000/1.err";#BSUB -R "span[hosts=1]";OMP_NUM_THREADS=1 ./prog 4000> was submitted from host <polus-ib.bmc.hpc.cs.msu.ru> by user <edu-cmc-sqi21-01> in cluster <MSUCluster> at Fri May 20 20:26:01 2022
Job was executed on host(s) <polus-c1-ib.bmc.hpc.cs.msu.ru>, in queue <short>, as user <edu-cmc-sqi21-01> in cluster <MSUCluster> at Fri May 20 20:29:48 2022
</home_edu/edu-cmc-sqi21/edu-cmc-sqi21-01> was used as the home directory.
</home_edu/edu-cmc-sqi21/edu-cmc-sqi21-01/Prac/prac/task1> was used as the working directory.
Started at Fri May 20 20:29:48 2022
Terminated at Fri May 20 20:30:38 2022
Results reported at Fri May 20 20:30:38 2022

Your job looked like:

------------------------------------------------------------
# LSBATCH: User input
#BSUB -n 1
#BSUB -W 00:15
#BSUB -o "./out_files/4000/1.out"
#BSUB -e "./err_files/4000/1.err"
#BSUB -R "span[hosts=1]"
OMP_NUM_THREADS=1 ./prog 4000

------------------------------------------------------------

Successfully completed.

Resource usage summary:

    CPU time :                                   48.60 sec.
    Max Memory :                                 128 MB
    Average Memory :                             114.22 MB
    Total Requested Memory :                     -
    Delta Memory :                               -
    Max Swap :                                   -
    Max Processes :                              4
    Max Threads :                                5
    Run time :                                   50 sec.
    Turnaround time :                            277 sec.

The output (if any) follows:

To R Matrix time: 48.3302
Gauss time: 0.0283179
Full time: 48.3585
Residual: 2.69312e-11


PS:

Read file <./err_files/4000/1.err> for stderr output of this job.

Sender: LSF System <lsfadmin@polus-c1-ib.bmc.hpc.cs.msu.ru>
Subject: Job 882018: <#BSUB -n 1;#BSUB -W 00:15;#BSUB -o "./out_files/4000/1.out";#BSUB -e "./err_files/4000/1.err";#BSUB -R "span[hosts=1]";OMP_NUM_THREADS=1 ./prog 4000> in cluster <MSUCluster> Done

Job <#BSUB -n 1;#BSUB -W 00:15;#BSUB -o "./out_files/4000/1.out";#BSUB -e "./err_files/4000/1.err";#BSUB -R "span[hosts=1]";OMP_NUM_THREADS=1 ./prog 4000> was submitted from host <polus-ib.bmc.hpc.cs.msu.ru> by user <edu-cmc-sqi21-01> in cluster <MSUCluster> at Fri May 20 20:26:01 2022
Job was executed on host(s) <polus-c1-ib.bmc.hpc.cs.msu.ru>, in queue <short>, as user <edu-cmc-sqi21-01> in cluster <MSUCluster> at Fri May 20 20:30:55 2022
</home_edu/edu-cmc-sqi21/edu-cmc-sqi21-01> was used as the home directory.
</home_edu/edu-cmc-sqi21/edu-cmc-sqi21-01/Prac/prac/task1> was used as the working directory.
Started at Fri May 20 20:30:55 2022
Terminated at Fri May 20 20:31:45 2022
Results reported at Fri May 20 20:31:45 2022

Your job looked like:

------------------------------------------------------------
# LSBATCH: User input
#BSUB -n 1
#BSUB -W 00:15
#BSUB -o "./out_files/4000/1.out"
#BSUB -e "./err_files/4000/1.err"
#BSUB -R "span[hosts=1]"
OMP_NUM_THREADS=1 ./prog 4000

------------------------------------------------------------

Successfully completed.

Resource usage summary:

    CPU time :                                   49.36 sec.
    Max Memory :                                 128 MB
    Average Memory :                             113.89 MB
    Total Requested Memory :                     -
    Delta Memory :                               -
    Max Swap :                                   -
    Max Processes :                              4
    Max Threads :                                5
    Run time :                                   50 sec.
    Turnaround time :                            344 sec.

The output (if any) follows:

To R Matrix time: 49.0512
Gauss time: 0.0312452
Full time: 49.0824
Residual: 2.69312e-11


PS:

Read file <./err_files/4000/1.err> for stderr output of this job.

