Sender: LSF System <lsfadmin@polus-c1-ib.bmc.hpc.cs.msu.ru>
Subject: Job 881965: <#BSUB -n 1;#BSUB -W 00:15;#BSUB -o "./out_files/4000/2.out";#BSUB -e "./err_files/4000/2.err";#BSUB -R "span[hosts=1]";OMP_NUM_THREADS=2 ./prog 4000> in cluster <MSUCluster> Done

Job <#BSUB -n 1;#BSUB -W 00:15;#BSUB -o "./out_files/4000/2.out";#BSUB -e "./err_files/4000/2.err";#BSUB -R "span[hosts=1]";OMP_NUM_THREADS=2 ./prog 4000> was submitted from host <polus-ib.bmc.hpc.cs.msu.ru> by user <edu-cmc-sqi21-01> in cluster <MSUCluster> at Fri May 20 20:26:00 2022
Job was executed on host(s) <polus-c1-ib.bmc.hpc.cs.msu.ru>, in queue <short>, as user <edu-cmc-sqi21-01> in cluster <MSUCluster> at Fri May 20 20:26:03 2022
</home_edu/edu-cmc-sqi21/edu-cmc-sqi21-01> was used as the home directory.
</home_edu/edu-cmc-sqi21/edu-cmc-sqi21-01/Prac/prac/task1> was used as the working directory.
Started at Fri May 20 20:26:03 2022
Terminated at Fri May 20 20:26:31 2022
Results reported at Fri May 20 20:26:31 2022

Your job looked like:

------------------------------------------------------------
# LSBATCH: User input
#BSUB -n 1
#BSUB -W 00:15
#BSUB -o "./out_files/4000/2.out"
#BSUB -e "./err_files/4000/2.err"
#BSUB -R "span[hosts=1]"
OMP_NUM_THREADS=2 ./prog 4000

------------------------------------------------------------

Successfully completed.

Resource usage summary:

    CPU time :                                   53.11 sec.
    Max Memory :                                 128 MB
    Average Memory :                             103.00 MB
    Total Requested Memory :                     -
    Delta Memory :                               -
    Max Swap :                                   -
    Max Processes :                              4
    Max Threads :                                6
    Run time :                                   29 sec.
    Turnaround time :                            31 sec.

The output (if any) follows:

To R Matrix time: 26.4187
Gauss time: 0.0314489
Full time: 26.4502
Residual: 2.69312e-11


PS:

Read file <./err_files/4000/2.err> for stderr output of this job.

Sender: LSF System <lsfadmin@polus-c1-ib.bmc.hpc.cs.msu.ru>
Subject: Job 881983: <#BSUB -n 1;#BSUB -W 00:15;#BSUB -o "./out_files/4000/2.out";#BSUB -e "./err_files/4000/2.err";#BSUB -R "span[hosts=1]";OMP_NUM_THREADS=2 ./prog 4000> in cluster <MSUCluster> Done

Job <#BSUB -n 1;#BSUB -W 00:15;#BSUB -o "./out_files/4000/2.out";#BSUB -e "./err_files/4000/2.err";#BSUB -R "span[hosts=1]";OMP_NUM_THREADS=2 ./prog 4000> was submitted from host <polus-ib.bmc.hpc.cs.msu.ru> by user <edu-cmc-sqi21-01> in cluster <MSUCluster> at Fri May 20 20:26:00 2022
Job was executed on host(s) <polus-c1-ib.bmc.hpc.cs.msu.ru>, in queue <short>, as user <edu-cmc-sqi21-01> in cluster <MSUCluster> at Fri May 20 20:29:20 2022
</home_edu/edu-cmc-sqi21/edu-cmc-sqi21-01> was used as the home directory.
</home_edu/edu-cmc-sqi21/edu-cmc-sqi21-01/Prac/prac/task1> was used as the working directory.
Started at Fri May 20 20:29:20 2022
Terminated at Fri May 20 20:29:46 2022
Results reported at Fri May 20 20:29:46 2022

Your job looked like:

------------------------------------------------------------
# LSBATCH: User input
#BSUB -n 1
#BSUB -W 00:15
#BSUB -o "./out_files/4000/2.out"
#BSUB -e "./err_files/4000/2.err"
#BSUB -R "span[hosts=1]"
OMP_NUM_THREADS=2 ./prog 4000

------------------------------------------------------------

Successfully completed.

Resource usage summary:

    CPU time :                                   49.38 sec.
    Max Memory :                                 128 MB
    Average Memory :                             106.83 MB
    Total Requested Memory :                     -
    Delta Memory :                               -
    Max Swap :                                   -
    Max Processes :                              4
    Max Threads :                                6
    Run time :                                   25 sec.
    Turnaround time :                            226 sec.

The output (if any) follows:

To R Matrix time: 24.531
Gauss time: 0.0287054
Full time: 24.5597
Residual: 2.69312e-11


PS:

Read file <./err_files/4000/2.err> for stderr output of this job.

Sender: LSF System <lsfadmin@polus-c1-ib.bmc.hpc.cs.msu.ru>
Subject: Job 882001: <#BSUB -n 1;#BSUB -W 00:15;#BSUB -o "./out_files/4000/2.out";#BSUB -e "./err_files/4000/2.err";#BSUB -R "span[hosts=1]";OMP_NUM_THREADS=2 ./prog 4000> in cluster <MSUCluster> Done

Job <#BSUB -n 1;#BSUB -W 00:15;#BSUB -o "./out_files/4000/2.out";#BSUB -e "./err_files/4000/2.err";#BSUB -R "span[hosts=1]";OMP_NUM_THREADS=2 ./prog 4000> was submitted from host <polus-ib.bmc.hpc.cs.msu.ru> by user <edu-cmc-sqi21-01> in cluster <MSUCluster> at Fri May 20 20:26:01 2022
Job was executed on host(s) <polus-c1-ib.bmc.hpc.cs.msu.ru>, in queue <short>, as user <edu-cmc-sqi21-01> in cluster <MSUCluster> at Fri May 20 20:29:49 2022
</home_edu/edu-cmc-sqi21/edu-cmc-sqi21-01> was used as the home directory.
</home_edu/edu-cmc-sqi21/edu-cmc-sqi21-01/Prac/prac/task1> was used as the working directory.
Started at Fri May 20 20:29:49 2022
Terminated at Fri May 20 20:30:15 2022
Results reported at Fri May 20 20:30:15 2022

Your job looked like:

------------------------------------------------------------
# LSBATCH: User input
#BSUB -n 1
#BSUB -W 00:15
#BSUB -o "./out_files/4000/2.out"
#BSUB -e "./err_files/4000/2.err"
#BSUB -R "span[hosts=1]"
OMP_NUM_THREADS=2 ./prog 4000

------------------------------------------------------------

Successfully completed.

Resource usage summary:

    CPU time :                                   48.78 sec.
    Max Memory :                                 128 MB
    Average Memory :                             106.83 MB
    Total Requested Memory :                     -
    Delta Memory :                               -
    Max Swap :                                   -
    Max Processes :                              4
    Max Threads :                                6
    Run time :                                   26 sec.
    Turnaround time :                            254 sec.

The output (if any) follows:

To R Matrix time: 24.2282
Gauss time: 0.0284751
Full time: 24.2567
Residual: 2.69312e-11


PS:

Read file <./err_files/4000/2.err> for stderr output of this job.

Sender: LSF System <lsfadmin@polus-c1-ib.bmc.hpc.cs.msu.ru>
Subject: Job 882019: <#BSUB -n 1;#BSUB -W 00:15;#BSUB -o "./out_files/4000/2.out";#BSUB -e "./err_files/4000/2.err";#BSUB -R "span[hosts=1]";OMP_NUM_THREADS=2 ./prog 4000> in cluster <MSUCluster> Done

Job <#BSUB -n 1;#BSUB -W 00:15;#BSUB -o "./out_files/4000/2.out";#BSUB -e "./err_files/4000/2.err";#BSUB -R "span[hosts=1]";OMP_NUM_THREADS=2 ./prog 4000> was submitted from host <polus-ib.bmc.hpc.cs.msu.ru> by user <edu-cmc-sqi21-01> in cluster <MSUCluster> at Fri May 20 20:26:01 2022
Job was executed on host(s) <polus-c1-ib.bmc.hpc.cs.msu.ru>, in queue <short>, as user <edu-cmc-sqi21-01> in cluster <MSUCluster> at Fri May 20 20:32:49 2022
</home_edu/edu-cmc-sqi21/edu-cmc-sqi21-01> was used as the home directory.
</home_edu/edu-cmc-sqi21/edu-cmc-sqi21-01/Prac/prac/task1> was used as the working directory.
Started at Fri May 20 20:32:49 2022
Terminated at Fri May 20 20:33:14 2022
Results reported at Fri May 20 20:33:14 2022

Your job looked like:

------------------------------------------------------------
# LSBATCH: User input
#BSUB -n 1
#BSUB -W 00:15
#BSUB -o "./out_files/4000/2.out"
#BSUB -e "./err_files/4000/2.err"
#BSUB -R "span[hosts=1]"
OMP_NUM_THREADS=2 ./prog 4000

------------------------------------------------------------

Successfully completed.

Resource usage summary:

    CPU time :                                   48.50 sec.
    Max Memory :                                 128 MB
    Average Memory :                             102.60 MB
    Total Requested Memory :                     -
    Delta Memory :                               -
    Max Swap :                                   -
    Max Processes :                              4
    Max Threads :                                6
    Run time :                                   25 sec.
    Turnaround time :                            433 sec.

The output (if any) follows:

To R Matrix time: 24.0931
Gauss time: 0.0294281
Full time: 24.1225
Residual: 2.69312e-11


PS:

Read file <./err_files/4000/2.err> for stderr output of this job.

