Sender: LSF System <lsfadmin@polus-c1-ib.bmc.hpc.cs.msu.ru>
Subject: Job 881971: <#BSUB -n 1;#BSUB -W 00:15;#BSUB -o "./out_files/6000/2.out";#BSUB -e "./err_files/6000/2.err";#BSUB -R "span[hosts=1]";OMP_NUM_THREADS=2 ./prog 6000> in cluster <MSUCluster> Done

Job <#BSUB -n 1;#BSUB -W 00:15;#BSUB -o "./out_files/6000/2.out";#BSUB -e "./err_files/6000/2.err";#BSUB -R "span[hosts=1]";OMP_NUM_THREADS=2 ./prog 6000> was submitted from host <polus-ib.bmc.hpc.cs.msu.ru> by user <edu-cmc-sqi21-01> in cluster <MSUCluster> at Fri May 20 20:26:00 2022
Job was executed on host(s) <polus-c1-ib.bmc.hpc.cs.msu.ru>, in queue <short>, as user <edu-cmc-sqi21-01> in cluster <MSUCluster> at Fri May 20 20:26:56 2022
</home_edu/edu-cmc-sqi21/edu-cmc-sqi21-01> was used as the home directory.
</home_edu/edu-cmc-sqi21/edu-cmc-sqi21-01/Prac/prac/task1> was used as the working directory.
Started at Fri May 20 20:26:56 2022
Terminated at Fri May 20 20:28:24 2022
Results reported at Fri May 20 20:28:24 2022

Your job looked like:

------------------------------------------------------------
# LSBATCH: User input
#BSUB -n 1
#BSUB -W 00:15
#BSUB -o "./out_files/6000/2.out"
#BSUB -e "./err_files/6000/2.err"
#BSUB -R "span[hosts=1]"
OMP_NUM_THREADS=2 ./prog 6000

------------------------------------------------------------

Successfully completed.

Resource usage summary:

    CPU time :                                   172.15 sec.
    Max Memory :                                 281 MB
    Average Memory :                             259.69 MB
    Total Requested Memory :                     -
    Delta Memory :                               -
    Max Swap :                                   -
    Max Processes :                              4
    Max Threads :                                6
    Run time :                                   87 sec.
    Turnaround time :                            144 sec.

The output (if any) follows:

To R Matrix time: 85.251
Gauss time: 0.175643
Full time: 85.4266
Residual: 2.96849e-09


PS:

Read file <./err_files/6000/2.err> for stderr output of this job.

Sender: LSF System <lsfadmin@polus-c1-ib.bmc.hpc.cs.msu.ru>
Subject: Job 881989: <#BSUB -n 1;#BSUB -W 00:15;#BSUB -o "./out_files/6000/2.out";#BSUB -e "./err_files/6000/2.err";#BSUB -R "span[hosts=1]";OMP_NUM_THREADS=2 ./prog 6000> in cluster <MSUCluster> Done

Job <#BSUB -n 1;#BSUB -W 00:15;#BSUB -o "./out_files/6000/2.out";#BSUB -e "./err_files/6000/2.err";#BSUB -R "span[hosts=1]";OMP_NUM_THREADS=2 ./prog 6000> was submitted from host <polus-ib.bmc.hpc.cs.msu.ru> by user <edu-cmc-sqi21-01> in cluster <MSUCluster> at Fri May 20 20:26:00 2022
Job was executed on host(s) <polus-c1-ib.bmc.hpc.cs.msu.ru>, in queue <short>, as user <edu-cmc-sqi21-01> in cluster <MSUCluster> at Fri May 20 20:29:29 2022
</home_edu/edu-cmc-sqi21/edu-cmc-sqi21-01> was used as the home directory.
</home_edu/edu-cmc-sqi21/edu-cmc-sqi21-01/Prac/prac/task1> was used as the working directory.
Started at Fri May 20 20:29:29 2022
Terminated at Fri May 20 20:30:52 2022
Results reported at Fri May 20 20:30:52 2022

Your job looked like:

------------------------------------------------------------
# LSBATCH: User input
#BSUB -n 1
#BSUB -W 00:15
#BSUB -o "./out_files/6000/2.out"
#BSUB -e "./err_files/6000/2.err"
#BSUB -R "span[hosts=1]"
OMP_NUM_THREADS=2 ./prog 6000

------------------------------------------------------------

Successfully completed.

Resource usage summary:

    CPU time :                                   165.94 sec.
    Max Memory :                                 281 MB
    Average Memory :                             259.46 MB
    Total Requested Memory :                     -
    Delta Memory :                               -
    Max Swap :                                   -
    Max Processes :                              4
    Max Threads :                                6
    Run time :                                   84 sec.
    Turnaround time :                            292 sec.

The output (if any) follows:

To R Matrix time: 82.1825
Gauss time: 0.173948
Full time: 82.3565
Residual: 2.96849e-09


PS:

Read file <./err_files/6000/2.err> for stderr output of this job.

Sender: LSF System <lsfadmin@polus-c1-ib.bmc.hpc.cs.msu.ru>
Subject: Job 882007: <#BSUB -n 1;#BSUB -W 00:15;#BSUB -o "./out_files/6000/2.out";#BSUB -e "./err_files/6000/2.err";#BSUB -R "span[hosts=1]";OMP_NUM_THREADS=2 ./prog 6000> in cluster <MSUCluster> Done

Job <#BSUB -n 1;#BSUB -W 00:15;#BSUB -o "./out_files/6000/2.out";#BSUB -e "./err_files/6000/2.err";#BSUB -R "span[hosts=1]";OMP_NUM_THREADS=2 ./prog 6000> was submitted from host <polus-ib.bmc.hpc.cs.msu.ru> by user <edu-cmc-sqi21-01> in cluster <MSUCluster> at Fri May 20 20:26:01 2022
Job was executed on host(s) <polus-c1-ib.bmc.hpc.cs.msu.ru>, in queue <short>, as user <edu-cmc-sqi21-01> in cluster <MSUCluster> at Fri May 20 20:30:38 2022
</home_edu/edu-cmc-sqi21/edu-cmc-sqi21-01> was used as the home directory.
</home_edu/edu-cmc-sqi21/edu-cmc-sqi21-01/Prac/prac/task1> was used as the working directory.
Started at Fri May 20 20:30:38 2022
Terminated at Fri May 20 20:32:02 2022
Results reported at Fri May 20 20:32:02 2022

Your job looked like:

------------------------------------------------------------
# LSBATCH: User input
#BSUB -n 1
#BSUB -W 00:15
#BSUB -o "./out_files/6000/2.out"
#BSUB -e "./err_files/6000/2.err"
#BSUB -R "span[hosts=1]"
OMP_NUM_THREADS=2 ./prog 6000

------------------------------------------------------------

Successfully completed.

Resource usage summary:

    CPU time :                                   165.74 sec.
    Max Memory :                                 281 MB
    Average Memory :                             261.00 MB
    Total Requested Memory :                     -
    Delta Memory :                               -
    Max Swap :                                   -
    Max Processes :                              4
    Max Threads :                                6
    Run time :                                   84 sec.
    Turnaround time :                            361 sec.

The output (if any) follows:

To R Matrix time: 82.089
Gauss time: 0.174309
Full time: 82.2634
Residual: 2.96849e-09


PS:

Read file <./err_files/6000/2.err> for stderr output of this job.

Sender: LSF System <lsfadmin@polus-c1-ib.bmc.hpc.cs.msu.ru>
Subject: Job 882025: <#BSUB -n 1;#BSUB -W 00:15;#BSUB -o "./out_files/6000/2.out";#BSUB -e "./err_files/6000/2.err";#BSUB -R "span[hosts=1]";OMP_NUM_THREADS=2 ./prog 6000> in cluster <MSUCluster> Done

Job <#BSUB -n 1;#BSUB -W 00:15;#BSUB -o "./out_files/6000/2.out";#BSUB -e "./err_files/6000/2.err";#BSUB -R "span[hosts=1]";OMP_NUM_THREADS=2 ./prog 6000> was submitted from host <polus-ib.bmc.hpc.cs.msu.ru> by user <edu-cmc-sqi21-01> in cluster <MSUCluster> at Fri May 20 20:26:01 2022
Job was executed on host(s) <polus-c1-ib.bmc.hpc.cs.msu.ru>, in queue <short>, as user <edu-cmc-sqi21-01> in cluster <MSUCluster> at Fri May 20 20:33:14 2022
</home_edu/edu-cmc-sqi21/edu-cmc-sqi21-01> was used as the home directory.
</home_edu/edu-cmc-sqi21/edu-cmc-sqi21-01/Prac/prac/task1> was used as the working directory.
Started at Fri May 20 20:33:14 2022
Terminated at Fri May 20 20:34:39 2022
Results reported at Fri May 20 20:34:39 2022

Your job looked like:

------------------------------------------------------------
# LSBATCH: User input
#BSUB -n 1
#BSUB -W 00:15
#BSUB -o "./out_files/6000/2.out"
#BSUB -e "./err_files/6000/2.err"
#BSUB -R "span[hosts=1]"
OMP_NUM_THREADS=2 ./prog 6000

------------------------------------------------------------

Successfully completed.

Resource usage summary:

    CPU time :                                   165.31 sec.
    Max Memory :                                 395 MB
    Average Memory :                             261.00 MB
    Total Requested Memory :                     -
    Delta Memory :                               -
    Max Swap :                                   -
    Max Processes :                              4
    Max Threads :                                6
    Run time :                                   84 sec.
    Turnaround time :                            518 sec.

The output (if any) follows:

To R Matrix time: 81.8702
Gauss time: 0.174698
Full time: 82.0449
Residual: 2.96849e-09


PS:

Read file <./err_files/6000/2.err> for stderr output of this job.

