Sender: LSF System <lsfadmin@polus-c1-ib.bmc.hpc.cs.msu.ru>
Subject: Job 881973: <#BSUB -W 00:15;#BSUB -o "./out_files/6000/8.out";#BSUB -e "./err_files/6000/8.err";#BSUB -R "affinity[core(4)]";OMP_NUM_THREADS=8;/polusfs/lsf/openmp/launchOpenMP.py ./prog 6000> in cluster <MSUCluster> Done

Job <#BSUB -W 00:15;#BSUB -o "./out_files/6000/8.out";#BSUB -e "./err_files/6000/8.err";#BSUB -R "affinity[core(4)]";OMP_NUM_THREADS=8;/polusfs/lsf/openmp/launchOpenMP.py ./prog 6000> was submitted from host <polus-ib.bmc.hpc.cs.msu.ru> by user <edu-cmc-sqi21-01> in cluster <MSUCluster> at Fri May 20 20:26:00 2022
Job was executed on host(s) <polus-c1-ib.bmc.hpc.cs.msu.ru>, in queue <short>, as user <edu-cmc-sqi21-01> in cluster <MSUCluster> at Fri May 20 20:26:14 2022
</home_edu/edu-cmc-sqi21/edu-cmc-sqi21-01> was used as the home directory.
</home_edu/edu-cmc-sqi21/edu-cmc-sqi21-01/Prac/prac/task1> was used as the working directory.
Started at Fri May 20 20:26:14 2022
Terminated at Fri May 20 20:26:47 2022
Results reported at Fri May 20 20:26:47 2022

Your job looked like:

------------------------------------------------------------
# LSBATCH: User input
#BSUB -W 00:15
#BSUB -o "./out_files/6000/8.out"
#BSUB -e "./err_files/6000/8.err"
#BSUB -R "affinity[core(4)]"
OMP_NUM_THREADS=8
/polusfs/lsf/openmp/launchOpenMP.py ./prog 6000

------------------------------------------------------------

Successfully completed.

Resource usage summary:

    CPU time :                                   250.76 sec.
    Max Memory :                                 281 MB
    Average Memory :                             241.43 MB
    Total Requested Memory :                     -
    Delta Memory :                               -
    Max Swap :                                   -
    Max Processes :                              4
    Max Threads :                                12
    Run time :                                   33 sec.
    Turnaround time :                            47 sec.

The output (if any) follows:

To R Matrix time: 30.7653
Gauss time: 0.292863
Full time: 31.0582
Residual: 2.96849e-09


PS:

Read file <./err_files/6000/8.err> for stderr output of this job.

Sender: LSF System <lsfadmin@polus-c1-ib.bmc.hpc.cs.msu.ru>
Subject: Job 881991: <#BSUB -W 00:15;#BSUB -o "./out_files/6000/8.out";#BSUB -e "./err_files/6000/8.err";#BSUB -R "affinity[core(4)]";OMP_NUM_THREADS=8;/polusfs/lsf/openmp/launchOpenMP.py ./prog 6000> in cluster <MSUCluster> Done

Job <#BSUB -W 00:15;#BSUB -o "./out_files/6000/8.out";#BSUB -e "./err_files/6000/8.err";#BSUB -R "affinity[core(4)]";OMP_NUM_THREADS=8;/polusfs/lsf/openmp/launchOpenMP.py ./prog 6000> was submitted from host <polus-ib.bmc.hpc.cs.msu.ru> by user <edu-cmc-sqi21-01> in cluster <MSUCluster> at Fri May 20 20:26:00 2022
Job was executed on host(s) <polus-c1-ib.bmc.hpc.cs.msu.ru>, in queue <short>, as user <edu-cmc-sqi21-01> in cluster <MSUCluster> at Fri May 20 20:26:57 2022
</home_edu/edu-cmc-sqi21/edu-cmc-sqi21-01> was used as the home directory.
</home_edu/edu-cmc-sqi21/edu-cmc-sqi21-01/Prac/prac/task1> was used as the working directory.
Started at Fri May 20 20:26:57 2022
Terminated at Fri May 20 20:27:30 2022
Results reported at Fri May 20 20:27:30 2022

Your job looked like:

------------------------------------------------------------
# LSBATCH: User input
#BSUB -W 00:15
#BSUB -o "./out_files/6000/8.out"
#BSUB -e "./err_files/6000/8.err"
#BSUB -R "affinity[core(4)]"
OMP_NUM_THREADS=8
/polusfs/lsf/openmp/launchOpenMP.py ./prog 6000

------------------------------------------------------------

Successfully completed.

Resource usage summary:

    CPU time :                                   249.65 sec.
    Max Memory :                                 541 MB
    Average Memory :                             315.29 MB
    Total Requested Memory :                     -
    Delta Memory :                               -
    Max Swap :                                   -
    Max Processes :                              4
    Max Threads :                                12
    Run time :                                   33 sec.
    Turnaround time :                            90 sec.

The output (if any) follows:

To R Matrix time: 30.5975
Gauss time: 0.284626
Full time: 30.8821
Residual: 2.96849e-09


PS:

Read file <./err_files/6000/8.err> for stderr output of this job.

Sender: LSF System <lsfadmin@polus-c1-ib.bmc.hpc.cs.msu.ru>
Subject: Job 882009: <#BSUB -W 00:15;#BSUB -o "./out_files/6000/8.out";#BSUB -e "./err_files/6000/8.err";#BSUB -R "affinity[core(4)]";OMP_NUM_THREADS=8;/polusfs/lsf/openmp/launchOpenMP.py ./prog 6000> in cluster <MSUCluster> Done

Job <#BSUB -W 00:15;#BSUB -o "./out_files/6000/8.out";#BSUB -e "./err_files/6000/8.err";#BSUB -R "affinity[core(4)]";OMP_NUM_THREADS=8;/polusfs/lsf/openmp/launchOpenMP.py ./prog 6000> was submitted from host <polus-ib.bmc.hpc.cs.msu.ru> by user <edu-cmc-sqi21-01> in cluster <MSUCluster> at Fri May 20 20:26:01 2022
Job was executed on host(s) <polus-c1-ib.bmc.hpc.cs.msu.ru>, in queue <short>, as user <edu-cmc-sqi21-01> in cluster <MSUCluster> at Fri May 20 20:27:42 2022
</home_edu/edu-cmc-sqi21/edu-cmc-sqi21-01> was used as the home directory.
</home_edu/edu-cmc-sqi21/edu-cmc-sqi21-01/Prac/prac/task1> was used as the working directory.
Started at Fri May 20 20:27:42 2022
Terminated at Fri May 20 20:28:14 2022
Results reported at Fri May 20 20:28:14 2022

Your job looked like:

------------------------------------------------------------
# LSBATCH: User input
#BSUB -W 00:15
#BSUB -o "./out_files/6000/8.out"
#BSUB -e "./err_files/6000/8.err"
#BSUB -R "affinity[core(4)]"
OMP_NUM_THREADS=8
/polusfs/lsf/openmp/launchOpenMP.py ./prog 6000

------------------------------------------------------------

Successfully completed.

Resource usage summary:

    CPU time :                                   240.13 sec.
    Max Memory :                                 281 MB
    Average Memory :                             234.33 MB
    Total Requested Memory :                     -
    Delta Memory :                               -
    Max Swap :                                   -
    Max Processes :                              4
    Max Threads :                                12
    Run time :                                   32 sec.
    Turnaround time :                            133 sec.

The output (if any) follows:

To R Matrix time: 29.3583
Gauss time: 0.283231
Full time: 29.6415
Residual: 2.96849e-09


PS:

Read file <./err_files/6000/8.err> for stderr output of this job.

Sender: LSF System <lsfadmin@polus-c1-ib.bmc.hpc.cs.msu.ru>
Subject: Job 882027: <#BSUB -W 00:15;#BSUB -o "./out_files/6000/8.out";#BSUB -e "./err_files/6000/8.err";#BSUB -R "affinity[core(4)]";OMP_NUM_THREADS=8;/polusfs/lsf/openmp/launchOpenMP.py ./prog 6000> in cluster <MSUCluster> Done

Job <#BSUB -W 00:15;#BSUB -o "./out_files/6000/8.out";#BSUB -e "./err_files/6000/8.err";#BSUB -R "affinity[core(4)]";OMP_NUM_THREADS=8;/polusfs/lsf/openmp/launchOpenMP.py ./prog 6000> was submitted from host <polus-ib.bmc.hpc.cs.msu.ru> by user <edu-cmc-sqi21-01> in cluster <MSUCluster> at Fri May 20 20:26:01 2022
Job was executed on host(s) <polus-c1-ib.bmc.hpc.cs.msu.ru>, in queue <short>, as user <edu-cmc-sqi21-01> in cluster <MSUCluster> at Fri May 20 20:28:24 2022
</home_edu/edu-cmc-sqi21/edu-cmc-sqi21-01> was used as the home directory.
</home_edu/edu-cmc-sqi21/edu-cmc-sqi21-01/Prac/prac/task1> was used as the working directory.
Started at Fri May 20 20:28:24 2022
Terminated at Fri May 20 20:28:56 2022
Results reported at Fri May 20 20:28:56 2022

Your job looked like:

------------------------------------------------------------
# LSBATCH: User input
#BSUB -W 00:15
#BSUB -o "./out_files/6000/8.out"
#BSUB -e "./err_files/6000/8.err"
#BSUB -R "affinity[core(4)]"
OMP_NUM_THREADS=8
/polusfs/lsf/openmp/launchOpenMP.py ./prog 6000

------------------------------------------------------------

Successfully completed.

Resource usage summary:

    CPU time :                                   238.85 sec.
    Max Memory :                                 281 MB
    Average Memory :                             241.00 MB
    Total Requested Memory :                     -
    Delta Memory :                               -
    Max Swap :                                   -
    Max Processes :                              4
    Max Threads :                                12
    Run time :                                   31 sec.
    Turnaround time :                            175 sec.

The output (if any) follows:

To R Matrix time: 29.2545
Gauss time: 0.28359
Full time: 29.5381
Residual: 2.96849e-09


PS:

Read file <./err_files/6000/8.err> for stderr output of this job.

