Sender: LSF System <lsfadmin@polus-c1-ib.bmc.hpc.cs.msu.ru>
Subject: Job 884172: <#BSUB -n 1;#BSUB -W 00:15;#BSUB -o "./out_files/300/2.out";#BSUB -e "./err_files/300/2.err";#BSUB -R "span[hosts=1]";OMP_NUM_THREADS=2 ./prog 300> in cluster <MSUCluster> Exited

Job <#BSUB -n 1;#BSUB -W 00:15;#BSUB -o "./out_files/300/2.out";#BSUB -e "./err_files/300/2.err";#BSUB -R "span[hosts=1]";OMP_NUM_THREADS=2 ./prog 300> was submitted from host <polus-ib.bmc.hpc.cs.msu.ru> by user <edu-cmc-sqi21-01> in cluster <MSUCluster> at Wed May 25 02:39:58 2022
Job was executed on host(s) <polus-c1-ib.bmc.hpc.cs.msu.ru>, in queue <short>, as user <edu-cmc-sqi21-01> in cluster <MSUCluster> at Wed May 25 02:40:02 2022
</home_edu/edu-cmc-sqi21/edu-cmc-sqi21-01> was used as the home directory.
</home_edu/edu-cmc-sqi21/edu-cmc-sqi21-01/Prac/prac/task3> was used as the working directory.
Started at Wed May 25 02:40:02 2022
Terminated at Wed May 25 02:40:04 2022
Results reported at Wed May 25 02:40:04 2022
Cannot open your job file: /home_edu/edu-cmc-sqi21/edu-cmc-sqi21-01/.lsbatch/1653435598.884172
TERM_OWNER: job killed by owner.
Exited with signal termination: 2.

Resource usage summary:

    CPU time :                                   0.00 sec.
    Max Memory :                                 4 MB
    Average Memory :                             4.00 MB
    Total Requested Memory :                     -
    Delta Memory :                               -
    Max Swap :                                   -
    Max Processes :                              1
    Max Threads :                                1
    Run time :                                   3 sec.
    Turnaround time :                            6 sec.


PS:

Unable to read output data from the stdout buffer file </home_edu/edu-cmc-sqi21/edu-cmc-sqi21-01/.lsbatch/1653435598.884172.out>: your job was probably aborted prematurely.
Unable to read stderr data from stderr buffer file; your job was probably aborted prematurely.

