Sender: LSF System <lsfadmin@polus-c3-ib.bmc.hpc.cs.msu.ru>
Subject: Job 1043271: <# this file was automaticly created by mpisubmit.pl script for edu-cmc-sqi21-01 #;source /polusfs/setenv/setup.SMPI;#BSUB -n 16;#BSUB -W 00:30;#BSUB -o ./out_files/10000/16.out;#BSUB -e ./err_files/10000/16.err;OMP_NUM_THREADS=1 mpiexec ./prog polus 10000> in cluster <MSUCluster> Done

Job <# this file was automaticly created by mpisubmit.pl script for edu-cmc-sqi21-01 #;source /polusfs/setenv/setup.SMPI;#BSUB -n 16;#BSUB -W 00:30;#BSUB -o ./out_files/10000/16.out;#BSUB -e ./err_files/10000/16.err;OMP_NUM_THREADS=1 mpiexec ./prog polus 10000> was submitted from host <polus-ib.bmc.hpc.cs.msu.ru> by user <edu-cmc-sqi21-01> in cluster <MSUCluster> at Wed Apr 12 12:28:31 2023
Job was executed on host(s) <16*polus-c3-ib.bmc.hpc.cs.msu.ru>, in queue <short>, as user <edu-cmc-sqi21-01> in cluster <MSUCluster> at Wed Apr 12 12:28:36 2023
</home_edu/edu-cmc-sqi21/edu-cmc-sqi21-01> was used as the home directory.
</home_edu/edu-cmc-sqi21/edu-cmc-sqi21-01/Prac/prac/sem8/mpi> was used as the working directory.
Started at Wed Apr 12 12:28:36 2023
Terminated at Wed Apr 12 12:28:40 2023
Results reported at Wed Apr 12 12:28:40 2023

Your job looked like:

------------------------------------------------------------
# LSBATCH: User input
# this file was automaticly created by mpisubmit.pl script for edu-cmc-sqi21-01 #
source /polusfs/setenv/setup.SMPI
#BSUB -n 16
#BSUB -W 00:30
#BSUB -o ./out_files/10000/16.out
#BSUB -e ./err_files/10000/16.err
OMP_NUM_THREADS=1 mpiexec ./prog polus 10000

------------------------------------------------------------

Successfully completed.

Resource usage summary:

    CPU time :                                   49.60 sec.
    Max Memory :                                 3852 MB
    Average Memory :                             2568.33 MB
    Total Requested Memory :                     -
    Delta Memory :                               -
    Max Swap :                                   -
    Max Processes :                              20
    Max Threads :                                57
    Run time :                                   6 sec.
    Turnaround time :                            9 sec.

The output (if any) follows:



PS:

Read file <./err_files/10000/16.err> for stderr output of this job.

Sender: LSF System <lsfadmin@polus-c3-ib.bmc.hpc.cs.msu.ru>
Subject: Job 1043289: <# this file was automaticly created by mpisubmit.pl script for edu-cmc-sqi21-01 #;source /polusfs/setenv/setup.SMPI;#BSUB -n 16;#BSUB -W 00:30;#BSUB -o ./out_files/10000/16.out;#BSUB -e ./err_files/10000/16.err;OMP_NUM_THREADS=1 mpiexec ./prog polus 10000> in cluster <MSUCluster> Done

Job <# this file was automaticly created by mpisubmit.pl script for edu-cmc-sqi21-01 #;source /polusfs/setenv/setup.SMPI;#BSUB -n 16;#BSUB -W 00:30;#BSUB -o ./out_files/10000/16.out;#BSUB -e ./err_files/10000/16.err;OMP_NUM_THREADS=1 mpiexec ./prog polus 10000> was submitted from host <polus-ib.bmc.hpc.cs.msu.ru> by user <edu-cmc-sqi21-01> in cluster <MSUCluster> at Wed Apr 12 12:28:31 2023
Job was executed on host(s) <13*polus-c3-ib.bmc.hpc.cs.msu.ru>, in queue <short>, as user <edu-cmc-sqi21-01> in cluster <MSUCluster> at Wed Apr 12 12:29:54 2023
                            <3*polus-c4-ib.bmc.hpc.cs.msu.ru>
</home_edu/edu-cmc-sqi21/edu-cmc-sqi21-01> was used as the home directory.
</home_edu/edu-cmc-sqi21/edu-cmc-sqi21-01/Prac/prac/sem8/mpi> was used as the working directory.
Started at Wed Apr 12 12:29:54 2023
Terminated at Wed Apr 12 12:29:59 2023
Results reported at Wed Apr 12 12:29:59 2023

Your job looked like:

------------------------------------------------------------
# LSBATCH: User input
# this file was automaticly created by mpisubmit.pl script for edu-cmc-sqi21-01 #
source /polusfs/setenv/setup.SMPI
#BSUB -n 16
#BSUB -W 00:30
#BSUB -o ./out_files/10000/16.out
#BSUB -e ./err_files/10000/16.err
OMP_NUM_THREADS=1 mpiexec ./prog polus 10000

------------------------------------------------------------

Successfully completed.

Resource usage summary:

    CPU time :                                   51.05 sec.
    Max Memory :                                 5478 MB
    Average Memory :                             3652.00 MB
    Total Requested Memory :                     -
    Delta Memory :                               -
    Max Swap :                                   -
    Max Processes :                              17
    Max Threads :                                48
    Run time :                                   5 sec.
    Turnaround time :                            88 sec.

The output (if any) follows:



PS:

Read file <./err_files/10000/16.err> for stderr output of this job.

Sender: LSF System <lsfadmin@polus-c4-ib.bmc.hpc.cs.msu.ru>
Subject: Job 1043307: <# this file was automaticly created by mpisubmit.pl script for edu-cmc-sqi21-01 #;source /polusfs/setenv/setup.SMPI;#BSUB -n 16;#BSUB -W 00:30;#BSUB -o ./out_files/10000/16.out;#BSUB -e ./err_files/10000/16.err;OMP_NUM_THREADS=1 mpiexec ./prog polus 10000> in cluster <MSUCluster> Done

Job <# this file was automaticly created by mpisubmit.pl script for edu-cmc-sqi21-01 #;source /polusfs/setenv/setup.SMPI;#BSUB -n 16;#BSUB -W 00:30;#BSUB -o ./out_files/10000/16.out;#BSUB -e ./err_files/10000/16.err;OMP_NUM_THREADS=1 mpiexec ./prog polus 10000> was submitted from host <polus-ib.bmc.hpc.cs.msu.ru> by user <edu-cmc-sqi21-01> in cluster <MSUCluster> at Wed Apr 12 12:28:32 2023
Job was executed on host(s) <4*polus-c4-ib.bmc.hpc.cs.msu.ru>, in queue <short>, as user <edu-cmc-sqi21-01> in cluster <MSUCluster> at Wed Apr 12 12:30:22 2023
                            <12*polus-c3-ib.bmc.hpc.cs.msu.ru>
</home_edu/edu-cmc-sqi21/edu-cmc-sqi21-01> was used as the home directory.
</home_edu/edu-cmc-sqi21/edu-cmc-sqi21-01/Prac/prac/sem8/mpi> was used as the working directory.
Started at Wed Apr 12 12:30:22 2023
Terminated at Wed Apr 12 12:30:28 2023
Results reported at Wed Apr 12 12:30:28 2023

Your job looked like:

------------------------------------------------------------
# LSBATCH: User input
# this file was automaticly created by mpisubmit.pl script for edu-cmc-sqi21-01 #
source /polusfs/setenv/setup.SMPI
#BSUB -n 16
#BSUB -W 00:30
#BSUB -o ./out_files/10000/16.out
#BSUB -e ./err_files/10000/16.err
OMP_NUM_THREADS=1 mpiexec ./prog polus 10000

------------------------------------------------------------

Successfully completed.

Resource usage summary:

    CPU time :                                   49.03 sec.
    Max Memory :                                 324 MB
    Average Memory :                             216.33 MB
    Total Requested Memory :                     -
    Delta Memory :                               -
    Max Swap :                                   -
    Max Processes :                              8
    Max Threads :                                21
    Run time :                                   5 sec.
    Turnaround time :                            116 sec.

The output (if any) follows:



PS:

Read file <./err_files/10000/16.err> for stderr output of this job.

Sender: LSF System <lsfadmin@polus-c3-ib.bmc.hpc.cs.msu.ru>
Subject: Job 1043325: <# this file was automaticly created by mpisubmit.pl script for edu-cmc-sqi21-01 #;source /polusfs/setenv/setup.SMPI;#BSUB -n 16;#BSUB -W 00:30;#BSUB -o ./out_files/10000/16.out;#BSUB -e ./err_files/10000/16.err;OMP_NUM_THREADS=1 mpiexec ./prog polus 10000> in cluster <MSUCluster> Done

Job <# this file was automaticly created by mpisubmit.pl script for edu-cmc-sqi21-01 #;source /polusfs/setenv/setup.SMPI;#BSUB -n 16;#BSUB -W 00:30;#BSUB -o ./out_files/10000/16.out;#BSUB -e ./err_files/10000/16.err;OMP_NUM_THREADS=1 mpiexec ./prog polus 10000> was submitted from host <polus-ib.bmc.hpc.cs.msu.ru> by user <edu-cmc-sqi21-01> in cluster <MSUCluster> at Wed Apr 12 12:28:33 2023
Job was executed on host(s) <16*polus-c3-ib.bmc.hpc.cs.msu.ru>, in queue <short>, as user <edu-cmc-sqi21-01> in cluster <MSUCluster> at Wed Apr 12 12:30:57 2023
</home_edu/edu-cmc-sqi21/edu-cmc-sqi21-01> was used as the home directory.
</home_edu/edu-cmc-sqi21/edu-cmc-sqi21-01/Prac/prac/sem8/mpi> was used as the working directory.
Started at Wed Apr 12 12:30:57 2023
Terminated at Wed Apr 12 12:31:03 2023
Results reported at Wed Apr 12 12:31:03 2023

Your job looked like:

------------------------------------------------------------
# LSBATCH: User input
# this file was automaticly created by mpisubmit.pl script for edu-cmc-sqi21-01 #
source /polusfs/setenv/setup.SMPI
#BSUB -n 16
#BSUB -W 00:30
#BSUB -o ./out_files/10000/16.out
#BSUB -e ./err_files/10000/16.err
OMP_NUM_THREADS=1 mpiexec ./prog polus 10000

------------------------------------------------------------

Successfully completed.

Resource usage summary:

    CPU time :                                   57.32 sec.
    Max Memory :                                 1403 MB
    Average Memory :                             935.67 MB
    Total Requested Memory :                     -
    Delta Memory :                               -
    Max Swap :                                   -
    Max Processes :                              20
    Max Threads :                                57
    Run time :                                   5 sec.
    Turnaround time :                            150 sec.

The output (if any) follows:



PS:

Read file <./err_files/10000/16.err> for stderr output of this job.

