Sender: LSF System <lsfadmin@polus-c1-ib.bmc.hpc.cs.msu.ru>
Subject: Job 878011: <#BSUB -W 00:15;#BSUB -o "./out_files/1000/128.out";#BSUB -e "./err_files/1000/128.err";#BSUB -R "affinity[core(17)]";OMP_NUM_THREADS=128;/polusfs/lsf/openmp/launchOpenMP.py ./prog 1000> in cluster <MSUCluster> Done

Job <#BSUB -W 00:15;#BSUB -o "./out_files/1000/128.out";#BSUB -e "./err_files/1000/128.err";#BSUB -R "affinity[core(17)]";OMP_NUM_THREADS=128;/polusfs/lsf/openmp/launchOpenMP.py ./prog 1000> was submitted from host <polus-ib.bmc.hpc.cs.msu.ru> by user <edu-cmc-sqi21-01> in cluster <MSUCluster> at Thu Apr 28 02:05:04 2022
Job was executed on host(s) <polus-c1-ib.bmc.hpc.cs.msu.ru>, in queue <short>, as user <edu-cmc-sqi21-01> in cluster <MSUCluster> at Thu Apr 28 02:05:04 2022
</home_edu/edu-cmc-sqi21/edu-cmc-sqi21-01> was used as the home directory.
</home_edu/edu-cmc-sqi21/edu-cmc-sqi21-01/Prac/6_sem_prac/task1> was used as the working directory.
Started at Thu Apr 28 02:05:04 2022
Terminated at Thu Apr 28 02:05:04 2022
Results reported at Thu Apr 28 02:05:04 2022

Your job looked like:

------------------------------------------------------------
# LSBATCH: User input
#BSUB -W 00:15
#BSUB -o "./out_files/1000/128.out"
#BSUB -e "./err_files/1000/128.err"
#BSUB -R "affinity[core(17)]"
OMP_NUM_THREADS=128
/polusfs/lsf/openmp/launchOpenMP.py ./prog 1000

------------------------------------------------------------

Successfully completed.

Resource usage summary:

    CPU time :                                   10.48 sec.
    Max Memory :                                 1 MB
    Average Memory :                             1.00 MB
    Total Requested Memory :                     -
    Delta Memory :                               -
    Max Swap :                                   -
    Max Processes :                              1
    Max Threads :                                1
    Run time :                                   6 sec.
    Turnaround time :                            0 sec.

The output (if any) follows:

To R Matrix time: 0.0746057
Gauss time: 0.0043648
Full time: 0.0789705
Residual: 2.34546e-12


PS:

Read file <./err_files/1000/128.err> for stderr output of this job.

