Sender: LSF System <lsfadmin@polus-c1-ib.bmc.hpc.cs.msu.ru>
Subject: Job 881961: <#BSUB -W 00:15;#BSUB -o "./out_files/1000/8.out";#BSUB -e "./err_files/1000/8.err";#BSUB -R "affinity[core(4)]";OMP_NUM_THREADS=8;/polusfs/lsf/openmp/launchOpenMP.py ./prog 1000> in cluster <MSUCluster> Done

Job <#BSUB -W 00:15;#BSUB -o "./out_files/1000/8.out";#BSUB -e "./err_files/1000/8.err";#BSUB -R "affinity[core(4)]";OMP_NUM_THREADS=8;/polusfs/lsf/openmp/launchOpenMP.py ./prog 1000> was submitted from host <polus-ib.bmc.hpc.cs.msu.ru> by user <edu-cmc-sqi21-01> in cluster <MSUCluster> at Fri May 20 20:26:00 2022
Job was executed on host(s) <polus-c1-ib.bmc.hpc.cs.msu.ru>, in queue <short>, as user <edu-cmc-sqi21-01> in cluster <MSUCluster> at Fri May 20 20:26:01 2022
</home_edu/edu-cmc-sqi21/edu-cmc-sqi21-01> was used as the home directory.
</home_edu/edu-cmc-sqi21/edu-cmc-sqi21-01/Prac/prac/task1> was used as the working directory.
Started at Fri May 20 20:26:01 2022
Terminated at Fri May 20 20:26:01 2022
Results reported at Fri May 20 20:26:01 2022

Your job looked like:

------------------------------------------------------------
# LSBATCH: User input
#BSUB -W 00:15
#BSUB -o "./out_files/1000/8.out"
#BSUB -e "./err_files/1000/8.err"
#BSUB -R "affinity[core(4)]"
OMP_NUM_THREADS=8
/polusfs/lsf/openmp/launchOpenMP.py ./prog 1000

------------------------------------------------------------

Successfully completed.

Resource usage summary:

    CPU time :                                   1.67 sec.
    Max Memory :                                 1 MB
    Average Memory :                             1.00 MB
    Total Requested Memory :                     -
    Delta Memory :                               -
    Max Swap :                                   -
    Max Processes :                              1
    Max Threads :                                1
    Run time :                                   0 sec.
    Turnaround time :                            1 sec.

The output (if any) follows:

To R Matrix time: 0.156784
Gauss time: 0.00137033
Full time: 0.158154
Residual: 2.34546e-12


PS:

Read file <./err_files/1000/8.err> for stderr output of this job.

Sender: LSF System <lsfadmin@polus-c1-ib.bmc.hpc.cs.msu.ru>
Subject: Job 881979: <#BSUB -W 00:15;#BSUB -o "./out_files/1000/8.out";#BSUB -e "./err_files/1000/8.err";#BSUB -R "affinity[core(4)]";OMP_NUM_THREADS=8;/polusfs/lsf/openmp/launchOpenMP.py ./prog 1000> in cluster <MSUCluster> Done

Job <#BSUB -W 00:15;#BSUB -o "./out_files/1000/8.out";#BSUB -e "./err_files/1000/8.err";#BSUB -R "affinity[core(4)]";OMP_NUM_THREADS=8;/polusfs/lsf/openmp/launchOpenMP.py ./prog 1000> was submitted from host <polus-ib.bmc.hpc.cs.msu.ru> by user <edu-cmc-sqi21-01> in cluster <MSUCluster> at Fri May 20 20:26:00 2022
Job was executed on host(s) <polus-c1-ib.bmc.hpc.cs.msu.ru>, in queue <short>, as user <edu-cmc-sqi21-01> in cluster <MSUCluster> at Fri May 20 20:26:47 2022
</home_edu/edu-cmc-sqi21/edu-cmc-sqi21-01> was used as the home directory.
</home_edu/edu-cmc-sqi21/edu-cmc-sqi21-01/Prac/prac/task1> was used as the working directory.
Started at Fri May 20 20:26:47 2022
Terminated at Fri May 20 20:26:48 2022
Results reported at Fri May 20 20:26:48 2022

Your job looked like:

------------------------------------------------------------
# LSBATCH: User input
#BSUB -W 00:15
#BSUB -o "./out_files/1000/8.out"
#BSUB -e "./err_files/1000/8.err"
#BSUB -R "affinity[core(4)]"
OMP_NUM_THREADS=8
/polusfs/lsf/openmp/launchOpenMP.py ./prog 1000

------------------------------------------------------------

Successfully completed.

Resource usage summary:

    CPU time :                                   1.22 sec.
    Max Memory :                                 1 MB
    Average Memory :                             1.00 MB
    Total Requested Memory :                     -
    Delta Memory :                               -
    Max Swap :                                   -
    Max Processes :                              1
    Max Threads :                                1
    Run time :                                   0 sec.
    Turnaround time :                            48 sec.

The output (if any) follows:

To R Matrix time: 0.150397
Gauss time: 0.00143801
Full time: 0.151835
Residual: 2.34546e-12


PS:

Read file <./err_files/1000/8.err> for stderr output of this job.

Sender: LSF System <lsfadmin@polus-c1-ib.bmc.hpc.cs.msu.ru>
Subject: Job 881997: <#BSUB -W 00:15;#BSUB -o "./out_files/1000/8.out";#BSUB -e "./err_files/1000/8.err";#BSUB -R "affinity[core(4)]";OMP_NUM_THREADS=8;/polusfs/lsf/openmp/launchOpenMP.py ./prog 1000> in cluster <MSUCluster> Done

Job <#BSUB -W 00:15;#BSUB -o "./out_files/1000/8.out";#BSUB -e "./err_files/1000/8.err";#BSUB -R "affinity[core(4)]";OMP_NUM_THREADS=8;/polusfs/lsf/openmp/launchOpenMP.py ./prog 1000> was submitted from host <polus-ib.bmc.hpc.cs.msu.ru> by user <edu-cmc-sqi21-01> in cluster <MSUCluster> at Fri May 20 20:26:00 2022
Job was executed on host(s) <polus-c1-ib.bmc.hpc.cs.msu.ru>, in queue <short>, as user <edu-cmc-sqi21-01> in cluster <MSUCluster> at Fri May 20 20:27:30 2022
</home_edu/edu-cmc-sqi21/edu-cmc-sqi21-01> was used as the home directory.
</home_edu/edu-cmc-sqi21/edu-cmc-sqi21-01/Prac/prac/task1> was used as the working directory.
Started at Fri May 20 20:27:30 2022
Terminated at Fri May 20 20:27:32 2022
Results reported at Fri May 20 20:27:32 2022

Your job looked like:

------------------------------------------------------------
# LSBATCH: User input
#BSUB -W 00:15
#BSUB -o "./out_files/1000/8.out"
#BSUB -e "./err_files/1000/8.err"
#BSUB -R "affinity[core(4)]"
OMP_NUM_THREADS=8
/polusfs/lsf/openmp/launchOpenMP.py ./prog 1000

------------------------------------------------------------

Successfully completed.

Resource usage summary:

    CPU time :                                   1.23 sec.
    Max Memory :                                 1 MB
    Average Memory :                             1.00 MB
    Total Requested Memory :                     -
    Delta Memory :                               -
    Max Swap :                                   -
    Max Processes :                              1
    Max Threads :                                1
    Run time :                                   2 sec.
    Turnaround time :                            92 sec.

The output (if any) follows:

To R Matrix time: 0.150864
Gauss time: 0.00215747
Full time: 0.153021
Residual: 2.34546e-12


PS:

Read file <./err_files/1000/8.err> for stderr output of this job.

Sender: LSF System <lsfadmin@polus-c1-ib.bmc.hpc.cs.msu.ru>
Subject: Job 882015: <#BSUB -W 00:15;#BSUB -o "./out_files/1000/8.out";#BSUB -e "./err_files/1000/8.err";#BSUB -R "affinity[core(4)]";OMP_NUM_THREADS=8;/polusfs/lsf/openmp/launchOpenMP.py ./prog 1000> in cluster <MSUCluster> Done

Job <#BSUB -W 00:15;#BSUB -o "./out_files/1000/8.out";#BSUB -e "./err_files/1000/8.err";#BSUB -R "affinity[core(4)]";OMP_NUM_THREADS=8;/polusfs/lsf/openmp/launchOpenMP.py ./prog 1000> was submitted from host <polus-ib.bmc.hpc.cs.msu.ru> by user <edu-cmc-sqi21-01> in cluster <MSUCluster> at Fri May 20 20:26:01 2022
Job was executed on host(s) <polus-c1-ib.bmc.hpc.cs.msu.ru>, in queue <short>, as user <edu-cmc-sqi21-01> in cluster <MSUCluster> at Fri May 20 20:28:14 2022
</home_edu/edu-cmc-sqi21/edu-cmc-sqi21-01> was used as the home directory.
</home_edu/edu-cmc-sqi21/edu-cmc-sqi21-01/Prac/prac/task1> was used as the working directory.
Started at Fri May 20 20:28:14 2022
Terminated at Fri May 20 20:28:15 2022
Results reported at Fri May 20 20:28:15 2022

Your job looked like:

------------------------------------------------------------
# LSBATCH: User input
#BSUB -W 00:15
#BSUB -o "./out_files/1000/8.out"
#BSUB -e "./err_files/1000/8.err"
#BSUB -R "affinity[core(4)]"
OMP_NUM_THREADS=8
/polusfs/lsf/openmp/launchOpenMP.py ./prog 1000

------------------------------------------------------------

Successfully completed.

Resource usage summary:

    CPU time :                                   1.20 sec.
    Max Memory :                                 1 MB
    Average Memory :                             1.00 MB
    Total Requested Memory :                     -
    Delta Memory :                               -
    Max Swap :                                   -
    Max Processes :                              1
    Max Threads :                                1
    Run time :                                   1 sec.
    Turnaround time :                            134 sec.

The output (if any) follows:

To R Matrix time: 0.148034
Gauss time: 0.00138411
Full time: 0.149418
Residual: 2.34546e-12


PS:

Read file <./err_files/1000/8.err> for stderr output of this job.

