Sender: LSF System <lsfadmin@polus-c3-ib.bmc.hpc.cs.msu.ru>
Subject: Job 878024: <#BSUB -W 00:15;#BSUB -o "./out_files/7000/16.out";#BSUB -e "./err_files/7000/16.err";#BSUB -R "affinity[core(3)]";OMP_NUM_THREADS=16;/polusfs/lsf/openmp/launchOpenMP.py ./prog 7000> in cluster <MSUCluster> Done

Job <#BSUB -W 00:15;#BSUB -o "./out_files/7000/16.out";#BSUB -e "./err_files/7000/16.err";#BSUB -R "affinity[core(3)]";OMP_NUM_THREADS=16;/polusfs/lsf/openmp/launchOpenMP.py ./prog 7000> was submitted from host <polus-ib.bmc.hpc.cs.msu.ru> by user <edu-cmc-sqi21-01> in cluster <MSUCluster> at Thu Apr 28 02:05:17 2022
Job was executed on host(s) <polus-c3-ib.bmc.hpc.cs.msu.ru>, in queue <short>, as user <edu-cmc-sqi21-01> in cluster <MSUCluster> at Thu Apr 28 02:30:51 2022
</home_edu/edu-cmc-sqi21/edu-cmc-sqi21-01> was used as the home directory.
</home_edu/edu-cmc-sqi21/edu-cmc-sqi21-01/Prac/6_sem_prac/task1> was used as the working directory.
Started at Thu Apr 28 02:30:51 2022
Terminated at Thu Apr 28 02:31:43 2022
Results reported at Thu Apr 28 02:31:43 2022

Your job looked like:

------------------------------------------------------------
# LSBATCH: User input
#BSUB -W 00:15
#BSUB -o "./out_files/7000/16.out"
#BSUB -e "./err_files/7000/16.err"
#BSUB -R "affinity[core(3)]"
OMP_NUM_THREADS=16
/polusfs/lsf/openmp/launchOpenMP.py ./prog 7000

------------------------------------------------------------

Successfully completed.

Resource usage summary:

    CPU time :                                   795.06 sec.
    Max Memory :                                 682 MB
    Average Memory :                             343.40 MB
    Total Requested Memory :                     -
    Delta Memory :                               -
    Max Swap :                                   -
    Max Processes :                              4
    Max Threads :                                20
    Run time :                                   52 sec.
    Turnaround time :                            1586 sec.

The output (if any) follows:

To R Matrix time: 48.4812
Gauss time: 0.537355
Full time: 49.0186
Residual: 1.32035e-11


PS:

Read file <./err_files/7000/16.err> for stderr output of this job.

Sender: LSF System <lsfadmin@polus-c1-ib.bmc.hpc.cs.msu.ru>
Subject: Job 879561: <#BSUB -W 00:15;#BSUB -o "./out_files/7000/16.out";#BSUB -e "./err_files/7000/16.err";#BSUB -R "affinity[core(8)]";OMP_NUM_THREADS=16;/polusfs/lsf/openmp/launchOpenMP.py ./prog 7000> in cluster <MSUCluster> Done

Job <#BSUB -W 00:15;#BSUB -o "./out_files/7000/16.out";#BSUB -e "./err_files/7000/16.err";#BSUB -R "affinity[core(8)]";OMP_NUM_THREADS=16;/polusfs/lsf/openmp/launchOpenMP.py ./prog 7000> was submitted from host <polus-ib.bmc.hpc.cs.msu.ru> by user <edu-cmc-sqi21-01> in cluster <MSUCluster> at Wed May  4 21:25:09 2022
Job was executed on host(s) <polus-c1-ib.bmc.hpc.cs.msu.ru>, in queue <short>, as user <edu-cmc-sqi21-01> in cluster <MSUCluster> at Wed May  4 21:28:35 2022
</home_edu/edu-cmc-sqi21/edu-cmc-sqi21-01> was used as the home directory.
</home_edu/edu-cmc-sqi21/edu-cmc-sqi21-01/Prac/6_sem_prac/task1> was used as the working directory.
Started at Wed May  4 21:28:35 2022
Terminated at Wed May  4 21:29:07 2022
Results reported at Wed May  4 21:29:07 2022

Your job looked like:

------------------------------------------------------------
# LSBATCH: User input
#BSUB -W 00:15
#BSUB -o "./out_files/7000/16.out"
#BSUB -e "./err_files/7000/16.err"
#BSUB -R "affinity[core(8)]"
OMP_NUM_THREADS=16
/polusfs/lsf/openmp/launchOpenMP.py ./prog 7000

------------------------------------------------------------

Successfully completed.

Resource usage summary:

    CPU time :                                   474.74 sec.
    Max Memory :                                 584 MB
    Average Memory :                             327.57 MB
    Total Requested Memory :                     -
    Delta Memory :                               -
    Max Swap :                                   -
    Max Processes :                              4
    Max Threads :                                20
    Run time :                                   33 sec.
    Turnaround time :                            238 sec.

The output (if any) follows:

To R Matrix time: 28.7799
Gauss time: 0.484259
Full time: 29.2641
Residual: 1.32035e-11


PS:

Read file <./err_files/7000/16.err> for stderr output of this job.

