Sender: LSF System <lsfadmin@polus-c4-ib.bmc.hpc.cs.msu.ru>
Subject: Job 878021: <#BSUB -n 1;#BSUB -W 00:15;#BSUB -o "./out_files/7000/2.out";#BSUB -e "./err_files/7000/2.err";#BSUB -R "span[hosts=1]";OMP_NUM_THREADS=2 ./prog 7000> in cluster <MSUCluster> Done

Job <#BSUB -n 1;#BSUB -W 00:15;#BSUB -o "./out_files/7000/2.out";#BSUB -e "./err_files/7000/2.err";#BSUB -R "span[hosts=1]";OMP_NUM_THREADS=2 ./prog 7000> was submitted from host <polus-ib.bmc.hpc.cs.msu.ru> by user <edu-cmc-sqi21-01> in cluster <MSUCluster> at Thu Apr 28 02:05:14 2022
Job was executed on host(s) <polus-c4-ib.bmc.hpc.cs.msu.ru>, in queue <short>, as user <edu-cmc-sqi21-01> in cluster <MSUCluster> at Thu Apr 28 02:05:33 2022
</home_edu/edu-cmc-sqi21/edu-cmc-sqi21-01> was used as the home directory.
</home_edu/edu-cmc-sqi21/edu-cmc-sqi21-01/Prac/6_sem_prac/task1> was used as the working directory.
Started at Thu Apr 28 02:05:33 2022
Terminated at Thu Apr 28 02:07:53 2022
Results reported at Thu Apr 28 02:07:53 2022

Your job looked like:

------------------------------------------------------------
# LSBATCH: User input
#BSUB -n 1
#BSUB -W 00:15
#BSUB -o "./out_files/7000/2.out"
#BSUB -e "./err_files/7000/2.err"
#BSUB -R "span[hosts=1]"
OMP_NUM_THREADS=2 ./prog 7000

------------------------------------------------------------

Successfully completed.

Resource usage summary:

    CPU time :                                   275.95 sec.
    Max Memory :                                 698 MB
    Average Memory :                             361.95 MB
    Total Requested Memory :                     -
    Delta Memory :                               -
    Max Swap :                                   -
    Max Processes :                              4
    Max Threads :                                6
    Run time :                                   140 sec.
    Turnaround time :                            159 sec.

The output (if any) follows:

To R Matrix time: 136.71
Gauss time: 0.319887
Full time: 137.03
Residual: 1.32035e-11


PS:

Read file <./err_files/7000/2.err> for stderr output of this job.

Sender: LSF System <lsfadmin@polus-c4-ib.bmc.hpc.cs.msu.ru>
Subject: Job 879558: <#BSUB -n 1;#BSUB -W 00:15;#BSUB -o "./out_files/7000/2.out";#BSUB -e "./err_files/7000/2.err";#BSUB -R "span[hosts=1]";OMP_NUM_THREADS=2 ./prog 7000> in cluster <MSUCluster> Done

Job <#BSUB -n 1;#BSUB -W 00:15;#BSUB -o "./out_files/7000/2.out";#BSUB -e "./err_files/7000/2.err";#BSUB -R "span[hosts=1]";OMP_NUM_THREADS=2 ./prog 7000> was submitted from host <polus-ib.bmc.hpc.cs.msu.ru> by user <edu-cmc-sqi21-01> in cluster <MSUCluster> at Wed May  4 21:25:06 2022
Job was executed on host(s) <polus-c4-ib.bmc.hpc.cs.msu.ru>, in queue <short>, as user <edu-cmc-sqi21-01> in cluster <MSUCluster> at Wed May  4 21:25:49 2022
</home_edu/edu-cmc-sqi21/edu-cmc-sqi21-01> was used as the home directory.
</home_edu/edu-cmc-sqi21/edu-cmc-sqi21-01/Prac/6_sem_prac/task1> was used as the working directory.
Started at Wed May  4 21:25:49 2022
Terminated at Wed May  4 21:28:10 2022
Results reported at Wed May  4 21:28:10 2022

Your job looked like:

------------------------------------------------------------
# LSBATCH: User input
#BSUB -n 1
#BSUB -W 00:15
#BSUB -o "./out_files/7000/2.out"
#BSUB -e "./err_files/7000/2.err"
#BSUB -R "span[hosts=1]"
OMP_NUM_THREADS=2 ./prog 7000

------------------------------------------------------------

Successfully completed.

Resource usage summary:

    CPU time :                                   279.99 sec.
    Max Memory :                                 705 MB
    Average Memory :                             362.10 MB
    Total Requested Memory :                     -
    Delta Memory :                               -
    Max Swap :                                   -
    Max Processes :                              4
    Max Threads :                                6
    Run time :                                   142 sec.
    Turnaround time :                            184 sec.

The output (if any) follows:

To R Matrix time: 138.808
Gauss time: 0.31071
Full time: 139.119
Residual: 1.32035e-11


PS:

Read file <./err_files/7000/2.err> for stderr output of this job.

