Sender: LSF System <lsfadmin@polus-c4-ib.bmc.hpc.cs.msu.ru>
Subject: Job 887447: <#BSUB -n 1;#BSUB -W 00:15;#BSUB -o "./out_files/100/1.out";#BSUB -e "./err_files/100/1.err";#BSUB -R "span[hosts=1]";OMP_NUM_THREADS=1 ./prog 100 100 20> in cluster <MSUCluster> Done

Job <#BSUB -n 1;#BSUB -W 00:15;#BSUB -o "./out_files/100/1.out";#BSUB -e "./err_files/100/1.err";#BSUB -R "span[hosts=1]";OMP_NUM_THREADS=1 ./prog 100 100 20> was submitted from host <polus-ib.bmc.hpc.cs.msu.ru> by user <edu-cmc-sqi21-01> in cluster <MSUCluster> at Fri May 27 15:58:06 2022
Job was executed on host(s) <polus-c4-ib.bmc.hpc.cs.msu.ru>, in queue <short>, as user <edu-cmc-sqi21-01> in cluster <MSUCluster> at Fri May 27 15:58:06 2022
</home_edu/edu-cmc-sqi21/edu-cmc-sqi21-01> was used as the home directory.
</home_edu/edu-cmc-sqi21/edu-cmc-sqi21-01/Prac/prac/task3> was used as the working directory.
Started at Fri May 27 15:58:06 2022
Terminated at Fri May 27 15:59:13 2022
Results reported at Fri May 27 15:59:13 2022

Your job looked like:

------------------------------------------------------------
# LSBATCH: User input
#BSUB -n 1
#BSUB -W 00:15
#BSUB -o "./out_files/100/1.out"
#BSUB -e "./err_files/100/1.err"
#BSUB -R "span[hosts=1]"
OMP_NUM_THREADS=1 ./prog 100 100 20

------------------------------------------------------------

Successfully completed.

Resource usage summary:

    CPU time :                                   66.21 sec.
    Max Memory :                                 132 MB
    Average Memory :                             120.09 MB
    Total Requested Memory :                     -
    Delta Memory :                               -
    Max Swap :                                   -
    Max Processes :                              4
    Max Threads :                                5
    Run time :                                   68 sec.
    Turnaround time :                            67 sec.

The output (if any) follows:

Generation started
Generation time: 0.411118
Iter Num: 94
Full time: 65.7758
Avg time: 3.28879
Avg spmv time: 2.31854
Avg dot time: 0.155948
Avg lin comb time: 0.169288
Residual: 7.00056e-13
||Ax-b|| = 3.16216e-12
Error: 8.18254e-13


PS:

Read file <./err_files/100/1.err> for stderr output of this job.

