Sender: LSF System <lsfadmin@polus-c4-ib.bmc.hpc.cs.msu.ru>
Subject: Job 884307: <#BSUB -W 00:15;#BSUB -o "./out_files/100/16.out";#BSUB -e "./err_files/100/16.err";#BSUB -R "affinity[core(8)]";OMP_NUM_THREADS=16;/polusfs/lsf/openmp/launchOpenMP.py ./prog 100> in cluster <MSUCluster> Done

Job <#BSUB -W 00:15;#BSUB -o "./out_files/100/16.out";#BSUB -e "./err_files/100/16.err";#BSUB -R "affinity[core(8)]";OMP_NUM_THREADS=16;/polusfs/lsf/openmp/launchOpenMP.py ./prog 100> was submitted from host <polus-ib.bmc.hpc.cs.msu.ru> by user <edu-cmc-sqi21-01> in cluster <MSUCluster> at Wed May 25 02:50:37 2022
Job was executed on host(s) <polus-c4-ib.bmc.hpc.cs.msu.ru>, in queue <short>, as user <edu-cmc-sqi21-01> in cluster <MSUCluster> at Wed May 25 03:25:03 2022
</home_edu/edu-cmc-sqi21/edu-cmc-sqi21-01> was used as the home directory.
</home_edu/edu-cmc-sqi21/edu-cmc-sqi21-01/Prac/prac/task3> was used as the working directory.
Started at Wed May 25 03:25:03 2022
Terminated at Wed May 25 03:25:21 2022
Results reported at Wed May 25 03:25:21 2022

Your job looked like:

------------------------------------------------------------
# LSBATCH: User input
#BSUB -W 00:15
#BSUB -o "./out_files/100/16.out"
#BSUB -e "./err_files/100/16.err"
#BSUB -R "affinity[core(8)]"
OMP_NUM_THREADS=16
/polusfs/lsf/openmp/launchOpenMP.py ./prog 100

------------------------------------------------------------

Successfully completed.

Resource usage summary:

    CPU time :                                   202.76 sec.
    Max Memory :                                 134 MB
    Average Memory :                             107.40 MB
    Total Requested Memory :                     -
    Delta Memory :                               -
    Max Swap :                                   -
    Max Processes :                              4
    Max Threads :                                20
    Run time :                                   19 sec.
    Turnaround time :                            2084 sec.

The output (if any) follows:

Generation started
Generation time: 0.412094
Iter Num: 94
Full time: 16.2419
Avg time: 0.324838
Residual: 7.00056e-13
||Ax-b|| = 3.16143e-12
Error: 8.18268e-13


PS:

Read file <./err_files/100/16.err> for stderr output of this job.

Sender: LSF System <lsfadmin@polus-c1-ib.bmc.hpc.cs.msu.ru>
Subject: Job 884325: <#BSUB -W 00:15;#BSUB -o "./out_files/100/16.out";#BSUB -e "./err_files/100/16.err";#BSUB -R "affinity[core(8)]";OMP_NUM_THREADS=16;/polusfs/lsf/openmp/launchOpenMP.py ./prog 100> in cluster <MSUCluster> Done

Job <#BSUB -W 00:15;#BSUB -o "./out_files/100/16.out";#BSUB -e "./err_files/100/16.err";#BSUB -R "affinity[core(8)]";OMP_NUM_THREADS=16;/polusfs/lsf/openmp/launchOpenMP.py ./prog 100> was submitted from host <polus-ib.bmc.hpc.cs.msu.ru> by user <edu-cmc-sqi21-01> in cluster <MSUCluster> at Wed May 25 02:50:37 2022
Job was executed on host(s) <polus-c1-ib.bmc.hpc.cs.msu.ru>, in queue <short>, as user <edu-cmc-sqi21-01> in cluster <MSUCluster> at Wed May 25 03:29:07 2022
</home_edu/edu-cmc-sqi21/edu-cmc-sqi21-01> was used as the home directory.
</home_edu/edu-cmc-sqi21/edu-cmc-sqi21-01/Prac/prac/task3> was used as the working directory.
Started at Wed May 25 03:29:07 2022
Terminated at Wed May 25 03:29:26 2022
Results reported at Wed May 25 03:29:26 2022

Your job looked like:

------------------------------------------------------------
# LSBATCH: User input
#BSUB -W 00:15
#BSUB -o "./out_files/100/16.out"
#BSUB -e "./err_files/100/16.err"
#BSUB -R "affinity[core(8)]"
OMP_NUM_THREADS=16
/polusfs/lsf/openmp/launchOpenMP.py ./prog 100

------------------------------------------------------------

Successfully completed.

Resource usage summary:

    CPU time :                                   234.44 sec.
    Max Memory :                                 134 MB
    Average Memory :                             107.40 MB
    Total Requested Memory :                     -
    Delta Memory :                               -
    Max Swap :                                   -
    Max Processes :                              4
    Max Threads :                                20
    Run time :                                   19 sec.
    Turnaround time :                            2329 sec.

The output (if any) follows:

Generation started
Generation time: 0.416417
Iter Num: 94
Full time: 18.2235
Avg time: 0.364471
Residual: 7.00056e-13
||Ax-b|| = 3.16143e-12
Error: 8.18268e-13


PS:

Read file <./err_files/100/16.err> for stderr output of this job.

Sender: LSF System <lsfadmin@polus-c4-ib.bmc.hpc.cs.msu.ru>
Subject: Job 884343: <#BSUB -W 00:15;#BSUB -o "./out_files/100/16.out";#BSUB -e "./err_files/100/16.err";#BSUB -R "affinity[core(8)]";OMP_NUM_THREADS=16;/polusfs/lsf/openmp/launchOpenMP.py ./prog 100> in cluster <MSUCluster> Done

Job <#BSUB -W 00:15;#BSUB -o "./out_files/100/16.out";#BSUB -e "./err_files/100/16.err";#BSUB -R "affinity[core(8)]";OMP_NUM_THREADS=16;/polusfs/lsf/openmp/launchOpenMP.py ./prog 100> was submitted from host <polus-ib.bmc.hpc.cs.msu.ru> by user <edu-cmc-sqi21-01> in cluster <MSUCluster> at Wed May 25 02:50:37 2022
Job was executed on host(s) <polus-c4-ib.bmc.hpc.cs.msu.ru>, in queue <short>, as user <edu-cmc-sqi21-01> in cluster <MSUCluster> at Wed May 25 03:38:11 2022
</home_edu/edu-cmc-sqi21/edu-cmc-sqi21-01> was used as the home directory.
</home_edu/edu-cmc-sqi21/edu-cmc-sqi21-01/Prac/prac/task3> was used as the working directory.
Started at Wed May 25 03:38:11 2022
Terminated at Wed May 25 03:38:28 2022
Results reported at Wed May 25 03:38:28 2022

Your job looked like:

------------------------------------------------------------
# LSBATCH: User input
#BSUB -W 00:15
#BSUB -o "./out_files/100/16.out"
#BSUB -e "./err_files/100/16.err"
#BSUB -R "affinity[core(8)]"
OMP_NUM_THREADS=16
/polusfs/lsf/openmp/launchOpenMP.py ./prog 100

------------------------------------------------------------

Successfully completed.

Resource usage summary:

    CPU time :                                   207.39 sec.
    Max Memory :                                 134 MB
    Average Memory :                             107.40 MB
    Total Requested Memory :                     -
    Delta Memory :                               -
    Max Swap :                                   -
    Max Processes :                              4
    Max Threads :                                20
    Run time :                                   17 sec.
    Turnaround time :                            2871 sec.

The output (if any) follows:

Generation started
Generation time: 0.411699
Iter Num: 94
Full time: 16.5326
Avg time: 0.330653
Residual: 7.00056e-13
||Ax-b|| = 3.16143e-12
Error: 8.18268e-13


PS:

Read file <./err_files/100/16.err> for stderr output of this job.

Sender: LSF System <lsfadmin@polus-c1-ib.bmc.hpc.cs.msu.ru>
Subject: Job 884361: <#BSUB -W 00:15;#BSUB -o "./out_files/100/16.out";#BSUB -e "./err_files/100/16.err";#BSUB -R "affinity[core(8)]";OMP_NUM_THREADS=16;/polusfs/lsf/openmp/launchOpenMP.py ./prog 100> in cluster <MSUCluster> Done

Job <#BSUB -W 00:15;#BSUB -o "./out_files/100/16.out";#BSUB -e "./err_files/100/16.err";#BSUB -R "affinity[core(8)]";OMP_NUM_THREADS=16;/polusfs/lsf/openmp/launchOpenMP.py ./prog 100> was submitted from host <polus-ib.bmc.hpc.cs.msu.ru> by user <edu-cmc-sqi21-01> in cluster <MSUCluster> at Wed May 25 02:50:37 2022
Job was executed on host(s) <polus-c1-ib.bmc.hpc.cs.msu.ru>, in queue <short>, as user <edu-cmc-sqi21-01> in cluster <MSUCluster> at Wed May 25 03:42:39 2022
</home_edu/edu-cmc-sqi21/edu-cmc-sqi21-01> was used as the home directory.
</home_edu/edu-cmc-sqi21/edu-cmc-sqi21-01/Prac/prac/task3> was used as the working directory.
Started at Wed May 25 03:42:39 2022
Terminated at Wed May 25 03:42:56 2022
Results reported at Wed May 25 03:42:56 2022

Your job looked like:

------------------------------------------------------------
# LSBATCH: User input
#BSUB -W 00:15
#BSUB -o "./out_files/100/16.out"
#BSUB -e "./err_files/100/16.err"
#BSUB -R "affinity[core(8)]"
OMP_NUM_THREADS=16
/polusfs/lsf/openmp/launchOpenMP.py ./prog 100

------------------------------------------------------------

Successfully completed.

Resource usage summary:

    CPU time :                                   199.99 sec.
    Max Memory :                                 134 MB
    Average Memory :                             107.40 MB
    Total Requested Memory :                     -
    Delta Memory :                               -
    Max Swap :                                   -
    Max Processes :                              4
    Max Threads :                                20
    Run time :                                   17 sec.
    Turnaround time :                            3139 sec.

The output (if any) follows:

Generation started
Generation time: 0.410662
Iter Num: 94
Full time: 16.0671
Avg time: 0.321342
Residual: 7.00056e-13
||Ax-b|| = 3.16143e-12
Error: 8.18268e-13


PS:

Read file <./err_files/100/16.err> for stderr output of this job.

