Sender: LSF System <lsfadmin@polus-c3-ib.bmc.hpc.cs.msu.ru>
Subject: Job 887452: <#BSUB -W 00:15;#BSUB -o "./out_files/100/32.out";#BSUB -e "./err_files/100/32.err";#BSUB -R "affinity[core(16)]";OMP_NUM_THREADS=32;/polusfs/lsf/openmp/launchOpenMP.py ./prog 100 100 20> in cluster <MSUCluster> Done

Job <#BSUB -W 00:15;#BSUB -o "./out_files/100/32.out";#BSUB -e "./err_files/100/32.err";#BSUB -R "affinity[core(16)]";OMP_NUM_THREADS=32;/polusfs/lsf/openmp/launchOpenMP.py ./prog 100 100 20> was submitted from host <polus-ib.bmc.hpc.cs.msu.ru> by user <edu-cmc-sqi21-01> in cluster <MSUCluster> at Fri May 27 15:58:06 2022
Job was executed on host(s) <polus-c3-ib.bmc.hpc.cs.msu.ru>, in queue <short>, as user <edu-cmc-sqi21-01> in cluster <MSUCluster> at Fri May 27 16:08:54 2022
</home_edu/edu-cmc-sqi21/edu-cmc-sqi21-01> was used as the home directory.
</home_edu/edu-cmc-sqi21/edu-cmc-sqi21-01/Prac/prac/task3> was used as the working directory.
Started at Fri May 27 16:08:54 2022
Terminated at Fri May 27 16:09:01 2022
Results reported at Fri May 27 16:09:01 2022

Your job looked like:

------------------------------------------------------------
# LSBATCH: User input
#BSUB -W 00:15
#BSUB -o "./out_files/100/32.out"
#BSUB -e "./err_files/100/32.err"
#BSUB -R "affinity[core(16)]"
OMP_NUM_THREADS=32
/polusfs/lsf/openmp/launchOpenMP.py ./prog 100 100 20

------------------------------------------------------------

Successfully completed.

Resource usage summary:

    CPU time :                                   132.82 sec.
    Max Memory :                                 136 MB
    Average Memory :                             91.00 MB
    Total Requested Memory :                     -
    Delta Memory :                               -
    Max Swap :                                   -
    Max Processes :                              4
    Max Threads :                                36
    Run time :                                   6 sec.
    Turnaround time :                            655 sec.

The output (if any) follows:

Generation started
Generation time: 0.409276
Iter Num: 94
Full time: 5.7417
Avg time: 0.287085
Avg spmv time: 0.0665675
Avg dot time: 0.00983998
Avg lin comb time: 0.00888303
Residual: 7.00056e-13
||Ax-b|| = 3.16144e-12
Error: 8.18506e-13


PS:

Read file <./err_files/100/32.err> for stderr output of this job.

