Sender: LSF System <lsfadmin@polus-c4-ib.bmc.hpc.cs.msu.ru>
Subject: Job 887450: <#BSUB -W 00:15;#BSUB -o "./out_files/100/8.out";#BSUB -e "./err_files/100/8.err";#BSUB -R "affinity[core(4)]";OMP_NUM_THREADS=8;/polusfs/lsf/openmp/launchOpenMP.py ./prog 100 100 20> in cluster <MSUCluster> Done

Job <#BSUB -W 00:15;#BSUB -o "./out_files/100/8.out";#BSUB -e "./err_files/100/8.err";#BSUB -R "affinity[core(4)]";OMP_NUM_THREADS=8;/polusfs/lsf/openmp/launchOpenMP.py ./prog 100 100 20> was submitted from host <polus-ib.bmc.hpc.cs.msu.ru> by user <edu-cmc-sqi21-01> in cluster <MSUCluster> at Fri May 27 15:58:06 2022
Job was executed on host(s) <polus-c4-ib.bmc.hpc.cs.msu.ru>, in queue <short>, as user <edu-cmc-sqi21-01> in cluster <MSUCluster> at Fri May 27 15:58:07 2022
</home_edu/edu-cmc-sqi21/edu-cmc-sqi21-01> was used as the home directory.
</home_edu/edu-cmc-sqi21/edu-cmc-sqi21-01/Prac/prac/task3> was used as the working directory.
Started at Fri May 27 15:58:07 2022
Terminated at Fri May 27 15:58:18 2022
Results reported at Fri May 27 15:58:18 2022

Your job looked like:

------------------------------------------------------------
# LSBATCH: User input
#BSUB -W 00:15
#BSUB -o "./out_files/100/8.out"
#BSUB -e "./err_files/100/8.err"
#BSUB -R "affinity[core(4)]"
OMP_NUM_THREADS=8
/polusfs/lsf/openmp/launchOpenMP.py ./prog 100 100 20

------------------------------------------------------------

Successfully completed.

Resource usage summary:

    CPU time :                                   73.95 sec.
    Max Memory :                                 132 MB
    Average Memory :                             89.33 MB
    Total Requested Memory :                     -
    Delta Memory :                               -
    Max Swap :                                   -
    Max Processes :                              4
    Max Threads :                                12
    Run time :                                   11 sec.
    Turnaround time :                            12 sec.

The output (if any) follows:

Generation started
Generation time: 0.418221
Iter Num: 94
Full time: 10.5372
Avg time: 0.526859
Avg spmv time: 0.252676
Avg dot time: 0.0273538
Avg lin comb time: 0.0214361
Residual: 7.00056e-13
||Ax-b|| = 3.16271e-12
Error: 8.18587e-13


PS:

Read file <./err_files/100/8.err> for stderr output of this job.

