Sender: LSF System <lsfadmin@polus-c3-ib.bmc.hpc.cs.msu.ru>
Subject: Job 882133: <# this file was automaticly created by mpisubmit.pl script for edu-cmc-sqi21-01 #;source /polusfs/setenv/setup.SMPI;#BSUB -n 1;#BSUB -W 00:15;#BSUB -o ./out_files/4000/1.out;#BSUB -e ./err_files/4000/1.err;OMP_NUM_THREADS=1 mpiexec ./prog 4000> in cluster <MSUCluster> Done

Job <# this file was automaticly created by mpisubmit.pl script for edu-cmc-sqi21-01 #;source /polusfs/setenv/setup.SMPI;#BSUB -n 1;#BSUB -W 00:15;#BSUB -o ./out_files/4000/1.out;#BSUB -e ./err_files/4000/1.err;OMP_NUM_THREADS=1 mpiexec ./prog 4000> was submitted from host <polus-ib.bmc.hpc.cs.msu.ru> by user <edu-cmc-sqi21-01> in cluster <MSUCluster> at Sat May 21 15:32:16 2022
Job was executed on host(s) <polus-c3-ib.bmc.hpc.cs.msu.ru>, in queue <short>, as user <edu-cmc-sqi21-01> in cluster <MSUCluster> at Sat May 21 15:32:22 2022
</home_edu/edu-cmc-sqi21/edu-cmc-sqi21-01> was used as the home directory.
</home_edu/edu-cmc-sqi21/edu-cmc-sqi21-01/Prac/prac/task2> was used as the working directory.
Started at Sat May 21 15:32:22 2022
Terminated at Sat May 21 15:38:06 2022
Results reported at Sat May 21 15:38:06 2022

Your job looked like:

------------------------------------------------------------
# LSBATCH: User input
# this file was automaticly created by mpisubmit.pl script for edu-cmc-sqi21-01 #
source /polusfs/setenv/setup.SMPI
#BSUB -n 1
#BSUB -W 00:15
#BSUB -o ./out_files/4000/1.out
#BSUB -e ./err_files/4000/1.err
OMP_NUM_THREADS=1 mpiexec ./prog 4000

------------------------------------------------------------

Successfully completed.

Resource usage summary:

    CPU time :                                   343.25 sec.
    Max Memory :                                 192 MB
    Average Memory :                             188.24 MB
    Total Requested Memory :                     -
    Delta Memory :                               -
    Max Swap :                                   -
    Max Processes :                              5
    Max Threads :                                12
    Run time :                                   345 sec.
    Turnaround time :                            350 sec.

The output (if any) follows:

Number of proccessors: 1
To R Matrix time: 341.802
Gauss time: 0.0586825
Full time: 341.861
Residual: 6.21596e-11
Error: 5.09017e-08


PS:

Read file <./err_files/4000/1.err> for stderr output of this job.

Sender: LSF System <lsfadmin@polus-c3-ib.bmc.hpc.cs.msu.ru>
Subject: Job 882151: <# this file was automaticly created by mpisubmit.pl script for edu-cmc-sqi21-01 #;source /polusfs/setenv/setup.SMPI;#BSUB -n 1;#BSUB -W 00:15;#BSUB -o ./out_files/4000/1.out;#BSUB -e ./err_files/4000/1.err;OMP_NUM_THREADS=1 mpiexec ./prog 4000> in cluster <MSUCluster> Done

Job <# this file was automaticly created by mpisubmit.pl script for edu-cmc-sqi21-01 #;source /polusfs/setenv/setup.SMPI;#BSUB -n 1;#BSUB -W 00:15;#BSUB -o ./out_files/4000/1.out;#BSUB -e ./err_files/4000/1.err;OMP_NUM_THREADS=1 mpiexec ./prog 4000> was submitted from host <polus-ib.bmc.hpc.cs.msu.ru> by user <edu-cmc-sqi21-01> in cluster <MSUCluster> at Sat May 21 15:32:17 2022
Job was executed on host(s) <polus-c3-ib.bmc.hpc.cs.msu.ru>, in queue <short>, as user <edu-cmc-sqi21-01> in cluster <MSUCluster> at Sat May 21 15:38:13 2022
</home_edu/edu-cmc-sqi21/edu-cmc-sqi21-01> was used as the home directory.
</home_edu/edu-cmc-sqi21/edu-cmc-sqi21-01/Prac/prac/task2> was used as the working directory.
Started at Sat May 21 15:38:13 2022
Terminated at Sat May 21 15:43:55 2022
Results reported at Sat May 21 15:43:55 2022

Your job looked like:

------------------------------------------------------------
# LSBATCH: User input
# this file was automaticly created by mpisubmit.pl script for edu-cmc-sqi21-01 #
source /polusfs/setenv/setup.SMPI
#BSUB -n 1
#BSUB -W 00:15
#BSUB -o ./out_files/4000/1.out
#BSUB -e ./err_files/4000/1.err
OMP_NUM_THREADS=1 mpiexec ./prog 4000

------------------------------------------------------------

Successfully completed.

Resource usage summary:

    CPU time :                                   341.30 sec.
    Max Memory :                                 268 MB
    Average Memory :                             188.22 MB
    Total Requested Memory :                     -
    Delta Memory :                               -
    Max Swap :                                   -
    Max Processes :                              5
    Max Threads :                                12
    Run time :                                   343 sec.
    Turnaround time :                            698 sec.

The output (if any) follows:

Number of proccessors: 1
To R Matrix time: 339.899
Gauss time: 0.0581513
Full time: 339.957
Residual: 6.21596e-11
Error: 5.09017e-08


PS:

Read file <./err_files/4000/1.err> for stderr output of this job.

Sender: LSF System <lsfadmin@polus-c3-ib.bmc.hpc.cs.msu.ru>
Subject: Job 882169: <# this file was automaticly created by mpisubmit.pl script for edu-cmc-sqi21-01 #;source /polusfs/setenv/setup.SMPI;#BSUB -n 1;#BSUB -W 00:15;#BSUB -o ./out_files/4000/1.out;#BSUB -e ./err_files/4000/1.err;OMP_NUM_THREADS=1 mpiexec ./prog 4000> in cluster <MSUCluster> Done

Job <# this file was automaticly created by mpisubmit.pl script for edu-cmc-sqi21-01 #;source /polusfs/setenv/setup.SMPI;#BSUB -n 1;#BSUB -W 00:15;#BSUB -o ./out_files/4000/1.out;#BSUB -e ./err_files/4000/1.err;OMP_NUM_THREADS=1 mpiexec ./prog 4000> was submitted from host <polus-ib.bmc.hpc.cs.msu.ru> by user <edu-cmc-sqi21-01> in cluster <MSUCluster> at Sat May 21 15:32:17 2022
Job was executed on host(s) <polus-c3-ib.bmc.hpc.cs.msu.ru>, in queue <short>, as user <edu-cmc-sqi21-01> in cluster <MSUCluster> at Sat May 21 15:52:04 2022
</home_edu/edu-cmc-sqi21/edu-cmc-sqi21-01> was used as the home directory.
</home_edu/edu-cmc-sqi21/edu-cmc-sqi21-01/Prac/prac/task2> was used as the working directory.
Started at Sat May 21 15:52:04 2022
Terminated at Sat May 21 15:57:48 2022
Results reported at Sat May 21 15:57:48 2022

Your job looked like:

------------------------------------------------------------
# LSBATCH: User input
# this file was automaticly created by mpisubmit.pl script for edu-cmc-sqi21-01 #
source /polusfs/setenv/setup.SMPI
#BSUB -n 1
#BSUB -W 00:15
#BSUB -o ./out_files/4000/1.out
#BSUB -e ./err_files/4000/1.err
OMP_NUM_THREADS=1 mpiexec ./prog 4000

------------------------------------------------------------

Successfully completed.

Resource usage summary:

    CPU time :                                   344.30 sec.
    Max Memory :                                 282 MB
    Average Memory :                             188.02 MB
    Total Requested Memory :                     -
    Delta Memory :                               -
    Max Swap :                                   -
    Max Processes :                              5
    Max Threads :                                12
    Run time :                                   345 sec.
    Turnaround time :                            1531 sec.

The output (if any) follows:

Number of proccessors: 1
To R Matrix time: 342.913
Gauss time: 0.057815
Full time: 342.971
Residual: 6.21596e-11
Error: 5.09017e-08


PS:

Read file <./err_files/4000/1.err> for stderr output of this job.

Sender: LSF System <lsfadmin@polus-c3-ib.bmc.hpc.cs.msu.ru>
Subject: Job 882187: <# this file was automaticly created by mpisubmit.pl script for edu-cmc-sqi21-01 #;source /polusfs/setenv/setup.SMPI;#BSUB -n 1;#BSUB -W 00:15;#BSUB -o ./out_files/4000/1.out;#BSUB -e ./err_files/4000/1.err;OMP_NUM_THREADS=1 mpiexec ./prog 4000> in cluster <MSUCluster> Done

Job <# this file was automaticly created by mpisubmit.pl script for edu-cmc-sqi21-01 #;source /polusfs/setenv/setup.SMPI;#BSUB -n 1;#BSUB -W 00:15;#BSUB -o ./out_files/4000/1.out;#BSUB -e ./err_files/4000/1.err;OMP_NUM_THREADS=1 mpiexec ./prog 4000> was submitted from host <polus-ib.bmc.hpc.cs.msu.ru> by user <edu-cmc-sqi21-01> in cluster <MSUCluster> at Sat May 21 15:32:18 2022
Job was executed on host(s) <polus-c3-ib.bmc.hpc.cs.msu.ru>, in queue <short>, as user <edu-cmc-sqi21-01> in cluster <MSUCluster> at Sat May 21 16:04:11 2022
</home_edu/edu-cmc-sqi21/edu-cmc-sqi21-01> was used as the home directory.
</home_edu/edu-cmc-sqi21/edu-cmc-sqi21-01/Prac/prac/task2> was used as the working directory.
Started at Sat May 21 16:04:11 2022
Terminated at Sat May 21 16:09:50 2022
Results reported at Sat May 21 16:09:50 2022

Your job looked like:

------------------------------------------------------------
# LSBATCH: User input
# this file was automaticly created by mpisubmit.pl script for edu-cmc-sqi21-01 #
source /polusfs/setenv/setup.SMPI
#BSUB -n 1
#BSUB -W 00:15
#BSUB -o ./out_files/4000/1.out
#BSUB -e ./err_files/4000/1.err
OMP_NUM_THREADS=1 mpiexec ./prog 4000

------------------------------------------------------------

Successfully completed.

Resource usage summary:

    CPU time :                                   338.96 sec.
    Max Memory :                                 257 MB
    Average Memory :                             188.10 MB
    Total Requested Memory :                     -
    Delta Memory :                               -
    Max Swap :                                   -
    Max Processes :                              5
    Max Threads :                                12
    Run time :                                   339 sec.
    Turnaround time :                            2252 sec.

The output (if any) follows:

Number of proccessors: 1
To R Matrix time: 337.551
Gauss time: 0.0575485
Full time: 337.608
Residual: 6.21596e-11
Error: 5.09017e-08


PS:

Read file <./err_files/4000/1.err> for stderr output of this job.

