Sender: LSF System <lsfadmin@polus-c4-ib.bmc.hpc.cs.msu.ru>
Subject: Job 878013: <#BSUB -n 1;#BSUB -W 00:15;#BSUB -o "./out_files/4000/2.out";#BSUB -e "./err_files/4000/2.err";#BSUB -R "span[hosts=1]";OMP_NUM_THREADS=2 ./prog 4000> in cluster <MSUCluster> Done

Job <#BSUB -n 1;#BSUB -W 00:15;#BSUB -o "./out_files/4000/2.out";#BSUB -e "./err_files/4000/2.err";#BSUB -R "span[hosts=1]";OMP_NUM_THREADS=2 ./prog 4000> was submitted from host <polus-ib.bmc.hpc.cs.msu.ru> by user <edu-cmc-sqi21-01> in cluster <MSUCluster> at Thu Apr 28 02:05:06 2022
Job was executed on host(s) <polus-c4-ib.bmc.hpc.cs.msu.ru>, in queue <short>, as user <edu-cmc-sqi21-01> in cluster <MSUCluster> at Thu Apr 28 02:05:07 2022
</home_edu/edu-cmc-sqi21/edu-cmc-sqi21-01> was used as the home directory.
</home_edu/edu-cmc-sqi21/edu-cmc-sqi21-01/Prac/6_sem_prac/task1> was used as the working directory.
Started at Thu Apr 28 02:05:07 2022
Terminated at Thu Apr 28 02:05:33 2022
Results reported at Thu Apr 28 02:05:33 2022

Your job looked like:

------------------------------------------------------------
# LSBATCH: User input
#BSUB -n 1
#BSUB -W 00:15
#BSUB -o "./out_files/4000/2.out"
#BSUB -e "./err_files/4000/2.err"
#BSUB -R "span[hosts=1]"
OMP_NUM_THREADS=2 ./prog 4000

------------------------------------------------------------

Successfully completed.

Resource usage summary:

    CPU time :                                   51.94 sec.
    Max Memory :                                 128 MB
    Average Memory :                             106.83 MB
    Total Requested Memory :                     -
    Delta Memory :                               -
    Max Swap :                                   -
    Max Processes :                              4
    Max Threads :                                6
    Run time :                                   26 sec.
    Turnaround time :                            27 sec.

The output (if any) follows:

To R Matrix time: 25.8101
Gauss time: 0.0294002
Full time: 25.8395
Residual: 2.69312e-11


PS:

Read file <./err_files/4000/2.err> for stderr output of this job.

Sender: LSF System <lsfadmin@polus-c4-ib.bmc.hpc.cs.msu.ru>
Subject: Job 879552: <#BSUB -n 1;#BSUB -W 00:15;#BSUB -o "./out_files/4000/2.out";#BSUB -e "./err_files/4000/2.err";#BSUB -R "span[hosts=1]";OMP_NUM_THREADS=2 ./prog 4000> in cluster <MSUCluster> Done

Job <#BSUB -n 1;#BSUB -W 00:15;#BSUB -o "./out_files/4000/2.out";#BSUB -e "./err_files/4000/2.err";#BSUB -R "span[hosts=1]";OMP_NUM_THREADS=2 ./prog 4000> was submitted from host <polus-ib.bmc.hpc.cs.msu.ru> by user <edu-cmc-sqi21-01> in cluster <MSUCluster> at Wed May  4 21:24:57 2022
Job was executed on host(s) <polus-c4-ib.bmc.hpc.cs.msu.ru>, in queue <short>, as user <edu-cmc-sqi21-01> in cluster <MSUCluster> at Wed May  4 21:24:58 2022
</home_edu/edu-cmc-sqi21/edu-cmc-sqi21-01> was used as the home directory.
</home_edu/edu-cmc-sqi21/edu-cmc-sqi21-01/Prac/6_sem_prac/task1> was used as the working directory.
Started at Wed May  4 21:24:58 2022
Terminated at Wed May  4 21:25:25 2022
Results reported at Wed May  4 21:25:25 2022

Your job looked like:

------------------------------------------------------------
# LSBATCH: User input
#BSUB -n 1
#BSUB -W 00:15
#BSUB -o "./out_files/4000/2.out"
#BSUB -e "./err_files/4000/2.err"
#BSUB -R "span[hosts=1]"
OMP_NUM_THREADS=2 ./prog 4000

------------------------------------------------------------

Successfully completed.

Resource usage summary:

    CPU time :                                   52.09 sec.
    Max Memory :                                 128 MB
    Average Memory :                             102.60 MB
    Total Requested Memory :                     -
    Delta Memory :                               -
    Max Swap :                                   -
    Max Processes :                              4
    Max Threads :                                6
    Run time :                                   27 sec.
    Turnaround time :                            28 sec.

The output (if any) follows:

To R Matrix time: 25.8887
Gauss time: 0.0540171
Full time: 25.9427
Residual: 2.69312e-11


PS:

Read file <./err_files/4000/2.err> for stderr output of this job.

