Sender: LSF System <lsfadmin@polus-c4-ib.bmc.hpc.cs.msu.ru>
Subject: Job 878018: <#BSUB -W 00:15;#BSUB -o "./out_files/4000/64.out";#BSUB -e "./err_files/4000/64.err";#BSUB -R "affinity[core(9)]";OMP_NUM_THREADS=64;/polusfs/lsf/openmp/launchOpenMP.py ./prog 4000> in cluster <MSUCluster> Done

Job <#BSUB -W 00:15;#BSUB -o "./out_files/4000/64.out";#BSUB -e "./err_files/4000/64.err";#BSUB -R "affinity[core(9)]";OMP_NUM_THREADS=64;/polusfs/lsf/openmp/launchOpenMP.py ./prog 4000> was submitted from host <polus-ib.bmc.hpc.cs.msu.ru> by user <edu-cmc-sqi21-01> in cluster <MSUCluster> at Thu Apr 28 02:05:11 2022
Job was executed on host(s) <polus-c4-ib.bmc.hpc.cs.msu.ru>, in queue <short>, as user <edu-cmc-sqi21-01> in cluster <MSUCluster> at Thu Apr 28 02:43:21 2022
</home_edu/edu-cmc-sqi21/edu-cmc-sqi21-01> was used as the home directory.
</home_edu/edu-cmc-sqi21/edu-cmc-sqi21-01/Prac/6_sem_prac/task1> was used as the working directory.
Started at Thu Apr 28 02:43:21 2022
Terminated at Thu Apr 28 02:43:26 2022
Results reported at Thu Apr 28 02:43:26 2022

Your job looked like:

------------------------------------------------------------
# LSBATCH: User input
#BSUB -W 00:15
#BSUB -o "./out_files/4000/64.out"
#BSUB -e "./err_files/4000/64.err"
#BSUB -R "affinity[core(9)]"
OMP_NUM_THREADS=64
/polusfs/lsf/openmp/launchOpenMP.py ./prog 4000

------------------------------------------------------------

Successfully completed.

Resource usage summary:

    CPU time :                                   281.28 sec.
    Max Memory :                                 136 MB
    Average Memory :                             91.00 MB
    Total Requested Memory :                     -
    Delta Memory :                               -
    Max Swap :                                   -
    Max Processes :                              4
    Max Threads :                                68
    Run time :                                   5 sec.
    Turnaround time :                            2295 sec.

The output (if any) follows:

To R Matrix time: 4.14105
Gauss time: 0.0889556
Full time: 4.23
Residual: 2.69312e-11


PS:

Read file <./err_files/4000/64.err> for stderr output of this job.

