Sender: LSF System <lsfadmin@polus-c4-ib.bmc.hpc.cs.msu.ru>
Subject: Job 882797: <# this file was automaticly created by mpisubmit.pl script for edu-cmc-sqi21-01 #;source /polusfs/setenv/setup.SMPI;#BSUB -n 8;#BSUB -W 00:30;#BSUB -o ./out_files/4000/8.out;#BSUB -e ./err_files/4000/8.err;OMP_NUM_THREADS=1 mpiexec ./prog 4000> in cluster <MSUCluster> Done

Job <# this file was automaticly created by mpisubmit.pl script for edu-cmc-sqi21-01 #;source /polusfs/setenv/setup.SMPI;#BSUB -n 8;#BSUB -W 00:30;#BSUB -o ./out_files/4000/8.out;#BSUB -e ./err_files/4000/8.err;OMP_NUM_THREADS=1 mpiexec ./prog 4000> was submitted from host <polus-ib.bmc.hpc.cs.msu.ru> by user <edu-cmc-sqi21-01> in cluster <MSUCluster> at Mon May 23 11:43:38 2022
Job was executed on host(s) <8*polus-c4-ib.bmc.hpc.cs.msu.ru>, in queue <short>, as user <edu-cmc-sqi21-01> in cluster <MSUCluster> at Mon May 23 11:45:17 2022
</home_edu/edu-cmc-sqi21/edu-cmc-sqi21-01> was used as the home directory.
</home_edu/edu-cmc-sqi21/edu-cmc-sqi21-01/Prac/prac/task2> was used as the working directory.
Started at Mon May 23 11:45:17 2022
Terminated at Mon May 23 11:46:02 2022
Results reported at Mon May 23 11:46:02 2022

Your job looked like:

------------------------------------------------------------
# LSBATCH: User input
# this file was automaticly created by mpisubmit.pl script for edu-cmc-sqi21-01 #
source /polusfs/setenv/setup.SMPI
#BSUB -n 8
#BSUB -W 00:30
#BSUB -o ./out_files/4000/8.out
#BSUB -e ./err_files/4000/8.err
OMP_NUM_THREADS=1 mpiexec ./prog 4000

------------------------------------------------------------

Successfully completed.

Resource usage summary:

    CPU time :                                   348.56 sec.
    Max Memory :                                 707 MB
    Average Memory :                             591.56 MB
    Total Requested Memory :                     -
    Delta Memory :                               -
    Max Swap :                                   -
    Max Processes :                              12
    Max Threads :                                33
    Run time :                                   51 sec.
    Turnaround time :                            144 sec.

The output (if any) follows:

Number of proccessors: 8
To R Matrix time: 42.7906
Gauss time: 0.0966194
Full time: 42.8872
Residual: 6.21596e-11
Error: 5.09017e-08


PS:

Read file <./err_files/4000/8.err> for stderr output of this job.

Sender: LSF System <lsfadmin@polus-c4-ib.bmc.hpc.cs.msu.ru>
Subject: Job 882815: <# this file was automaticly created by mpisubmit.pl script for edu-cmc-sqi21-01 #;source /polusfs/setenv/setup.SMPI;#BSUB -n 8;#BSUB -W 00:30;#BSUB -o ./out_files/4000/8.out;#BSUB -e ./err_files/4000/8.err;OMP_NUM_THREADS=1 mpiexec ./prog 4000> in cluster <MSUCluster> Done

Job <# this file was automaticly created by mpisubmit.pl script for edu-cmc-sqi21-01 #;source /polusfs/setenv/setup.SMPI;#BSUB -n 8;#BSUB -W 00:30;#BSUB -o ./out_files/4000/8.out;#BSUB -e ./err_files/4000/8.err;OMP_NUM_THREADS=1 mpiexec ./prog 4000> was submitted from host <polus-ib.bmc.hpc.cs.msu.ru> by user <edu-cmc-sqi21-01> in cluster <MSUCluster> at Mon May 23 11:43:38 2022
Job was executed on host(s) <8*polus-c4-ib.bmc.hpc.cs.msu.ru>, in queue <short>, as user <edu-cmc-sqi21-01> in cluster <MSUCluster> at Mon May 23 11:58:12 2022
</home_edu/edu-cmc-sqi21/edu-cmc-sqi21-01> was used as the home directory.
</home_edu/edu-cmc-sqi21/edu-cmc-sqi21-01/Prac/prac/task2> was used as the working directory.
Started at Mon May 23 11:58:12 2022
Terminated at Mon May 23 11:58:57 2022
Results reported at Mon May 23 11:58:57 2022

Your job looked like:

------------------------------------------------------------
# LSBATCH: User input
# this file was automaticly created by mpisubmit.pl script for edu-cmc-sqi21-01 #
source /polusfs/setenv/setup.SMPI
#BSUB -n 8
#BSUB -W 00:30
#BSUB -o ./out_files/4000/8.out
#BSUB -e ./err_files/4000/8.err
OMP_NUM_THREADS=1 mpiexec ./prog 4000

------------------------------------------------------------

Successfully completed.

Resource usage summary:

    CPU time :                                   349.27 sec.
    Max Memory :                                 705 MB
    Average Memory :                             591.56 MB
    Total Requested Memory :                     -
    Delta Memory :                               -
    Max Swap :                                   -
    Max Processes :                              12
    Max Threads :                                33
    Run time :                                   46 sec.
    Turnaround time :                            919 sec.

The output (if any) follows:

Number of proccessors: 8
To R Matrix time: 42.8778
Gauss time: 0.0921867
Full time: 42.97
Residual: 6.21596e-11
Error: 5.09017e-08


PS:

Read file <./err_files/4000/8.err> for stderr output of this job.

Sender: LSF System <lsfadmin@polus-c4-ib.bmc.hpc.cs.msu.ru>
Subject: Job 882833: <# this file was automaticly created by mpisubmit.pl script for edu-cmc-sqi21-01 #;source /polusfs/setenv/setup.SMPI;#BSUB -n 8;#BSUB -W 00:30;#BSUB -o ./out_files/4000/8.out;#BSUB -e ./err_files/4000/8.err;OMP_NUM_THREADS=1 mpiexec ./prog 4000> in cluster <MSUCluster> Done

Job <# this file was automaticly created by mpisubmit.pl script for edu-cmc-sqi21-01 #;source /polusfs/setenv/setup.SMPI;#BSUB -n 8;#BSUB -W 00:30;#BSUB -o ./out_files/4000/8.out;#BSUB -e ./err_files/4000/8.err;OMP_NUM_THREADS=1 mpiexec ./prog 4000> was submitted from host <polus-ib.bmc.hpc.cs.msu.ru> by user <edu-cmc-sqi21-01> in cluster <MSUCluster> at Mon May 23 11:43:39 2022
Job was executed on host(s) <8*polus-c4-ib.bmc.hpc.cs.msu.ru>, in queue <short>, as user <edu-cmc-sqi21-01> in cluster <MSUCluster> at Mon May 23 12:11:14 2022
</home_edu/edu-cmc-sqi21/edu-cmc-sqi21-01> was used as the home directory.
</home_edu/edu-cmc-sqi21/edu-cmc-sqi21-01/Prac/prac/task2> was used as the working directory.
Started at Mon May 23 12:11:14 2022
Terminated at Mon May 23 12:11:59 2022
Results reported at Mon May 23 12:11:59 2022

Your job looked like:

------------------------------------------------------------
# LSBATCH: User input
# this file was automaticly created by mpisubmit.pl script for edu-cmc-sqi21-01 #
source /polusfs/setenv/setup.SMPI
#BSUB -n 8
#BSUB -W 00:30
#BSUB -o ./out_files/4000/8.out
#BSUB -e ./err_files/4000/8.err
OMP_NUM_THREADS=1 mpiexec ./prog 4000

------------------------------------------------------------

Successfully completed.

Resource usage summary:

    CPU time :                                   354.88 sec.
    Max Memory :                                 690 MB
    Average Memory :                             591.56 MB
    Total Requested Memory :                     -
    Delta Memory :                               -
    Max Swap :                                   -
    Max Processes :                              12
    Max Threads :                                33
    Run time :                                   46 sec.
    Turnaround time :                            1700 sec.

The output (if any) follows:

Number of proccessors: 8
To R Matrix time: 43.5623
Gauss time: 0.0933871
Full time: 43.6557
Residual: 6.21596e-11
Error: 5.09017e-08


PS:

Read file <./err_files/4000/8.err> for stderr output of this job.

