Sender: LSF System <lsfadmin@polus-c4-ib.bmc.hpc.cs.msu.ru>
Subject: Job 1033634: <#BSUB -n 1;#BSUB -W 00:15;#BSUB -o "./out_files/4000/1.out";#BSUB -e "./err_files/4000/1.err";#BSUB -R "span[hosts=1]";OMP_NUM_THREADS=1 ./prog 4000> in cluster <MSUCluster> Done

Job <#BSUB -n 1;#BSUB -W 00:15;#BSUB -o "./out_files/4000/1.out";#BSUB -e "./err_files/4000/1.err";#BSUB -R "span[hosts=1]";OMP_NUM_THREADS=1 ./prog 4000> was submitted from host <polus-ib.bmc.hpc.cs.msu.ru> by user <edu-cmc-sqi21-01> in cluster <MSUCluster> at Tue Mar  7 21:15:11 2023
Job was executed on host(s) <polus-c4-ib.bmc.hpc.cs.msu.ru>, in queue <short>, as user <edu-cmc-sqi21-01> in cluster <MSUCluster> at Tue Mar  7 21:15:16 2023
</home_edu/edu-cmc-sqi21/edu-cmc-sqi21-01> was used as the home directory.
</home_edu/edu-cmc-sqi21/edu-cmc-sqi21-01/Prac/prac/sem8/omp> was used as the working directory.
Started at Tue Mar  7 21:15:16 2023
Terminated at Tue Mar  7 21:16:33 2023
Results reported at Tue Mar  7 21:16:33 2023

Your job looked like:

------------------------------------------------------------
# LSBATCH: User input
#BSUB -n 1
#BSUB -W 00:15
#BSUB -o "./out_files/4000/1.out"
#BSUB -e "./err_files/4000/1.err"
#BSUB -R "span[hosts=1]"
OMP_NUM_THREADS=1 ./prog 4000

------------------------------------------------------------

Successfully completed.

Resource usage summary:

    CPU time :                                   75.52 sec.
    Max Memory :                                 372 MB
    Average Memory :                             343.46 MB
    Total Requested Memory :                     -
    Delta Memory :                               -
    Max Swap :                                   2 MB
    Max Processes :                              4
    Max Threads :                                5
    Run time :                                   77 sec.
    Turnaround time :                            82 sec.

The output (if any) follows:



PS:

Read file <./err_files/4000/1.err> for stderr output of this job.

Sender: LSF System <lsfadmin@polus-c4-ib.bmc.hpc.cs.msu.ru>
Subject: Job 1033652: <#BSUB -n 1;#BSUB -W 00:15;#BSUB -o "./out_files/4000/1.out";#BSUB -e "./err_files/4000/1.err";#BSUB -R "span[hosts=1]";OMP_NUM_THREADS=1 ./prog 4000> in cluster <MSUCluster> Done

Job <#BSUB -n 1;#BSUB -W 00:15;#BSUB -o "./out_files/4000/1.out";#BSUB -e "./err_files/4000/1.err";#BSUB -R "span[hosts=1]";OMP_NUM_THREADS=1 ./prog 4000> was submitted from host <polus-ib.bmc.hpc.cs.msu.ru> by user <edu-cmc-sqi21-01> in cluster <MSUCluster> at Tue Mar  7 21:15:11 2023
Job was executed on host(s) <polus-c4-ib.bmc.hpc.cs.msu.ru>, in queue <short>, as user <edu-cmc-sqi21-01> in cluster <MSUCluster> at Tue Mar  7 21:20:09 2023
</home_edu/edu-cmc-sqi21/edu-cmc-sqi21-01> was used as the home directory.
</home_edu/edu-cmc-sqi21/edu-cmc-sqi21-01/Prac/prac/sem8/omp> was used as the working directory.
Started at Tue Mar  7 21:20:09 2023
Terminated at Tue Mar  7 21:21:27 2023
Results reported at Tue Mar  7 21:21:27 2023

Your job looked like:

------------------------------------------------------------
# LSBATCH: User input
#BSUB -n 1
#BSUB -W 00:15
#BSUB -o "./out_files/4000/1.out"
#BSUB -e "./err_files/4000/1.err"
#BSUB -R "span[hosts=1]"
OMP_NUM_THREADS=1 ./prog 4000

------------------------------------------------------------

Successfully completed.

Resource usage summary:

    CPU time :                                   76.75 sec.
    Max Memory :                                 372 MB
    Average Memory :                             343.69 MB
    Total Requested Memory :                     -
    Delta Memory :                               -
    Max Swap :                                   -
    Max Processes :                              4
    Max Threads :                                5
    Run time :                                   79 sec.
    Turnaround time :                            376 sec.

The output (if any) follows:



PS:

Read file <./err_files/4000/1.err> for stderr output of this job.

Sender: LSF System <lsfadmin@polus-c4-ib.bmc.hpc.cs.msu.ru>
Subject: Job 1033670: <#BSUB -n 1;#BSUB -W 00:15;#BSUB -o "./out_files/4000/1.out";#BSUB -e "./err_files/4000/1.err";#BSUB -R "span[hosts=1]";OMP_NUM_THREADS=1 ./prog 4000> in cluster <MSUCluster> Done

Job <#BSUB -n 1;#BSUB -W 00:15;#BSUB -o "./out_files/4000/1.out";#BSUB -e "./err_files/4000/1.err";#BSUB -R "span[hosts=1]";OMP_NUM_THREADS=1 ./prog 4000> was submitted from host <polus-ib.bmc.hpc.cs.msu.ru> by user <edu-cmc-sqi21-01> in cluster <MSUCluster> at Tue Mar  7 21:15:11 2023
Job was executed on host(s) <polus-c4-ib.bmc.hpc.cs.msu.ru>, in queue <short>, as user <edu-cmc-sqi21-01> in cluster <MSUCluster> at Tue Mar  7 21:25:19 2023
</home_edu/edu-cmc-sqi21/edu-cmc-sqi21-01> was used as the home directory.
</home_edu/edu-cmc-sqi21/edu-cmc-sqi21-01/Prac/prac/sem8/omp> was used as the working directory.
Started at Tue Mar  7 21:25:19 2023
Terminated at Tue Mar  7 21:26:34 2023
Results reported at Tue Mar  7 21:26:34 2023

Your job looked like:

------------------------------------------------------------
# LSBATCH: User input
#BSUB -n 1
#BSUB -W 00:15
#BSUB -o "./out_files/4000/1.out"
#BSUB -e "./err_files/4000/1.err"
#BSUB -R "span[hosts=1]"
OMP_NUM_THREADS=1 ./prog 4000

------------------------------------------------------------

Successfully completed.

Resource usage summary:

    CPU time :                                   74.07 sec.
    Max Memory :                                 372 MB
    Average Memory :                             341.08 MB
    Total Requested Memory :                     -
    Delta Memory :                               -
    Max Swap :                                   -
    Max Processes :                              4
    Max Threads :                                5
    Run time :                                   76 sec.
    Turnaround time :                            683 sec.

The output (if any) follows:



PS:

Read file <./err_files/4000/1.err> for stderr output of this job.

Sender: LSF System <lsfadmin@polus-c4-ib.bmc.hpc.cs.msu.ru>
Subject: Job 1033688: <#BSUB -n 1;#BSUB -W 00:15;#BSUB -o "./out_files/4000/1.out";#BSUB -e "./err_files/4000/1.err";#BSUB -R "span[hosts=1]";OMP_NUM_THREADS=1 ./prog 4000> in cluster <MSUCluster> Done

Job <#BSUB -n 1;#BSUB -W 00:15;#BSUB -o "./out_files/4000/1.out";#BSUB -e "./err_files/4000/1.err";#BSUB -R "span[hosts=1]";OMP_NUM_THREADS=1 ./prog 4000> was submitted from host <polus-ib.bmc.hpc.cs.msu.ru> by user <edu-cmc-sqi21-01> in cluster <MSUCluster> at Tue Mar  7 21:15:11 2023
Job was executed on host(s) <polus-c4-ib.bmc.hpc.cs.msu.ru>, in queue <short>, as user <edu-cmc-sqi21-01> in cluster <MSUCluster> at Tue Mar  7 21:30:11 2023
</home_edu/edu-cmc-sqi21/edu-cmc-sqi21-01> was used as the home directory.
</home_edu/edu-cmc-sqi21/edu-cmc-sqi21-01/Prac/prac/sem8/omp> was used as the working directory.
Started at Tue Mar  7 21:30:11 2023
Terminated at Tue Mar  7 21:31:23 2023
Results reported at Tue Mar  7 21:31:23 2023

Your job looked like:

------------------------------------------------------------
# LSBATCH: User input
#BSUB -n 1
#BSUB -W 00:15
#BSUB -o "./out_files/4000/1.out"
#BSUB -e "./err_files/4000/1.err"
#BSUB -R "span[hosts=1]"
OMP_NUM_THREADS=1 ./prog 4000

------------------------------------------------------------

Successfully completed.

Resource usage summary:

    CPU time :                                   71.14 sec.
    Max Memory :                                 372 MB
    Average Memory :                             341.08 MB
    Total Requested Memory :                     -
    Delta Memory :                               -
    Max Swap :                                   -
    Max Processes :                              4
    Max Threads :                                5
    Run time :                                   72 sec.
    Turnaround time :                            972 sec.

The output (if any) follows:



PS:

Read file <./err_files/4000/1.err> for stderr output of this job.

