Sender: LSF System <lsfadmin@polus-c3-ib.bmc.hpc.cs.msu.ru>
Subject: Job 1033411: <#BSUB -n 1;#BSUB -W 00:15;#BSUB -o "./out_files/4000/2.out";#BSUB -e "./err_files/4000/2.err";#BSUB -R "span[hosts=1]";OMP_NUM_THREADS=2 ./prog 4000> in cluster <MSUCluster> Done

Job <#BSUB -n 1;#BSUB -W 00:15;#BSUB -o "./out_files/4000/2.out";#BSUB -e "./err_files/4000/2.err";#BSUB -R "span[hosts=1]";OMP_NUM_THREADS=2 ./prog 4000> was submitted from host <polus-ib.bmc.hpc.cs.msu.ru> by user <edu-cmc-sqi21-01> in cluster <MSUCluster> at Tue Mar  7 20:06:33 2023
Job was executed on host(s) <polus-c3-ib.bmc.hpc.cs.msu.ru>, in queue <short>, as user <edu-cmc-sqi21-01> in cluster <MSUCluster> at Tue Mar  7 20:06:36 2023
</home_edu/edu-cmc-sqi21/edu-cmc-sqi21-01> was used as the home directory.
</home_edu/edu-cmc-sqi21/edu-cmc-sqi21-01/Prac/prac/sem8/omp> was used as the working directory.
Started at Tue Mar  7 20:06:36 2023
Terminated at Tue Mar  7 20:07:46 2023
Results reported at Tue Mar  7 20:07:46 2023

Your job looked like:

------------------------------------------------------------
# LSBATCH: User input
#BSUB -n 1
#BSUB -W 00:15
#BSUB -o "./out_files/4000/2.out"
#BSUB -e "./err_files/4000/2.err"
#BSUB -R "span[hosts=1]"
OMP_NUM_THREADS=2 ./prog 4000

------------------------------------------------------------

Successfully completed.

Resource usage summary:

    CPU time :                                   137.33 sec.
    Max Memory :                                 372 MB
    Average Memory :                             341.08 MB
    Total Requested Memory :                     -
    Delta Memory :                               -
    Max Swap :                                   -
    Max Processes :                              4
    Max Threads :                                6
    Run time :                                   70 sec.
    Turnaround time :                            73 sec.

The output (if any) follows:



PS:

Read file <./err_files/4000/2.err> for stderr output of this job.

Sender: LSF System <lsfadmin@polus-c3-ib.bmc.hpc.cs.msu.ru>
Subject: Job 1033429: <#BSUB -n 1;#BSUB -W 00:15;#BSUB -o "./out_files/4000/2.out";#BSUB -e "./err_files/4000/2.err";#BSUB -R "span[hosts=1]";OMP_NUM_THREADS=2 ./prog 4000> in cluster <MSUCluster> Exited

Job <#BSUB -n 1;#BSUB -W 00:15;#BSUB -o "./out_files/4000/2.out";#BSUB -e "./err_files/4000/2.err";#BSUB -R "span[hosts=1]";OMP_NUM_THREADS=2 ./prog 4000> was submitted from host <polus-ib.bmc.hpc.cs.msu.ru> by user <edu-cmc-sqi21-01> in cluster <MSUCluster> at Tue Mar  7 20:06:33 2023
Job was executed on host(s) <polus-c3-ib.bmc.hpc.cs.msu.ru>, in queue <short>, as user <edu-cmc-sqi21-01> in cluster <MSUCluster> at Tue Mar  7 20:11:26 2023
</home_edu/edu-cmc-sqi21/edu-cmc-sqi21-01> was used as the home directory.
</home_edu/edu-cmc-sqi21/edu-cmc-sqi21-01/Prac/prac/sem8/omp> was used as the working directory.
Started at Tue Mar  7 20:11:26 2023
Terminated at Tue Mar  7 20:11:37 2023
Results reported at Tue Mar  7 20:11:37 2023

Your job looked like:

------------------------------------------------------------
# LSBATCH: User input
#BSUB -n 1
#BSUB -W 00:15
#BSUB -o "./out_files/4000/2.out"
#BSUB -e "./err_files/4000/2.err"
#BSUB -R "span[hosts=1]"
OMP_NUM_THREADS=2 ./prog 4000

------------------------------------------------------------

TERM_OWNER: job killed by owner.
Exited with exit code 130.

Resource usage summary:

    CPU time :                                   16.03 sec.
    Max Memory :                                 372 MB
    Average Memory :                             192.25 MB
    Total Requested Memory :                     -
    Delta Memory :                               -
    Max Swap :                                   -
    Max Processes :                              4
    Max Threads :                                6
    Run time :                                   8 sec.
    Turnaround time :                            304 sec.

The output (if any) follows:



PS:

Read file <./err_files/4000/2.err> for stderr output of this job.

