Sender: LSF System <lsfadmin@polus-c3-ib.bmc.hpc.cs.msu.ru>
Subject: Job 1033412: <#BSUB -W 00:15;#BSUB -o "./out_files/4000/4.out";#BSUB -e "./err_files/4000/4.err";#BSUB -R "affinity[core(2)]";OMP_NUM_THREADS=4;/polusfs/lsf/openmp/launchOpenMP.py ./prog 4000> in cluster <MSUCluster> Done

Job <#BSUB -W 00:15;#BSUB -o "./out_files/4000/4.out";#BSUB -e "./err_files/4000/4.err";#BSUB -R "affinity[core(2)]";OMP_NUM_THREADS=4;/polusfs/lsf/openmp/launchOpenMP.py ./prog 4000> was submitted from host <polus-ib.bmc.hpc.cs.msu.ru> by user <edu-cmc-sqi21-01> in cluster <MSUCluster> at Tue Mar  7 20:06:33 2023
Job was executed on host(s) <polus-c3-ib.bmc.hpc.cs.msu.ru>, in queue <short>, as user <edu-cmc-sqi21-01> in cluster <MSUCluster> at Tue Mar  7 20:06:35 2023
</home_edu/edu-cmc-sqi21/edu-cmc-sqi21-01> was used as the home directory.
</home_edu/edu-cmc-sqi21/edu-cmc-sqi21-01/Prac/prac/sem8/omp> was used as the working directory.
Started at Tue Mar  7 20:06:35 2023
Terminated at Tue Mar  7 20:07:38 2023
Results reported at Tue Mar  7 20:07:38 2023

Your job looked like:

------------------------------------------------------------
# LSBATCH: User input
#BSUB -W 00:15
#BSUB -o "./out_files/4000/4.out"
#BSUB -e "./err_files/4000/4.err"
#BSUB -R "affinity[core(2)]"
OMP_NUM_THREADS=4
/polusfs/lsf/openmp/launchOpenMP.py ./prog 4000

------------------------------------------------------------

Successfully completed.

Resource usage summary:

    CPU time :                                   243.07 sec.
    Max Memory :                                 372 MB
    Average Memory :                             334.90 MB
    Total Requested Memory :                     -
    Delta Memory :                               -
    Max Swap :                                   -
    Max Processes :                              4
    Max Threads :                                8
    Run time :                                   62 sec.
    Turnaround time :                            65 sec.

The output (if any) follows:



PS:

Read file <./err_files/4000/4.err> for stderr output of this job.

Sender: LSF System <lsfadmin@polus-c3-ib.bmc.hpc.cs.msu.ru>
Subject: Job 1033430: <#BSUB -W 00:15;#BSUB -o "./out_files/4000/4.out";#BSUB -e "./err_files/4000/4.err";#BSUB -R "affinity[core(2)]";OMP_NUM_THREADS=4;/polusfs/lsf/openmp/launchOpenMP.py ./prog 4000> in cluster <MSUCluster> Exited

Job <#BSUB -W 00:15;#BSUB -o "./out_files/4000/4.out";#BSUB -e "./err_files/4000/4.err";#BSUB -R "affinity[core(2)]";OMP_NUM_THREADS=4;/polusfs/lsf/openmp/launchOpenMP.py ./prog 4000> was submitted from host <polus-ib.bmc.hpc.cs.msu.ru> by user <edu-cmc-sqi21-01> in cluster <MSUCluster> at Tue Mar  7 20:06:33 2023
Job was executed on host(s) <polus-c3-ib.bmc.hpc.cs.msu.ru>, in queue <short>, as user <edu-cmc-sqi21-01> in cluster <MSUCluster> at Tue Mar  7 20:10:36 2023
</home_edu/edu-cmc-sqi21/edu-cmc-sqi21-01> was used as the home directory.
</home_edu/edu-cmc-sqi21/edu-cmc-sqi21-01/Prac/prac/sem8/omp> was used as the working directory.
Started at Tue Mar  7 20:10:36 2023
Terminated at Tue Mar  7 20:11:36 2023
Results reported at Tue Mar  7 20:11:36 2023

Your job looked like:

------------------------------------------------------------
# LSBATCH: User input
#BSUB -W 00:15
#BSUB -o "./out_files/4000/4.out"
#BSUB -e "./err_files/4000/4.err"
#BSUB -R "affinity[core(2)]"
OMP_NUM_THREADS=4
/polusfs/lsf/openmp/launchOpenMP.py ./prog 4000

------------------------------------------------------------

TERM_OWNER: job killed by owner.
Exited with exit code 130.

Resource usage summary:

    CPU time :                                   230.32 sec.
    Max Memory :                                 372 MB
    Average Memory :                             330.78 MB
    Total Requested Memory :                     -
    Delta Memory :                               -
    Max Swap :                                   -
    Max Processes :                              4
    Max Threads :                                8
    Run time :                                   59 sec.
    Turnaround time :                            303 sec.

The output (if any) follows:



PS:

Read file <./err_files/4000/4.err> for stderr output of this job.

