Sender: LSF System <lsfadmin@polus-c4-ib.bmc.hpc.cs.msu.ru>
Subject: Job 1035235: <#BSUB -n 1;#BSUB -W 00:15;#BSUB -o "./out_files/6000/1.out";#BSUB -e "./err_files/6000/1.err";#BSUB -R "span[hosts=1]";OMP_NUM_THREADS=1 ./prog 6000> in cluster <MSUCluster> Done

Job <#BSUB -n 1;#BSUB -W 00:15;#BSUB -o "./out_files/6000/1.out";#BSUB -e "./err_files/6000/1.err";#BSUB -R "span[hosts=1]";OMP_NUM_THREADS=1 ./prog 6000> was submitted from host <polus-ib.bmc.hpc.cs.msu.ru> by user <edu-cmc-sqi21-01> in cluster <MSUCluster> at Wed Mar 22 12:08:07 2023
Job was executed on host(s) <polus-c4-ib.bmc.hpc.cs.msu.ru>, in queue <short>, as user <edu-cmc-sqi21-01> in cluster <MSUCluster> at Wed Mar 22 12:08:13 2023
</home_edu/edu-cmc-sqi21/edu-cmc-sqi21-01> was used as the home directory.
</home_edu/edu-cmc-sqi21/edu-cmc-sqi21-01/Prac/prac/sem8/omp> was used as the working directory.
Started at Wed Mar 22 12:08:13 2023
Terminated at Wed Mar 22 12:11:15 2023
Results reported at Wed Mar 22 12:11:15 2023

Your job looked like:

------------------------------------------------------------
# LSBATCH: User input
#BSUB -n 1
#BSUB -W 00:15
#BSUB -o "./out_files/6000/1.out"
#BSUB -e "./err_files/6000/1.err"
#BSUB -R "span[hosts=1]"
OMP_NUM_THREADS=1 ./prog 6000

------------------------------------------------------------

Successfully completed.

Resource usage summary:

    CPU time :                                   179.51 sec.
    Max Memory :                                 830 MB
    Average Memory :                             799.41 MB
    Total Requested Memory :                     -
    Delta Memory :                               -
    Max Swap :                                   -
    Max Processes :                              4
    Max Threads :                                5
    Run time :                                   181 sec.
    Turnaround time :                            188 sec.

The output (if any) follows:



PS:

Read file <./err_files/6000/1.err> for stderr output of this job.

Sender: LSF System <lsfadmin@polus-c2-ib.bmc.hpc.cs.msu.ru>
Subject: Job 1035247: <#BSUB -n 1;#BSUB -W 00:15;#BSUB -o "./out_files/6000/1.out";#BSUB -e "./err_files/6000/1.err";#BSUB -R "span[hosts=1]";OMP_NUM_THREADS=1 ./prog 6000> in cluster <MSUCluster> Exited

Job <#BSUB -n 1;#BSUB -W 00:15;#BSUB -o "./out_files/6000/1.out";#BSUB -e "./err_files/6000/1.err";#BSUB -R "span[hosts=1]";OMP_NUM_THREADS=1 ./prog 6000> was submitted from host <polus-ib.bmc.hpc.cs.msu.ru> by user <edu-cmc-sqi21-01> in cluster <MSUCluster> at Wed Mar 22 12:08:07 2023
Job was executed on host(s) <polus-c2-ib.bmc.hpc.cs.msu.ru>, in queue <short>, as user <edu-cmc-sqi21-01> in cluster <MSUCluster> at Wed Mar 22 12:13:09 2023
</home_edu/edu-cmc-sqi21/edu-cmc-sqi21-01> was used as the home directory.
</home_edu/edu-cmc-sqi21/edu-cmc-sqi21-01/Prac/prac/sem8/omp> was used as the working directory.
Started at Wed Mar 22 12:13:09 2023
Terminated at Wed Mar 22 12:28:17 2023
Results reported at Wed Mar 22 12:28:17 2023

Your job looked like:

------------------------------------------------------------
# LSBATCH: User input
#BSUB -n 1
#BSUB -W 00:15
#BSUB -o "./out_files/6000/1.out"
#BSUB -e "./err_files/6000/1.err"
#BSUB -R "span[hosts=1]"
OMP_NUM_THREADS=1 ./prog 6000

------------------------------------------------------------

TERM_RUNLIMIT: job killed after reaching LSF run time limit.
Exited with exit code 140.

Resource usage summary:

    CPU time :                                   908.00 sec.
    Max Memory :                                 830 MB
    Average Memory :                             804.46 MB
    Total Requested Memory :                     -
    Delta Memory :                               -
    Max Swap :                                   -
    Max Processes :                              4
    Max Threads :                                5
    Run time :                                   908 sec.
    Turnaround time :                            1210 sec.

The output (if any) follows:



PS:

Read file <./err_files/6000/1.err> for stderr output of this job.

Sender: LSF System <lsfadmin@polus-c2-ib.bmc.hpc.cs.msu.ru>
Subject: Job 1035259: <#BSUB -n 1;#BSUB -W 00:15;#BSUB -o "./out_files/6000/1.out";#BSUB -e "./err_files/6000/1.err";#BSUB -R "span[hosts=1]";OMP_NUM_THREADS=1 ./prog 6000> in cluster <MSUCluster> Exited

Job <#BSUB -n 1;#BSUB -W 00:15;#BSUB -o "./out_files/6000/1.out";#BSUB -e "./err_files/6000/1.err";#BSUB -R "span[hosts=1]";OMP_NUM_THREADS=1 ./prog 6000> was submitted from host <polus-ib.bmc.hpc.cs.msu.ru> by user <edu-cmc-sqi21-01> in cluster <MSUCluster> at Wed Mar 22 12:08:07 2023
Job was executed on host(s) <polus-c2-ib.bmc.hpc.cs.msu.ru>, in queue <short>, as user <edu-cmc-sqi21-01> in cluster <MSUCluster> at Wed Mar 22 12:24:20 2023
</home_edu/edu-cmc-sqi21/edu-cmc-sqi21-01> was used as the home directory.
</home_edu/edu-cmc-sqi21/edu-cmc-sqi21-01/Prac/prac/sem8/omp> was used as the working directory.
Started at Wed Mar 22 12:24:20 2023
Terminated at Wed Mar 22 12:39:27 2023
Results reported at Wed Mar 22 12:39:27 2023

Your job looked like:

------------------------------------------------------------
# LSBATCH: User input
#BSUB -n 1
#BSUB -W 00:15
#BSUB -o "./out_files/6000/1.out"
#BSUB -e "./err_files/6000/1.err"
#BSUB -R "span[hosts=1]"
OMP_NUM_THREADS=1 ./prog 6000

------------------------------------------------------------

TERM_RUNLIMIT: job killed after reaching LSF run time limit.
Exited with exit code 140.

Resource usage summary:

    CPU time :                                   907.00 sec.
    Max Memory :                                 830 MB
    Average Memory :                             804.47 MB
    Total Requested Memory :                     -
    Delta Memory :                               -
    Max Swap :                                   -
    Max Processes :                              4
    Max Threads :                                5
    Run time :                                   906 sec.
    Turnaround time :                            1880 sec.

The output (if any) follows:



PS:

Read file <./err_files/6000/1.err> for stderr output of this job.

Sender: LSF System <lsfadmin@polus-c2-ib.bmc.hpc.cs.msu.ru>
Subject: Job 1035271: <#BSUB -n 1;#BSUB -W 00:15;#BSUB -o "./out_files/6000/1.out";#BSUB -e "./err_files/6000/1.err";#BSUB -R "span[hosts=1]";OMP_NUM_THREADS=1 ./prog 6000> in cluster <MSUCluster> Exited

Job <#BSUB -n 1;#BSUB -W 00:15;#BSUB -o "./out_files/6000/1.out";#BSUB -e "./err_files/6000/1.err";#BSUB -R "span[hosts=1]";OMP_NUM_THREADS=1 ./prog 6000> was submitted from host <polus-ib.bmc.hpc.cs.msu.ru> by user <edu-cmc-sqi21-01> in cluster <MSUCluster> at Wed Mar 22 12:08:07 2023
Job was executed on host(s) <polus-c2-ib.bmc.hpc.cs.msu.ru>, in queue <short>, as user <edu-cmc-sqi21-01> in cluster <MSUCluster> at Wed Mar 22 12:31:17 2023
</home_edu/edu-cmc-sqi21/edu-cmc-sqi21-01> was used as the home directory.
</home_edu/edu-cmc-sqi21/edu-cmc-sqi21-01/Prac/prac/sem8/omp> was used as the working directory.
Started at Wed Mar 22 12:31:17 2023
Terminated at Wed Mar 22 12:46:24 2023
Results reported at Wed Mar 22 12:46:24 2023

Your job looked like:

------------------------------------------------------------
# LSBATCH: User input
#BSUB -n 1
#BSUB -W 00:15
#BSUB -o "./out_files/6000/1.out"
#BSUB -e "./err_files/6000/1.err"
#BSUB -R "span[hosts=1]"
OMP_NUM_THREADS=1 ./prog 6000

------------------------------------------------------------

TERM_RUNLIMIT: job killed after reaching LSF run time limit.
Exited with exit code 140.

Resource usage summary:

    CPU time :                                   907.00 sec.
    Max Memory :                                 830 MB
    Average Memory :                             811.81 MB
    Total Requested Memory :                     -
    Delta Memory :                               -
    Max Swap :                                   -
    Max Processes :                              4
    Max Threads :                                5
    Run time :                                   907 sec.
    Turnaround time :                            2297 sec.

The output (if any) follows:



PS:

Read file <./err_files/6000/1.err> for stderr output of this job.

