Sender: LSF System <lsfadmin@polus-c4-ib.bmc.hpc.cs.msu.ru>
Subject: Job 878045: <#BSUB -n 1;#BSUB -W 00:15;#BSUB -o "./out_files/16000/2.out";#BSUB -e "./err_files/16000/2.err";#BSUB -R "span[hosts=1]";OMP_NUM_THREADS=2 ./prog 16000> in cluster <MSUCluster> Exited

Job <#BSUB -n 1;#BSUB -W 00:15;#BSUB -o "./out_files/16000/2.out";#BSUB -e "./err_files/16000/2.err";#BSUB -R "span[hosts=1]";OMP_NUM_THREADS=2 ./prog 16000> was submitted from host <polus-ib.bmc.hpc.cs.msu.ru> by user <edu-cmc-sqi21-01> in cluster <MSUCluster> at Thu Apr 28 02:05:38 2022
Job was executed on host(s) <polus-c4-ib.bmc.hpc.cs.msu.ru>, in queue <short>, as user <edu-cmc-sqi21-01> in cluster <MSUCluster> at Thu Apr 28 02:28:25 2022
</home_edu/edu-cmc-sqi21/edu-cmc-sqi21-01> was used as the home directory.
</home_edu/edu-cmc-sqi21/edu-cmc-sqi21-01/Prac/6_sem_prac/task1> was used as the working directory.
Started at Thu Apr 28 02:28:25 2022
Terminated at Thu Apr 28 02:43:27 2022
Results reported at Thu Apr 28 02:43:27 2022

Your job looked like:

------------------------------------------------------------
# LSBATCH: User input
#BSUB -n 1
#BSUB -W 00:15
#BSUB -o "./out_files/16000/2.out"
#BSUB -e "./err_files/16000/2.err"
#BSUB -R "span[hosts=1]"
OMP_NUM_THREADS=2 ./prog 16000

------------------------------------------------------------

TERM_RUNLIMIT: job killed after reaching LSF run time limit.
Exited with exit code 140.

Resource usage summary:

    CPU time :                                   1793.00 sec.
    Max Memory :                                 1959 MB
    Average Memory :                             1943.82 MB
    Total Requested Memory :                     -
    Delta Memory :                               -
    Max Swap :                                   -
    Max Processes :                              4
    Max Threads :                                6
    Run time :                                   902 sec.
    Turnaround time :                            2269 sec.

The output (if any) follows:



PS:

Read file <./err_files/16000/2.err> for stderr output of this job.

