Sender: LSF System <lsfadmin@polus-c1-ib.bmc.hpc.cs.msu.ru>
Subject: Job 878049: <#BSUB -W 00:15;#BSUB -o "./out_files/16000/32.out";#BSUB -e "./err_files/16000/32.err";#BSUB -R "affinity[core(5)]";OMP_NUM_THREADS=32;/polusfs/lsf/openmp/launchOpenMP.py ./prog 16000> in cluster <MSUCluster> Done

Job <#BSUB -W 00:15;#BSUB -o "./out_files/16000/32.out";#BSUB -e "./err_files/16000/32.err";#BSUB -R "affinity[core(5)]";OMP_NUM_THREADS=32;/polusfs/lsf/openmp/launchOpenMP.py ./prog 16000> was submitted from host <polus-ib.bmc.hpc.cs.msu.ru> by user <edu-cmc-sqi21-01> in cluster <MSUCluster> at Thu Apr 28 02:05:42 2022
Job was executed on host(s) <polus-c1-ib.bmc.hpc.cs.msu.ru>, in queue <short>, as user <edu-cmc-sqi21-01> in cluster <MSUCluster> at Thu Apr 28 02:48:57 2022
</home_edu/edu-cmc-sqi21/edu-cmc-sqi21-01> was used as the home directory.
</home_edu/edu-cmc-sqi21/edu-cmc-sqi21-01/Prac/6_sem_prac/task1> was used as the working directory.
Started at Thu Apr 28 02:48:57 2022
Terminated at Thu Apr 28 02:55:45 2022
Results reported at Thu Apr 28 02:55:45 2022

Your job looked like:

------------------------------------------------------------
# LSBATCH: User input
#BSUB -W 00:15
#BSUB -o "./out_files/16000/32.out"
#BSUB -e "./err_files/16000/32.err"
#BSUB -R "affinity[core(5)]"
OMP_NUM_THREADS=32
/polusfs/lsf/openmp/launchOpenMP.py ./prog 16000

------------------------------------------------------------

Successfully completed.

Resource usage summary:

    CPU time :                                   12635.07 sec.
    Max Memory :                                 2989 MB
    Average Memory :                             1947.14 MB
    Total Requested Memory :                     -
    Delta Memory :                               -
    Max Swap :                                   -
    Max Processes :                              4
    Max Threads :                                36
    Run time :                                   408 sec.
    Turnaround time :                            3003 sec.

The output (if any) follows:

To R Matrix time: 380.315
Gauss time: 6.44151
Full time: 386.756
Residual: 3.37531e-11


PS:

Read file <./err_files/16000/32.err> for stderr output of this job.

