Sender: LSF System <lsfadmin@polus-c4-ib.bmc.hpc.cs.msu.ru>
Subject: Job 878046: <#BSUB -n 1;#BSUB -W 00:15;#BSUB -o "./out_files/16000/4.out";#BSUB -e "./err_files/16000/4.err";#BSUB -R "span[hosts=1]";OMP_NUM_THREADS=4 ./prog 16000> in cluster <MSUCluster> Done

Job <#BSUB -n 1;#BSUB -W 00:15;#BSUB -o "./out_files/16000/4.out";#BSUB -e "./err_files/16000/4.err";#BSUB -R "span[hosts=1]";OMP_NUM_THREADS=4 ./prog 16000> was submitted from host <polus-ib.bmc.hpc.cs.msu.ru> by user <edu-cmc-sqi21-01> in cluster <MSUCluster> at Thu Apr 28 02:05:39 2022
Job was executed on host(s) <polus-c4-ib.bmc.hpc.cs.msu.ru>, in queue <short>, as user <edu-cmc-sqi21-01> in cluster <MSUCluster> at Thu Apr 28 02:29:35 2022
</home_edu/edu-cmc-sqi21/edu-cmc-sqi21-01> was used as the home directory.
</home_edu/edu-cmc-sqi21/edu-cmc-sqi21-01/Prac/6_sem_prac/task1> was used as the working directory.
Started at Thu Apr 28 02:29:35 2022
Terminated at Thu Apr 28 02:42:58 2022
Results reported at Thu Apr 28 02:42:58 2022

Your job looked like:

------------------------------------------------------------
# LSBATCH: User input
#BSUB -n 1
#BSUB -W 00:15
#BSUB -o "./out_files/16000/4.out"
#BSUB -e "./err_files/16000/4.err"
#BSUB -R "span[hosts=1]"
OMP_NUM_THREADS=4 ./prog 16000

------------------------------------------------------------

Successfully completed.

Resource usage summary:

    CPU time :                                   3176.89 sec.
    Max Memory :                                 2539 MB
    Average Memory :                             1957.13 MB
    Total Requested Memory :                     -
    Delta Memory :                               -
    Max Swap :                                   -
    Max Processes :                              4
    Max Threads :                                8
    Run time :                                   804 sec.
    Turnaround time :                            2239 sec.

The output (if any) follows:

To R Matrix time: 787.805
Gauss time: 2.54684
Full time: 790.351
Residual: 3.37531e-11


PS:

Read file <./err_files/16000/4.err> for stderr output of this job.

