Sender: LSF System <lsfadmin@polus-c4-ib.bmc.hpc.cs.msu.ru>
Subject: Job 878050: <#BSUB -W 00:15;#BSUB -o "./out_files/16000/64.out";#BSUB -e "./err_files/16000/64.err";#BSUB -R "affinity[core(9)]";OMP_NUM_THREADS=64;/polusfs/lsf/openmp/launchOpenMP.py ./prog 16000> in cluster <MSUCluster> Done

Job <#BSUB -W 00:15;#BSUB -o "./out_files/16000/64.out";#BSUB -e "./err_files/16000/64.err";#BSUB -R "affinity[core(9)]";OMP_NUM_THREADS=64;/polusfs/lsf/openmp/launchOpenMP.py ./prog 16000> was submitted from host <polus-ib.bmc.hpc.cs.msu.ru> by user <edu-cmc-sqi21-01> in cluster <MSUCluster> at Thu Apr 28 02:05:43 2022
Job was executed on host(s) <polus-c4-ib.bmc.hpc.cs.msu.ru>, in queue <short>, as user <edu-cmc-sqi21-01> in cluster <MSUCluster> at Thu Apr 28 02:48:15 2022
</home_edu/edu-cmc-sqi21/edu-cmc-sqi21-01> was used as the home directory.
</home_edu/edu-cmc-sqi21/edu-cmc-sqi21-01/Prac/6_sem_prac/task1> was used as the working directory.
Started at Thu Apr 28 02:48:15 2022
Terminated at Thu Apr 28 02:53:52 2022
Results reported at Thu Apr 28 02:53:52 2022

Your job looked like:

------------------------------------------------------------
# LSBATCH: User input
#BSUB -W 00:15
#BSUB -o "./out_files/16000/64.out"
#BSUB -e "./err_files/16000/64.err"
#BSUB -R "affinity[core(9)]"
OMP_NUM_THREADS=64
/polusfs/lsf/openmp/launchOpenMP.py ./prog 16000

------------------------------------------------------------

Successfully completed.

Resource usage summary:

    CPU time :                                   20694.64 sec.
    Max Memory :                                 3838 MB
    Average Memory :                             2057.98 MB
    Total Requested Memory :                     -
    Delta Memory :                               -
    Max Swap :                                   -
    Max Processes :                              4
    Max Threads :                                68
    Run time :                                   337 sec.
    Turnaround time :                            2889 sec.

The output (if any) follows:

To R Matrix time: 306.542
Gauss time: 7.16452
Full time: 313.707
Residual: 3.37531e-11


PS:

Read file <./err_files/16000/64.err> for stderr output of this job.

