Sender: LSF System <lsfadmin@polus-c4-ib.bmc.hpc.cs.msu.ru>
Subject: Job 878047: <#BSUB -W 00:15;#BSUB -o "./out_files/16000/8.out";#BSUB -e "./err_files/16000/8.err";#BSUB -R "affinity[core(2)]";OMP_NUM_THREADS=8;/polusfs/lsf/openmp/launchOpenMP.py ./prog 16000> in cluster <MSUCluster> Done

Job <#BSUB -W 00:15;#BSUB -o "./out_files/16000/8.out";#BSUB -e "./err_files/16000/8.err";#BSUB -R "affinity[core(2)]";OMP_NUM_THREADS=8;/polusfs/lsf/openmp/launchOpenMP.py ./prog 16000> was submitted from host <polus-ib.bmc.hpc.cs.msu.ru> by user <edu-cmc-sqi21-01> in cluster <MSUCluster> at Thu Apr 28 02:05:40 2022
Job was executed on host(s) <polus-c4-ib.bmc.hpc.cs.msu.ru>, in queue <short>, as user <edu-cmc-sqi21-01> in cluster <MSUCluster> at Thu Apr 28 02:17:18 2022
</home_edu/edu-cmc-sqi21/edu-cmc-sqi21-01> was used as the home directory.
</home_edu/edu-cmc-sqi21/edu-cmc-sqi21-01/Prac/6_sem_prac/task1> was used as the working directory.
Started at Thu Apr 28 02:17:18 2022
Terminated at Thu Apr 28 02:30:39 2022
Results reported at Thu Apr 28 02:30:39 2022

Your job looked like:

------------------------------------------------------------
# LSBATCH: User input
#BSUB -W 00:15
#BSUB -o "./out_files/16000/8.out"
#BSUB -e "./err_files/16000/8.err"
#BSUB -R "affinity[core(2)]"
OMP_NUM_THREADS=8
/polusfs/lsf/openmp/launchOpenMP.py ./prog 16000

------------------------------------------------------------

Successfully completed.

Resource usage summary:

    CPU time :                                   6298.64 sec.
    Max Memory :                                 3050 MB
    Average Memory :                             1953.86 MB
    Total Requested Memory :                     -
    Delta Memory :                               -
    Max Swap :                                   -
    Max Processes :                              4
    Max Threads :                                12
    Run time :                                   801 sec.
    Turnaround time :                            1499 sec.

The output (if any) follows:

To R Matrix time: 772.81
Gauss time: 6.62347
Full time: 779.434
Residual: 3.37531e-11


PS:

Read file <./err_files/16000/8.err> for stderr output of this job.

