Sender: LSF System <lsfadmin@polus-c1-ib.bmc.hpc.cs.msu.ru>
Subject: Job 881594: <# this file was automaticly created by mpisubmit.pl script for edu-cmc-sqi21-01 #;source /polusfs/setenv/setup.SMPI;#BSUB -n 32;#BSUB -W 00:15;#BSUB -o ./out_files/7000/32.out;#BSUB -e ./err_files/7000/32.err;OMP_NUM_THREADS=1 mpiexec ./prog 7000> in cluster <MSUCluster> Done

Job <# this file was automaticly created by mpisubmit.pl script for edu-cmc-sqi21-01 #;source /polusfs/setenv/setup.SMPI;#BSUB -n 32;#BSUB -W 00:15;#BSUB -o ./out_files/7000/32.out;#BSUB -e ./err_files/7000/32.err;OMP_NUM_THREADS=1 mpiexec ./prog 7000> was submitted from host <polus-ib.bmc.hpc.cs.msu.ru> by user <edu-cmc-sqi21-01> in cluster <MSUCluster> at Thu May 19 09:16:23 2022
Job was executed on host(s) <20*polus-c1-ib.bmc.hpc.cs.msu.ru>, in queue <short>, as user <edu-cmc-sqi21-01> in cluster <MSUCluster> at Thu May 19 10:23:26 2022
                            <12*polus-c3-ib.bmc.hpc.cs.msu.ru>
</home_edu/edu-cmc-sqi21/edu-cmc-sqi21-01> was used as the home directory.
</home_edu/edu-cmc-sqi21/edu-cmc-sqi21-01/Prac/prac/task2> was used as the working directory.
Started at Thu May 19 10:23:26 2022
Terminated at Thu May 19 10:24:38 2022
Results reported at Thu May 19 10:24:38 2022

Your job looked like:

------------------------------------------------------------
# LSBATCH: User input
# this file was automaticly created by mpisubmit.pl script for edu-cmc-sqi21-01 #
source /polusfs/setenv/setup.SMPI
#BSUB -n 32
#BSUB -W 00:15
#BSUB -o ./out_files/7000/32.out
#BSUB -e ./err_files/7000/32.err
OMP_NUM_THREADS=1 mpiexec ./prog 7000

------------------------------------------------------------

Successfully completed.

Resource usage summary:

    CPU time :                                   2152.25 sec.
    Max Memory :                                 2485 MB
    Average Memory :                             1745.25 MB
    Total Requested Memory :                     -
    Delta Memory :                               -
    Max Swap :                                   -
    Max Processes :                              37
    Max Threads :                                109
    Run time :                                   71 sec.
    Turnaround time :                            4095 sec.

The output (if any) follows:

Number of proccessors: 32
To R Matrix time: 64.4921
Gauss time: 0.291633
Full time: 64.7837
Residual: 1.56518e-11
Error: 5.01969e-07


PS:

Read file <./err_files/7000/32.err> for stderr output of this job.

Sender: LSF System <lsfadmin@polus-c3-ib.bmc.hpc.cs.msu.ru>
Subject: Job 881618: <# this file was automaticly created by mpisubmit.pl script for edu-cmc-sqi21-01 #;source /polusfs/setenv/setup.SMPI;#BSUB -n 32;#BSUB -W 00:15;#BSUB -o ./out_files/7000/32.out;#BSUB -e ./err_files/7000/32.err;OMP_NUM_THREADS=1 mpiexec ./prog 7000> in cluster <MSUCluster> Done

Job <# this file was automaticly created by mpisubmit.pl script for edu-cmc-sqi21-01 #;source /polusfs/setenv/setup.SMPI;#BSUB -n 32;#BSUB -W 00:15;#BSUB -o ./out_files/7000/32.out;#BSUB -e ./err_files/7000/32.err;OMP_NUM_THREADS=1 mpiexec ./prog 7000> was submitted from host <polus-ib.bmc.hpc.cs.msu.ru> by user <edu-cmc-sqi21-01> in cluster <MSUCluster> at Thu May 19 09:16:24 2022
Job was executed on host(s) <20*polus-c3-ib.bmc.hpc.cs.msu.ru>, in queue <short>, as user <edu-cmc-sqi21-01> in cluster <MSUCluster> at Thu May 19 10:28:40 2022
                            <12*polus-c4-ib.bmc.hpc.cs.msu.ru>
</home_edu/edu-cmc-sqi21/edu-cmc-sqi21-01> was used as the home directory.
</home_edu/edu-cmc-sqi21/edu-cmc-sqi21-01/Prac/prac/task2> was used as the working directory.
Started at Thu May 19 10:28:40 2022
Terminated at Thu May 19 10:29:53 2022
Results reported at Thu May 19 10:29:53 2022

Your job looked like:

------------------------------------------------------------
# LSBATCH: User input
# this file was automaticly created by mpisubmit.pl script for edu-cmc-sqi21-01 #
source /polusfs/setenv/setup.SMPI
#BSUB -n 32
#BSUB -W 00:15
#BSUB -o ./out_files/7000/32.out
#BSUB -e ./err_files/7000/32.err
OMP_NUM_THREADS=1 mpiexec ./prog 7000

------------------------------------------------------------

Successfully completed.

Resource usage summary:

    CPU time :                                   2203.53 sec.
    Max Memory :                                 2486 MB
    Average Memory :                             1744.83 MB
    Total Requested Memory :                     -
    Delta Memory :                               -
    Max Swap :                                   -
    Max Processes :                              37
    Max Threads :                                109
    Run time :                                   73 sec.
    Turnaround time :                            4409 sec.

The output (if any) follows:

Number of proccessors: 32
To R Matrix time: 66.1746
Gauss time: 0.279142
Full time: 66.4537
Residual: 1.56518e-11
Error: 5.01969e-07


PS:

Read file <./err_files/7000/32.err> for stderr output of this job.

Sender: LSF System <lsfadmin@polus-c3-ib.bmc.hpc.cs.msu.ru>
Subject: Job 881642: <# this file was automaticly created by mpisubmit.pl script for edu-cmc-sqi21-01 #;source /polusfs/setenv/setup.SMPI;#BSUB -n 32;#BSUB -W 00:15;#BSUB -o ./out_files/7000/32.out;#BSUB -e ./err_files/7000/32.err;OMP_NUM_THREADS=1 mpiexec ./prog 7000> in cluster <MSUCluster> Done

Job <# this file was automaticly created by mpisubmit.pl script for edu-cmc-sqi21-01 #;source /polusfs/setenv/setup.SMPI;#BSUB -n 32;#BSUB -W 00:15;#BSUB -o ./out_files/7000/32.out;#BSUB -e ./err_files/7000/32.err;OMP_NUM_THREADS=1 mpiexec ./prog 7000> was submitted from host <polus-ib.bmc.hpc.cs.msu.ru> by user <edu-cmc-sqi21-01> in cluster <MSUCluster> at Thu May 19 09:16:24 2022
Job was executed on host(s) <20*polus-c3-ib.bmc.hpc.cs.msu.ru>, in queue <short>, as user <edu-cmc-sqi21-01> in cluster <MSUCluster> at Thu May 19 10:33:47 2022
                            <12*polus-c4-ib.bmc.hpc.cs.msu.ru>
</home_edu/edu-cmc-sqi21/edu-cmc-sqi21-01> was used as the home directory.
</home_edu/edu-cmc-sqi21/edu-cmc-sqi21-01/Prac/prac/task2> was used as the working directory.
Started at Thu May 19 10:33:47 2022
Terminated at Thu May 19 10:35:00 2022
Results reported at Thu May 19 10:35:00 2022

Your job looked like:

------------------------------------------------------------
# LSBATCH: User input
# this file was automaticly created by mpisubmit.pl script for edu-cmc-sqi21-01 #
source /polusfs/setenv/setup.SMPI
#BSUB -n 32
#BSUB -W 00:15
#BSUB -o ./out_files/7000/32.out
#BSUB -e ./err_files/7000/32.err
OMP_NUM_THREADS=1 mpiexec ./prog 7000

------------------------------------------------------------

Successfully completed.

Resource usage summary:

    CPU time :                                   2171.80 sec.
    Max Memory :                                 2486 MB
    Average Memory :                             1745.08 MB
    Total Requested Memory :                     -
    Delta Memory :                               -
    Max Swap :                                   -
    Max Processes :                              37
    Max Threads :                                109
    Run time :                                   72 sec.
    Turnaround time :                            4716 sec.

The output (if any) follows:

Number of proccessors: 32
To R Matrix time: 65.1363
Gauss time: 0.28498
Full time: 65.4213
Residual: 1.56518e-11
Error: 5.01969e-07


PS:

Read file <./err_files/7000/32.err> for stderr output of this job.

Sender: LSF System <lsfadmin@polus-c1-ib.bmc.hpc.cs.msu.ru>
Subject: Job 881666: <# this file was automaticly created by mpisubmit.pl script for edu-cmc-sqi21-01 #;source /polusfs/setenv/setup.SMPI;#BSUB -n 32;#BSUB -W 00:15;#BSUB -o ./out_files/7000/32.out;#BSUB -e ./err_files/7000/32.err;OMP_NUM_THREADS=1 mpiexec ./prog 7000> in cluster <MSUCluster> Done

Job <# this file was automaticly created by mpisubmit.pl script for edu-cmc-sqi21-01 #;source /polusfs/setenv/setup.SMPI;#BSUB -n 32;#BSUB -W 00:15;#BSUB -o ./out_files/7000/32.out;#BSUB -e ./err_files/7000/32.err;OMP_NUM_THREADS=1 mpiexec ./prog 7000> was submitted from host <polus-ib.bmc.hpc.cs.msu.ru> by user <edu-cmc-sqi21-01> in cluster <MSUCluster> at Thu May 19 09:16:25 2022
Job was executed on host(s) <20*polus-c1-ib.bmc.hpc.cs.msu.ru>, in queue <short>, as user <edu-cmc-sqi21-01> in cluster <MSUCluster> at Thu May 19 10:58:57 2022
                            <12*polus-c3-ib.bmc.hpc.cs.msu.ru>
</home_edu/edu-cmc-sqi21/edu-cmc-sqi21-01> was used as the home directory.
</home_edu/edu-cmc-sqi21/edu-cmc-sqi21-01/Prac/prac/task2> was used as the working directory.
Started at Thu May 19 10:58:57 2022
Terminated at Thu May 19 11:00:18 2022
Results reported at Thu May 19 11:00:18 2022

Your job looked like:

------------------------------------------------------------
# LSBATCH: User input
# this file was automaticly created by mpisubmit.pl script for edu-cmc-sqi21-01 #
source /polusfs/setenv/setup.SMPI
#BSUB -n 32
#BSUB -W 00:15
#BSUB -o ./out_files/7000/32.out
#BSUB -e ./err_files/7000/32.err
OMP_NUM_THREADS=1 mpiexec ./prog 7000

------------------------------------------------------------

Successfully completed.

Resource usage summary:

    CPU time :                                   2429.04 sec.
    Max Memory :                                 2486 MB
    Average Memory :                             1802.15 MB
    Total Requested Memory :                     -
    Delta Memory :                               -
    Max Swap :                                   -
    Max Processes :                              37
    Max Threads :                                109
    Run time :                                   84 sec.
    Turnaround time :                            6233 sec.

The output (if any) follows:

Number of proccessors: 32
To R Matrix time: 73.102
Gauss time: 0.282961
Full time: 73.3849
Residual: 1.56518e-11
Error: 5.01969e-07


PS:

Read file <./err_files/7000/32.err> for stderr output of this job.

