Sender: LSF System <lsfadmin@polus-c1-ib.bmc.hpc.cs.msu.ru>
Subject: Job 881591: <# this file was automaticly created by mpisubmit.pl script for edu-cmc-sqi21-01 #;source /polusfs/setenv/setup.SMPI;#BSUB -n 4;#BSUB -W 00:15;#BSUB -o ./out_files/7000/4.out;#BSUB -e ./err_files/7000/4.err;OMP_NUM_THREADS=1 mpiexec ./prog 7000> in cluster <MSUCluster> Done

Job <# this file was automaticly created by mpisubmit.pl script for edu-cmc-sqi21-01 #;source /polusfs/setenv/setup.SMPI;#BSUB -n 4;#BSUB -W 00:15;#BSUB -o ./out_files/7000/4.out;#BSUB -e ./err_files/7000/4.err;OMP_NUM_THREADS=1 mpiexec ./prog 7000> was submitted from host <polus-ib.bmc.hpc.cs.msu.ru> by user <edu-cmc-sqi21-01> in cluster <MSUCluster> at Thu May 19 09:16:23 2022
Job was executed on host(s) <4*polus-c1-ib.bmc.hpc.cs.msu.ru>, in queue <short>, as user <edu-cmc-sqi21-01> in cluster <MSUCluster> at Thu May 19 09:19:21 2022
</home_edu/edu-cmc-sqi21/edu-cmc-sqi21-01> was used as the home directory.
</home_edu/edu-cmc-sqi21/edu-cmc-sqi21-01/Prac/prac/task2> was used as the working directory.
Started at Thu May 19 09:19:21 2022
Terminated at Thu May 19 09:27:03 2022
Results reported at Thu May 19 09:27:03 2022

Your job looked like:

------------------------------------------------------------
# LSBATCH: User input
# this file was automaticly created by mpisubmit.pl script for edu-cmc-sqi21-01 #
source /polusfs/setenv/setup.SMPI
#BSUB -n 4
#BSUB -W 00:15
#BSUB -o ./out_files/7000/4.out
#BSUB -e ./err_files/7000/4.err
OMP_NUM_THREADS=1 mpiexec ./prog 7000

------------------------------------------------------------

Successfully completed.

Resource usage summary:

    CPU time :                                   1836.53 sec.
    Max Memory :                                 1089 MB
    Average Memory :                             877.44 MB
    Total Requested Memory :                     -
    Delta Memory :                               -
    Max Swap :                                   -
    Max Processes :                              8
    Max Threads :                                21
    Run time :                                   464 sec.
    Turnaround time :                            640 sec.

The output (if any) follows:

Number of proccessors: 4
To R Matrix time: 456.301
Gauss time: 0.264362
Full time: 456.565
Residual: 1.56518e-11
Error: 5.01969e-07


PS:

Read file <./err_files/7000/4.err> for stderr output of this job.

Sender: LSF System <lsfadmin@polus-c3-ib.bmc.hpc.cs.msu.ru>
Subject: Job 881615: <# this file was automaticly created by mpisubmit.pl script for edu-cmc-sqi21-01 #;source /polusfs/setenv/setup.SMPI;#BSUB -n 4;#BSUB -W 00:15;#BSUB -o ./out_files/7000/4.out;#BSUB -e ./err_files/7000/4.err;OMP_NUM_THREADS=1 mpiexec ./prog 7000> in cluster <MSUCluster> Done

Job <# this file was automaticly created by mpisubmit.pl script for edu-cmc-sqi21-01 #;source /polusfs/setenv/setup.SMPI;#BSUB -n 4;#BSUB -W 00:15;#BSUB -o ./out_files/7000/4.out;#BSUB -e ./err_files/7000/4.err;OMP_NUM_THREADS=1 mpiexec ./prog 7000> was submitted from host <polus-ib.bmc.hpc.cs.msu.ru> by user <edu-cmc-sqi21-01> in cluster <MSUCluster> at Thu May 19 09:16:23 2022
Job was executed on host(s) <4*polus-c3-ib.bmc.hpc.cs.msu.ru>, in queue <short>, as user <edu-cmc-sqi21-01> in cluster <MSUCluster> at Thu May 19 09:51:37 2022
</home_edu/edu-cmc-sqi21/edu-cmc-sqi21-01> was used as the home directory.
</home_edu/edu-cmc-sqi21/edu-cmc-sqi21-01/Prac/prac/task2> was used as the working directory.
Started at Thu May 19 09:51:37 2022
Terminated at Thu May 19 09:59:28 2022
Results reported at Thu May 19 09:59:28 2022

Your job looked like:

------------------------------------------------------------
# LSBATCH: User input
# this file was automaticly created by mpisubmit.pl script for edu-cmc-sqi21-01 #
source /polusfs/setenv/setup.SMPI
#BSUB -n 4
#BSUB -W 00:15
#BSUB -o ./out_files/7000/4.out
#BSUB -e ./err_files/7000/4.err
OMP_NUM_THREADS=1 mpiexec ./prog 7000

------------------------------------------------------------

Successfully completed.

Resource usage summary:

    CPU time :                                   1874.37 sec.
    Max Memory :                                 882 MB
    Average Memory :                             868.33 MB
    Total Requested Memory :                     -
    Delta Memory :                               -
    Max Swap :                                   -
    Max Processes :                              8
    Max Threads :                                21
    Run time :                                   470 sec.
    Turnaround time :                            2585 sec.

The output (if any) follows:

Number of proccessors: 4
To R Matrix time: 465.542
Gauss time: 0.285657
Full time: 465.828
Residual: 1.56518e-11
Error: 5.01969e-07


PS:

Read file <./err_files/7000/4.err> for stderr output of this job.

Sender: LSF System <lsfadmin@polus-c3-ib.bmc.hpc.cs.msu.ru>
Subject: Job 881639: <# this file was automaticly created by mpisubmit.pl script for edu-cmc-sqi21-01 #;source /polusfs/setenv/setup.SMPI;#BSUB -n 4;#BSUB -W 00:15;#BSUB -o ./out_files/7000/4.out;#BSUB -e ./err_files/7000/4.err;OMP_NUM_THREADS=1 mpiexec ./prog 7000> in cluster <MSUCluster> Done

Job <# this file was automaticly created by mpisubmit.pl script for edu-cmc-sqi21-01 #;source /polusfs/setenv/setup.SMPI;#BSUB -n 4;#BSUB -W 00:15;#BSUB -o ./out_files/7000/4.out;#BSUB -e ./err_files/7000/4.err;OMP_NUM_THREADS=1 mpiexec ./prog 7000> was submitted from host <polus-ib.bmc.hpc.cs.msu.ru> by user <edu-cmc-sqi21-01> in cluster <MSUCluster> at Thu May 19 09:16:24 2022
Job was executed on host(s) <4*polus-c3-ib.bmc.hpc.cs.msu.ru>, in queue <short>, as user <edu-cmc-sqi21-01> in cluster <MSUCluster> at Thu May 19 10:17:43 2022
</home_edu/edu-cmc-sqi21/edu-cmc-sqi21-01> was used as the home directory.
</home_edu/edu-cmc-sqi21/edu-cmc-sqi21-01/Prac/prac/task2> was used as the working directory.
Started at Thu May 19 10:17:43 2022
Terminated at Thu May 19 10:25:51 2022
Results reported at Thu May 19 10:25:51 2022

Your job looked like:

------------------------------------------------------------
# LSBATCH: User input
# this file was automaticly created by mpisubmit.pl script for edu-cmc-sqi21-01 #
source /polusfs/setenv/setup.SMPI
#BSUB -n 4
#BSUB -W 00:15
#BSUB -o ./out_files/7000/4.out
#BSUB -e ./err_files/7000/4.err
OMP_NUM_THREADS=1 mpiexec ./prog 7000

------------------------------------------------------------

Successfully completed.

Resource usage summary:

    CPU time :                                   1939.56 sec.
    Max Memory :                                 882 MB
    Average Memory :                             869.11 MB
    Total Requested Memory :                     -
    Delta Memory :                               -
    Max Swap :                                   -
    Max Processes :                              8
    Max Threads :                                21
    Run time :                                   488 sec.
    Turnaround time :                            4167 sec.

The output (if any) follows:

Number of proccessors: 4
To R Matrix time: 481.886
Gauss time: 0.29119
Full time: 482.177
Residual: 1.56518e-11
Error: 5.01969e-07


PS:

Read file <./err_files/7000/4.err> for stderr output of this job.

Sender: LSF System <lsfadmin@polus-c3-ib.bmc.hpc.cs.msu.ru>
Subject: Job 881663: <# this file was automaticly created by mpisubmit.pl script for edu-cmc-sqi21-01 #;source /polusfs/setenv/setup.SMPI;#BSUB -n 4;#BSUB -W 00:15;#BSUB -o ./out_files/7000/4.out;#BSUB -e ./err_files/7000/4.err;OMP_NUM_THREADS=1 mpiexec ./prog 7000> in cluster <MSUCluster> Done

Job <# this file was automaticly created by mpisubmit.pl script for edu-cmc-sqi21-01 #;source /polusfs/setenv/setup.SMPI;#BSUB -n 4;#BSUB -W 00:15;#BSUB -o ./out_files/7000/4.out;#BSUB -e ./err_files/7000/4.err;OMP_NUM_THREADS=1 mpiexec ./prog 7000> was submitted from host <polus-ib.bmc.hpc.cs.msu.ru> by user <edu-cmc-sqi21-01> in cluster <MSUCluster> at Thu May 19 09:16:25 2022
Job was executed on host(s) <4*polus-c3-ib.bmc.hpc.cs.msu.ru>, in queue <short>, as user <edu-cmc-sqi21-01> in cluster <MSUCluster> at Thu May 19 10:52:44 2022
</home_edu/edu-cmc-sqi21/edu-cmc-sqi21-01> was used as the home directory.
</home_edu/edu-cmc-sqi21/edu-cmc-sqi21-01/Prac/prac/task2> was used as the working directory.
Started at Thu May 19 10:52:44 2022
Terminated at Thu May 19 11:00:46 2022
Results reported at Thu May 19 11:00:46 2022

Your job looked like:

------------------------------------------------------------
# LSBATCH: User input
# this file was automaticly created by mpisubmit.pl script for edu-cmc-sqi21-01 #
source /polusfs/setenv/setup.SMPI
#BSUB -n 4
#BSUB -W 00:15
#BSUB -o ./out_files/7000/4.out
#BSUB -e ./err_files/7000/4.err
OMP_NUM_THREADS=1 mpiexec ./prog 7000

------------------------------------------------------------

Successfully completed.

Resource usage summary:

    CPU time :                                   1922.48 sec.
    Max Memory :                                 882 MB
    Average Memory :                             868.84 MB
    Total Requested Memory :                     -
    Delta Memory :                               -
    Max Swap :                                   -
    Max Processes :                              8
    Max Threads :                                21
    Run time :                                   487 sec.
    Turnaround time :                            6261 sec.

The output (if any) follows:

Number of proccessors: 4
To R Matrix time: 477.754
Gauss time: 0.264804
Full time: 478.018
Residual: 1.56518e-11
Error: 5.01969e-07


PS:

Read file <./err_files/7000/4.err> for stderr output of this job.

