Sender: LSF System <lsfadmin@polus-c3-ib.bmc.hpc.cs.msu.ru>
Subject: Job 881592: <# this file was automaticly created by mpisubmit.pl script for edu-cmc-sqi21-01 #;source /polusfs/setenv/setup.SMPI;#BSUB -n 8;#BSUB -W 00:15;#BSUB -o ./out_files/7000/8.out;#BSUB -e ./err_files/7000/8.err;OMP_NUM_THREADS=1 mpiexec ./prog 7000> in cluster <MSUCluster> Done

Job <# this file was automaticly created by mpisubmit.pl script for edu-cmc-sqi21-01 #;source /polusfs/setenv/setup.SMPI;#BSUB -n 8;#BSUB -W 00:15;#BSUB -o ./out_files/7000/8.out;#BSUB -e ./err_files/7000/8.err;OMP_NUM_THREADS=1 mpiexec ./prog 7000> was submitted from host <polus-ib.bmc.hpc.cs.msu.ru> by user <edu-cmc-sqi21-01> in cluster <MSUCluster> at Thu May 19 09:16:23 2022
Job was executed on host(s) <8*polus-c3-ib.bmc.hpc.cs.msu.ru>, in queue <short>, as user <edu-cmc-sqi21-01> in cluster <MSUCluster> at Thu May 19 09:27:02 2022
</home_edu/edu-cmc-sqi21/edu-cmc-sqi21-01> was used as the home directory.
</home_edu/edu-cmc-sqi21/edu-cmc-sqi21-01/Prac/prac/task2> was used as the working directory.
Started at Thu May 19 09:27:02 2022
Terminated at Thu May 19 09:30:57 2022
Results reported at Thu May 19 09:30:57 2022

Your job looked like:

------------------------------------------------------------
# LSBATCH: User input
# this file was automaticly created by mpisubmit.pl script for edu-cmc-sqi21-01 #
source /polusfs/setenv/setup.SMPI
#BSUB -n 8
#BSUB -W 00:15
#BSUB -o ./out_files/7000/8.out
#BSUB -e ./err_files/7000/8.err
OMP_NUM_THREADS=1 mpiexec ./prog 7000

------------------------------------------------------------

Successfully completed.

Resource usage summary:

    CPU time :                                   1859.10 sec.
    Max Memory :                                 1196 MB
    Average Memory :                             1109.75 MB
    Total Requested Memory :                     -
    Delta Memory :                               -
    Max Swap :                                   -
    Max Processes :                              12
    Max Threads :                                33
    Run time :                                   241 sec.
    Turnaround time :                            874 sec.

The output (if any) follows:

Number of proccessors: 8
To R Matrix time: 229.728
Gauss time: 0.264719
Full time: 229.992
Residual: 1.56518e-11
Error: 5.01969e-07


PS:

Read file <./err_files/7000/8.err> for stderr output of this job.

Sender: LSF System <lsfadmin@polus-c4-ib.bmc.hpc.cs.msu.ru>
Subject: Job 881616: <# this file was automaticly created by mpisubmit.pl script for edu-cmc-sqi21-01 #;source /polusfs/setenv/setup.SMPI;#BSUB -n 8;#BSUB -W 00:15;#BSUB -o ./out_files/7000/8.out;#BSUB -e ./err_files/7000/8.err;OMP_NUM_THREADS=1 mpiexec ./prog 7000> in cluster <MSUCluster> Done

Job <# this file was automaticly created by mpisubmit.pl script for edu-cmc-sqi21-01 #;source /polusfs/setenv/setup.SMPI;#BSUB -n 8;#BSUB -W 00:15;#BSUB -o ./out_files/7000/8.out;#BSUB -e ./err_files/7000/8.err;OMP_NUM_THREADS=1 mpiexec ./prog 7000> was submitted from host <polus-ib.bmc.hpc.cs.msu.ru> by user <edu-cmc-sqi21-01> in cluster <MSUCluster> at Thu May 19 09:16:23 2022
Job was executed on host(s) <3*polus-c4-ib.bmc.hpc.cs.msu.ru>, in queue <short>, as user <edu-cmc-sqi21-01> in cluster <MSUCluster> at Thu May 19 09:55:10 2022
                            <5*polus-c1-ib.bmc.hpc.cs.msu.ru>
</home_edu/edu-cmc-sqi21/edu-cmc-sqi21-01> was used as the home directory.
</home_edu/edu-cmc-sqi21/edu-cmc-sqi21-01/Prac/prac/task2> was used as the working directory.
Started at Thu May 19 09:55:10 2022
Terminated at Thu May 19 09:59:04 2022
Results reported at Thu May 19 09:59:04 2022

Your job looked like:

------------------------------------------------------------
# LSBATCH: User input
# this file was automaticly created by mpisubmit.pl script for edu-cmc-sqi21-01 #
source /polusfs/setenv/setup.SMPI
#BSUB -n 8
#BSUB -W 00:15
#BSUB -o ./out_files/7000/8.out
#BSUB -e ./err_files/7000/8.err
OMP_NUM_THREADS=1 mpiexec ./prog 7000

------------------------------------------------------------

Successfully completed.

Resource usage summary:

    CPU time :                                   1856.18 sec.
    Max Memory :                                 1154 MB
    Average Memory :                             999.21 MB
    Total Requested Memory :                     -
    Delta Memory :                               -
    Max Swap :                                   -
    Max Processes :                              13
    Max Threads :                                37
    Run time :                                   234 sec.
    Turnaround time :                            2561 sec.

The output (if any) follows:

Number of proccessors: 8
To R Matrix time: 229.42
Gauss time: 0.26732
Full time: 229.687
Residual: 1.56518e-11
Error: 5.01969e-07


PS:

Read file <./err_files/7000/8.err> for stderr output of this job.

Sender: LSF System <lsfadmin@polus-c1-ib.bmc.hpc.cs.msu.ru>
Subject: Job 881640: <# this file was automaticly created by mpisubmit.pl script for edu-cmc-sqi21-01 #;source /polusfs/setenv/setup.SMPI;#BSUB -n 8;#BSUB -W 00:15;#BSUB -o ./out_files/7000/8.out;#BSUB -e ./err_files/7000/8.err;OMP_NUM_THREADS=1 mpiexec ./prog 7000> in cluster <MSUCluster> Done

Job <# this file was automaticly created by mpisubmit.pl script for edu-cmc-sqi21-01 #;source /polusfs/setenv/setup.SMPI;#BSUB -n 8;#BSUB -W 00:15;#BSUB -o ./out_files/7000/8.out;#BSUB -e ./err_files/7000/8.err;OMP_NUM_THREADS=1 mpiexec ./prog 7000> was submitted from host <polus-ib.bmc.hpc.cs.msu.ru> by user <edu-cmc-sqi21-01> in cluster <MSUCluster> at Thu May 19 09:16:24 2022
Job was executed on host(s) <8*polus-c1-ib.bmc.hpc.cs.msu.ru>, in queue <short>, as user <edu-cmc-sqi21-01> in cluster <MSUCluster> at Thu May 19 10:26:18 2022
</home_edu/edu-cmc-sqi21/edu-cmc-sqi21-01> was used as the home directory.
</home_edu/edu-cmc-sqi21/edu-cmc-sqi21-01/Prac/prac/task2> was used as the working directory.
Started at Thu May 19 10:26:18 2022
Terminated at Thu May 19 10:30:15 2022
Results reported at Thu May 19 10:30:15 2022

Your job looked like:

------------------------------------------------------------
# LSBATCH: User input
# this file was automaticly created by mpisubmit.pl script for edu-cmc-sqi21-01 #
source /polusfs/setenv/setup.SMPI
#BSUB -n 8
#BSUB -W 00:15
#BSUB -o ./out_files/7000/8.out
#BSUB -e ./err_files/7000/8.err
OMP_NUM_THREADS=1 mpiexec ./prog 7000

------------------------------------------------------------

Successfully completed.

Resource usage summary:

    CPU time :                                   1877.01 sec.
    Max Memory :                                 1139 MB
    Average Memory :                             1105.09 MB
    Total Requested Memory :                     -
    Delta Memory :                               -
    Max Swap :                                   -
    Max Processes :                              12
    Max Threads :                                33
    Run time :                                   237 sec.
    Turnaround time :                            4431 sec.

The output (if any) follows:

Number of proccessors: 8
To R Matrix time: 231.927
Gauss time: 0.283515
Full time: 232.21
Residual: 1.56518e-11
Error: 5.01969e-07


PS:

Read file <./err_files/7000/8.err> for stderr output of this job.

Sender: LSF System <lsfadmin@polus-c3-ib.bmc.hpc.cs.msu.ru>
Subject: Job 881664: <# this file was automaticly created by mpisubmit.pl script for edu-cmc-sqi21-01 #;source /polusfs/setenv/setup.SMPI;#BSUB -n 8;#BSUB -W 00:15;#BSUB -o ./out_files/7000/8.out;#BSUB -e ./err_files/7000/8.err;OMP_NUM_THREADS=1 mpiexec ./prog 7000> in cluster <MSUCluster> Done

Job <# this file was automaticly created by mpisubmit.pl script for edu-cmc-sqi21-01 #;source /polusfs/setenv/setup.SMPI;#BSUB -n 8;#BSUB -W 00:15;#BSUB -o ./out_files/7000/8.out;#BSUB -e ./err_files/7000/8.err;OMP_NUM_THREADS=1 mpiexec ./prog 7000> was submitted from host <polus-ib.bmc.hpc.cs.msu.ru> by user <edu-cmc-sqi21-01> in cluster <MSUCluster> at Thu May 19 09:16:25 2022
Job was executed on host(s) <8*polus-c3-ib.bmc.hpc.cs.msu.ru>, in queue <short>, as user <edu-cmc-sqi21-01> in cluster <MSUCluster> at Thu May 19 10:52:46 2022
</home_edu/edu-cmc-sqi21/edu-cmc-sqi21-01> was used as the home directory.
</home_edu/edu-cmc-sqi21/edu-cmc-sqi21-01/Prac/prac/task2> was used as the working directory.
Started at Thu May 19 10:52:46 2022
Terminated at Thu May 19 10:56:52 2022
Results reported at Thu May 19 10:56:52 2022

Your job looked like:

------------------------------------------------------------
# LSBATCH: User input
# this file was automaticly created by mpisubmit.pl script for edu-cmc-sqi21-01 #
source /polusfs/setenv/setup.SMPI
#BSUB -n 8
#BSUB -W 00:15
#BSUB -o ./out_files/7000/8.out
#BSUB -e ./err_files/7000/8.err
OMP_NUM_THREADS=1 mpiexec ./prog 7000

------------------------------------------------------------

Successfully completed.

Resource usage summary:

    CPU time :                                   1946.53 sec.
    Max Memory :                                 1139 MB
    Average Memory :                             1107.08 MB
    Total Requested Memory :                     -
    Delta Memory :                               -
    Max Swap :                                   -
    Max Processes :                              12
    Max Threads :                                33
    Run time :                                   247 sec.
    Turnaround time :                            6027 sec.

The output (if any) follows:

Number of proccessors: 8
To R Matrix time: 240.507
Gauss time: 0.287489
Full time: 240.795
Residual: 1.56518e-11
Error: 5.01969e-07


PS:

Read file <./err_files/7000/8.err> for stderr output of this job.

