Sender: LSF System <lsfadmin@polus-c4-ib.bmc.hpc.cs.msu.ru>
Subject: Job 881578: <# this file was automaticly created by mpisubmit.pl script for edu-cmc-sqi21-01 #;source /polusfs/setenv/setup.SMPI;#BSUB -n 2;#BSUB -W 00:15;#BSUB -o ./out_files/1000/2.out;#BSUB -e ./err_files/1000/2.err;OMP_NUM_THREADS=1 mpiexec ./prog 1000> in cluster <MSUCluster> Done

Job <# this file was automaticly created by mpisubmit.pl script for edu-cmc-sqi21-01 #;source /polusfs/setenv/setup.SMPI;#BSUB -n 2;#BSUB -W 00:15;#BSUB -o ./out_files/1000/2.out;#BSUB -e ./err_files/1000/2.err;OMP_NUM_THREADS=1 mpiexec ./prog 1000> was submitted from host <polus-ib.bmc.hpc.cs.msu.ru> by user <edu-cmc-sqi21-01> in cluster <MSUCluster> at Thu May 19 09:16:22 2022
Job was executed on host(s) <2*polus-c4-ib.bmc.hpc.cs.msu.ru>, in queue <short>, as user <edu-cmc-sqi21-01> in cluster <MSUCluster> at Thu May 19 09:16:23 2022
</home_edu/edu-cmc-sqi21/edu-cmc-sqi21-01> was used as the home directory.
</home_edu/edu-cmc-sqi21/edu-cmc-sqi21-01/Prac/prac/task2> was used as the working directory.
Started at Thu May 19 09:16:23 2022
Terminated at Thu May 19 09:16:27 2022
Results reported at Thu May 19 09:16:27 2022

Your job looked like:

------------------------------------------------------------
# LSBATCH: User input
# this file was automaticly created by mpisubmit.pl script for edu-cmc-sqi21-01 #
source /polusfs/setenv/setup.SMPI
#BSUB -n 2
#BSUB -W 00:15
#BSUB -o ./out_files/1000/2.out
#BSUB -e ./err_files/1000/2.err
OMP_NUM_THREADS=1 mpiexec ./prog 1000

------------------------------------------------------------

Successfully completed.

Resource usage summary:

    CPU time :                                   5.86 sec.
    Max Memory :                                 135 MB
    Average Memory :                             4.00 MB
    Total Requested Memory :                     -
    Delta Memory :                               -
    Max Swap :                                   -
    Max Processes :                              6
    Max Threads :                                15
    Run time :                                   5 sec.
    Turnaround time :                            5 sec.

The output (if any) follows:

Number of proccessors: 2
To R Matrix time: 2.70727
Gauss time: 0.00554508
Full time: 2.71282
Residual: 9.72223e-13
Error: 9.43381e-09


PS:

Read file <./err_files/1000/2.err> for stderr output of this job.

Sender: LSF System <lsfadmin@polus-c4-ib.bmc.hpc.cs.msu.ru>
Subject: Job 881602: <# this file was automaticly created by mpisubmit.pl script for edu-cmc-sqi21-01 #;source /polusfs/setenv/setup.SMPI;#BSUB -n 2;#BSUB -W 00:15;#BSUB -o ./out_files/1000/2.out;#BSUB -e ./err_files/1000/2.err;OMP_NUM_THREADS=1 mpiexec ./prog 1000> in cluster <MSUCluster> Done

Job <# this file was automaticly created by mpisubmit.pl script for edu-cmc-sqi21-01 #;source /polusfs/setenv/setup.SMPI;#BSUB -n 2;#BSUB -W 00:15;#BSUB -o ./out_files/1000/2.out;#BSUB -e ./err_files/1000/2.err;OMP_NUM_THREADS=1 mpiexec ./prog 1000> was submitted from host <polus-ib.bmc.hpc.cs.msu.ru> by user <edu-cmc-sqi21-01> in cluster <MSUCluster> at Thu May 19 09:16:23 2022
Job was executed on host(s) <1*polus-c4-ib.bmc.hpc.cs.msu.ru>, in queue <short>, as user <edu-cmc-sqi21-01> in cluster <MSUCluster> at Thu May 19 09:48:03 2022
                            <1*polus-c3-ib.bmc.hpc.cs.msu.ru>
</home_edu/edu-cmc-sqi21/edu-cmc-sqi21-01> was used as the home directory.
</home_edu/edu-cmc-sqi21/edu-cmc-sqi21-01/Prac/prac/task2> was used as the working directory.
Started at Thu May 19 09:48:03 2022
Terminated at Thu May 19 09:48:07 2022
Results reported at Thu May 19 09:48:07 2022

Your job looked like:

------------------------------------------------------------
# LSBATCH: User input
# this file was automaticly created by mpisubmit.pl script for edu-cmc-sqi21-01 #
source /polusfs/setenv/setup.SMPI
#BSUB -n 2
#BSUB -W 00:15
#BSUB -o ./out_files/1000/2.out
#BSUB -e ./err_files/1000/2.err
OMP_NUM_THREADS=1 mpiexec ./prog 1000

------------------------------------------------------------

Successfully completed.

Resource usage summary:

    CPU time :                                   6.00 sec.
    Max Memory :                                 79 MB
    Average Memory :                             53.00 MB
    Total Requested Memory :                     -
    Delta Memory :                               -
    Max Swap :                                   -
    Max Processes :                              5
    Max Threads :                                12
    Run time :                                   3 sec.
    Turnaround time :                            1904 sec.

The output (if any) follows:

Number of proccessors: 2
To R Matrix time: 2.70545
Gauss time: 0.00845425
Full time: 2.71391
Residual: 9.72223e-13
Error: 9.43381e-09


PS:

Read file <./err_files/1000/2.err> for stderr output of this job.

Sender: LSF System <lsfadmin@polus-c4-ib.bmc.hpc.cs.msu.ru>
Subject: Job 881626: <# this file was automaticly created by mpisubmit.pl script for edu-cmc-sqi21-01 #;source /polusfs/setenv/setup.SMPI;#BSUB -n 2;#BSUB -W 00:15;#BSUB -o ./out_files/1000/2.out;#BSUB -e ./err_files/1000/2.err;OMP_NUM_THREADS=1 mpiexec ./prog 1000> in cluster <MSUCluster> Done

Job <# this file was automaticly created by mpisubmit.pl script for edu-cmc-sqi21-01 #;source /polusfs/setenv/setup.SMPI;#BSUB -n 2;#BSUB -W 00:15;#BSUB -o ./out_files/1000/2.out;#BSUB -e ./err_files/1000/2.err;OMP_NUM_THREADS=1 mpiexec ./prog 1000> was submitted from host <polus-ib.bmc.hpc.cs.msu.ru> by user <edu-cmc-sqi21-01> in cluster <MSUCluster> at Thu May 19 09:16:24 2022
Job was executed on host(s) <1*polus-c4-ib.bmc.hpc.cs.msu.ru>, in queue <short>, as user <edu-cmc-sqi21-01> in cluster <MSUCluster> at Thu May 19 10:13:15 2022
                            <1*polus-c3-ib.bmc.hpc.cs.msu.ru>
</home_edu/edu-cmc-sqi21/edu-cmc-sqi21-01> was used as the home directory.
</home_edu/edu-cmc-sqi21/edu-cmc-sqi21-01/Prac/prac/task2> was used as the working directory.
Started at Thu May 19 10:13:15 2022
Terminated at Thu May 19 10:13:19 2022
Results reported at Thu May 19 10:13:19 2022

Your job looked like:

------------------------------------------------------------
# LSBATCH: User input
# this file was automaticly created by mpisubmit.pl script for edu-cmc-sqi21-01 #
source /polusfs/setenv/setup.SMPI
#BSUB -n 2
#BSUB -W 00:15
#BSUB -o ./out_files/1000/2.out
#BSUB -e ./err_files/1000/2.err
OMP_NUM_THREADS=1 mpiexec ./prog 1000

------------------------------------------------------------

Successfully completed.

Resource usage summary:

    CPU time :                                   6.00 sec.
    Max Memory :                                 79 MB
    Average Memory :                             53.00 MB
    Total Requested Memory :                     -
    Delta Memory :                               -
    Max Swap :                                   -
    Max Processes :                              5
    Max Threads :                                12
    Run time :                                   4 sec.
    Turnaround time :                            3415 sec.

The output (if any) follows:

Number of proccessors: 2
To R Matrix time: 2.68591
Gauss time: 0.00840694
Full time: 2.69432
Residual: 9.72223e-13
Error: 9.43381e-09


PS:

Read file <./err_files/1000/2.err> for stderr output of this job.

Sender: LSF System <lsfadmin@polus-c1-ib.bmc.hpc.cs.msu.ru>
Subject: Job 881650: <# this file was automaticly created by mpisubmit.pl script for edu-cmc-sqi21-01 #;source /polusfs/setenv/setup.SMPI;#BSUB -n 2;#BSUB -W 00:15;#BSUB -o ./out_files/1000/2.out;#BSUB -e ./err_files/1000/2.err;OMP_NUM_THREADS=1 mpiexec ./prog 1000> in cluster <MSUCluster> Done

Job <# this file was automaticly created by mpisubmit.pl script for edu-cmc-sqi21-01 #;source /polusfs/setenv/setup.SMPI;#BSUB -n 2;#BSUB -W 00:15;#BSUB -o ./out_files/1000/2.out;#BSUB -e ./err_files/1000/2.err;OMP_NUM_THREADS=1 mpiexec ./prog 1000> was submitted from host <polus-ib.bmc.hpc.cs.msu.ru> by user <edu-cmc-sqi21-01> in cluster <MSUCluster> at Thu May 19 09:16:24 2022
Job was executed on host(s) <2*polus-c1-ib.bmc.hpc.cs.msu.ru>, in queue <short>, as user <edu-cmc-sqi21-01> in cluster <MSUCluster> at Thu May 19 10:47:26 2022
</home_edu/edu-cmc-sqi21/edu-cmc-sqi21-01> was used as the home directory.
</home_edu/edu-cmc-sqi21/edu-cmc-sqi21-01/Prac/prac/task2> was used as the working directory.
Started at Thu May 19 10:47:26 2022
Terminated at Thu May 19 10:47:30 2022
Results reported at Thu May 19 10:47:30 2022

Your job looked like:

------------------------------------------------------------
# LSBATCH: User input
# this file was automaticly created by mpisubmit.pl script for edu-cmc-sqi21-01 #
source /polusfs/setenv/setup.SMPI
#BSUB -n 2
#BSUB -W 00:15
#BSUB -o ./out_files/1000/2.out
#BSUB -e ./err_files/1000/2.err
OMP_NUM_THREADS=1 mpiexec ./prog 1000

------------------------------------------------------------

Successfully completed.

Resource usage summary:

    CPU time :                                   5.90 sec.
    Max Memory :                                 135 MB
    Average Memory :                             90.33 MB
    Total Requested Memory :                     -
    Delta Memory :                               -
    Max Swap :                                   -
    Max Processes :                              6
    Max Threads :                                15
    Run time :                                   5 sec.
    Turnaround time :                            5466 sec.

The output (if any) follows:

Number of proccessors: 2
To R Matrix time: 2.74007
Gauss time: 0.00567225
Full time: 2.74574
Residual: 9.72223e-13
Error: 9.43381e-09


PS:

Read file <./err_files/1000/2.err> for stderr output of this job.

