Sender: LSF System <lsfadmin@polus-c1-ib.bmc.hpc.cs.msu.ru>
Subject: Job 881673: <# this file was automaticly created by mpisubmit.pl script for edu-cmc-sqi21-01 #;source /polusfs/setenv/setup.SMPI;#BSUB -n 20;#BSUB -W 00:15;#BSUB -o ./out_files/1000/20.out;#BSUB -e ./err_files/1000/20.err;OMP_NUM_THREADS=1 mpiexec ./prog 1000> in cluster <MSUCluster> Done

Job <# this file was automaticly created by mpisubmit.pl script for edu-cmc-sqi21-01 #;source /polusfs/setenv/setup.SMPI;#BSUB -n 20;#BSUB -W 00:15;#BSUB -o ./out_files/1000/20.out;#BSUB -e ./err_files/1000/20.err;OMP_NUM_THREADS=1 mpiexec ./prog 1000> was submitted from host <polus-ib.bmc.hpc.cs.msu.ru> by user <edu-cmc-sqi21-01> in cluster <MSUCluster> at Thu May 19 09:18:50 2022
Job was executed on host(s) <16*polus-c1-ib.bmc.hpc.cs.msu.ru>, in queue <short>, as user <edu-cmc-sqi21-01> in cluster <MSUCluster> at Thu May 19 11:19:18 2022
                            <4*polus-c3-ib.bmc.hpc.cs.msu.ru>
</home_edu/edu-cmc-sqi21/edu-cmc-sqi21-01> was used as the home directory.
</home_edu/edu-cmc-sqi21/edu-cmc-sqi21-01/Prac/prac/task2> was used as the working directory.
Started at Thu May 19 11:19:18 2022
Terminated at Thu May 19 11:19:21 2022
Results reported at Thu May 19 11:19:21 2022

Your job looked like:

------------------------------------------------------------
# LSBATCH: User input
# this file was automaticly created by mpisubmit.pl script for edu-cmc-sqi21-01 #
source /polusfs/setenv/setup.SMPI
#BSUB -n 20
#BSUB -W 00:15
#BSUB -o ./out_files/1000/20.out
#BSUB -e ./err_files/1000/20.err
OMP_NUM_THREADS=1 mpiexec ./prog 1000

------------------------------------------------------------

Successfully completed.

Resource usage summary:

    CPU time :                                   11.63 sec.
    Max Memory :                                 876 MB
    Average Memory :                             584.33 MB
    Total Requested Memory :                     -
    Delta Memory :                               -
    Max Swap :                                   -
    Max Processes :                              20
    Max Threads :                                57
    Run time :                                   2 sec.
    Turnaround time :                            7231 sec.

The output (if any) follows:

Number of proccessors: 20
To R Matrix time: 0.432169
Gauss time: 0.00743965
Full time: 0.439609
Residual: 9.72223e-13
Error: 9.43381e-09


PS:

Read file <./err_files/1000/20.err> for stderr output of this job.

Sender: LSF System <lsfadmin@polus-c1-ib.bmc.hpc.cs.msu.ru>
Subject: Job 881677: <# this file was automaticly created by mpisubmit.pl script for edu-cmc-sqi21-01 #;source /polusfs/setenv/setup.SMPI;#BSUB -n 20;#BSUB -W 00:15;#BSUB -o ./out_files/1000/20.out;#BSUB -e ./err_files/1000/20.err;OMP_NUM_THREADS=1 mpiexec ./prog 1000> in cluster <MSUCluster> Done

Job <# this file was automaticly created by mpisubmit.pl script for edu-cmc-sqi21-01 #;source /polusfs/setenv/setup.SMPI;#BSUB -n 20;#BSUB -W 00:15;#BSUB -o ./out_files/1000/20.out;#BSUB -e ./err_files/1000/20.err;OMP_NUM_THREADS=1 mpiexec ./prog 1000> was submitted from host <polus-ib.bmc.hpc.cs.msu.ru> by user <edu-cmc-sqi21-01> in cluster <MSUCluster> at Thu May 19 09:18:50 2022
Job was executed on host(s) <16*polus-c1-ib.bmc.hpc.cs.msu.ru>, in queue <short>, as user <edu-cmc-sqi21-01> in cluster <MSUCluster> at Thu May 19 11:21:18 2022
                            <4*polus-c3-ib.bmc.hpc.cs.msu.ru>
</home_edu/edu-cmc-sqi21/edu-cmc-sqi21-01> was used as the home directory.
</home_edu/edu-cmc-sqi21/edu-cmc-sqi21-01/Prac/prac/task2> was used as the working directory.
Started at Thu May 19 11:21:18 2022
Terminated at Thu May 19 11:21:20 2022
Results reported at Thu May 19 11:21:20 2022

Your job looked like:

------------------------------------------------------------
# LSBATCH: User input
# this file was automaticly created by mpisubmit.pl script for edu-cmc-sqi21-01 #
source /polusfs/setenv/setup.SMPI
#BSUB -n 20
#BSUB -W 00:15
#BSUB -o ./out_files/1000/20.out
#BSUB -e ./err_files/1000/20.err
OMP_NUM_THREADS=1 mpiexec ./prog 1000

------------------------------------------------------------

Successfully completed.

Resource usage summary:

    CPU time :                                   11.87 sec.
    Max Memory :                                 875 MB
    Average Memory :                             583.67 MB
    Total Requested Memory :                     -
    Delta Memory :                               -
    Max Swap :                                   -
    Max Processes :                              20
    Max Threads :                                57
    Run time :                                   3 sec.
    Turnaround time :                            7350 sec.

The output (if any) follows:

Number of proccessors: 20
To R Matrix time: 0.439155
Gauss time: 0.00785887
Full time: 0.447014
Residual: 9.72223e-13
Error: 9.43381e-09


PS:

Read file <./err_files/1000/20.err> for stderr output of this job.

Sender: LSF System <lsfadmin@polus-c3-ib.bmc.hpc.cs.msu.ru>
Subject: Job 881681: <# this file was automaticly created by mpisubmit.pl script for edu-cmc-sqi21-01 #;source /polusfs/setenv/setup.SMPI;#BSUB -n 20;#BSUB -W 00:15;#BSUB -o ./out_files/1000/20.out;#BSUB -e ./err_files/1000/20.err;OMP_NUM_THREADS=1 mpiexec ./prog 1000> in cluster <MSUCluster> Done

Job <# this file was automaticly created by mpisubmit.pl script for edu-cmc-sqi21-01 #;source /polusfs/setenv/setup.SMPI;#BSUB -n 20;#BSUB -W 00:15;#BSUB -o ./out_files/1000/20.out;#BSUB -e ./err_files/1000/20.err;OMP_NUM_THREADS=1 mpiexec ./prog 1000> was submitted from host <polus-ib.bmc.hpc.cs.msu.ru> by user <edu-cmc-sqi21-01> in cluster <MSUCluster> at Thu May 19 09:18:50 2022
Job was executed on host(s) <4*polus-c3-ib.bmc.hpc.cs.msu.ru>, in queue <short>, as user <edu-cmc-sqi21-01> in cluster <MSUCluster> at Thu May 19 11:23:37 2022
                            <16*polus-c1-ib.bmc.hpc.cs.msu.ru>
</home_edu/edu-cmc-sqi21/edu-cmc-sqi21-01> was used as the home directory.
</home_edu/edu-cmc-sqi21/edu-cmc-sqi21-01/Prac/prac/task2> was used as the working directory.
Started at Thu May 19 11:23:37 2022
Terminated at Thu May 19 11:23:39 2022
Results reported at Thu May 19 11:23:39 2022

Your job looked like:

------------------------------------------------------------
# LSBATCH: User input
# this file was automaticly created by mpisubmit.pl script for edu-cmc-sqi21-01 #
source /polusfs/setenv/setup.SMPI
#BSUB -n 20
#BSUB -W 00:15
#BSUB -o ./out_files/1000/20.out
#BSUB -e ./err_files/1000/20.err
OMP_NUM_THREADS=1 mpiexec ./prog 1000

------------------------------------------------------------

Successfully completed.

Resource usage summary:

    CPU time :                                   11.27 sec.
    Max Memory :                                 239 MB
    Average Memory :                             159.67 MB
    Total Requested Memory :                     -
    Delta Memory :                               -
    Max Swap :                                   -
    Max Processes :                              8
    Max Threads :                                21
    Run time :                                   3 sec.
    Turnaround time :                            7489 sec.

The output (if any) follows:

Number of proccessors: 20
To R Matrix time: 0.403463
Gauss time: 0.00779989
Full time: 0.411263
Residual: 9.72223e-13
Error: 9.43381e-09


PS:

Read file <./err_files/1000/20.err> for stderr output of this job.

Sender: LSF System <lsfadmin@polus-c3-ib.bmc.hpc.cs.msu.ru>
Subject: Job 881685: <# this file was automaticly created by mpisubmit.pl script for edu-cmc-sqi21-01 #;source /polusfs/setenv/setup.SMPI;#BSUB -n 20;#BSUB -W 00:15;#BSUB -o ./out_files/1000/20.out;#BSUB -e ./err_files/1000/20.err;OMP_NUM_THREADS=1 mpiexec ./prog 1000> in cluster <MSUCluster> Done

Job <# this file was automaticly created by mpisubmit.pl script for edu-cmc-sqi21-01 #;source /polusfs/setenv/setup.SMPI;#BSUB -n 20;#BSUB -W 00:15;#BSUB -o ./out_files/1000/20.out;#BSUB -e ./err_files/1000/20.err;OMP_NUM_THREADS=1 mpiexec ./prog 1000> was submitted from host <polus-ib.bmc.hpc.cs.msu.ru> by user <edu-cmc-sqi21-01> in cluster <MSUCluster> at Thu May 19 09:18:50 2022
Job was executed on host(s) <4*polus-c3-ib.bmc.hpc.cs.msu.ru>, in queue <short>, as user <edu-cmc-sqi21-01> in cluster <MSUCluster> at Thu May 19 11:25:59 2022
                            <16*polus-c1-ib.bmc.hpc.cs.msu.ru>
</home_edu/edu-cmc-sqi21/edu-cmc-sqi21-01> was used as the home directory.
</home_edu/edu-cmc-sqi21/edu-cmc-sqi21-01/Prac/prac/task2> was used as the working directory.
Started at Thu May 19 11:25:59 2022
Terminated at Thu May 19 11:26:03 2022
Results reported at Thu May 19 11:26:03 2022

Your job looked like:

------------------------------------------------------------
# LSBATCH: User input
# this file was automaticly created by mpisubmit.pl script for edu-cmc-sqi21-01 #
source /polusfs/setenv/setup.SMPI
#BSUB -n 20
#BSUB -W 00:15
#BSUB -o ./out_files/1000/20.out
#BSUB -e ./err_files/1000/20.err
OMP_NUM_THREADS=1 mpiexec ./prog 1000

------------------------------------------------------------

Successfully completed.

Resource usage summary:

    CPU time :                                   11.00 sec.
    Max Memory :                                 230 MB
    Average Memory :                             153.33 MB
    Total Requested Memory :                     -
    Delta Memory :                               -
    Max Swap :                                   -
    Max Processes :                              8
    Max Threads :                                21
    Run time :                                   4 sec.
    Turnaround time :                            7633 sec.

The output (if any) follows:

Number of proccessors: 20
To R Matrix time: 0.397318
Gauss time: 0.00780503
Full time: 0.405123
Residual: 9.72223e-13
Error: 9.43381e-09


PS:

Read file <./err_files/1000/20.err> for stderr output of this job.

