Sender: LSF System <lsfadmin@polus-c4-ib.bmc.hpc.cs.msu.ru>
Subject: Job 878006: <#BSUB -n 1;#BSUB -W 00:15;#BSUB -o "./out_files/1000/4.out";#BSUB -e "./err_files/1000/4.err";#BSUB -R "span[hosts=1]";OMP_NUM_THREADS=4 ./prog 1000> in cluster <MSUCluster> Done

Job <#BSUB -n 1;#BSUB -W 00:15;#BSUB -o "./out_files/1000/4.out";#BSUB -e "./err_files/1000/4.err";#BSUB -R "span[hosts=1]";OMP_NUM_THREADS=4 ./prog 1000> was submitted from host <polus-ib.bmc.hpc.cs.msu.ru> by user <edu-cmc-sqi21-01> in cluster <MSUCluster> at Thu Apr 28 02:04:59 2022
Job was executed on host(s) <polus-c4-ib.bmc.hpc.cs.msu.ru>, in queue <short>, as user <edu-cmc-sqi21-01> in cluster <MSUCluster> at Thu Apr 28 02:04:59 2022
</home_edu/edu-cmc-sqi21/edu-cmc-sqi21-01> was used as the home directory.
</home_edu/edu-cmc-sqi21/edu-cmc-sqi21-01/Prac/6_sem_prac/task1> was used as the working directory.
Started at Thu Apr 28 02:04:59 2022
Terminated at Thu Apr 28 02:05:00 2022
Results reported at Thu Apr 28 02:05:00 2022

Your job looked like:

------------------------------------------------------------
# LSBATCH: User input
#BSUB -n 1
#BSUB -W 00:15
#BSUB -o "./out_files/1000/4.out"
#BSUB -e "./err_files/1000/4.err"
#BSUB -R "span[hosts=1]"
OMP_NUM_THREADS=4 ./prog 1000

------------------------------------------------------------

Successfully completed.

Resource usage summary:

    CPU time :                                   0.92 sec.
    Max Memory :                                 14 MB
    Average Memory :                             9.67 MB
    Total Requested Memory :                     -
    Delta Memory :                               -
    Max Swap :                                   -
    Max Processes :                              4
    Max Threads :                                8
    Run time :                                   1 sec.
    Turnaround time :                            1 sec.

The output (if any) follows:

To R Matrix time: 0.22683
Gauss time: 0.0010358
Full time: 0.227866
Residual: 2.34546e-12


PS:

Read file <./err_files/1000/4.err> for stderr output of this job.

Sender: LSF System <lsfadmin@polus-c4-ib.bmc.hpc.cs.msu.ru>
Subject: Job 879547: <#BSUB -W 00:15;#BSUB -o "./out_files/1000/4.out";#BSUB -e "./err_files/1000/4.err";#BSUB -R "affinity[core(2)]";OMP_NUM_THREADS=4;/polusfs/lsf/openmp/launchOpenMP.py ./prog 1000> in cluster <MSUCluster> Done

Job <#BSUB -W 00:15;#BSUB -o "./out_files/1000/4.out";#BSUB -e "./err_files/1000/4.err";#BSUB -R "affinity[core(2)]";OMP_NUM_THREADS=4;/polusfs/lsf/openmp/launchOpenMP.py ./prog 1000> was submitted from host <polus-ib.bmc.hpc.cs.msu.ru> by user <edu-cmc-sqi21-01> in cluster <MSUCluster> at Wed May  4 21:24:50 2022
Job was executed on host(s) <polus-c4-ib.bmc.hpc.cs.msu.ru>, in queue <short>, as user <edu-cmc-sqi21-01> in cluster <MSUCluster> at Wed May  4 21:24:51 2022
</home_edu/edu-cmc-sqi21/edu-cmc-sqi21-01> was used as the home directory.
</home_edu/edu-cmc-sqi21/edu-cmc-sqi21-01/Prac/6_sem_prac/task1> was used as the working directory.
Started at Wed May  4 21:24:51 2022
Terminated at Wed May  4 21:24:53 2022
Results reported at Wed May  4 21:24:53 2022

Your job looked like:

------------------------------------------------------------
# LSBATCH: User input
#BSUB -W 00:15
#BSUB -o "./out_files/1000/4.out"
#BSUB -e "./err_files/1000/4.err"
#BSUB -R "affinity[core(2)]"
OMP_NUM_THREADS=4
/polusfs/lsf/openmp/launchOpenMP.py ./prog 1000

------------------------------------------------------------

Successfully completed.

Resource usage summary:

    CPU time :                                   1.13 sec.
    Max Memory :                                 14 MB
    Average Memory :                             9.67 MB
    Total Requested Memory :                     -
    Delta Memory :                               -
    Max Swap :                                   -
    Max Processes :                              4
    Max Threads :                                8
    Run time :                                   2 sec.
    Turnaround time :                            3 sec.

The output (if any) follows:

To R Matrix time: 0.278227
Gauss time: 0.00138748
Full time: 0.279615
Residual: 2.34546e-12


PS:

Read file <./err_files/1000/4.err> for stderr output of this job.

