Sender: LSF System <lsfadmin@polus-c4-ib.bmc.hpc.cs.msu.ru>
Subject: Job 878028: <#BSUB -n 1;#BSUB -W 00:15;#BSUB -o "./out_files/10000/1.out";#BSUB -e "./err_files/10000/1.err";#BSUB -R "span[hosts=1]";OMP_NUM_THREADS=1 ./prog 10000> in cluster <MSUCluster> Done

Job <#BSUB -n 1;#BSUB -W 00:15;#BSUB -o "./out_files/10000/1.out";#BSUB -e "./err_files/10000/1.err";#BSUB -R "span[hosts=1]";OMP_NUM_THREADS=1 ./prog 10000> was submitted from host <polus-ib.bmc.hpc.cs.msu.ru> by user <edu-cmc-sqi21-01> in cluster <MSUCluster> at Thu Apr 28 02:05:21 2022
Job was executed on host(s) <polus-c4-ib.bmc.hpc.cs.msu.ru>, in queue <short>, as user <edu-cmc-sqi21-01> in cluster <MSUCluster> at Thu Apr 28 02:07:12 2022
</home_edu/edu-cmc-sqi21/edu-cmc-sqi21-01> was used as the home directory.
</home_edu/edu-cmc-sqi21/edu-cmc-sqi21-01/Prac/6_sem_prac/task1> was used as the working directory.
Started at Thu Apr 28 02:07:12 2022
Terminated at Thu Apr 28 02:20:33 2022
Results reported at Thu Apr 28 02:20:33 2022

Your job looked like:

------------------------------------------------------------
# LSBATCH: User input
#BSUB -n 1
#BSUB -W 00:15
#BSUB -o "./out_files/10000/1.out"
#BSUB -e "./err_files/10000/1.err"
#BSUB -R "span[hosts=1]"
OMP_NUM_THREADS=1 ./prog 10000

------------------------------------------------------------

Successfully completed.

Resource usage summary:

    CPU time :                                   799.34 sec.
    Max Memory :                                 968 MB
    Average Memory :                             762.26 MB
    Total Requested Memory :                     -
    Delta Memory :                               -
    Max Swap :                                   -
    Max Processes :                              4
    Max Threads :                                5
    Run time :                                   801 sec.
    Turnaround time :                            912 sec.

The output (if any) follows:

To R Matrix time: 794.574
Gauss time: 0.769169
Full time: 795.343
Residual: 4.14347e-11


PS:

Read file <./err_files/10000/1.err> for stderr output of this job.

Sender: LSF System <lsfadmin@polus-c4-ib.bmc.hpc.cs.msu.ru>
Subject: Job 879563: <#BSUB -n 1;#BSUB -W 00:15;#BSUB -o "./out_files/10000/1.out";#BSUB -e "./err_files/10000/1.err";#BSUB -R "span[hosts=1]";OMP_NUM_THREADS=1 ./prog 10000> in cluster <MSUCluster> Done

Job <#BSUB -n 1;#BSUB -W 00:15;#BSUB -o "./out_files/10000/1.out";#BSUB -e "./err_files/10000/1.err";#BSUB -R "span[hosts=1]";OMP_NUM_THREADS=1 ./prog 10000> was submitted from host <polus-ib.bmc.hpc.cs.msu.ru> by user <edu-cmc-sqi21-01> in cluster <MSUCluster> at Wed May  4 21:25:13 2022
Job was executed on host(s) <polus-c4-ib.bmc.hpc.cs.msu.ru>, in queue <short>, as user <edu-cmc-sqi21-01> in cluster <MSUCluster> at Wed May  4 21:28:10 2022
</home_edu/edu-cmc-sqi21/edu-cmc-sqi21-01> was used as the home directory.
</home_edu/edu-cmc-sqi21/edu-cmc-sqi21-01/Prac/6_sem_prac/task1> was used as the working directory.
Started at Wed May  4 21:28:10 2022
Terminated at Wed May  4 21:41:17 2022
Results reported at Wed May  4 21:41:17 2022

Your job looked like:

------------------------------------------------------------
# LSBATCH: User input
#BSUB -n 1
#BSUB -W 00:15
#BSUB -o "./out_files/10000/1.out"
#BSUB -e "./err_files/10000/1.err"
#BSUB -R "span[hosts=1]"
OMP_NUM_THREADS=1 ./prog 10000

------------------------------------------------------------

Successfully completed.

Resource usage summary:

    CPU time :                                   787.35 sec.
    Max Memory :                                 986 MB
    Average Memory :                             762.08 MB
    Total Requested Memory :                     -
    Delta Memory :                               -
    Max Swap :                                   -
    Max Processes :                              4
    Max Threads :                                5
    Run time :                                   787 sec.
    Turnaround time :                            964 sec.

The output (if any) follows:

To R Matrix time: 782.488
Gauss time: 0.756235
Full time: 783.245
Residual: 4.14347e-11


PS:

Read file <./err_files/10000/1.err> for stderr output of this job.

