Sender: LSF System <lsfadmin@polus-c1-ib.bmc.hpc.cs.msu.ru>
Subject: Job 878033: <#BSUB -W 00:15;#BSUB -o "./out_files/10000/32.out";#BSUB -e "./err_files/10000/32.err";#BSUB -R "affinity[core(5)]";OMP_NUM_THREADS=32;/polusfs/lsf/openmp/launchOpenMP.py ./prog 10000> in cluster <MSUCluster> Done

Job <#BSUB -W 00:15;#BSUB -o "./out_files/10000/32.out";#BSUB -e "./err_files/10000/32.err";#BSUB -R "affinity[core(5)]";OMP_NUM_THREADS=32;/polusfs/lsf/openmp/launchOpenMP.py ./prog 10000> was submitted from host <polus-ib.bmc.hpc.cs.msu.ru> by user <edu-cmc-sqi21-01> in cluster <MSUCluster> at Thu Apr 28 02:05:26 2022
Job was executed on host(s) <polus-c1-ib.bmc.hpc.cs.msu.ru>, in queue <short>, as user <edu-cmc-sqi21-01> in cluster <MSUCluster> at Thu Apr 28 02:43:40 2022
</home_edu/edu-cmc-sqi21/edu-cmc-sqi21-01> was used as the home directory.
</home_edu/edu-cmc-sqi21/edu-cmc-sqi21-01/Prac/6_sem_prac/task1> was used as the working directory.
Started at Thu Apr 28 02:43:40 2022
Terminated at Thu Apr 28 02:45:20 2022
Results reported at Thu Apr 28 02:45:20 2022

Your job looked like:

------------------------------------------------------------
# LSBATCH: User input
#BSUB -W 00:15
#BSUB -o "./out_files/10000/32.out"
#BSUB -e "./err_files/10000/32.err"
#BSUB -R "affinity[core(5)]"
OMP_NUM_THREADS=32
/polusfs/lsf/openmp/launchOpenMP.py ./prog 10000

------------------------------------------------------------

Successfully completed.

Resource usage summary:

    CPU time :                                   3078.68 sec.
    Max Memory :                                 981 MB
    Average Memory :                             727.59 MB
    Total Requested Memory :                     -
    Delta Memory :                               -
    Max Swap :                                   -
    Max Processes :                              4
    Max Threads :                                36
    Run time :                                   100 sec.
    Turnaround time :                            2394 sec.

The output (if any) follows:

To R Matrix time: 92.9015
Gauss time: 1.34097
Full time: 94.2424
Residual: 4.14347e-11


PS:

Read file <./err_files/10000/32.err> for stderr output of this job.

Sender: LSF System <lsfadmin@polus-c4-ib.bmc.hpc.cs.msu.ru>
Subject: Job 879568: <#BSUB -W 00:15;#BSUB -o "./out_files/10000/32.out";#BSUB -e "./err_files/10000/32.err";#BSUB -R "affinity[core(16)]";OMP_NUM_THREADS=32;/polusfs/lsf/openmp/launchOpenMP.py ./prog 10000> in cluster <MSUCluster> Done

Job <#BSUB -W 00:15;#BSUB -o "./out_files/10000/32.out";#BSUB -e "./err_files/10000/32.err";#BSUB -R "affinity[core(16)]";OMP_NUM_THREADS=32;/polusfs/lsf/openmp/launchOpenMP.py ./prog 10000> was submitted from host <polus-ib.bmc.hpc.cs.msu.ru> by user <edu-cmc-sqi21-01> in cluster <MSUCluster> at Wed May  4 21:25:18 2022
Job was executed on host(s) <polus-c4-ib.bmc.hpc.cs.msu.ru>, in queue <short>, as user <edu-cmc-sqi21-01> in cluster <MSUCluster> at Wed May  4 21:31:11 2022
</home_edu/edu-cmc-sqi21/edu-cmc-sqi21-01> was used as the home directory.
</home_edu/edu-cmc-sqi21/edu-cmc-sqi21-01/Prac/6_sem_prac/task1> was used as the working directory.
Started at Wed May  4 21:31:11 2022
Terminated at Wed May  4 21:32:17 2022
Results reported at Wed May  4 21:32:17 2022

Your job looked like:

------------------------------------------------------------
# LSBATCH: User input
#BSUB -W 00:15
#BSUB -o "./out_files/10000/32.out"
#BSUB -e "./err_files/10000/32.err"
#BSUB -R "affinity[core(16)]"
OMP_NUM_THREADS=32
/polusfs/lsf/openmp/launchOpenMP.py ./prog 10000

------------------------------------------------------------

Successfully completed.

Resource usage summary:

    CPU time :                                   1958.79 sec.
    Max Memory :                                 993 MB
    Average Memory :                             702.82 MB
    Total Requested Memory :                     -
    Delta Memory :                               -
    Max Swap :                                   -
    Max Processes :                              4
    Max Threads :                                36
    Run time :                                   67 sec.
    Turnaround time :                            419 sec.

The output (if any) follows:

To R Matrix time: 59.1766
Gauss time: 1.30804
Full time: 60.4846
Residual: 4.14347e-11


PS:

Read file <./err_files/10000/32.err> for stderr output of this job.

