Sender: LSF System <lsfadmin@polus-c3-ib.bmc.hpc.cs.msu.ru>
Subject: Job 878032: <#BSUB -W 00:15;#BSUB -o "./out_files/10000/16.out";#BSUB -e "./err_files/10000/16.err";#BSUB -R "affinity[core(3)]";OMP_NUM_THREADS=16;/polusfs/lsf/openmp/launchOpenMP.py ./prog 10000> in cluster <MSUCluster> Done

Job <#BSUB -W 00:15;#BSUB -o "./out_files/10000/16.out";#BSUB -e "./err_files/10000/16.err";#BSUB -R "affinity[core(3)]";OMP_NUM_THREADS=16;/polusfs/lsf/openmp/launchOpenMP.py ./prog 10000> was submitted from host <polus-ib.bmc.hpc.cs.msu.ru> by user <edu-cmc-sqi21-01> in cluster <MSUCluster> at Thu Apr 28 02:05:25 2022
Job was executed on host(s) <polus-c3-ib.bmc.hpc.cs.msu.ru>, in queue <short>, as user <edu-cmc-sqi21-01> in cluster <MSUCluster> at Thu Apr 28 02:31:43 2022
</home_edu/edu-cmc-sqi21/edu-cmc-sqi21-01> was used as the home directory.
</home_edu/edu-cmc-sqi21/edu-cmc-sqi21-01/Prac/6_sem_prac/task1> was used as the working directory.
Started at Thu Apr 28 02:31:43 2022
Terminated at Thu Apr 28 02:34:11 2022
Results reported at Thu Apr 28 02:34:11 2022

Your job looked like:

------------------------------------------------------------
# LSBATCH: User input
#BSUB -W 00:15
#BSUB -o "./out_files/10000/16.out"
#BSUB -e "./err_files/10000/16.err"
#BSUB -R "affinity[core(3)]"
OMP_NUM_THREADS=16
/polusfs/lsf/openmp/launchOpenMP.py ./prog 10000

------------------------------------------------------------

Successfully completed.

Resource usage summary:

    CPU time :                                   2292.14 sec.
    Max Memory :                                 983 MB
    Average Memory :                             737.52 MB
    Total Requested Memory :                     -
    Delta Memory :                               -
    Max Swap :                                   -
    Max Processes :                              4
    Max Threads :                                20
    Run time :                                   147 sec.
    Turnaround time :                            1726 sec.

The output (if any) follows:

To R Matrix time: 140.448
Gauss time: 1.24237
Full time: 141.69
Residual: 4.14347e-11


PS:

Read file <./err_files/10000/16.err> for stderr output of this job.

Sender: LSF System <lsfadmin@polus-c1-ib.bmc.hpc.cs.msu.ru>
Subject: Job 879567: <#BSUB -W 00:15;#BSUB -o "./out_files/10000/16.out";#BSUB -e "./err_files/10000/16.err";#BSUB -R "affinity[core(8)]";OMP_NUM_THREADS=16;/polusfs/lsf/openmp/launchOpenMP.py ./prog 10000> in cluster <MSUCluster> Done

Job <#BSUB -W 00:15;#BSUB -o "./out_files/10000/16.out";#BSUB -e "./err_files/10000/16.err";#BSUB -R "affinity[core(8)]";OMP_NUM_THREADS=16;/polusfs/lsf/openmp/launchOpenMP.py ./prog 10000> was submitted from host <polus-ib.bmc.hpc.cs.msu.ru> by user <edu-cmc-sqi21-01> in cluster <MSUCluster> at Wed May  4 21:25:17 2022
Job was executed on host(s) <polus-c1-ib.bmc.hpc.cs.msu.ru>, in queue <short>, as user <edu-cmc-sqi21-01> in cluster <MSUCluster> at Wed May  4 21:29:07 2022
</home_edu/edu-cmc-sqi21/edu-cmc-sqi21-01> was used as the home directory.
</home_edu/edu-cmc-sqi21/edu-cmc-sqi21-01/Prac/6_sem_prac/task1> was used as the working directory.
Started at Wed May  4 21:29:07 2022
Terminated at Wed May  4 21:30:41 2022
Results reported at Wed May  4 21:30:41 2022

Your job looked like:

------------------------------------------------------------
# LSBATCH: User input
#BSUB -W 00:15
#BSUB -o "./out_files/10000/16.out"
#BSUB -e "./err_files/10000/16.err"
#BSUB -R "affinity[core(8)]"
OMP_NUM_THREADS=16
/polusfs/lsf/openmp/launchOpenMP.py ./prog 10000

------------------------------------------------------------

Successfully completed.

Resource usage summary:

    CPU time :                                   1431.83 sec.
    Max Memory :                                 989 MB
    Average Memory :                             763.75 MB
    Total Requested Memory :                     -
    Delta Memory :                               -
    Max Swap :                                   -
    Max Processes :                              4
    Max Threads :                                20
    Run time :                                   94 sec.
    Turnaround time :                            324 sec.

The output (if any) follows:

To R Matrix time: 87.1877
Gauss time: 1.43145
Full time: 88.6191
Residual: 4.14347e-11


PS:

Read file <./err_files/10000/16.err> for stderr output of this job.

