Sender: LSF System <lsfadmin@polus-c4-ib.bmc.hpc.cs.msu.ru>
Subject: Job 878030: <#BSUB -n 1;#BSUB -W 00:15;#BSUB -o "./out_files/10000/4.out";#BSUB -e "./err_files/10000/4.err";#BSUB -R "span[hosts=1]";OMP_NUM_THREADS=4 ./prog 10000> in cluster <MSUCluster> Done

Job <#BSUB -n 1;#BSUB -W 00:15;#BSUB -o "./out_files/10000/4.out";#BSUB -e "./err_files/10000/4.err";#BSUB -R "span[hosts=1]";OMP_NUM_THREADS=4 ./prog 10000> was submitted from host <polus-ib.bmc.hpc.cs.msu.ru> by user <edu-cmc-sqi21-01> in cluster <MSUCluster> at Thu Apr 28 02:05:23 2022
Job was executed on host(s) <polus-c4-ib.bmc.hpc.cs.msu.ru>, in queue <short>, as user <edu-cmc-sqi21-01> in cluster <MSUCluster> at Thu Apr 28 02:09:56 2022
</home_edu/edu-cmc-sqi21/edu-cmc-sqi21-01> was used as the home directory.
</home_edu/edu-cmc-sqi21/edu-cmc-sqi21-01/Prac/6_sem_prac/task1> was used as the working directory.
Started at Thu Apr 28 02:09:56 2022
Terminated at Thu Apr 28 02:13:22 2022
Results reported at Thu Apr 28 02:13:22 2022

Your job looked like:

------------------------------------------------------------
# LSBATCH: User input
#BSUB -n 1
#BSUB -W 00:15
#BSUB -o "./out_files/10000/4.out"
#BSUB -e "./err_files/10000/4.err"
#BSUB -R "span[hosts=1]"
OMP_NUM_THREADS=4 ./prog 10000

------------------------------------------------------------

Successfully completed.

Resource usage summary:

    CPU time :                                   811.31 sec.
    Max Memory :                                 1076 MB
    Average Memory :                             773.87 MB
    Total Requested Memory :                     -
    Delta Memory :                               -
    Max Swap :                                   -
    Max Processes :                              4
    Max Threads :                                8
    Run time :                                   206 sec.
    Turnaround time :                            479 sec.

The output (if any) follows:

To R Matrix time: 200.809
Gauss time: 0.779147
Full time: 201.589
Residual: 4.14347e-11


PS:

Read file <./err_files/10000/4.err> for stderr output of this job.

Sender: LSF System <lsfadmin@polus-c4-ib.bmc.hpc.cs.msu.ru>
Subject: Job 879565: <#BSUB -W 00:15;#BSUB -o "./out_files/10000/4.out";#BSUB -e "./err_files/10000/4.err";#BSUB -R "affinity[core(2)]";OMP_NUM_THREADS=4;/polusfs/lsf/openmp/launchOpenMP.py ./prog 10000> in cluster <MSUCluster> Done

Job <#BSUB -W 00:15;#BSUB -o "./out_files/10000/4.out";#BSUB -e "./err_files/10000/4.err";#BSUB -R "affinity[core(2)]";OMP_NUM_THREADS=4;/polusfs/lsf/openmp/launchOpenMP.py ./prog 10000> was submitted from host <polus-ib.bmc.hpc.cs.msu.ru> by user <edu-cmc-sqi21-01> in cluster <MSUCluster> at Wed May  4 21:25:15 2022
Job was executed on host(s) <polus-c4-ib.bmc.hpc.cs.msu.ru>, in queue <short>, as user <edu-cmc-sqi21-01> in cluster <MSUCluster> at Wed May  4 21:27:00 2022
</home_edu/edu-cmc-sqi21/edu-cmc-sqi21-01> was used as the home directory.
</home_edu/edu-cmc-sqi21/edu-cmc-sqi21-01/Prac/6_sem_prac/task1> was used as the working directory.
Started at Wed May  4 21:27:00 2022
Terminated at Wed May  4 21:31:58 2022
Results reported at Wed May  4 21:31:58 2022

Your job looked like:

------------------------------------------------------------
# LSBATCH: User input
#BSUB -W 00:15
#BSUB -o "./out_files/10000/4.out"
#BSUB -e "./err_files/10000/4.err"
#BSUB -R "affinity[core(2)]"
OMP_NUM_THREADS=4
/polusfs/lsf/openmp/launchOpenMP.py ./prog 10000

------------------------------------------------------------

Successfully completed.

Resource usage summary:

    CPU time :                                   1177.51 sec.
    Max Memory :                                 966 MB
    Average Memory :                             751.21 MB
    Total Requested Memory :                     -
    Delta Memory :                               -
    Max Swap :                                   -
    Max Processes :                              4
    Max Threads :                                8
    Run time :                                   298 sec.
    Turnaround time :                            403 sec.

The output (if any) follows:

To R Matrix time: 291.326
Gauss time: 1.32239
Full time: 292.648
Residual: 4.14347e-11


PS:

Read file <./err_files/10000/4.err> for stderr output of this job.

