Sender: LSF System <lsfadmin@polus-c4-ib.bmc.hpc.cs.msu.ru>
Subject: Job 878031: <#BSUB -W 00:15;#BSUB -o "./out_files/10000/8.out";#BSUB -e "./err_files/10000/8.err";#BSUB -R "affinity[core(2)]";OMP_NUM_THREADS=8;/polusfs/lsf/openmp/launchOpenMP.py ./prog 10000> in cluster <MSUCluster> Done

Job <#BSUB -W 00:15;#BSUB -o "./out_files/10000/8.out";#BSUB -e "./err_files/10000/8.err";#BSUB -R "affinity[core(2)]";OMP_NUM_THREADS=8;/polusfs/lsf/openmp/launchOpenMP.py ./prog 10000> was submitted from host <polus-ib.bmc.hpc.cs.msu.ru> by user <edu-cmc-sqi21-01> in cluster <MSUCluster> at Thu Apr 28 02:05:24 2022
Job was executed on host(s) <polus-c4-ib.bmc.hpc.cs.msu.ru>, in queue <short>, as user <edu-cmc-sqi21-01> in cluster <MSUCluster> at Thu Apr 28 02:06:33 2022
</home_edu/edu-cmc-sqi21/edu-cmc-sqi21-01> was used as the home directory.
</home_edu/edu-cmc-sqi21/edu-cmc-sqi21-01/Prac/6_sem_prac/task1> was used as the working directory.
Started at Thu Apr 28 02:06:33 2022
Terminated at Thu Apr 28 02:09:51 2022
Results reported at Thu Apr 28 02:09:51 2022

Your job looked like:

------------------------------------------------------------
# LSBATCH: User input
#BSUB -W 00:15
#BSUB -o "./out_files/10000/8.out"
#BSUB -e "./err_files/10000/8.err"
#BSUB -R "affinity[core(2)]"
OMP_NUM_THREADS=8
/polusfs/lsf/openmp/launchOpenMP.py ./prog 10000

------------------------------------------------------------

Successfully completed.

Resource usage summary:

    CPU time :                                   1550.28 sec.
    Max Memory :                                 979 MB
    Average Memory :                             743.48 MB
    Total Requested Memory :                     -
    Delta Memory :                               -
    Max Swap :                                   -
    Max Processes :                              4
    Max Threads :                                12
    Run time :                                   198 sec.
    Turnaround time :                            267 sec.

The output (if any) follows:

To R Matrix time: 191.065
Gauss time: 1.29473
Full time: 192.36
Residual: 4.14347e-11


PS:

Read file <./err_files/10000/8.err> for stderr output of this job.

Sender: LSF System <lsfadmin@polus-c4-ib.bmc.hpc.cs.msu.ru>
Subject: Job 879566: <#BSUB -W 00:15;#BSUB -o "./out_files/10000/8.out";#BSUB -e "./err_files/10000/8.err";#BSUB -R "affinity[core(4)]";OMP_NUM_THREADS=8;/polusfs/lsf/openmp/launchOpenMP.py ./prog 10000> in cluster <MSUCluster> Done

Job <#BSUB -W 00:15;#BSUB -o "./out_files/10000/8.out";#BSUB -e "./err_files/10000/8.err";#BSUB -R "affinity[core(4)]";OMP_NUM_THREADS=8;/polusfs/lsf/openmp/launchOpenMP.py ./prog 10000> was submitted from host <polus-ib.bmc.hpc.cs.msu.ru> by user <edu-cmc-sqi21-01> in cluster <MSUCluster> at Wed May  4 21:25:16 2022
Job was executed on host(s) <polus-c4-ib.bmc.hpc.cs.msu.ru>, in queue <short>, as user <edu-cmc-sqi21-01> in cluster <MSUCluster> at Wed May  4 21:26:02 2022
</home_edu/edu-cmc-sqi21/edu-cmc-sqi21-01> was used as the home directory.
</home_edu/edu-cmc-sqi21/edu-cmc-sqi21-01/Prac/6_sem_prac/task1> was used as the working directory.
Started at Wed May  4 21:26:02 2022
Terminated at Wed May  4 21:28:27 2022
Results reported at Wed May  4 21:28:27 2022

Your job looked like:

------------------------------------------------------------
# LSBATCH: User input
#BSUB -W 00:15
#BSUB -o "./out_files/10000/8.out"
#BSUB -e "./err_files/10000/8.err"
#BSUB -R "affinity[core(4)]"
OMP_NUM_THREADS=8
/polusfs/lsf/openmp/launchOpenMP.py ./prog 10000

------------------------------------------------------------

Successfully completed.

Resource usage summary:

    CPU time :                                   1133.15 sec.
    Max Memory :                                 978 MB
    Average Memory :                             749.50 MB
    Total Requested Memory :                     -
    Delta Memory :                               -
    Max Swap :                                   -
    Max Processes :                              4
    Max Threads :                                12
    Run time :                                   146 sec.
    Turnaround time :                            191 sec.

The output (if any) follows:

To R Matrix time: 139.434
Gauss time: 1.24115
Full time: 140.675
Residual: 4.14347e-11


PS:

Read file <./err_files/10000/8.err> for stderr output of this job.

